{"D:\\hospital-management-V2\\backend\\services-v2\\scheduling-service\\src\\main.ts": {"path":"D:\\hospital-management-V2\\backend\\services-v2\\scheduling-service\\src\\main.ts","statementMap":{"0":{"start":{"line":11,"column":0},"end":{"line":11,"column":80}},"1":{"start":{"line":12,"column":0},"end":{"line":12,"column":24}},"2":{"start":{"line":13,"column":0},"end":{"line":13,"column":28}},"3":{"start":{"line":14,"column":0},"end":{"line":14,"column":28}},"4":{"start":{"line":15,"column":0},"end":{"line":15,"column":83}},"5":{"start":{"line":16,"column":0},"end":{"line":16,"column":92}},"6":{"start":{"line":17,"column":0},"end":{"line":17,"column":61}},"7":{"start":{"line":19,"column":25},"end":{"line":19,"column":34}},"8":{"start":{"line":20,"column":13},"end":{"line":20,"column":37}},"9":{"start":{"line":21,"column":21},"end":{"line":21,"column":41}},"10":{"start":{"line":24,"column":0},"end":{"line":24,"column":51}},"11":{"start":{"line":25,"column":18},"end":{"line":25,"column":32}},"12":{"start":{"line":26,"column":0},"end":{"line":26,"column":60}},"13":{"start":{"line":29,"column":0},"end":{"line":29,"column":18}},"14":{"start":{"line":30,"column":0},"end":{"line":33,"column":4}},"15":{"start":{"line":34,"column":0},"end":{"line":34,"column":28}},"16":{"start":{"line":35,"column":0},"end":{"line":35,"column":41}},"17":{"start":{"line":36,"column":0},"end":{"line":36,"column":63}},"18":{"start":{"line":39,"column":0},"end":{"line":42,"column":3}},"19":{"start":{"line":40,"column":2},"end":{"line":40,"column":73}},"20":{"start":{"line":41,"column":2},"end":{"line":41,"column":9}},"21":{"start":{"line":45,"column":0},"end":{"line":62,"column":3}},"22":{"start":{"line":46,"column":2},"end":{"line":61,"column":5}},"23":{"start":{"line":66,"column":0},"end":{"line":66,"column":46}},"24":{"start":{"line":69,"column":0},"end":{"line":69,"column":51}},"25":{"start":{"line":72,"column":0},"end":{"line":80,"column":3}},"26":{"start":{"line":73,"column":2},"end":{"line":79,"column":5}},"27":{"start":{"line":83,"column":0},"end":{"line":91,"column":3}},"28":{"start":{"line":84,"column":2},"end":{"line":84,"column":31}},"29":{"start":{"line":85,"column":2},"end":{"line":90,"column":5}},"30":{"start":{"line":94,"column":15},"end":{"line":127,"column":2}},"31":{"start":{"line":95,"column":2},"end":{"line":95,"column":30}},"32":{"start":{"line":96,"column":2},"end":{"line":96,"column":50}},"33":{"start":{"line":97,"column":2},"end":{"line":97,"column":30}},"34":{"start":{"line":98,"column":2},"end":{"line":98,"column":50}},"35":{"start":{"line":99,"column":2},"end":{"line":99,"column":73}},"36":{"start":{"line":100,"column":2},"end":{"line":100,"column":65}},"37":{"start":{"line":101,"column":2},"end":{"line":101,"column":30}},"38":{"start":{"line":102,"column":2},"end":{"line":102,"column":62}},"39":{"start":{"line":103,"column":2},"end":{"line":103,"column":71}},"40":{"start":{"line":104,"column":2},"end":{"line":104,"column":82}},"41":{"start":{"line":105,"column":2},"end":{"line":105,"column":84}},"42":{"start":{"line":106,"column":2},"end":{"line":106,"column":80}},"43":{"start":{"line":107,"column":2},"end":{"line":107,"column":79}},"44":{"start":{"line":108,"column":2},"end":{"line":108,"column":77}},"45":{"start":{"line":109,"column":2},"end":{"line":109,"column":30}},"46":{"start":{"line":110,"column":2},"end":{"line":110,"column":84}},"47":{"start":{"line":111,"column":2},"end":{"line":111,"column":78}},"48":{"start":{"line":112,"column":2},"end":{"line":112,"column":81}},"49":{"start":{"line":113,"column":2},"end":{"line":113,"column":91}},"50":{"start":{"line":114,"column":2},"end":{"line":114,"column":88}},"51":{"start":{"line":115,"column":2},"end":{"line":115,"column":30}},"52":{"start":{"line":118,"column":2},"end":{"line":126,"column":3}},"53":{"start":{"line":119,"column":4},"end":{"line":119,"column":60}},"54":{"start":{"line":120,"column":31},"end":{"line":120,"column":64}},"55":{"start":{"line":121,"column":4},"end":{"line":121,"column":39}},"56":{"start":{"line":122,"column":4},"end":{"line":122,"column":58}},"57":{"start":{"line":124,"column":4},"end":{"line":124,"column":77}},"58":{"start":{"line":125,"column":4},"end":{"line":125,"column":81}},"59":{"start":{"line":130,"column":0},"end":{"line":146,"column":3}},"60":{"start":{"line":131,"column":2},"end":{"line":131,"column":62}},"61":{"start":{"line":134,"column":2},"end":{"line":140,"column":3}},"62":{"start":{"line":135,"column":31},"end":{"line":135,"column":64}},"63":{"start":{"line":136,"column":4},"end":{"line":136,"column":42}},"64":{"start":{"line":137,"column":4},"end":{"line":137,"column":52}},"65":{"start":{"line":139,"column":4},"end":{"line":139,"column":70}},"66":{"start":{"line":142,"column":2},"end":{"line":145,"column":5}},"67":{"start":{"line":143,"column":4},"end":{"line":143,"column":38}},"68":{"start":{"line":144,"column":4},"end":{"line":144,"column":20}},"69":{"start":{"line":148,"column":0},"end":{"line":164,"column":3}},"70":{"start":{"line":149,"column":2},"end":{"line":149,"column":61}},"71":{"start":{"line":152,"column":2},"end":{"line":158,"column":3}},"72":{"start":{"line":153,"column":31},"end":{"line":153,"column":64}},"73":{"start":{"line":154,"column":4},"end":{"line":154,"column":42}},"74":{"start":{"line":155,"column":4},"end":{"line":155,"column":52}},"75":{"start":{"line":157,"column":4},"end":{"line":157,"column":70}},"76":{"start":{"line":160,"column":2},"end":{"line":163,"column":5}},"77":{"start":{"line":161,"column":4},"end":{"line":161,"column":38}},"78":{"start":{"line":162,"column":4},"end":{"line":162,"column":20}},"79":{"start":{"line":166,"column":0},"end":{"line":166,"column":19}}},"fnMap":{"0":{"name":"(anonymous_1)","decl":{"start":{"line":39,"column":8},"end":{"line":39,"column":9}},"loc":{"start":{"line":39,"column":60},"end":{"line":42,"column":1}}},"1":{"name":"(anonymous_2)","decl":{"start":{"line":45,"column":19},"end":{"line":45,"column":20}},"loc":{"start":{"line":45,"column":51},"end":{"line":62,"column":1}}},"2":{"name":"(anonymous_3)","decl":{"start":{"line":72,"column":8},"end":{"line":72,"column":9}},"loc":{"start":{"line":72,"column":40},"end":{"line":80,"column":1}}},"3":{"name":"(anonymous_4)","decl":{"start":{"line":83,"column":8},"end":{"line":83,"column":9}},"loc":{"start":{"line":83,"column":72},"end":{"line":91,"column":1}}},"4":{"name":"(anonymous_5)","decl":{"start":{"line":94,"column":32},"end":{"line":94,"column":37}},"loc":{"start":{"line":94,"column":43},"end":{"line":127,"column":1}}},"5":{"name":"(anonymous_6)","decl":{"start":{"line":130,"column":22},"end":{"line":130,"column":27}},"loc":{"start":{"line":130,"column":33},"end":{"line":146,"column":1}}},"6":{"name":"(anonymous_7)","decl":{"start":{"line":142,"column":15},"end":{"line":142,"column":18}},"loc":{"start":{"line":142,"column":20},"end":{"line":145,"column":3}}},"7":{"name":"(anonymous_8)","decl":{"start":{"line":148,"column":21},"end":{"line":148,"column":26}},"loc":{"start":{"line":148,"column":32},"end":{"line":164,"column":1}}},"8":{"name":"(anonymous_9)","decl":{"start":{"line":160,"column":15},"end":{"line":160,"column":18}},"loc":{"start":{"line":160,"column":20},"end":{"line":163,"column":3}}}},"branchMap":{"0":{"loc":{"start":{"line":20,"column":13},"end":{"line":20,"column":37}},"type":"binary-expr","locations":[{"start":{"line":20,"column":13},"end":{"line":20,"column":29}},{"start":{"line":20,"column":33},"end":{"line":20,"column":37}}]},"1":{"loc":{"start":{"line":31,"column":10},"end":{"line":31,"column":40}},"type":"binary-expr","locations":[{"start":{"line":31,"column":10},"end":{"line":31,"column":33}},{"start":{"line":31,"column":37},"end":{"line":31,"column":40}}]},"2":{"loc":{"start":{"line":88,"column":11},"end":{"line":88,"column":75}},"type":"cond-expr","locations":[{"start":{"line":88,"column":52},"end":{"line":88,"column":63}},{"start":{"line":88,"column":66},"end":{"line":88,"column":75}}]},"3":{"loc":{"start":{"line":99,"column":32},"end":{"line":99,"column":69}},"type":"binary-expr","locations":[{"start":{"line":99,"column":32},"end":{"line":99,"column":52}},{"start":{"line":99,"column":56},"end":{"line":99,"column":69}}]}},"s":{"0":0,"1":0,"2":0,"3":0,"4":0,"5":0,"6":0,"7":0,"8":0,"9":0,"10":0,"11":0,"12":0,"13":0,"14":0,"15":0,"16":0,"17":0,"18":0,"19":0,"20":0,"21":0,"22":0,"23":0,"24":0,"25":0,"26":0,"27":0,"28":0,"29":0,"30":0,"31":0,"32":0,"33":0,"34":0,"35":0,"36":0,"37":0,"38":0,"39":0,"40":0,"41":0,"42":0,"43":0,"44":0,"45":0,"46":0,"47":0,"48":0,"49":0,"50":0,"51":0,"52":0,"53":0,"54":0,"55":0,"56":0,"57":0,"58":0,"59":0,"60":0,"61":0,"62":0,"63":0,"64":0,"65":0,"66":0,"67":0,"68":0,"69":0,"70":0,"71":0,"72":0,"73":0,"74":0,"75":0,"76":0,"77":0,"78":0,"79":0},"f":{"0":0,"1":0,"2":0,"3":0,"4":0,"5":0,"6":0,"7":0,"8":0},"b":{"0":[0,0],"1":[0,0],"2":[0,0],"3":[0,0]}}
,"D:\\hospital-management-V2\\backend\\services-v2\\scheduling-service\\src\\application\\queries\\GetAppointmentDetailsQuery.ts": {"path":"D:\\hospital-management-V2\\backend\\services-v2\\scheduling-service\\src\\application\\queries\\GetAppointmentDetailsQuery.ts","statementMap":{"0":{"start":{"line":15,"column":12},"end":{"line":15,"column":58}},"1":{"start":{"line":23,"column":22},"end":{"line":23,"column":70}},"2":{"start":{"line":25,"column":4},"end":{"line":27,"column":5}},"3":{"start":{"line":26,"column":6},"end":{"line":26,"column":65}},"4":{"start":{"line":30,"column":4},"end":{"line":88,"column":6}},"5":{"start":{"line":13,"column":0},"end":{"line":13,"column":13}}},"fnMap":{"0":{"name":"(anonymous_0)","decl":{"start":{"line":14,"column":2},"end":{"line":14,"column":null}},"loc":{"start":{"line":15,"column":58},"end":{"line":16,"column":6}}},"1":{"name":"(anonymous_1)","decl":{"start":{"line":21,"column":2},"end":{"line":21,"column":7}},"loc":{"start":{"line":21,"column":37},"end":{"line":89,"column":3}}}},"branchMap":{"0":{"loc":{"start":{"line":25,"column":4},"end":{"line":27,"column":5}},"type":"if","locations":[{"start":{"line":25,"column":4},"end":{"line":27,"column":5}}]}},"s":{"0":3,"1":3,"2":3,"3":1,"4":2,"5":1},"f":{"0":3,"1":3},"b":{"0":[1]}}
,"D:\\hospital-management-V2\\backend\\services-v2\\scheduling-service\\src\\application\\queries\\ListAppointmentsQuery.ts": {"path":"D:\\hospital-management-V2\\backend\\services-v2\\scheduling-service\\src\\application\\queries\\ListAppointmentsQuery.ts","statementMap":{"0":{"start":{"line":29,"column":12},"end":{"line":29,"column":58}},"1":{"start":{"line":37,"column":17},"end":{"line":37,"column":33}},"2":{"start":{"line":38,"column":21},"end":{"line":38,"column":42}},"3":{"start":{"line":39,"column":19},"end":{"line":39,"column":40}},"4":{"start":{"line":42,"column":49},"end":{"line":53,"column":6}},"5":{"start":{"line":56,"column":34},"end":{"line":59,"column":6}},"6":{"start":{"line":62,"column":54},"end":{"line":83,"column":7}},"7":{"start":{"line":62,"column":85},"end":{"line":83,"column":6}},"8":{"start":{"line":86,"column":23},"end":{"line":86,"column":50}},"9":{"start":{"line":88,"column":4},"end":{"line":94,"column":6}},"10":{"start":{"line":27,"column":0},"end":{"line":27,"column":13}}},"fnMap":{"0":{"name":"(anonymous_0)","decl":{"start":{"line":28,"column":2},"end":{"line":28,"column":null}},"loc":{"start":{"line":29,"column":58},"end":{"line":30,"column":6}}},"1":{"name":"(anonymous_1)","decl":{"start":{"line":35,"column":2},"end":{"line":35,"column":7}},"loc":{"start":{"line":35,"column":51},"end":{"line":95,"column":3}}},"2":{"name":"(anonymous_2)","decl":{"start":{"line":62,"column":71},"end":{"line":62,"column":80}},"loc":{"start":{"line":62,"column":85},"end":{"line":83,"column":6}}}},"branchMap":{"0":{"loc":{"start":{"line":37,"column":17},"end":{"line":37,"column":33}},"type":"binary-expr","locations":[{"start":{"line":37,"column":17},"end":{"line":37,"column":28}},{"start":{"line":37,"column":32},"end":{"line":37,"column":33}}]},"1":{"loc":{"start":{"line":38,"column":21},"end":{"line":38,"column":42}},"type":"binary-expr","locations":[{"start":{"line":38,"column":21},"end":{"line":38,"column":36}},{"start":{"line":38,"column":40},"end":{"line":38,"column":42}}]}},"s":{"0":0,"1":0,"2":0,"3":0,"4":0,"5":0,"6":0,"7":0,"8":0,"9":0,"10":0},"f":{"0":0,"1":0,"2":0},"b":{"0":[0,0],"1":[0,0]}}
,"D:\\hospital-management-V2\\backend\\services-v2\\scheduling-service\\src\\application\\use-cases\\CancelAppointment.use-case.ts": {"path":"D:\\hospital-management-V2\\backend\\services-v2\\scheduling-service\\src\\application\\use-cases\\CancelAppointment.use-case.ts","statementMap":{"0":{"start":{"line":10,"column":0},"end":{"line":10,"column":94}},"1":{"start":{"line":35,"column":4},"end":{"line":35,"column":12}},"2":{"start":{"line":33,"column":21},"end":{"line":33,"column":66}},"3":{"start":{"line":41,"column":4},"end":{"line":71,"column":5}},"4":{"start":{"line":43,"column":26},"end":{"line":44,"column":null}},"5":{"start":{"line":47,"column":6},"end":{"line":53,"column":7}},"6":{"start":{"line":48,"column":8},"end":{"line":52,"column":10}},"7":{"start":{"line":56,"column":6},"end":{"line":56,"column":74}},"8":{"start":{"line":59,"column":6},"end":{"line":59,"column":57}},"9":{"start":{"line":61,"column":6},"end":{"line":64,"column":8}},"10":{"start":{"line":66,"column":6},"end":{"line":70,"column":8}},"11":{"start":{"line":75,"column":4},"end":{"line":75,"column":20}},"12":{"start":{"line":79,"column":4},"end":{"line":79,"column":16}},"13":{"start":{"line":83,"column":4},"end":{"line":83,"column":16}},"14":{"start":{"line":28,"column":0},"end":{"line":28,"column":13}}},"fnMap":{"0":{"name":"(anonymous_0)","decl":{"start":{"line":32,"column":2},"end":{"line":32,"column":null}},"loc":{"start":{"line":33,"column":66},"end":{"line":36,"column":3}}},"1":{"name":"(anonymous_1)","decl":{"start":{"line":38,"column":12},"end":{"line":38,"column":17}},"loc":{"start":{"line":39,"column":37},"end":{"line":72,"column":3}}},"2":{"name":"(anonymous_2)","decl":{"start":{"line":74,"column":2},"end":{"line":74,"column":7}},"loc":{"start":{"line":74,"column":67},"end":{"line":76,"column":3}}},"3":{"name":"(anonymous_3)","decl":{"start":{"line":78,"column":2},"end":{"line":78,"column":13}},"loc":{"start":{"line":78,"column":47},"end":{"line":80,"column":3}}},"4":{"name":"(anonymous_4)","decl":{"start":{"line":82,"column":2},"end":{"line":82,"column":14}},"loc":{"start":{"line":82,"column":48},"end":{"line":84,"column":3}}}},"branchMap":{"0":{"loc":{"start":{"line":47,"column":6},"end":{"line":53,"column":7}},"type":"if","locations":[{"start":{"line":47,"column":6},"end":{"line":53,"column":7}}]},"1":{"loc":{"start":{"line":69,"column":17},"end":{"line":69,"column":73}},"type":"cond-expr","locations":[{"start":{"line":69,"column":42},"end":{"line":69,"column":55}},{"start":{"line":69,"column":58},"end":{"line":69,"column":73}}]}},"s":{"0":0,"1":0,"2":0,"3":0,"4":0,"5":0,"6":0,"7":0,"8":0,"9":0,"10":0,"11":0,"12":0,"13":0,"14":0},"f":{"0":0,"1":0,"2":0,"3":0,"4":0},"b":{"0":[0],"1":[0,0]}}
,"D:\\hospital-management-V2\\backend\\services-v2\\scheduling-service\\src\\application\\use-cases\\CompleteAppointment.use-case.ts": {"path":"D:\\hospital-management-V2\\backend\\services-v2\\scheduling-service\\src\\application\\use-cases\\CompleteAppointment.use-case.ts","statementMap":{"0":{"start":{"line":9,"column":0},"end":{"line":9,"column":94}},"1":{"start":{"line":29,"column":4},"end":{"line":29,"column":12}},"2":{"start":{"line":27,"column":21},"end":{"line":27,"column":66}},"3":{"start":{"line":35,"column":4},"end":{"line":61,"column":5}},"4":{"start":{"line":36,"column":26},"end":{"line":37,"column":null}},"5":{"start":{"line":40,"column":6},"end":{"line":46,"column":7}},"6":{"start":{"line":41,"column":8},"end":{"line":45,"column":10}},"7":{"start":{"line":48,"column":6},"end":{"line":48,"column":29}},"8":{"start":{"line":49,"column":6},"end":{"line":49,"column":57}},"9":{"start":{"line":51,"column":6},"end":{"line":54,"column":8}},"10":{"start":{"line":56,"column":6},"end":{"line":60,"column":8}},"11":{"start":{"line":65,"column":4},"end":{"line":65,"column":20}},"12":{"start":{"line":69,"column":4},"end":{"line":69,"column":16}},"13":{"start":{"line":73,"column":4},"end":{"line":73,"column":16}},"14":{"start":{"line":22,"column":0},"end":{"line":22,"column":13}}},"fnMap":{"0":{"name":"(anonymous_0)","decl":{"start":{"line":26,"column":2},"end":{"line":26,"column":null}},"loc":{"start":{"line":27,"column":66},"end":{"line":30,"column":3}}},"1":{"name":"(anonymous_1)","decl":{"start":{"line":32,"column":12},"end":{"line":32,"column":17}},"loc":{"start":{"line":33,"column":39},"end":{"line":62,"column":3}}},"2":{"name":"(anonymous_2)","decl":{"start":{"line":64,"column":2},"end":{"line":64,"column":7}},"loc":{"start":{"line":64,"column":69},"end":{"line":66,"column":3}}},"3":{"name":"(anonymous_3)","decl":{"start":{"line":68,"column":2},"end":{"line":68,"column":13}},"loc":{"start":{"line":68,"column":49},"end":{"line":70,"column":3}}},"4":{"name":"(anonymous_4)","decl":{"start":{"line":72,"column":2},"end":{"line":72,"column":14}},"loc":{"start":{"line":72,"column":50},"end":{"line":74,"column":3}}}},"branchMap":{"0":{"loc":{"start":{"line":40,"column":6},"end":{"line":46,"column":7}},"type":"if","locations":[{"start":{"line":40,"column":6},"end":{"line":46,"column":7}}]},"1":{"loc":{"start":{"line":59,"column":17},"end":{"line":59,"column":73}},"type":"cond-expr","locations":[{"start":{"line":59,"column":42},"end":{"line":59,"column":55}},{"start":{"line":59,"column":58},"end":{"line":59,"column":73}}]}},"s":{"0":0,"1":0,"2":0,"3":0,"4":0,"5":0,"6":0,"7":0,"8":0,"9":0,"10":0,"11":0,"12":0,"13":0,"14":0},"f":{"0":0,"1":0,"2":0,"3":0,"4":0},"b":{"0":[0],"1":[0,0]}}
,"D:\\hospital-management-V2\\backend\\services-v2\\scheduling-service\\src\\application\\use-cases\\ConfirmAppointment.use-case.ts": {"path":"D:\\hospital-management-V2\\backend\\services-v2\\scheduling-service\\src\\application\\use-cases\\ConfirmAppointment.use-case.ts","statementMap":{"0":{"start":{"line":9,"column":0},"end":{"line":9,"column":94}},"1":{"start":{"line":30,"column":4},"end":{"line":30,"column":12}},"2":{"start":{"line":28,"column":21},"end":{"line":28,"column":66}},"3":{"start":{"line":36,"column":4},"end":{"line":62,"column":5}},"4":{"start":{"line":37,"column":26},"end":{"line":38,"column":null}},"5":{"start":{"line":41,"column":6},"end":{"line":47,"column":7}},"6":{"start":{"line":42,"column":8},"end":{"line":46,"column":10}},"7":{"start":{"line":49,"column":6},"end":{"line":49,"column":47}},"8":{"start":{"line":50,"column":6},"end":{"line":50,"column":57}},"9":{"start":{"line":52,"column":6},"end":{"line":55,"column":8}},"10":{"start":{"line":57,"column":6},"end":{"line":61,"column":8}},"11":{"start":{"line":66,"column":4},"end":{"line":66,"column":20}},"12":{"start":{"line":70,"column":4},"end":{"line":70,"column":16}},"13":{"start":{"line":74,"column":4},"end":{"line":74,"column":16}},"14":{"start":{"line":23,"column":0},"end":{"line":23,"column":13}}},"fnMap":{"0":{"name":"(anonymous_0)","decl":{"start":{"line":27,"column":2},"end":{"line":27,"column":null}},"loc":{"start":{"line":28,"column":66},"end":{"line":31,"column":3}}},"1":{"name":"(anonymous_1)","decl":{"start":{"line":33,"column":12},"end":{"line":33,"column":17}},"loc":{"start":{"line":34,"column":38},"end":{"line":63,"column":3}}},"2":{"name":"(anonymous_2)","decl":{"start":{"line":65,"column":2},"end":{"line":65,"column":7}},"loc":{"start":{"line":65,"column":68},"end":{"line":67,"column":3}}},"3":{"name":"(anonymous_3)","decl":{"start":{"line":69,"column":2},"end":{"line":69,"column":13}},"loc":{"start":{"line":69,"column":48},"end":{"line":71,"column":3}}},"4":{"name":"(anonymous_4)","decl":{"start":{"line":73,"column":2},"end":{"line":73,"column":14}},"loc":{"start":{"line":73,"column":49},"end":{"line":75,"column":3}}}},"branchMap":{"0":{"loc":{"start":{"line":41,"column":6},"end":{"line":47,"column":7}},"type":"if","locations":[{"start":{"line":41,"column":6},"end":{"line":47,"column":7}}]},"1":{"loc":{"start":{"line":60,"column":17},"end":{"line":60,"column":73}},"type":"cond-expr","locations":[{"start":{"line":60,"column":42},"end":{"line":60,"column":55}},{"start":{"line":60,"column":58},"end":{"line":60,"column":73}}]}},"s":{"0":0,"1":0,"2":0,"3":0,"4":0,"5":0,"6":0,"7":0,"8":0,"9":0,"10":0,"11":0,"12":0,"13":0,"14":0},"f":{"0":0,"1":0,"2":0,"3":0,"4":0},"b":{"0":[0],"1":[0,0]}}
,"D:\\hospital-management-V2\\backend\\services-v2\\scheduling-service\\src\\application\\use-cases\\GetAppointment.use-case.ts": {"path":"D:\\hospital-management-V2\\backend\\services-v2\\scheduling-service\\src\\application\\use-cases\\GetAppointment.use-case.ts","statementMap":{"0":{"start":{"line":9,"column":0},"end":{"line":9,"column":94}},"1":{"start":{"line":48,"column":4},"end":{"line":48,"column":12}},"2":{"start":{"line":46,"column":21},"end":{"line":46,"column":66}},"3":{"start":{"line":54,"column":4},"end":{"line":96,"column":5}},"4":{"start":{"line":55,"column":26},"end":{"line":56,"column":null}},"5":{"start":{"line":59,"column":6},"end":{"line":65,"column":7}},"6":{"start":{"line":60,"column":8},"end":{"line":64,"column":10}},"7":{"start":{"line":67,"column":6},"end":{"line":89,"column":8}},"8":{"start":{"line":91,"column":6},"end":{"line":95,"column":8}},"9":{"start":{"line":100,"column":4},"end":{"line":100,"column":20}},"10":{"start":{"line":104,"column":4},"end":{"line":104,"column":16}},"11":{"start":{"line":108,"column":4},"end":{"line":108,"column":16}},"12":{"start":{"line":41,"column":0},"end":{"line":41,"column":13}}},"fnMap":{"0":{"name":"(anonymous_0)","decl":{"start":{"line":45,"column":2},"end":{"line":45,"column":null}},"loc":{"start":{"line":46,"column":66},"end":{"line":49,"column":3}}},"1":{"name":"(anonymous_1)","decl":{"start":{"line":51,"column":12},"end":{"line":51,"column":17}},"loc":{"start":{"line":52,"column":34},"end":{"line":97,"column":3}}},"2":{"name":"(anonymous_2)","decl":{"start":{"line":99,"column":2},"end":{"line":99,"column":7}},"loc":{"start":{"line":99,"column":64},"end":{"line":101,"column":3}}},"3":{"name":"(anonymous_3)","decl":{"start":{"line":103,"column":2},"end":{"line":103,"column":13}},"loc":{"start":{"line":103,"column":44},"end":{"line":105,"column":3}}},"4":{"name":"(anonymous_4)","decl":{"start":{"line":107,"column":2},"end":{"line":107,"column":14}},"loc":{"start":{"line":107,"column":45},"end":{"line":109,"column":3}}}},"branchMap":{"0":{"loc":{"start":{"line":59,"column":6},"end":{"line":65,"column":7}},"type":"if","locations":[{"start":{"line":59,"column":6},"end":{"line":65,"column":7}}]},"1":{"loc":{"start":{"line":94,"column":17},"end":{"line":94,"column":73}},"type":"cond-expr","locations":[{"start":{"line":94,"column":42},"end":{"line":94,"column":55}},{"start":{"line":94,"column":58},"end":{"line":94,"column":73}}]}},"s":{"0":0,"1":0,"2":0,"3":0,"4":0,"5":0,"6":0,"7":0,"8":0,"9":0,"10":0,"11":0,"12":0},"f":{"0":0,"1":0,"2":0,"3":0,"4":0},"b":{"0":[0],"1":[0,0]}}
,"D:\\hospital-management-V2\\backend\\services-v2\\scheduling-service\\src\\application\\use-cases\\ListAppointments.use-case.ts": {"path":"D:\\hospital-management-V2\\backend\\services-v2\\scheduling-service\\src\\application\\use-cases\\ListAppointments.use-case.ts","statementMap":{"0":{"start":{"line":9,"column":0},"end":{"line":9,"column":94}},"1":{"start":{"line":46,"column":4},"end":{"line":46,"column":12}},"2":{"start":{"line":44,"column":21},"end":{"line":44,"column":66}},"3":{"start":{"line":52,"column":4},"end":{"line":100,"column":5}},"4":{"start":{"line":55,"column":6},"end":{"line":74,"column":7}},"5":{"start":{"line":56,"column":8},"end":{"line":58,"column":10}},"6":{"start":{"line":59,"column":13},"end":{"line":74,"column":7}},"7":{"start":{"line":60,"column":8},"end":{"line":62,"column":10}},"8":{"start":{"line":63,"column":13},"end":{"line":74,"column":7}},"9":{"start":{"line":64,"column":8},"end":{"line":67,"column":10}},"10":{"start":{"line":69,"column":8},"end":{"line":73,"column":10}},"11":{"start":{"line":76,"column":6},"end":{"line":93,"column":8}},"12":{"start":{"line":79,"column":47},"end":{"line":91,"column":10}},"13":{"start":{"line":95,"column":6},"end":{"line":99,"column":8}},"14":{"start":{"line":104,"column":4},"end":{"line":104,"column":20}},"15":{"start":{"line":108,"column":4},"end":{"line":108,"column":16}},"16":{"start":{"line":112,"column":4},"end":{"line":112,"column":37}},"17":{"start":{"line":39,"column":0},"end":{"line":39,"column":13}}},"fnMap":{"0":{"name":"(anonymous_0)","decl":{"start":{"line":43,"column":2},"end":{"line":43,"column":null}},"loc":{"start":{"line":44,"column":66},"end":{"line":47,"column":3}}},"1":{"name":"(anonymous_1)","decl":{"start":{"line":49,"column":12},"end":{"line":49,"column":17}},"loc":{"start":{"line":50,"column":36},"end":{"line":101,"column":3}}},"2":{"name":"(anonymous_2)","decl":{"start":{"line":79,"column":39},"end":{"line":79,"column":42}},"loc":{"start":{"line":79,"column":47},"end":{"line":91,"column":10}}},"3":{"name":"(anonymous_3)","decl":{"start":{"line":103,"column":2},"end":{"line":103,"column":7}},"loc":{"start":{"line":103,"column":66},"end":{"line":105,"column":3}}},"4":{"name":"(anonymous_4)","decl":{"start":{"line":107,"column":2},"end":{"line":107,"column":13}},"loc":{"start":{"line":107,"column":46},"end":{"line":109,"column":3}}},"5":{"name":"(anonymous_5)","decl":{"start":{"line":111,"column":2},"end":{"line":111,"column":14}},"loc":{"start":{"line":111,"column":47},"end":{"line":113,"column":3}}}},"branchMap":{"0":{"loc":{"start":{"line":55,"column":6},"end":{"line":74,"column":7}},"type":"if","locations":[{"start":{"line":55,"column":6},"end":{"line":74,"column":7}},{"start":{"line":59,"column":13},"end":{"line":74,"column":7}}]},"1":{"loc":{"start":{"line":59,"column":13},"end":{"line":74,"column":7}},"type":"if","locations":[{"start":{"line":59,"column":13},"end":{"line":74,"column":7}},{"start":{"line":63,"column":13},"end":{"line":74,"column":7}}]},"2":{"loc":{"start":{"line":63,"column":13},"end":{"line":74,"column":7}},"type":"if","locations":[{"start":{"line":63,"column":13},"end":{"line":74,"column":7}},{"start":{"line":68,"column":13},"end":{"line":74,"column":7}}]},"3":{"loc":{"start":{"line":63,"column":17},"end":{"line":63,"column":53}},"type":"binary-expr","locations":[{"start":{"line":63,"column":17},"end":{"line":63,"column":34}},{"start":{"line":63,"column":38},"end":{"line":63,"column":53}}]},"4":{"loc":{"start":{"line":98,"column":17},"end":{"line":98,"column":73}},"type":"cond-expr","locations":[{"start":{"line":98,"column":42},"end":{"line":98,"column":55}},{"start":{"line":98,"column":58},"end":{"line":98,"column":73}}]},"5":{"loc":{"start":{"line":112,"column":11},"end":{"line":112,"column":36}},"type":"binary-expr","locations":[{"start":{"line":112,"column":11},"end":{"line":112,"column":28}},{"start":{"line":112,"column":32},"end":{"line":112,"column":36}}]}},"s":{"0":0,"1":0,"2":0,"3":0,"4":0,"5":0,"6":0,"7":0,"8":0,"9":0,"10":0,"11":0,"12":0,"13":0,"14":0,"15":0,"16":0,"17":0},"f":{"0":0,"1":0,"2":0,"3":0,"4":0,"5":0},"b":{"0":[0,0],"1":[0,0],"2":[0,0],"3":[0,0],"4":[0,0],"5":[0,0]}}
,"D:\\hospital-management-V2\\backend\\services-v2\\scheduling-service\\src\\application\\use-cases\\ScheduleAppointment.use-case.ts": {"path":"D:\\hospital-management-V2\\backend\\services-v2\\scheduling-service\\src\\application\\use-cases\\ScheduleAppointment.use-case.ts","statementMap":{"0":{"start":{"line":11,"column":0},"end":{"line":11,"column":94}},"1":{"start":{"line":12,"column":0},"end":{"line":12,"column":114}},"2":{"start":{"line":13,"column":0},"end":{"line":13,"column":76}},"3":{"start":{"line":14,"column":0},"end":{"line":14,"column":66}},"4":{"start":{"line":15,"column":0},"end":{"line":15,"column":86}},"5":{"start":{"line":82,"column":4},"end":{"line":82,"column":12}},"6":{"start":{"line":80,"column":21},"end":{"line":80,"column":66}},"7":{"start":{"line":91,"column":4},"end":{"line":155,"column":5}},"8":{"start":{"line":93,"column":6},"end":{"line":93,"column":36}},"9":{"start":{"line":96,"column":28},"end":{"line":96,"column":52}},"10":{"start":{"line":97,"column":23},"end":{"line":99,"column":null}},"11":{"start":{"line":101,"column":22},"end":{"line":106,"column":null}},"12":{"start":{"line":110,"column":26},"end":{"line":123,"column":null}},"13":{"start":{"line":127,"column":6},"end":{"line":127,"column":57}},"14":{"start":{"line":130,"column":6},"end":{"line":147,"column":8}},"15":{"start":{"line":149,"column":6},"end":{"line":154,"column":8}},"16":{"start":{"line":162,"column":29},"end":{"line":162,"column":31}},"17":{"start":{"line":164,"column":4},"end":{"line":166,"column":5}},"18":{"start":{"line":165,"column":6},"end":{"line":165,"column":44}},"19":{"start":{"line":168,"column":4},"end":{"line":170,"column":5}},"20":{"start":{"line":169,"column":6},"end":{"line":169,"column":43}},"21":{"start":{"line":172,"column":4},"end":{"line":174,"column":5}},"22":{"start":{"line":173,"column":6},"end":{"line":173,"column":50}},"23":{"start":{"line":176,"column":4},"end":{"line":178,"column":5}},"24":{"start":{"line":177,"column":6},"end":{"line":177,"column":50}},"25":{"start":{"line":180,"column":4},"end":{"line":182,"column":5}},"26":{"start":{"line":181,"column":6},"end":{"line":181,"column":47}},"27":{"start":{"line":184,"column":4},"end":{"line":186,"column":5}},"28":{"start":{"line":185,"column":6},"end":{"line":185,"column":50}},"29":{"start":{"line":188,"column":4},"end":{"line":190,"column":5}},"30":{"start":{"line":189,"column":6},"end":{"line":189,"column":42}},"31":{"start":{"line":192,"column":4},"end":{"line":194,"column":5}},"32":{"start":{"line":193,"column":6},"end":{"line":193,"column":57}},"33":{"start":{"line":196,"column":4},"end":{"line":198,"column":5}},"34":{"start":{"line":197,"column":6},"end":{"line":197,"column":44}},"35":{"start":{"line":200,"column":4},"end":{"line":202,"column":5}},"36":{"start":{"line":201,"column":6},"end":{"line":201,"column":41}},"37":{"start":{"line":210,"column":4},"end":{"line":210,"column":20}},"38":{"start":{"line":217,"column":4},"end":{"line":217,"column":16}},"39":{"start":{"line":224,"column":4},"end":{"line":224,"column":29}},"40":{"start":{"line":75,"column":0},"end":{"line":75,"column":13}}},"fnMap":{"0":{"name":"(anonymous_0)","decl":{"start":{"line":79,"column":2},"end":{"line":79,"column":null}},"loc":{"start":{"line":80,"column":66},"end":{"line":83,"column":3}}},"1":{"name":"(anonymous_1)","decl":{"start":{"line":88,"column":12},"end":{"line":88,"column":17}},"loc":{"start":{"line":89,"column":39},"end":{"line":156,"column":3}}},"2":{"name":"(anonymous_2)","decl":{"start":{"line":161,"column":10},"end":{"line":161,"column":25}},"loc":{"start":{"line":161,"column":61},"end":{"line":203,"column":3}}},"3":{"name":"(anonymous_3)","decl":{"start":{"line":208,"column":2},"end":{"line":208,"column":7}},"loc":{"start":{"line":208,"column":69},"end":{"line":211,"column":3}}},"4":{"name":"(anonymous_4)","decl":{"start":{"line":216,"column":2},"end":{"line":216,"column":13}},"loc":{"start":{"line":216,"column":49},"end":{"line":218,"column":3}}},"5":{"name":"(anonymous_5)","decl":{"start":{"line":223,"column":2},"end":{"line":223,"column":14}},"loc":{"start":{"line":223,"column":50},"end":{"line":225,"column":3}}}},"branchMap":{"0":{"loc":{"start":{"line":153,"column":17},"end":{"line":153,"column":73}},"type":"cond-expr","locations":[{"start":{"line":153,"column":42},"end":{"line":153,"column":55}},{"start":{"line":153,"column":58},"end":{"line":153,"column":73}}]},"1":{"loc":{"start":{"line":164,"column":4},"end":{"line":166,"column":5}},"type":"if","locations":[{"start":{"line":164,"column":4},"end":{"line":166,"column":5}}]},"2":{"loc":{"start":{"line":168,"column":4},"end":{"line":170,"column":5}},"type":"if","locations":[{"start":{"line":168,"column":4},"end":{"line":170,"column":5}}]},"3":{"loc":{"start":{"line":172,"column":4},"end":{"line":174,"column":5}},"type":"if","locations":[{"start":{"line":172,"column":4},"end":{"line":174,"column":5}}]},"4":{"loc":{"start":{"line":176,"column":4},"end":{"line":178,"column":5}},"type":"if","locations":[{"start":{"line":176,"column":4},"end":{"line":178,"column":5}}]},"5":{"loc":{"start":{"line":180,"column":4},"end":{"line":182,"column":5}},"type":"if","locations":[{"start":{"line":180,"column":4},"end":{"line":182,"column":5}}]},"6":{"loc":{"start":{"line":180,"column":8},"end":{"line":180,"column":64}},"type":"binary-expr","locations":[{"start":{"line":180,"column":8},"end":{"line":180,"column":32}},{"start":{"line":180,"column":36},"end":{"line":180,"column":64}}]},"7":{"loc":{"start":{"line":184,"column":4},"end":{"line":186,"column":5}},"type":"if","locations":[{"start":{"line":184,"column":4},"end":{"line":186,"column":5}}]},"8":{"loc":{"start":{"line":188,"column":4},"end":{"line":190,"column":5}},"type":"if","locations":[{"start":{"line":188,"column":4},"end":{"line":190,"column":5}}]},"9":{"loc":{"start":{"line":192,"column":4},"end":{"line":194,"column":5}},"type":"if","locations":[{"start":{"line":192,"column":4},"end":{"line":194,"column":5}}]},"10":{"loc":{"start":{"line":196,"column":4},"end":{"line":198,"column":5}},"type":"if","locations":[{"start":{"line":196,"column":4},"end":{"line":198,"column":5}}]},"11":{"loc":{"start":{"line":200,"column":4},"end":{"line":202,"column":5}},"type":"if","locations":[{"start":{"line":200,"column":4},"end":{"line":202,"column":5}}]}},"s":{"0":1,"1":1,"2":1,"3":1,"4":1,"5":10,"6":10,"7":0,"8":0,"9":0,"10":0,"11":0,"12":0,"13":0,"14":0,"15":0,"16":0,"17":0,"18":0,"19":0,"20":0,"21":0,"22":0,"23":0,"24":0,"25":0,"26":0,"27":0,"28":0,"29":0,"30":0,"31":0,"32":0,"33":0,"34":0,"35":0,"36":0,"37":9,"38":8,"39":0,"40":1},"f":{"0":10,"1":0,"2":0,"3":9,"4":8,"5":0},"b":{"0":[0,0],"1":[0],"2":[0],"3":[0],"4":[0],"5":[0],"6":[0,0],"7":[0],"8":[0],"9":[0],"10":[0],"11":[0]}}
,"D:\\hospital-management-V2\\backend\\services-v2\\scheduling-service\\src\\domain\\aggregates\\Appointment.aggregate.ts": {"path":"D:\\hospital-management-V2\\backend\\services-v2\\scheduling-service\\src\\domain\\aggregates\\Appointment.aggregate.ts","statementMap":{"0":{"start":{"line":11,"column":0},"end":{"line":11,"column":77}},"1":{"start":{"line":13,"column":0},"end":{"line":13,"column":80}},"2":{"start":{"line":14,"column":0},"end":{"line":14,"column":80}},"3":{"start":{"line":15,"column":0},"end":{"line":15,"column":84}},"4":{"start":{"line":20,"column":0},"end":{"line":20,"column":null}},"5":{"start":{"line":21,"column":2},"end":{"line":21,"column":null}},"6":{"start":{"line":22,"column":2},"end":{"line":22,"column":null}},"7":{"start":{"line":23,"column":2},"end":{"line":23,"column":null}},"8":{"start":{"line":24,"column":2},"end":{"line":24,"column":null}},"9":{"start":{"line":25,"column":2},"end":{"line":25,"column":null}},"10":{"start":{"line":26,"column":2},"end":{"line":26,"column":null}},"11":{"start":{"line":29,"column":0},"end":{"line":29,"column":null}},"12":{"start":{"line":30,"column":2},"end":{"line":30,"column":null}},"13":{"start":{"line":31,"column":2},"end":{"line":31,"column":null}},"14":{"start":{"line":32,"column":2},"end":{"line":32,"column":null}},"15":{"start":{"line":33,"column":2},"end":{"line":33,"column":null}},"16":{"start":{"line":36,"column":0},"end":{"line":36,"column":null}},"17":{"start":{"line":37,"column":2},"end":{"line":37,"column":null}},"18":{"start":{"line":38,"column":2},"end":{"line":38,"column":null}},"19":{"start":{"line":39,"column":2},"end":{"line":39,"column":null}},"20":{"start":{"line":40,"column":2},"end":{"line":40,"column":null}},"21":{"start":{"line":41,"column":2},"end":{"line":41,"column":null}},"22":{"start":{"line":42,"column":2},"end":{"line":42,"column":null}},"23":{"start":{"line":43,"column":2},"end":{"line":43,"column":null}},"24":{"start":{"line":46,"column":0},"end":{"line":46,"column":null}},"25":{"start":{"line":47,"column":2},"end":{"line":47,"column":null}},"26":{"start":{"line":48,"column":2},"end":{"line":48,"column":null}},"27":{"start":{"line":49,"column":2},"end":{"line":49,"column":null}},"28":{"start":{"line":50,"column":2},"end":{"line":50,"column":null}},"29":{"start":{"line":51,"column":2},"end":{"line":51,"column":null}},"30":{"start":{"line":98,"column":4},"end":{"line":98,"column":21}},"31":{"start":{"line":103,"column":4},"end":{"line":103,"column":20}},"32":{"start":{"line":107,"column":4},"end":{"line":107,"column":36}},"33":{"start":{"line":111,"column":4},"end":{"line":111,"column":31}},"34":{"start":{"line":115,"column":4},"end":{"line":115,"column":31}},"35":{"start":{"line":119,"column":4},"end":{"line":119,"column":38}},"36":{"start":{"line":123,"column":4},"end":{"line":123,"column":27}},"37":{"start":{"line":127,"column":4},"end":{"line":127,"column":31}},"38":{"start":{"line":131,"column":4},"end":{"line":131,"column":29}},"39":{"start":{"line":135,"column":4},"end":{"line":135,"column":30}},"40":{"start":{"line":139,"column":4},"end":{"line":139,"column":29}},"41":{"start":{"line":143,"column":4},"end":{"line":143,"column":35}},"42":{"start":{"line":147,"column":4},"end":{"line":147,"column":88}},"43":{"start":{"line":151,"column":4},"end":{"line":151,"column":38}},"44":{"start":{"line":155,"column":4},"end":{"line":155,"column":37}},"45":{"start":{"line":159,"column":4},"end":{"line":159,"column":36}},"46":{"start":{"line":163,"column":4},"end":{"line":163,"column":36}},"47":{"start":{"line":167,"column":4},"end":{"line":167,"column":34}},"48":{"start":{"line":171,"column":4},"end":{"line":171,"column":32}},"49":{"start":{"line":175,"column":4},"end":{"line":175,"column":34}},"50":{"start":{"line":179,"column":4},"end":{"line":179,"column":34}},"51":{"start":{"line":183,"column":4},"end":{"line":183,"column":41}},"52":{"start":{"line":187,"column":4},"end":{"line":187,"column":34}},"53":{"start":{"line":191,"column":4},"end":{"line":191,"column":44}},"54":{"start":{"line":195,"column":4},"end":{"line":195,"column":42}},"55":{"start":{"line":199,"column":4},"end":{"line":199,"column":31}},"56":{"start":{"line":203,"column":4},"end":{"line":203,"column":35}},"57":{"start":{"line":207,"column":4},"end":{"line":207,"column":37}},"58":{"start":{"line":211,"column":4},"end":{"line":211,"column":43}},"59":{"start":{"line":215,"column":4},"end":{"line":215,"column":34}},"60":{"start":{"line":219,"column":4},"end":{"line":219,"column":34}},"61":{"start":{"line":223,"column":4},"end":{"line":223,"column":32}},"62":{"start":{"line":227,"column":4},"end":{"line":227,"column":37}},"63":{"start":{"line":231,"column":4},"end":{"line":231,"column":32}},"64":{"start":{"line":235,"column":4},"end":{"line":235,"column":32}},"65":{"start":{"line":257,"column":4},"end":{"line":263,"column":6}},"66":{"start":{"line":265,"column":36},"end":{"line":286,"column":6}},"67":{"start":{"line":288,"column":24},"end":{"line":288,"column":46}},"68":{"start":{"line":291,"column":4},"end":{"line":305,"column":6}},"69":{"start":{"line":307,"column":4},"end":{"line":307,"column":23}},"70":{"start":{"line":320,"column":4},"end":{"line":322,"column":5}},"71":{"start":{"line":321,"column":6},"end":{"line":321,"column":63}},"72":{"start":{"line":324,"column":4},"end":{"line":326,"column":5}},"73":{"start":{"line":325,"column":6},"end":{"line":325,"column":68}},"74":{"start":{"line":328,"column":4},"end":{"line":330,"column":5}},"75":{"start":{"line":329,"column":6},"end":{"line":329,"column":61}},"76":{"start":{"line":332,"column":4},"end":{"line":334,"column":5}},"77":{"start":{"line":333,"column":6},"end":{"line":333,"column":65}},"78":{"start":{"line":341,"column":4},"end":{"line":343,"column":5}},"79":{"start":{"line":342,"column":6},"end":{"line":342,"column":70}},"80":{"start":{"line":345,"column":4},"end":{"line":345,"column":52}},"81":{"start":{"line":346,"column":4},"end":{"line":346,"column":40}},"82":{"start":{"line":347,"column":4},"end":{"line":347,"column":41}},"83":{"start":{"line":348,"column":4},"end":{"line":348,"column":38}},"84":{"start":{"line":349,"column":4},"end":{"line":349,"column":44}},"85":{"start":{"line":351,"column":4},"end":{"line":351,"column":28}},"86":{"start":{"line":358,"column":4},"end":{"line":360,"column":5}},"87":{"start":{"line":359,"column":6},"end":{"line":359,"column":71}},"88":{"start":{"line":362,"column":4},"end":{"line":362,"column":50}},"89":{"start":{"line":363,"column":4},"end":{"line":363,"column":40}},"90":{"start":{"line":364,"column":4},"end":{"line":364,"column":38}},"91":{"start":{"line":366,"column":4},"end":{"line":366,"column":28}},"92":{"start":{"line":373,"column":4},"end":{"line":375,"column":5}},"93":{"start":{"line":374,"column":6},"end":{"line":374,"column":80}},"94":{"start":{"line":377,"column":4},"end":{"line":377,"column":54}},"95":{"start":{"line":378,"column":4},"end":{"line":378,"column":38}},"96":{"start":{"line":379,"column":4},"end":{"line":379,"column":38}},"97":{"start":{"line":381,"column":4},"end":{"line":381,"column":28}},"98":{"start":{"line":388,"column":4},"end":{"line":390,"column":5}},"99":{"start":{"line":389,"column":6},"end":{"line":389,"column":72}},"100":{"start":{"line":392,"column":4},"end":{"line":392,"column":52}},"101":{"start":{"line":393,"column":4},"end":{"line":393,"column":40}},"102":{"start":{"line":394,"column":4},"end":{"line":394,"column":38}},"103":{"start":{"line":396,"column":4},"end":{"line":396,"column":28}},"104":{"start":{"line":403,"column":4},"end":{"line":405,"column":5}},"105":{"start":{"line":404,"column":6},"end":{"line":404,"column":61}},"106":{"start":{"line":407,"column":4},"end":{"line":409,"column":5}},"107":{"start":{"line":408,"column":6},"end":{"line":408,"column":58}},"108":{"start":{"line":411,"column":4},"end":{"line":411,"column":52}},"109":{"start":{"line":412,"column":4},"end":{"line":412,"column":40}},"110":{"start":{"line":413,"column":4},"end":{"line":413,"column":43}},"111":{"start":{"line":414,"column":4},"end":{"line":414,"column":41}},"112":{"start":{"line":415,"column":4},"end":{"line":415,"column":38}},"113":{"start":{"line":416,"column":4},"end":{"line":416,"column":44}},"114":{"start":{"line":419,"column":30},"end":{"line":419,"column":119}},"115":{"start":{"line":420,"column":28},"end":{"line":420,"column":106}},"116":{"start":{"line":423,"column":4},"end":{"line":433,"column":6}},"117":{"start":{"line":435,"column":4},"end":{"line":435,"column":28}},"118":{"start":{"line":442,"column":4},"end":{"line":445,"column":5}},"119":{"start":{"line":444,"column":6},"end":{"line":444,"column":88}},"120":{"start":{"line":447,"column":4},"end":{"line":447,"column":50}},"121":{"start":{"line":448,"column":4},"end":{"line":448,"column":38}},"122":{"start":{"line":450,"column":4},"end":{"line":450,"column":28}},"123":{"start":{"line":461,"column":4},"end":{"line":463,"column":5}},"124":{"start":{"line":462,"column":6},"end":{"line":462,"column":65}},"125":{"start":{"line":465,"column":4},"end":{"line":467,"column":5}},"126":{"start":{"line":466,"column":6},"end":{"line":466,"column":65}},"127":{"start":{"line":469,"column":4},"end":{"line":471,"column":5}},"128":{"start":{"line":470,"column":6},"end":{"line":470,"column":56}},"129":{"start":{"line":473,"column":24},"end":{"line":473,"column":43}},"130":{"start":{"line":474,"column":4},"end":{"line":474,"column":38}},"131":{"start":{"line":475,"column":4},"end":{"line":475,"column":52}},"132":{"start":{"line":476,"column":4},"end":{"line":476,"column":39}},"133":{"start":{"line":477,"column":4},"end":{"line":477,"column":39}},"134":{"start":{"line":478,"column":4},"end":{"line":478,"column":38}},"135":{"start":{"line":479,"column":4},"end":{"line":479,"column":46}},"136":{"start":{"line":482,"column":30},"end":{"line":482,"column":103}},"137":{"start":{"line":483,"column":28},"end":{"line":483,"column":106}},"138":{"start":{"line":484,"column":25},"end":{"line":484,"column":98}},"139":{"start":{"line":485,"column":23},"end":{"line":485,"column":96}},"140":{"start":{"line":488,"column":4},"end":{"line":500,"column":6}},"141":{"start":{"line":502,"column":4},"end":{"line":502,"column":28}},"142":{"start":{"line":506,"column":39},"end":{"line":506,"column":71}},"143":{"start":{"line":507,"column":28},"end":{"line":507,"column":56}},"144":{"start":{"line":508,"column":27},"end":{"line":508,"column":54}},"145":{"start":{"line":509,"column":29},"end":{"line":509,"column":56}},"146":{"start":{"line":510,"column":34},"end":{"line":510,"column":68}},"147":{"start":{"line":511,"column":32},"end":{"line":511,"column":55}},"148":{"start":{"line":512,"column":40},"end":{"line":512,"column":67}},"149":{"start":{"line":513,"column":36},"end":{"line":513,"column":61}},"150":{"start":{"line":514,"column":38},"end":{"line":514,"column":64}},"151":{"start":{"line":515,"column":34},"end":{"line":515,"column":68}},"152":{"start":{"line":516,"column":39},"end":{"line":516,"column":71}},"153":{"start":{"line":522,"column":4},"end":{"line":522,"column":16}},"154":{"start":{"line":529,"column":4},"end":{"line":529,"column":32}},"155":{"start":{"line":536,"column":4},"end":{"line":538,"column":5}},"156":{"start":{"line":537,"column":6},"end":{"line":537,"column":63}},"157":{"start":{"line":540,"column":4},"end":{"line":542,"column":5}},"158":{"start":{"line":541,"column":6},"end":{"line":541,"column":51}},"159":{"start":{"line":544,"column":4},"end":{"line":546,"column":5}},"160":{"start":{"line":545,"column":6},"end":{"line":545,"column":61}},"161":{"start":{"line":564,"column":4},"end":{"line":564,"column":38}},"162":{"start":{"line":572,"column":4},"end":{"line":575,"column":6}},"163":{"start":{"line":96,"column":0},"end":{"line":96,"column":13}}},"fnMap":{"0":{"name":"(anonymous_0)","decl":{"start":{"line":20,"column":0},"end":{"line":20,"column":12}},"loc":{"start":{"line":20,"column":27},"end":{"line":27,"column":1}}},"1":{"name":"(anonymous_1)","decl":{"start":{"line":29,"column":0},"end":{"line":29,"column":12}},"loc":{"start":{"line":29,"column":31},"end":{"line":34,"column":1}}},"2":{"name":"(anonymous_2)","decl":{"start":{"line":36,"column":0},"end":{"line":36,"column":12}},"loc":{"start":{"line":36,"column":29},"end":{"line":44,"column":1}}},"3":{"name":"(anonymous_3)","decl":{"start":{"line":46,"column":0},"end":{"line":46,"column":12}},"loc":{"start":{"line":46,"column":25},"end":{"line":52,"column":1}}},"4":{"name":"(anonymous_4)","decl":{"start":{"line":97,"column":2},"end":{"line":97,"column":22}},"loc":{"start":{"line":97,"column":58},"end":{"line":99,"column":3}}},"5":{"name":"(anonymous_5)","decl":{"start":{"line":102,"column":2},"end":{"line":102,"column":22}},"loc":{"start":{"line":102,"column":24},"end":{"line":104,"column":3}}},"6":{"name":"(anonymous_6)","decl":{"start":{"line":106,"column":9},"end":{"line":106,"column":25}},"loc":{"start":{"line":106,"column":25},"end":{"line":108,"column":3}}},"7":{"name":"(anonymous_7)","decl":{"start":{"line":110,"column":9},"end":{"line":110,"column":20}},"loc":{"start":{"line":110,"column":20},"end":{"line":112,"column":3}}},"8":{"name":"(anonymous_8)","decl":{"start":{"line":114,"column":9},"end":{"line":114,"column":20}},"loc":{"start":{"line":114,"column":20},"end":{"line":116,"column":3}}},"9":{"name":"(anonymous_9)","decl":{"start":{"line":118,"column":9},"end":{"line":118,"column":27}},"loc":{"start":{"line":118,"column":27},"end":{"line":120,"column":3}}},"10":{"name":"(anonymous_10)","decl":{"start":{"line":122,"column":9},"end":{"line":122,"column":16}},"loc":{"start":{"line":122,"column":16},"end":{"line":124,"column":3}}},"11":{"name":"(anonymous_11)","decl":{"start":{"line":126,"column":9},"end":{"line":126,"column":20}},"loc":{"start":{"line":126,"column":20},"end":{"line":128,"column":3}}},"12":{"name":"(anonymous_12)","decl":{"start":{"line":130,"column":9},"end":{"line":130,"column":18}},"loc":{"start":{"line":130,"column":18},"end":{"line":132,"column":3}}},"13":{"name":"(anonymous_13)","decl":{"start":{"line":134,"column":9},"end":{"line":134,"column":19}},"loc":{"start":{"line":134,"column":19},"end":{"line":136,"column":3}}},"14":{"name":"(anonymous_14)","decl":{"start":{"line":138,"column":9},"end":{"line":138,"column":18}},"loc":{"start":{"line":138,"column":18},"end":{"line":140,"column":3}}},"15":{"name":"(anonymous_15)","decl":{"start":{"line":142,"column":9},"end":{"line":142,"column":24}},"loc":{"start":{"line":142,"column":24},"end":{"line":144,"column":3}}},"16":{"name":"(anonymous_16)","decl":{"start":{"line":146,"column":9},"end":{"line":146,"column":29}},"loc":{"start":{"line":146,"column":29},"end":{"line":148,"column":3}}},"17":{"name":"(anonymous_17)","decl":{"start":{"line":150,"column":9},"end":{"line":150,"column":27}},"loc":{"start":{"line":150,"column":27},"end":{"line":152,"column":3}}},"18":{"name":"(anonymous_18)","decl":{"start":{"line":154,"column":9},"end":{"line":154,"column":26}},"loc":{"start":{"line":154,"column":26},"end":{"line":156,"column":3}}},"19":{"name":"(anonymous_19)","decl":{"start":{"line":158,"column":9},"end":{"line":158,"column":25}},"loc":{"start":{"line":158,"column":25},"end":{"line":160,"column":3}}},"20":{"name":"(anonymous_20)","decl":{"start":{"line":162,"column":9},"end":{"line":162,"column":25}},"loc":{"start":{"line":162,"column":25},"end":{"line":164,"column":3}}},"21":{"name":"(anonymous_21)","decl":{"start":{"line":166,"column":9},"end":{"line":166,"column":23}},"loc":{"start":{"line":166,"column":23},"end":{"line":168,"column":3}}},"22":{"name":"(anonymous_22)","decl":{"start":{"line":170,"column":9},"end":{"line":170,"column":21}},"loc":{"start":{"line":170,"column":21},"end":{"line":172,"column":3}}},"23":{"name":"(anonymous_23)","decl":{"start":{"line":174,"column":9},"end":{"line":174,"column":23}},"loc":{"start":{"line":174,"column":23},"end":{"line":176,"column":3}}},"24":{"name":"(anonymous_24)","decl":{"start":{"line":178,"column":9},"end":{"line":178,"column":23}},"loc":{"start":{"line":178,"column":23},"end":{"line":180,"column":3}}},"25":{"name":"(anonymous_25)","decl":{"start":{"line":182,"column":9},"end":{"line":182,"column":30}},"loc":{"start":{"line":182,"column":30},"end":{"line":184,"column":3}}},"26":{"name":"(anonymous_26)","decl":{"start":{"line":186,"column":9},"end":{"line":186,"column":23}},"loc":{"start":{"line":186,"column":23},"end":{"line":188,"column":3}}},"27":{"name":"(anonymous_27)","decl":{"start":{"line":190,"column":9},"end":{"line":190,"column":33}},"loc":{"start":{"line":190,"column":33},"end":{"line":192,"column":3}}},"28":{"name":"(anonymous_28)","decl":{"start":{"line":194,"column":9},"end":{"line":194,"column":31}},"loc":{"start":{"line":194,"column":31},"end":{"line":196,"column":3}}},"29":{"name":"(anonymous_29)","decl":{"start":{"line":198,"column":9},"end":{"line":198,"column":20}},"loc":{"start":{"line":198,"column":20},"end":{"line":200,"column":3}}},"30":{"name":"(anonymous_30)","decl":{"start":{"line":202,"column":9},"end":{"line":202,"column":24}},"loc":{"start":{"line":202,"column":24},"end":{"line":204,"column":3}}},"31":{"name":"(anonymous_31)","decl":{"start":{"line":206,"column":9},"end":{"line":206,"column":26}},"loc":{"start":{"line":206,"column":26},"end":{"line":208,"column":3}}},"32":{"name":"(anonymous_32)","decl":{"start":{"line":210,"column":9},"end":{"line":210,"column":32}},"loc":{"start":{"line":210,"column":32},"end":{"line":212,"column":3}}},"33":{"name":"(anonymous_33)","decl":{"start":{"line":214,"column":9},"end":{"line":214,"column":23}},"loc":{"start":{"line":214,"column":23},"end":{"line":216,"column":3}}},"34":{"name":"(anonymous_34)","decl":{"start":{"line":218,"column":9},"end":{"line":218,"column":23}},"loc":{"start":{"line":218,"column":23},"end":{"line":220,"column":3}}},"35":{"name":"(anonymous_35)","decl":{"start":{"line":222,"column":9},"end":{"line":222,"column":21}},"loc":{"start":{"line":222,"column":21},"end":{"line":224,"column":3}}},"36":{"name":"(anonymous_36)","decl":{"start":{"line":226,"column":9},"end":{"line":226,"column":26}},"loc":{"start":{"line":226,"column":26},"end":{"line":228,"column":3}}},"37":{"name":"(anonymous_37)","decl":{"start":{"line":230,"column":9},"end":{"line":230,"column":21}},"loc":{"start":{"line":230,"column":21},"end":{"line":232,"column":3}}},"38":{"name":"(anonymous_38)","decl":{"start":{"line":234,"column":9},"end":{"line":234,"column":21}},"loc":{"start":{"line":234,"column":21},"end":{"line":236,"column":3}}},"39":{"name":"(anonymous_39)","decl":{"start":{"line":241,"column":9},"end":{"line":241,"column":15}},"loc":{"start":{"line":254,"column":32},"end":{"line":308,"column":3}}},"40":{"name":"(anonymous_40)","decl":{"start":{"line":313,"column":10},"end":{"line":313,"column":16}},"loc":{"start":{"line":318,"column":27},"end":{"line":335,"column":3}}},"41":{"name":"(anonymous_41)","decl":{"start":{"line":340,"column":9},"end":{"line":340,"column":16}},"loc":{"start":{"line":340,"column":36},"end":{"line":352,"column":3}}},"42":{"name":"(anonymous_42)","decl":{"start":{"line":357,"column":9},"end":{"line":357,"column":16}},"loc":{"start":{"line":357,"column":16},"end":{"line":367,"column":3}}},"43":{"name":"(anonymous_43)","decl":{"start":{"line":372,"column":9},"end":{"line":372,"column":14}},"loc":{"start":{"line":372,"column":14},"end":{"line":382,"column":3}}},"44":{"name":"(anonymous_44)","decl":{"start":{"line":387,"column":9},"end":{"line":387,"column":17}},"loc":{"start":{"line":387,"column":17},"end":{"line":397,"column":3}}},"45":{"name":"(anonymous_45)","decl":{"start":{"line":402,"column":9},"end":{"line":402,"column":15}},"loc":{"start":{"line":402,"column":51},"end":{"line":436,"column":3}}},"46":{"name":"(anonymous_46)","decl":{"start":{"line":441,"column":9},"end":{"line":441,"column":21}},"loc":{"start":{"line":441,"column":21},"end":{"line":451,"column":3}}},"47":{"name":"(anonymous_47)","decl":{"start":{"line":456,"column":9},"end":{"line":456,"column":19}},"loc":{"start":{"line":459,"column":25},"end":{"line":503,"column":3}}},"48":{"name":"(anonymous_48)","decl":{"start":{"line":506,"column":2},"end":{"line":506,"column":6}},"loc":{"start":{"line":506,"column":19},"end":{"line":506,"column":73}}},"49":{"name":"(anonymous_49)","decl":{"start":{"line":507,"column":2},"end":{"line":507,"column":6}},"loc":{"start":{"line":507,"column":15},"end":{"line":507,"column":58}}},"50":{"name":"(anonymous_50)","decl":{"start":{"line":508,"column":2},"end":{"line":508,"column":6}},"loc":{"start":{"line":508,"column":14},"end":{"line":508,"column":56}}},"51":{"name":"(anonymous_51)","decl":{"start":{"line":509,"column":2},"end":{"line":509,"column":6}},"loc":{"start":{"line":509,"column":14},"end":{"line":509,"column":58}}},"52":{"name":"(anonymous_52)","decl":{"start":{"line":510,"column":2},"end":{"line":510,"column":6}},"loc":{"start":{"line":510,"column":21},"end":{"line":510,"column":70}}},"53":{"name":"(anonymous_53)","decl":{"start":{"line":511,"column":2},"end":{"line":511,"column":6}},"loc":{"start":{"line":511,"column":10},"end":{"line":511,"column":57}}},"54":{"name":"(anonymous_54)","decl":{"start":{"line":512,"column":2},"end":{"line":512,"column":6}},"loc":{"start":{"line":512,"column":14},"end":{"line":512,"column":69}}},"55":{"name":"(anonymous_55)","decl":{"start":{"line":513,"column":2},"end":{"line":513,"column":6}},"loc":{"start":{"line":513,"column":12},"end":{"line":513,"column":63}}},"56":{"name":"(anonymous_56)","decl":{"start":{"line":514,"column":2},"end":{"line":514,"column":6}},"loc":{"start":{"line":514,"column":13},"end":{"line":514,"column":66}}},"57":{"name":"(anonymous_57)","decl":{"start":{"line":515,"column":2},"end":{"line":515,"column":6}},"loc":{"start":{"line":515,"column":21},"end":{"line":515,"column":70}}},"58":{"name":"(anonymous_58)","decl":{"start":{"line":516,"column":2},"end":{"line":516,"column":6}},"loc":{"start":{"line":516,"column":19},"end":{"line":516,"column":73}}},"59":{"name":"(anonymous_59)","decl":{"start":{"line":521,"column":11},"end":{"line":521,"column":22}},"loc":{"start":{"line":521,"column":22},"end":{"line":523,"column":3}}},"60":{"name":"(anonymous_60)","decl":{"start":{"line":528,"column":11},"end":{"line":528,"column":23}},"loc":{"start":{"line":528,"column":23},"end":{"line":530,"column":3}}},"61":{"name":"(anonymous_61)","decl":{"start":{"line":535,"column":12},"end":{"line":535,"column":38}},"loc":{"start":{"line":535,"column":38},"end":{"line":547,"column":3}}},"62":{"name":"(anonymous_62)","decl":{"start":{"line":552,"column":12},"end":{"line":552,"column":22}},"loc":{"start":{"line":552,"column":41},"end":{"line":556,"column":3}}},"63":{"name":"(anonymous_63)","decl":{"start":{"line":563,"column":2},"end":{"line":563,"column":10}},"loc":{"start":{"line":563,"column":10},"end":{"line":565,"column":3}}},"64":{"name":"(anonymous_64)","decl":{"start":{"line":571,"column":2},"end":{"line":571,"column":15}},"loc":{"start":{"line":571,"column":15},"end":{"line":576,"column":3}}}},"branchMap":{"0":{"loc":{"start":{"line":20,"column":12},"end":{"line":20,"column":null}},"type":"binary-expr","locations":[{"start":{"line":20,"column":12},"end":{"line":20,"column":27}},{"start":{"line":20,"column":27},"end":{"line":20,"column":null}}]},"1":{"loc":{"start":{"line":29,"column":12},"end":{"line":29,"column":null}},"type":"binary-expr","locations":[{"start":{"line":29,"column":12},"end":{"line":29,"column":31}},{"start":{"line":29,"column":31},"end":{"line":29,"column":null}}]},"2":{"loc":{"start":{"line":36,"column":12},"end":{"line":36,"column":null}},"type":"binary-expr","locations":[{"start":{"line":36,"column":12},"end":{"line":36,"column":29}},{"start":{"line":36,"column":29},"end":{"line":36,"column":null}}]},"3":{"loc":{"start":{"line":46,"column":12},"end":{"line":46,"column":null}},"type":"binary-expr","locations":[{"start":{"line":46,"column":12},"end":{"line":46,"column":25}},{"start":{"line":46,"column":25},"end":{"line":46,"column":null}}]},"4":{"loc":{"start":{"line":147,"column":11},"end":{"line":147,"column":87}},"type":"cond-expr","locations":[{"start":{"line":147,"column":42},"end":{"line":147,"column":75}},{"start":{"line":147,"column":78},"end":{"line":147,"column":87}}]},"5":{"loc":{"start":{"line":320,"column":4},"end":{"line":322,"column":5}},"type":"if","locations":[{"start":{"line":320,"column":4},"end":{"line":322,"column":5}}]},"6":{"loc":{"start":{"line":320,"column":8},"end":{"line":320,"column":31}},"type":"binary-expr","locations":[{"start":{"line":320,"column":8},"end":{"line":320,"column":18}},{"start":{"line":320,"column":22},"end":{"line":320,"column":31}}]},"7":{"loc":{"start":{"line":324,"column":4},"end":{"line":326,"column":5}},"type":"if","locations":[{"start":{"line":324,"column":4},"end":{"line":326,"column":5}}]},"8":{"loc":{"start":{"line":324,"column":8},"end":{"line":324,"column":53}},"type":"binary-expr","locations":[{"start":{"line":324,"column":8},"end":{"line":324,"column":28}},{"start":{"line":324,"column":32},"end":{"line":324,"column":53}}]},"9":{"loc":{"start":{"line":328,"column":4},"end":{"line":330,"column":5}},"type":"if","locations":[{"start":{"line":328,"column":4},"end":{"line":330,"column":5}}]},"10":{"loc":{"start":{"line":332,"column":4},"end":{"line":334,"column":5}},"type":"if","locations":[{"start":{"line":332,"column":4},"end":{"line":334,"column":5}}]},"11":{"loc":{"start":{"line":341,"column":4},"end":{"line":343,"column":5}},"type":"if","locations":[{"start":{"line":341,"column":4},"end":{"line":343,"column":5}}]},"12":{"loc":{"start":{"line":358,"column":4},"end":{"line":360,"column":5}},"type":"if","locations":[{"start":{"line":358,"column":4},"end":{"line":360,"column":5}}]},"13":{"loc":{"start":{"line":373,"column":4},"end":{"line":375,"column":5}},"type":"if","locations":[{"start":{"line":373,"column":4},"end":{"line":375,"column":5}}]},"14":{"loc":{"start":{"line":388,"column":4},"end":{"line":390,"column":5}},"type":"if","locations":[{"start":{"line":388,"column":4},"end":{"line":390,"column":5}}]},"15":{"loc":{"start":{"line":403,"column":4},"end":{"line":405,"column":5}},"type":"if","locations":[{"start":{"line":403,"column":4},"end":{"line":405,"column":5}}]},"16":{"loc":{"start":{"line":407,"column":4},"end":{"line":409,"column":5}},"type":"if","locations":[{"start":{"line":407,"column":4},"end":{"line":409,"column":5}}]},"17":{"loc":{"start":{"line":442,"column":4},"end":{"line":445,"column":5}},"type":"if","locations":[{"start":{"line":442,"column":4},"end":{"line":445,"column":5}}]},"18":{"loc":{"start":{"line":442,"column":8},"end":{"line":443,"column":57}},"type":"binary-expr","locations":[{"start":{"line":442,"column":8},"end":{"line":442,"column":57}},{"start":{"line":443,"column":8},"end":{"line":443,"column":57}}]},"19":{"loc":{"start":{"line":461,"column":4},"end":{"line":463,"column":5}},"type":"if","locations":[{"start":{"line":461,"column":4},"end":{"line":463,"column":5}}]},"20":{"loc":{"start":{"line":465,"column":4},"end":{"line":467,"column":5}},"type":"if","locations":[{"start":{"line":465,"column":4},"end":{"line":467,"column":5}}]},"21":{"loc":{"start":{"line":469,"column":4},"end":{"line":471,"column":5}},"type":"if","locations":[{"start":{"line":469,"column":4},"end":{"line":471,"column":5}}]},"22":{"loc":{"start":{"line":536,"column":4},"end":{"line":538,"column":5}},"type":"if","locations":[{"start":{"line":536,"column":4},"end":{"line":538,"column":5}}]},"23":{"loc":{"start":{"line":536,"column":8},"end":{"line":536,"column":53}},"type":"binary-expr","locations":[{"start":{"line":536,"column":8},"end":{"line":536,"column":29}},{"start":{"line":536,"column":33},"end":{"line":536,"column":53}}]},"24":{"loc":{"start":{"line":540,"column":4},"end":{"line":542,"column":5}},"type":"if","locations":[{"start":{"line":540,"column":4},"end":{"line":542,"column":5}}]},"25":{"loc":{"start":{"line":544,"column":4},"end":{"line":546,"column":5}},"type":"if","locations":[{"start":{"line":544,"column":4},"end":{"line":546,"column":5}}]}},"s":{"0":3,"1":3,"2":3,"3":3,"4":3,"5":3,"6":3,"7":3,"8":3,"9":3,"10":3,"11":3,"12":3,"13":3,"14":3,"15":3,"16":3,"17":3,"18":3,"19":3,"20":3,"21":3,"22":3,"23":3,"24":3,"25":3,"26":3,"27":3,"28":3,"29":3,"30":0,"31":0,"32":0,"33":0,"34":0,"35":0,"36":0,"37":0,"38":0,"39":0,"40":0,"41":0,"42":0,"43":0,"44":0,"45":0,"46":0,"47":0,"48":0,"49":0,"50":0,"51":0,"52":0,"53":0,"54":0,"55":0,"56":0,"57":0,"58":0,"59":0,"60":0,"61":0,"62":0,"63":0,"64":0,"65":16,"66":0,"67":0,"68":0,"69":0,"70":16,"71":0,"72":16,"73":1,"74":15,"75":1,"76":14,"77":14,"78":0,"79":0,"80":0,"81":0,"82":0,"83":0,"84":0,"85":0,"86":0,"87":0,"88":0,"89":0,"90":0,"91":0,"92":0,"93":0,"94":0,"95":0,"96":0,"97":0,"98":0,"99":0,"100":0,"101":0,"102":0,"103":0,"104":0,"105":0,"106":0,"107":0,"108":0,"109":0,"110":0,"111":0,"112":0,"113":0,"114":0,"115":0,"116":0,"117":0,"118":0,"119":0,"120":0,"121":0,"122":0,"123":0,"124":0,"125":0,"126":0,"127":0,"128":0,"129":0,"130":0,"131":0,"132":0,"133":0,"134":0,"135":0,"136":0,"137":0,"138":0,"139":0,"140":0,"141":0,"142":0,"143":0,"144":0,"145":0,"146":0,"147":0,"148":0,"149":0,"150":0,"151":0,"152":0,"153":0,"154":0,"155":0,"156":0,"157":0,"158":0,"159":0,"160":0,"161":0,"162":0,"163":3},"f":{"0":3,"1":3,"2":3,"3":3,"4":0,"5":0,"6":0,"7":0,"8":0,"9":0,"10":0,"11":0,"12":0,"13":0,"14":0,"15":0,"16":0,"17":0,"18":0,"19":0,"20":0,"21":0,"22":0,"23":0,"24":0,"25":0,"26":0,"27":0,"28":0,"29":0,"30":0,"31":0,"32":0,"33":0,"34":0,"35":0,"36":0,"37":0,"38":0,"39":16,"40":16,"41":0,"42":0,"43":0,"44":0,"45":0,"46":0,"47":0,"48":0,"49":0,"50":0,"51":0,"52":0,"53":0,"54":0,"55":0,"56":0,"57":0,"58":0,"59":0,"60":0,"61":0,"62":0,"63":0,"64":0},"b":{"0":[3,3],"1":[3,3],"2":[3,3],"3":[3,3],"4":[0,0],"5":[0],"6":[16,16],"7":[1],"8":[16,15],"9":[1],"10":[14],"11":[0],"12":[0],"13":[0],"14":[0],"15":[0],"16":[0],"17":[0],"18":[0,0],"19":[0],"20":[0],"21":[0],"22":[0],"23":[0,0],"24":[0],"25":[0]}}
,"D:\\hospital-management-V2\\backend\\services-v2\\scheduling-service\\src\\domain\\events\\AppointmentCancelledEvent.ts": {"path":"D:\\hospital-management-V2\\backend\\services-v2\\scheduling-service\\src\\domain\\events\\AppointmentCancelledEvent.ts","statementMap":{"0":{"start":{"line":11,"column":0},"end":{"line":11,"column":63}},"1":{"start":{"line":128,"column":16},"end":{"line":128,"column":26}},"2":{"start":{"line":129,"column":24},"end":{"line":129,"column":101}},"3":{"start":{"line":130,"column":31},"end":{"line":130,"column":97}},"4":{"start":{"line":132,"column":53},"end":{"line":223,"column":6}},"5":{"start":{"line":225,"column":4},"end":{"line":234,"column":6}},"6":{"start":{"line":117,"column":20},"end":{"line":117,"column":41}},"7":{"start":{"line":118,"column":20},"end":{"line":118,"column":37}},"8":{"start":{"line":119,"column":20},"end":{"line":119,"column":38}},"9":{"start":{"line":120,"column":20},"end":{"line":120,"column":43}},"10":{"start":{"line":121,"column":20},"end":{"line":121,"column":46}},"11":{"start":{"line":122,"column":20},"end":{"line":122,"column":39}},"12":{"start":{"line":123,"column":20},"end":{"line":123,"column":42}},"13":{"start":{"line":241,"column":16},"end":{"line":241,"column":26}},"14":{"start":{"line":242,"column":24},"end":{"line":242,"column":106}},"15":{"start":{"line":243,"column":31},"end":{"line":243,"column":97}},"16":{"start":{"line":245,"column":4},"end":{"line":263,"column":6}},"17":{"start":{"line":270,"column":4},"end":{"line":270,"column":16}},"18":{"start":{"line":277,"column":4},"end":{"line":277,"column":26}},"19":{"start":{"line":291,"column":4},"end":{"line":324,"column":5}},"20":{"start":{"line":293,"column":6},"end":{"line":298,"column":8}},"21":{"start":{"line":299,"column":11},"end":{"line":324,"column":5}},"22":{"start":{"line":301,"column":6},"end":{"line":306,"column":8}},"23":{"start":{"line":307,"column":11},"end":{"line":324,"column":5}},"24":{"start":{"line":309,"column":6},"end":{"line":315,"column":8}},"25":{"start":{"line":318,"column":6},"end":{"line":323,"column":8}},"26":{"start":{"line":331,"column":4},"end":{"line":337,"column":5}},"27":{"start":{"line":333,"column":6},"end":{"line":333,"column":38}},"28":{"start":{"line":336,"column":6},"end":{"line":336,"column":31}},"29":{"start":{"line":347,"column":4},"end":{"line":355,"column":5}},"30":{"start":{"line":348,"column":6},"end":{"line":348,"column":49}},"31":{"start":{"line":349,"column":11},"end":{"line":355,"column":5}},"32":{"start":{"line":350,"column":6},"end":{"line":350,"column":52}},"33":{"start":{"line":351,"column":11},"end":{"line":355,"column":5}},"34":{"start":{"line":352,"column":6},"end":{"line":352,"column":58}},"35":{"start":{"line":354,"column":6},"end":{"line":354,"column":57}},"36":{"start":{"line":362,"column":22},"end":{"line":362,"column":41}},"37":{"start":{"line":363,"column":4},"end":{"line":385,"column":5}},"38":{"start":{"line":366,"column":8},"end":{"line":366,"column":66}},"39":{"start":{"line":370,"column":8},"end":{"line":370,"column":69}},"40":{"start":{"line":374,"column":8},"end":{"line":374,"column":64}},"41":{"start":{"line":377,"column":8},"end":{"line":377,"column":57}},"42":{"start":{"line":381,"column":8},"end":{"line":381,"column":58}},"43":{"start":{"line":384,"column":8},"end":{"line":384,"column":20}},"44":{"start":{"line":392,"column":16},"end":{"line":392,"column":26}},"45":{"start":{"line":393,"column":4},"end":{"line":401,"column":6}},"46":{"start":{"line":405,"column":16},"end":{"line":405,"column":26}},"47":{"start":{"line":406,"column":24},"end":{"line":406,"column":106}},"48":{"start":{"line":407,"column":31},"end":{"line":407,"column":97}},"49":{"start":{"line":409,"column":4},"end":{"line":416,"column":6}},"50":{"start":{"line":420,"column":16},"end":{"line":420,"column":26}},"51":{"start":{"line":421,"column":24},"end":{"line":421,"column":106}},"52":{"start":{"line":422,"column":31},"end":{"line":422,"column":97}},"53":{"start":{"line":424,"column":4},"end":{"line":461,"column":6}},"54":{"start":{"line":465,"column":16},"end":{"line":465,"column":26}},"55":{"start":{"line":466,"column":24},"end":{"line":466,"column":106}},"56":{"start":{"line":467,"column":31},"end":{"line":467,"column":97}},"57":{"start":{"line":469,"column":4},"end":{"line":471,"column":5}},"58":{"start":{"line":470,"column":6},"end":{"line":470,"column":23}},"59":{"start":{"line":473,"column":4},"end":{"line":482,"column":6}},"60":{"start":{"line":486,"column":16},"end":{"line":486,"column":26}},"61":{"start":{"line":487,"column":24},"end":{"line":487,"column":106}},"62":{"start":{"line":489,"column":4},"end":{"line":495,"column":6}},"63":{"start":{"line":114,"column":0},"end":{"line":114,"column":13}}},"fnMap":{"0":{"name":"(anonymous_0)","decl":{"start":{"line":116,"column":2},"end":{"line":116,"column":null}},"loc":{"start":{"line":126,"column":19},"end":{"line":235,"column":3}}},"1":{"name":"(anonymous_1)","decl":{"start":{"line":240,"column":9},"end":{"line":240,"column":21}},"loc":{"start":{"line":240,"column":21},"end":{"line":264,"column":3}}},"2":{"name":"(anonymous_2)","decl":{"start":{"line":269,"column":9},"end":{"line":269,"column":20}},"loc":{"start":{"line":269,"column":20},"end":{"line":271,"column":3}}},"3":{"name":"(anonymous_3)","decl":{"start":{"line":276,"column":9},"end":{"line":276,"column":21}},"loc":{"start":{"line":276,"column":21},"end":{"line":278,"column":3}}},"4":{"name":"(anonymous_4)","decl":{"start":{"line":283,"column":10},"end":{"line":283,"column":16}},"loc":{"start":{"line":283,"column":64},"end":{"line":325,"column":3}}},"5":{"name":"(anonymous_5)","decl":{"start":{"line":330,"column":10},"end":{"line":330,"column":16}},"loc":{"start":{"line":330,"column":67},"end":{"line":338,"column":3}}},"6":{"name":"(anonymous_6)","decl":{"start":{"line":343,"column":10},"end":{"line":343,"column":16}},"loc":{"start":{"line":345,"column":23},"end":{"line":356,"column":3}}},"7":{"name":"(anonymous_7)","decl":{"start":{"line":361,"column":9},"end":{"line":361,"column":39}},"loc":{"start":{"line":361,"column":59},"end":{"line":386,"column":3}}},"8":{"name":"(anonymous_8)","decl":{"start":{"line":391,"column":10},"end":{"line":391,"column":35}},"loc":{"start":{"line":391,"column":35},"end":{"line":402,"column":3}}},"9":{"name":"(anonymous_9)","decl":{"start":{"line":404,"column":10},"end":{"line":404,"column":38}},"loc":{"start":{"line":404,"column":38},"end":{"line":417,"column":3}}},"10":{"name":"(anonymous_10)","decl":{"start":{"line":419,"column":10},"end":{"line":419,"column":33}},"loc":{"start":{"line":419,"column":33},"end":{"line":462,"column":3}}},"11":{"name":"(anonymous_11)","decl":{"start":{"line":464,"column":10},"end":{"line":464,"column":26}},"loc":{"start":{"line":464,"column":26},"end":{"line":483,"column":3}}},"12":{"name":"(anonymous_12)","decl":{"start":{"line":485,"column":10},"end":{"line":485,"column":27}},"loc":{"start":{"line":485,"column":27},"end":{"line":496,"column":3}}}},"branchMap":{"0":{"loc":{"start":{"line":137,"column":23},"end":{"line":137,"column":96}},"type":"binary-expr","locations":[{"start":{"line":137,"column":23},"end":{"line":137,"column":38}},{"start":{"line":137,"column":42},"end":{"line":137,"column":96}}]},"1":{"loc":{"start":{"line":149,"column":19},"end":{"line":149,"column":92}},"type":"binary-expr","locations":[{"start":{"line":149,"column":19},"end":{"line":149,"column":34}},{"start":{"line":149,"column":38},"end":{"line":149,"column":92}}]},"2":{"loc":{"start":{"line":177,"column":27},"end":{"line":178,"column":108}},"type":"cond-expr","locations":[{"start":{"line":178,"column":16},"end":{"line":178,"column":96}},{"start":{"line":178,"column":99},"end":{"line":178,"column":108}}]},"3":{"loc":{"start":{"line":179,"column":30},"end":{"line":180,"column":87}},"type":"cond-expr","locations":[{"start":{"line":180,"column":16},"end":{"line":180,"column":50}},{"start":{"line":180,"column":53},"end":{"line":180,"column":87}}]},"4":{"loc":{"start":{"line":182,"column":22},"end":{"line":182,"column":57}},"type":"cond-expr","locations":[{"start":{"line":182,"column":40},"end":{"line":182,"column":46}},{"start":{"line":182,"column":49},"end":{"line":182,"column":57}}]},"5":{"loc":{"start":{"line":204,"column":23},"end":{"line":213,"column":21}},"type":"cond-expr","locations":[{"start":{"line":204,"column":96},"end":{"line":213,"column":10}},{"start":{"line":213,"column":12},"end":{"line":213,"column":21}}]},"6":{"loc":{"start":{"line":204,"column":23},"end":{"line":204,"column":93}},"type":"binary-expr","locations":[{"start":{"line":204,"column":23},"end":{"line":204,"column":56}},{"start":{"line":204,"column":60},"end":{"line":204,"column":93}}]},"7":{"loc":{"start":{"line":207,"column":18},"end":{"line":208,"column":76}},"type":"cond-expr","locations":[{"start":{"line":207,"column":54},"end":{"line":207,"column":63}},{"start":{"line":208,"column":18},"end":{"line":208,"column":76}}]},"8":{"loc":{"start":{"line":208,"column":18},"end":{"line":208,"column":76}},"type":"cond-expr","locations":[{"start":{"line":208,"column":54},"end":{"line":208,"column":62}},{"start":{"line":208,"column":65},"end":{"line":208,"column":76}}]},"9":{"loc":{"start":{"line":209,"column":18},"end":{"line":210,"column":117}},"type":"cond-expr","locations":[{"start":{"line":209,"column":54},"end":{"line":209,"column":86}},{"start":{"line":210,"column":18},"end":{"line":210,"column":117}}]},"10":{"loc":{"start":{"line":210,"column":18},"end":{"line":210,"column":117}},"type":"cond-expr","locations":[{"start":{"line":210,"column":54},"end":{"line":210,"column":105}},{"start":{"line":210,"column":108},"end":{"line":210,"column":117}}]},"11":{"loc":{"start":{"line":210,"column":55},"end":{"line":210,"column":95}},"type":"binary-expr","locations":[{"start":{"line":210,"column":55},"end":{"line":210,"column":90}},{"start":{"line":210,"column":94},"end":{"line":210,"column":95}}]},"12":{"loc":{"start":{"line":250,"column":23},"end":{"line":250,"column":106}},"type":"binary-expr","locations":[{"start":{"line":250,"column":23},"end":{"line":250,"column":43}},{"start":{"line":250,"column":47},"end":{"line":250,"column":106}}]},"13":{"loc":{"start":{"line":291,"column":4},"end":{"line":324,"column":5}},"type":"if","locations":[{"start":{"line":291,"column":4},"end":{"line":324,"column":5}},{"start":{"line":299,"column":11},"end":{"line":324,"column":5}}]},"14":{"loc":{"start":{"line":299,"column":11},"end":{"line":324,"column":5}},"type":"if","locations":[{"start":{"line":299,"column":11},"end":{"line":324,"column":5}},{"start":{"line":307,"column":11},"end":{"line":324,"column":5}}]},"15":{"loc":{"start":{"line":307,"column":11},"end":{"line":324,"column":5}},"type":"if","locations":[{"start":{"line":307,"column":11},"end":{"line":324,"column":5}},{"start":{"line":316,"column":11},"end":{"line":324,"column":5}}]},"16":{"loc":{"start":{"line":331,"column":4},"end":{"line":337,"column":5}},"type":"if","locations":[{"start":{"line":331,"column":4},"end":{"line":337,"column":5}},{"start":{"line":334,"column":11},"end":{"line":337,"column":5}}]},"17":{"loc":{"start":{"line":347,"column":4},"end":{"line":355,"column":5}},"type":"if","locations":[{"start":{"line":347,"column":4},"end":{"line":355,"column":5}},{"start":{"line":349,"column":11},"end":{"line":355,"column":5}}]},"18":{"loc":{"start":{"line":349,"column":11},"end":{"line":355,"column":5}},"type":"if","locations":[{"start":{"line":349,"column":11},"end":{"line":355,"column":5}},{"start":{"line":351,"column":11},"end":{"line":355,"column":5}}]},"19":{"loc":{"start":{"line":351,"column":11},"end":{"line":355,"column":5}},"type":"if","locations":[{"start":{"line":351,"column":11},"end":{"line":355,"column":5}},{"start":{"line":353,"column":11},"end":{"line":355,"column":5}}]},"20":{"loc":{"start":{"line":363,"column":4},"end":{"line":385,"column":5}},"type":"switch","locations":[{"start":{"line":364,"column":6},"end":{"line":364,"column":28}},{"start":{"line":365,"column":6},"end":{"line":366,"column":66}},{"start":{"line":368,"column":6},"end":{"line":368,"column":30}},{"start":{"line":369,"column":6},"end":{"line":370,"column":69}},{"start":{"line":372,"column":6},"end":{"line":372,"column":26}},{"start":{"line":373,"column":6},"end":{"line":374,"column":64}},{"start":{"line":376,"column":6},"end":{"line":377,"column":57}},{"start":{"line":379,"column":6},"end":{"line":379,"column":22}},{"start":{"line":380,"column":6},"end":{"line":381,"column":58}},{"start":{"line":383,"column":6},"end":{"line":384,"column":20}}]},"21":{"loc":{"start":{"line":397,"column":15},"end":{"line":397,"column":98}},"type":"binary-expr","locations":[{"start":{"line":397,"column":15},"end":{"line":397,"column":35}},{"start":{"line":397,"column":39},"end":{"line":397,"column":98}}]},"22":{"loc":{"start":{"line":437,"column":23},"end":{"line":438,"column":104}},"type":"cond-expr","locations":[{"start":{"line":438,"column":12},"end":{"line":438,"column":92}},{"start":{"line":438,"column":95},"end":{"line":438,"column":104}}]},"23":{"loc":{"start":{"line":439,"column":26},"end":{"line":440,"column":83}},"type":"cond-expr","locations":[{"start":{"line":440,"column":12},"end":{"line":440,"column":46}},{"start":{"line":440,"column":49},"end":{"line":440,"column":83}}]},"24":{"loc":{"start":{"line":442,"column":18},"end":{"line":442,"column":71}},"type":"cond-expr","locations":[{"start":{"line":442,"column":36},"end":{"line":442,"column":51}},{"start":{"line":442,"column":54},"end":{"line":442,"column":71}}]},"25":{"loc":{"start":{"line":469,"column":4},"end":{"line":471,"column":5}},"type":"if","locations":[{"start":{"line":469,"column":4},"end":{"line":471,"column":5}}]},"26":{"loc":{"start":{"line":469,"column":8},"end":{"line":469,"column":80}},"type":"binary-expr","locations":[{"start":{"line":469,"column":8},"end":{"line":469,"column":42}},{"start":{"line":469,"column":46},"end":{"line":469,"column":80}}]},"27":{"loc":{"start":{"line":476,"column":14},"end":{"line":477,"column":90}},"type":"cond-expr","locations":[{"start":{"line":476,"column":50},"end":{"line":476,"column":68}},{"start":{"line":477,"column":14},"end":{"line":477,"column":90}}]},"28":{"loc":{"start":{"line":477,"column":14},"end":{"line":477,"column":90}},"type":"cond-expr","locations":[{"start":{"line":477,"column":50},"end":{"line":477,"column":67}},{"start":{"line":477,"column":70},"end":{"line":477,"column":90}}]},"29":{"loc":{"start":{"line":478,"column":14},"end":{"line":479,"column":113}},"type":"cond-expr","locations":[{"start":{"line":478,"column":50},"end":{"line":478,"column":82}},{"start":{"line":479,"column":14},"end":{"line":479,"column":113}}]},"30":{"loc":{"start":{"line":479,"column":14},"end":{"line":479,"column":113}},"type":"cond-expr","locations":[{"start":{"line":479,"column":50},"end":{"line":479,"column":101}},{"start":{"line":479,"column":104},"end":{"line":479,"column":113}}]},"31":{"loc":{"start":{"line":479,"column":51},"end":{"line":479,"column":91}},"type":"binary-expr","locations":[{"start":{"line":479,"column":51},"end":{"line":479,"column":86}},{"start":{"line":479,"column":90},"end":{"line":479,"column":91}}]}},"s":{"0":3,"1":0,"2":0,"3":0,"4":0,"5":0,"6":0,"7":0,"8":0,"9":0,"10":0,"11":0,"12":0,"13":0,"14":0,"15":0,"16":0,"17":0,"18":0,"19":0,"20":0,"21":0,"22":0,"23":0,"24":0,"25":0,"26":0,"27":0,"28":0,"29":0,"30":0,"31":0,"32":0,"33":0,"34":0,"35":0,"36":0,"37":0,"38":0,"39":0,"40":0,"41":0,"42":0,"43":0,"44":0,"45":0,"46":0,"47":0,"48":0,"49":0,"50":0,"51":0,"52":0,"53":0,"54":0,"55":0,"56":0,"57":0,"58":0,"59":0,"60":0,"61":0,"62":0,"63":3},"f":{"0":0,"1":0,"2":0,"3":0,"4":0,"5":0,"6":0,"7":0,"8":0,"9":0,"10":0,"11":0,"12":0},"b":{"0":[0,0],"1":[0,0],"2":[0,0],"3":[0,0],"4":[0,0],"5":[0,0],"6":[0,0],"7":[0,0],"8":[0,0],"9":[0,0],"10":[0,0],"11":[0,0],"12":[0,0],"13":[0,0],"14":[0,0],"15":[0,0],"16":[0,0],
[...]
,"D:\\hospital-management-V2\\backend\\services-v2\\scheduling-service\\src\\presentation\\middleware\\ValidationMiddleware.ts": {"path":"D:\\hospital-management-V2\\backend\\services-v2\\scheduling-service\\src\\presentation\\middleware\\ValidationMiddleware.ts","statementMap":{"0":{"start":{"line":18,"column":0},"end":{"line":18,"column":16}},"1":{"start":{"line":132,"column":0},"end":{"line":132,"column":16}},"2":{"start":{"line":190,"column":0},"end":{"line":190,"column":16}},"3":{"start":{"line":248,"column":0},"end":{"line":248,"column":16}},"4":{"start":{"line":273,"column":0},"end":{"line":273,"column":16}},"5":{"start":{"line":13,"column":0},"end":{"line":13,"column":60}},"6":{"start":{"line":19,"column":2},"end":{"line":49,"column":4}},"7":{"start":{"line":20,"column":27},"end":{"line":20,"column":38}},"8":{"start":{"line":22,"column":29},"end":{"line":29,"column":6}},"9":{"start":{"line":31,"column":4},"end":{"line":44,"column":5}},"10":{"start":{"line":32,"column":31},"end":{"line":36,"column":9}},"11":{"start":{"line":32,"column":60},"end":{"line":36,"column":8}},"12":{"start":{"line":38,"column":30},"end":{"line":40,"column":null}},"13":{"start":{"line":43,"column":6},"end":{"line":43,"column":35}},"14":{"start":{"line":47,"column":4},"end":{"line":47,"column":24}},"15":{"start":{"line":48,"column":4},"end":{"line":48,"column":11}},"16":{"start":{"line":56,"column":50},"end":{"line":106,"column":4}},"17":{"start":{"line":109,"column":2},"end":{"line":111,"column":3}},"18":{"start":{"line":110,"column":4},"end":{"line":110,"column":33}},"19":{"start":{"line":114,"column":2},"end":{"line":116,"column":3}},"20":{"start":{"line":115,"column":4},"end":{"line":115,"column":30}},"21":{"start":{"line":119,"column":2},"end":{"line":123,"column":3}},"22":{"start":{"line":120,"column":4},"end":{"line":122,"column":5}},"23":{"start":{"line":121,"column":6},"end":{"line":121,"column":25}},"24":{"start":{"line":126,"column":2},"end":{"line":126,"column":17}},"25":{"start":{"line":134,"column":2},"end":{"line":136,"column":3}},"26":{"start":{"line":135,"column":4},"end":{"line":135,"column":40}},"27":{"start":{"line":139,"column":2},"end":{"line":141,"column":3}},"28":{"start":{"line":140,"column":4},"end":{"line":140,"column":42}},"29":{"start":{"line":144,"column":2},"end":{"line":146,"column":3}},"30":{"start":{"line":145,"column":4},"end":{"line":145,"column":44}},"31":{"start":{"line":148,"column":2},"end":{"line":148,"column":9}},"32":{"start":{"line":155,"column":2},"end":{"line":157,"column":3}},"33":{"start":{"line":156,"column":4},"end":{"line":156,"column":30}},"34":{"start":{"line":159,"column":2},"end":{"line":161,"column":3}},"35":{"start":{"line":160,"column":4},"end":{"line":160,"column":49}},"36":{"start":{"line":160,"column":27},"end":{"line":160,"column":47}},"37":{"start":{"line":163,"column":25},"end":{"line":163,"column":27}},"38":{"start":{"line":164,"column":2},"end":{"line":166,"column":3}},"39":{"start":{"line":165,"column":4},"end":{"line":165,"column":43}},"40":{"start":{"line":168,"column":2},"end":{"line":168,"column":19}},"41":{"start":{"line":175,"column":2},"end":{"line":182,"column":3}},"42":{"start":{"line":177,"column":4},"end":{"line":181,"column":31}},"43":{"start":{"line":184,"column":2},"end":{"line":184,"column":15}},"44":{"start":{"line":194,"column":19},"end":{"line":194,"column":74}},"45":{"start":{"line":196,"column":2},"end":{"line":242,"column":4}},"46":{"start":{"line":197,"column":21},"end":{"line":197,"column":72}},"47":{"start":{"line":198,"column":16},"end":{"line":198,"column":26}},"48":{"start":{"line":201,"column":4},"end":{"line":205,"column":5}},"49":{"start":{"line":202,"column":6},"end":{"line":204,"column":7}},"50":{"start":{"line":203,"column":8},"end":{"line":203,"column":29}},"51":{"start":{"line":208,"column":21},"end":{"line":208,"column":43}},"52":{"start":{"line":209,"column":4},"end":{"line":215,"column":5}},"53":{"start":{"line":210,"column":6},"end":{"line":213,"column":8}},"54":{"start":{"line":214,"column":6},"end":{"line":214,"column":41}},"55":{"start":{"line":218,"column":4},"end":{"line":229,"column":5}},"56":{"start":{"line":219,"column":6},"end":{"line":228,"column":9}},"57":{"start":{"line":232,"column":4},"end":{"line":232,"column":23}},"58":{"start":{"line":235,"column":4},"end":{"line":239,"column":7}},"59":{"start":{"line":241,"column":4},"end":{"line":241,"column":18}},"60":{"start":{"line":249,"column":2},"end":{"line":267,"column":4}},"61":{"start":{"line":250,"column":26},"end":{"line":250,"column":72}},"62":{"start":{"line":252,"column":4},"end":{"line":264,"column":5}},"63":{"start":{"line":253,"column":6},"end":{"line":263,"column":9}},"64":{"start":{"line":266,"column":4},"end":{"line":266,"column":18}},"65":{"start":{"line":274,"column":2},"end":{"line":295,"column":4}},"66":{"start":{"line":275,"column":4},"end":{"line":277,"column":5}},"67":{"start":{"line":276,"column":6},"end":{"line":276,"column":20}},"68":{"start":{"line":279,"column":24},"end":{"line":279,"column":47}},"69":{"start":{"line":280,"column":4},"end":{"line":292,"column":5}},"70":{"start":{"line":280,"column":51},"end":{"line":280,"column":77}},"71":{"start":{"line":281,"column":6},"end":{"line":291,"column":9}},"72":{"start":{"line":294,"column":4},"end":{"line":294,"column":11}}},"fnMap":{"0":{"name":"validateRequest","decl":{"start":{"line":18,"column":16},"end":{"line":18,"column":31}},"loc":{"start":{"line":18,"column":102},"end":{"line":50,"column":1}}},"1":{"name":"(anonymous_1)","decl":{"start":{"line":19,"column":9},"end":{"line":19,"column":10}},"loc":{"start":{"line":19,"column":61},"end":{"line":49,"column":3}}},"2":{"name":"(anonymous_2)","decl":{"start":{"line":32,"column":49},"end":{"line":32,"column":55}},"loc":{"start":{"line":32,"column":60},"end":{"line":36,"column":8}}},"3":{"name":"translateValidationMessage","decl":{"start":{"line":55,"column":9},"end":{"line":55,"column":35}},"loc":{"start":{"line":55,"column":65},"end":{"line":127,"column":1}}},"4":{"name":"sanitizeRequest","decl":{"start":{"line":132,"column":16},"end":{"line":132,"column":31}},"loc":{"start":{"line":132,"column":79},"end":{"line":149,"column":1}}},"5":{"name":"sanitizeObject","decl":{"start":{"line":154,"column":9},"end":{"line":154,"column":23}},"loc":{"start":{"line":154,"column":32},"end":{"line":169,"column":1}}},"6":{"name":"(anonymous_6)","decl":{"start":{"line":160,"column":19},"end":{"line":160,"column":23}},"loc":{"start":{"line":160,"column":27},"end":{"line":160,"column":47}}},"7":{"name":"sanitizeValue","decl":{"start":{"line":174,"column":9},"end":{"line":174,"column":22}},"loc":{"start":{"line":174,"column":33},"end":{"line":185,"column":1}}},"8":{"name":"(anonymous_9)","decl":{"start":{"line":196,"column":9},"end":{"line":196,"column":10}},"loc":{"start":{"line":196,"column":61},"end":{"line":242,"column":3}}},"9":{"name":"requestSizeLimitMiddleware","decl":{"start":{"line":248,"column":16},"end":{"line":248,"column":42}},"loc":{"start":{"line":248,"column":72},"end":{"line":268,"column":1}}},"10":{"name":"(anonymous_11)","decl":{"start":{"line":249,"column":9},"end":{"line":249,"column":10}},"loc":{"start":{"line":249,"column":61},"end":{"line":267,"column":3}}},"11":{"name":"validateContentType","decl":{"start":{"line":273,"column":16},"end":{"line":273,"column":35}},"loc":{"start":{"line":273,"column":81},"end":{"line":296,"column":1}}},"12":{"name":"(anonymous_13)","decl":{"start":{"line":274,"column":9},"end":{"line":274,"column":10}},"loc":{"start":{"line":274,"column":61},"end":{"line":295,"column":3}}},"13":{"name":"(anonymous_14)","decl":{"start":{"line":280,"column":43},"end":{"line":280,"column":47}},"loc":{"start":{"line":280,"column":51},"end":{"line":280,"column":77}}}},"branchMap":{"0":{"loc":{"start":{"line":18,"column":58},"end":{"line":18,"column":102}},"type":"default-arg","locations":[{"start":{"line":18,"column":96},"end":{"line":18,"column":102}}]},"1":{"loc":{"start":{"line":31,"column":4},"end":{"line":44,"column":5}},"type":"if","locations":[{"start":{"line":31,"column":4},"end":{"line":44,"column":5}}]},"2":{"loc":{"start":{"line":109,"column":2},"end":{"line":111,"column":3}},"type":"if","locations":[{"start":{"line":109,"column":2},"end":{"line":111,"column":3}}]},"3":{"loc":{"start":{"line":114,"column":2},"end":{"line":116,"column":3}},"type":"if","locations":[{"start":{"line":114,"column":2},"end":{"line":116,"column":3}}]},"4":{"loc":{"start":{"line":120,"column":4},"end":{"line":122,"column":5}},"type":"if","locations":[{"start":{"line":120,"column":4},"end":{"line":122,"column":5}}]},"5":{"loc":{"start":{"line":134,"column":2},"end":{"line":136,"column":3}},"type":"if","locations":[{"start":{"line":134,"column":2},"end":{"line":136,"column":3}}]},"6":{"loc":{"start":{"line":139,"column":2},"end":{"line":141,"column":3}},"type":"if","locations":[{"start":{"line":139,"column":2},"end":{"line":141,"column":3}}]},"7":{"loc":{"start":{"line":144,"column":2},"end":{"line":146,"column":3}},"type":"if","locations":[{"start":{"line":144,"column":2},"end":{"line":146,"column":3}}]},"8":{"loc":{"start":{"line":155,"column":2},"end":{"line":157,"column":3}},"type":"if","locations":[{"start":{"line":155,"column":2},"end":{"line":157,"column":3}}]},"9":{"loc":{"start":{"line":155,"column":6},"end":{"line":155,"column":45}},"type":"binary-expr","locations":[{"start":{"line":155,"column":6},"end":{"line":155,"column":29}},{"start":{"line":155,"column":33},"end":{"line":155,"column":45}}]},"10":{"loc":{"start":{"line":159,"column":2},"end":{"line":161,"column":3}},"type":"if","locations":[{"start":{"line":159,"column":2},"end":{"line":161,"column":3}}]},"11":{"loc":{"start":{"line":175,"column":2},"end":{"line":182,"column":3}},"type":"if","locations":[{"start":{"line":175,"column":2},"end":{"line":182,"column":3}}]},"12":{"loc":{"start":{"line":191,"column":2},"end":{"line":191,"column":35}},"type":"default-arg","locations":[{"start":{"line":191,"column":21},"end":{"line":191,"column":35}}]},"13":{"loc":{"start":{"line":192,"column":2},"end":{"line":192,"column":27}},"type":"default-arg","locations":[{"start":{"line":192,"column":24},"end":{"line":192,"column":27}}]},"14":{"loc":{"start":{"line":197,"column":21},"end":{"line":197,"column":72}},"type":"binary-expr","locations":[{"start":{"line":197,"column":21},"end":{"line":197,"column":27}},{"start":{"line":197,"column":31},"end":{"line":197,"column":59}},{"start":{"line":197,"column":63},"end":{"line":197,"column":72}}]},"15":{"loc":{"start":{"line":202,"column":6},"end":{"line":204,"column":7}},"type":"if","locations":[{"start":{"line":202,"column":6},"end":{"line":204,"column":7}}]},"16":{"loc":{"start":{"line":209,"column":4},"end":{"line":215,"column":5}},"type":"if","locations":[{"start":{"line":209,"column":4},"end":{"line":215,"column":5}}]},"17":{"loc":{"start":{"line":209,"column":8},"end":{"line":209,"column":49}},"type":"binary-expr","locations":[{"start":{"line":209,"column":8},"end":{"line":209,"column":19}},{"start":{"line":209,"column":23},"end":{"line":209,"column":49}}]},"18":{"loc":{"start":{"line":218,"column":4},"end":{"line":229,"column":5}},"type":"if","locations":[{"start":{"line":218,"column":4},"end":{"line":229,"column":5}}]},"19":{"loc":{"start":{"line":248,"column":43},"end":{"line":248,"column":72}},"type":"default-arg","locations":[{"start":{"line":248,"column":61},"end":{"line":248,"column":72}}]},"20":{"loc":{"start":{"line":250,"column":35},"end":{"line":250,"column":67}},"type":"binary-expr","locations":[{"start":{"line":250,"column":35},"end":{"line":250,"column":60}},{"start":{"line":250,"column":64},"end":{"line":250,"column":67}}]},"21":{"loc":{"start":{"line":252,"column":4},"end":{"line":264,"column":5}},"type":"if","locations":[{"start":{"line":252,"column":4},"end":{"line":264,"column":5}}]},"22":{"loc":{"start":{"line":273,"column":36},"end":{"line":273,"column":81}},"type":"default-arg","locations":[{"start":{"line":273,"column":61},"end":{"line":273,"column":81}}]},"23":{"loc":{"start":{"line":275,"column":4},"end":{"line":277,"column":5}},"type":"if","locations":[{"start":{"line":275,"column":4},"end":{"line":277,"column":5}}]},"24":{"loc":{"start":{"line":275,"column":8},"end":{"line":275,"column":55}},"type":"binary-expr","locations":[{"start":{"line":275,"column":8},"end":{"line":275,"column":28}},{"start":{"line":275,"column":32},"end":{"line":275,"column":55}}]},"25":{"loc":{"start":{"line":280,"column":4},"end":{"line":292,"column":5}},"type":"if","locations":[{"start":{"line":280,"column":4},"end":{"line":292,"column":5}}]},"26":{"loc":{"start":{"line":280,"column":8},"end":{"line":280,"column":78}},"type":"binary-expr","locations":[{"start":{"line":280,"column":8},"end":{"line":280,"column":20}},{"start":{"line":280,"column":24},"end":{"line":280,"column":78}}]}},"s":{"0":0,"1":0,"2":0,"3":0,"4":0,"5":0,"6":0,"7":0,"8":0,"9":0,"10":0,"11":0,"12":0,"13":0,"14":0,"15":0,"16":0,"17":0,"18":0,"19":0,"20":0,"21":0,"22":0,"23":0,"24":0,"25":0,"26":0,"27":0,"28":0,"29":0,"30":0,"31":0,"32":0,"33":0,"34":0,"35":0,"36":0,"37":0,"38":0,"39":0,"40":0,"41":0,"42":0,"43":0,"44":0,"45":0,"46":0,"47":0,"48":0,"49":0,"50":0,"51":0,"52":0,"53":0,"54":0,"55":0,"56":0,"57":0,"58":0,"59":0,"60":0,"61":0,"62":0,"63":0,"64":0,"65":0,"66":0,"67":0,"68":0,"69":0,"70":0,"71":0,"72":0},"f":{"0":0,"1":0,"2":0,"3":0,"4":0,"5":0,"6":0,"7":0,"8":0,"9":0,"10":0,"11":0,"12":0,"13":0},"b":{"0":[0],"1":[0],"2":[0],"3":[0],"4":[0],"5":[0],"6":[0],"7":[0],"8":[0],"9":[0,0],"10":[0],"11":[0],"12":[0],"13":[0],"14":[0,0,0],"15":[0],"16":[0],"17":[0,0],"18":[0],"19":[0],"20":[0,0],"21":[0],"22":[0],"23":[0],"24":[0,0],"25":[0],"26":[0,0]}}
,"D:\\hospital-management-V2\\backend\\services-v2\\scheduling-service\\src\\presentation\\routes\\appointment.routes.ts": {"path":"D:\\hospital-management-V2\\backend\\services-v2\\scheduling-service\\src\\presentation\\routes\\appointment.routes.ts","statementMap":{"0":{"start":{"line":17,"column":0},"end":{"line":17,"column":16}},"1":{"start":{"line":10,"column":0},"end":{"line":10,"column":33}},"2":{"start":{"line":11,"column":0},"end":{"line":11,"column":65}},"3":{"start":{"line":18,"column":17},"end":{"line":18,"column":25}},"4":{"start":{"line":19,"column":20},"end":{"line":19,"column":34}},"5":{"start":{"line":20,"column":21},"end":{"line":20,"column":57}},"6":{"start":{"line":23,"column":2},"end":{"line":23,"column":87}},"7":{"start":{"line":23,"column":45},"end":{"line":23,"column":85}},"8":{"start":{"line":24,"column":2},"end":{"line":24,"column":98}},"9":{"start":{"line":24,"column":57},"end":{"line":24,"column":96}},"10":{"start":{"line":25,"column":2},"end":{"line":25,"column":100}},"11":{"start":{"line":25,"column":58},"end":{"line":25,"column":98}},"12":{"start":{"line":26,"column":2},"end":{"line":26,"column":96}},"13":{"start":{"line":26,"column":56},"end":{"line":26,"column":94}},"14":{"start":{"line":30,"column":2},"end":{"line":30,"column":85}},"15":{"start":{"line":30,"column":48},"end":{"line":30,"column":83}},"16":{"start":{"line":31,"column":2},"end":{"line":31,"column":83}},"17":{"start":{"line":31,"column":44},"end":{"line":31,"column":81}},"18":{"start":{"line":33,"column":2},"end":{"line":33,"column":16}}},"fnMap":{"0":{"name":"createAppointmentRoutes","decl":{"start":{"line":17,"column":16},"end":{"line":17,"column":39}},"loc":{"start":{"line":17,"column":39},"end":{"line":34,"column":1}}},"1":{"name":"(anonymous_1)","decl":{"start":{"line":23,"column":31},"end":{"line":23,"column":32}},"loc":{"start":{"line":23,"column":45},"end":{"line":23,"column":85}}},"2":{"name":"(anonymous_2)","decl":{"start":{"line":24,"column":43},"end":{"line":24,"column":44}},"loc":{"start":{"line":24,"column":57},"end":{"line":24,"column":96}}},"3":{"name":"(anonymous_3)","decl":{"start":{"line":25,"column":44},"end":{"line":25,"column":45}},"loc":{"start":{"line":25,"column":58},"end":{"line":25,"column":98}}},"4":{"name":"(anonymous_4)","decl":{"start":{"line":26,"column":42},"end":{"line":26,"column":43}},"loc":{"start":{"line":26,"column":56},"end":{"line":26,"column":94}}},"5":{"name":"(anonymous_5)","decl":{"start":{"line":30,"column":34},"end":{"line":30,"column":35}},"loc":{"start":{"line":30,"column":48},"end":{"line":30,"column":83}}},"6":{"name":"(anonymous_6)","decl":{"start":{"line":31,"column":30},"end":{"line":31,"column":31}},"loc":{"start":{"line":31,"column":44},"end":{"line":31,"column":81}}}},"branchMap":{},"s":{"0":0,"1":0,"2":0,"3":0,"4":0,"5":0,"6":0,"7":0,"8":0,"9":0,"10":0,"11":0,"12":0,"13":0,"14":0,"15":0,"16":0,"17":0,"18":0},"f":{"0":0,"1":0,"2":0,"3":0,"4":0,"5":0,"6":0},"b":{}}
,"D:\\hospital-management-V2\\backend\\services-v2\\scheduling-service\\src\\presentation\\routes\\appointmentQueryRoutes.ts": {"path":"D:\\hospital-management-V2\\backend\\services-v2\\scheduling-service\\src\\presentation\\routes\\appointmentQueryRoutes.ts","statementMap":{"0":{"start":{"line":17,"column":0},"end":{"line":17,"column":16}},"1":{"start":{"line":10,"column":0},"end":{"line":10,"column":33}},"2":{"start":{"line":11,"column":0},"end":{"line":11,"column":65}},"3":{"start":{"line":18,"column":17},"end":{"line":18,"column":25}},"4":{"start":{"line":19,"column":20},"end":{"line":19,"column":34}},"5":{"start":{"line":20,"column":21},"end":{"line":20,"column":62}},"6":{"start":{"line":26,"column":2},"end":{"line":29,"column":4}},"7":{"start":{"line":28,"column":18},"end":{"line":28,"column":60}},"8":{"start":{"line":35,"column":2},"end":{"line":38,"column":4}},"9":{"start":{"line":37,"column":18},"end":{"line":37,"column":55}},"10":{"start":{"line":44,"column":2},"end":{"line":47,"column":4}},"11":{"start":{"line":46,"column":18},"end":{"line":46,"column":61}},"12":{"start":{"line":53,"column":2},"end":{"line":56,"column":4}},"13":{"start":{"line":55,"column":18},"end":{"line":55,"column":60}},"14":{"start":{"line":58,"column":2},"end":{"line":58,"column":16}}},"fnMap":{"0":{"name":"createAppointmentQueryRoutes","decl":{"start":{"line":17,"column":16},"end":{"line":17,"column":44}},"loc":{"start":{"line":17,"column":44},"end":{"line":59,"column":1}}},"1":{"name":"(anonymous_1)","decl":{"start":{"line":28,"column":4},"end":{"line":28,"column":5}},"loc":{"start":{"line":28,"column":18},"end":{"line":28,"column":60}}},"2":{"name":"(anonymous_2)","decl":{"start":{"line":37,"column":4},"end":{"line":37,"column":5}},"loc":{"start":{"line":37,"column":18},"end":{"line":37,"column":55}}},"3":{"name":"(anonymous_3)","decl":{"start":{"line":46,"column":4},"end":{"line":46,"column":5}},"loc":{"start":{"line":46,"column":18},"end":{"line":46,"column":61}}},"4":{"name":"(anonymous_4)","decl":{"start":{"line":55,"column":4},"end":{"line":55,"column":5}},"loc":{"start":{"line":55,"column":18},"end":{"line":55,"column":60}}}},"branchMap":{},"s":{"0":0,"1":0,"2":0,"3":0,"4":0,"5":0,"6":0,"7":0,"8":0,"9":0,"10":0,"11":0,"12":0,"13":0,"14":0},"f":{"0":0,"1":0,"2":0,"3":0,"4":0},"b":{}}
}
