TN:
SF:src\main.ts
FN:39,(anonymous_1)
FN:45,(anonymous_2)
FN:72,(anonymous_3)
FN:83,(anonymous_4)
FN:94,(anonymous_5)
FN:130,(anonymous_6)
FN:142,(anonymous_7)
FN:148,(anonymous_8)
FN:160,(anonymous_9)
FNF:9
FNH:0
FNDA:0,(anonymous_1)
FNDA:0,(anonymous_2)
FNDA:0,(anonymous_3)
FNDA:0,(anonymous_4)
FNDA:0,(anonymous_5)
FNDA:0,(anonymous_6)
FNDA:0,(anonymous_7)
FNDA:0,(anonymous_8)
FNDA:0,(anonymous_9)
DA:11,0
DA:12,0
DA:13,0
DA:14,0
DA:15,0
DA:16,0
DA:17,0
DA:19,0
DA:20,0
DA:21,0
DA:24,0
DA:25,0
DA:26,0
DA:29,0
DA:30,0
DA:34,0
DA:35,0
DA:36,0
DA:39,0
DA:40,0
DA:41,0
DA:45,0
DA:46,0
DA:66,0
DA:69,0
DA:72,0
DA:73,0
DA:83,0
DA:84,0
DA:85,0
DA:94,0
DA:95,0
DA:96,0
DA:97,0
DA:98,0
DA:99,0
DA:100,0
DA:101,0
DA:102,0
DA:103,0
DA:104,0
DA:105,0
DA:106,0
DA:107,0
DA:108,0
DA:109,0
DA:110,0
DA:111,0
DA:112,0
DA:113,0
DA:114,0
DA:115,0
DA:118,0
DA:119,0
DA:120,0
DA:121,0
DA:122,0
DA:124,0
DA:125,0
DA:130,0
DA:131,0
DA:134,0
DA:135,0
DA:136,0
DA:137,0
DA:139,0
DA:142,0
DA:143,0
DA:144,0
DA:148,0
DA:149,0
DA:152,0
DA:153,0
DA:154,0
DA:155,0
DA:157,0
DA:160,0
DA:161,0
DA:162,0
DA:166,0
LF:80
LH:0
BRDA:20,0,0,0
BRDA:20,0,1,0
BRDA:31,1,0,0
BRDA:31,1,1,0
BRDA:88,2,0,0
BRDA:88,2,1,0
BRDA:99,3,0,0
BRDA:99,3,1,0
BRF:8
BRH:0
end_of_record
TN:
SF:src\application\queries\GetAppointmentDetailsQuery.ts
FN:14,(anonymous_0)
FN:21,(anonymous_1)
FNF:2
FNH:2
FNDA:3,(anonymous_0)
FNDA:3,(anonymous_1)
DA:13,1
DA:15,3
DA:23,3
DA:25,3
DA:26,1
DA:30,2
LF:6
LH:6
BRDA:25,0,0,1
BRF:1
BRH:1
end_of_record
TN:
SF:src\application\queries\ListAppointmentsQuery.ts
FN:28,(anonymous_0)
FN:35,(anonymous_1)
FN:62,(anonymous_2)
FNF:3
FNH:0
FNDA:0,(anonymous_0)
FNDA:0,(anonymous_1)
FNDA:0,(anonymous_2)
DA:27,0
DA:29,0
DA:37,0
DA:38,0
DA:39,0
DA:42,0
DA:56,0
DA:62,0
DA:86,0
DA:88,0
LF:10
LH:0
BRDA:37,0,0,0
BRDA:37,0,1,0
BRDA:38,1,0,0
BRDA:38,1,1,0
BRF:4
BRH:0
end_of_record
TN:
SF:src\application\use-cases\CancelAppointment.use-case.ts
FN:32,(anonymous_0)
FN:38,(anonymous_1)
FN:74,(anonymous_2)
FN:78,(anonymous_3)
FN:82,(anonymous_4)
FNF:5
FNH:0
FNDA:0,(anonymous_0)
FNDA:0,(anonymous_1)
FNDA:0,(anonymous_2)
FNDA:0,(anonymous_3)
FNDA:0,(anonymous_4)
DA:10,0
DA:28,0
DA:33,0
DA:35,0
DA:41,0
DA:43,0
DA:47,0
DA:48,0
DA:56,0
DA:59,0
DA:61,0
DA:66,0
DA:75,0
DA:79,0
DA:83,0
LF:15
LH:0
BRDA:47,0,0,0
BRDA:69,1,0,0
BRDA:69,1,1,0
BRF:3
BRH:0
end_of_record
TN:
SF:src\application\use-cases\CompleteAppointment.use-case.ts
FN:26,(anonymous_0)
FN:32,(anonymous_1)
FN:64,(anonymous_2)
FN:68,(anonymous_3)
FN:72,(anonymous_4)
FNF:5
FNH:0
FNDA:0,(anonymous_0)
FNDA:0,(anonymous_1)
FNDA:0,(anonymous_2)
FNDA:0,(anonymous_3)
FNDA:0,(anonymous_4)
DA:9,0
DA:22,0
DA:27,0
DA:29,0
DA:35,0
DA:36,0
DA:40,0
DA:41,0
DA:48,0
DA:49,0
DA:51,0
DA:56,0
DA:65,0
DA:69,0
DA:73,0
LF:15
LH:0
BRDA:40,0,0,0
BRDA:59,1,0,0
BRDA:59,1,1,0
BRF:3
BRH:0
end_of_record
TN:
SF:src\application\use-cases\ConfirmAppointment.use-case.ts
FN:27,(anonymous_0)
FN:33,(anonymous_1)
FN:65,(anonymous_2)
FN:69,(anonymous_3)
FN:73,(anonymous_4)
FNF:5
FNH:0
FNDA:0,(anonymous_0)
FNDA:0,(anonymous_1)
FNDA:0,(anonymous_2)
FNDA:0,(anonymous_3)
FNDA:0,(anonymous_4)
DA:9,0
DA:23,0
DA:28,0
DA:30,0
DA:36,0
DA:37,0
DA:41,0
DA:42,0
DA:49,0
DA:50,0
DA:52,0
DA:57,0
DA:66,0
DA:70,0
DA:74,0
LF:15
LH:0
BRDA:41,0,0,0
BRDA:60,1,0,0
BRDA:60,1,1,0
BRF:3
BRH:0
end_of_record
TN:
SF:src\application\use-cases\GetAppointment.use-case.ts
FN:45,(anonymous_0)
FN:51,(anonymous_1)
FN:99,(anonymous_2)
FN:103,(anonymous_3)
FN:107,(anonymous_4)
FNF:5
FNH:0
FNDA:0,(anonymous_0)
FNDA:0,(anonymous_1)
FNDA:0,(anonymous_2)
FNDA:0,(anonymous_3)
FNDA:0,(anonymous_4)
DA:9,0
DA:41,0
DA:46,0
DA:48,0
DA:54,0
DA:55,0
DA:59,0
DA:60,0
DA:67,0
DA:91,0
DA:100,0
DA:104,0
DA:108,0
LF:13
LH:0
BRDA:59,0,0,0
BRDA:94,1,0,0
BRDA:94,1,1,0
BRF:3
BRH:0
end_of_record
TN:
SF:src\application\use-cases\ListAppointments.use-case.ts
FN:43,(anonymous_0)
FN:49,(anonymous_1)
FN:79,(anonymous_2)
FN:103,(anonymous_3)
FN:107,(anonymous_4)
FN:111,(anonymous_5)
FNF:6
FNH:0
FNDA:0,(anonymous_0)
FNDA:0,(anonymous_1)
FNDA:0,(anonymous_2)
FNDA:0,(anonymous_3)
FNDA:0,(anonymous_4)
FNDA:0,(anonymous_5)
DA:9,0
DA:39,0
DA:44,0
DA:46,0
DA:52,0
DA:55,0
DA:56,0
DA:59,0
DA:60,0
DA:63,0
DA:64,0
DA:69,0
DA:76,0
DA:79,0
DA:95,0
DA:104,0
DA:108,0
DA:112,0
LF:18
LH:0
BRDA:55,0,0,0
BRDA:55,0,1,0
BRDA:59,1,0,0
BRDA:59,1,1,0
BRDA:63,2,0,0
BRDA:63,2,1,0
BRDA:63,3,0,0
BRDA:63,3,1,0
BRDA:98,4,0,0
BRDA:98,4,1,0
BRDA:112,5,0,0
BRDA:112,5,1,0
BRF:12
BRH:0
end_of_record
TN:
SF:src\application\use-cases\ScheduleAppointment.use-case.ts
FN:79,(anonymous_0)
FN:88,(anonymous_1)
FN:161,(anonymous_2)
FN:208,(anonymous_3)
FN:216,(anonymous_4)
FN:223,(anonymous_5)
FNF:6
FNH:3
FNDA:10,(anonymous_0)
FNDA:0,(anonymous_1)
FNDA:0,(anonymous_2)
FNDA:9,(anonymous_3)
FNDA:8,(anonymous_4)
FNDA:0,(anonymous_5)
DA:11,1
DA:12,1
DA:13,1
DA:14,1
DA:15,1
DA:75,1
DA:80,10
DA:82,10
DA:91,0
DA:93,0
DA:96,0
DA:97,0
DA:101,0
DA:110,0
DA:127,0
DA:130,0
DA:149,0
DA:162,0
DA:164,0
DA:165,0
DA:168,0
DA:169,0
DA:172,0
DA:173,0
DA:176,0
DA:177,0
DA:180,0
DA:181,0
DA:184,0
DA:185,0
DA:188,0
DA:189,0
DA:192,0
DA:193,0
DA:196,0
DA:197,0
DA:200,0
DA:201,0
DA:210,9
DA:217,8
DA:224,0
LF:41
LH:10
BRDA:153,0,0,0
BRDA:153,0,1,0
BRDA:164,1,0,0
BRDA:168,2,0,0
BRDA:172,3,0,0
BRDA:176,4,0,0
BRDA:180,5,0,0
BRDA:180,6,0,0
BRDA:180,6,1,0
BRDA:184,7,0,0
BRDA:188,8,0,0
BRDA:192,9,0,0
BRDA:196,10,0,0
BRDA:200,11,0,0
BRF:14
BRH:0
end_of_record
TN:
SF:src\domain\aggregates\Appointment.aggregate.ts
FN:20,(anonymous_0)
FN:29,(anonymous_1)
FN:36,(anonymous_2)
FN:46,(anonymous_3)
FN:97,(anonymous_4)
FN:102,(anonymous_5)
FN:106,(anonymous_6)
FN:110,(anonymous_7)
FN:114,(anonymous_8)
FN:118,(anonymous_9)
FN:122,(anonymous_10)
FN:126,(anonymous_11)
FN:130,(anonymous_12)
FN:134,(anonymous_13)
FN:138,(anonymous_14)
FN:142,(anonymous_15)
FN:146,(anonymous_16)
FN:150,(anonymous_17)
FN:154,(anonymous_18)
FN:158,(anonymous_19)
FN:162,(anonymous_20)
FN:166,(anonymous_21)
FN:170,(anonymous_22)
FN:174,(anonymous_23)
FN:178,(anonymous_24)
FN:182,(anonymous_25)
FN:186,(anonymous_26)
FN:190,(anonymous_27)
FN:194,(anonymous_28)
FN:198,(anonymous_29)
FN:202,(anonymous_30)
FN:206,(anonymous_31)
FN:210,(anonymous_32)
FN:214,(anonymous_33)
FN:218,(anonymous_34)
FN:222,(anonymous_35)
FN:226,(anonymous_36)
FN:230,(anonymous_37)
FN:234,(anonymous_38)
FN:241,(anonymous_39)
FN:313,(anonymous_40)
FN:340,(anonymous_41)
FN:357,(anonymous_42)
FN:372,(anonymous_43)
FN:387,(anonymous_44)
FN:402,(anonymous_45)
FN:441,(anonymous_46)
FN:456,(anonymous_47)
FN:506,(anonymous_48)
FN:507,(anonymous_49)
FN:508,(anonymous_50)
FN:509,(anonymous_51)
FN:510,(anonymous_52)
FN:511,(anonymous_53)
FN:512,(anonymous_54)
FN:513,(anonymous_55)
FN:514,(anonymous_56)
FN:515,(anonymous_57)
FN:516,(anonymous_58)
FN:521,(anonymous_59)
FN:528,(anonymous_60)
FN:535,(anonymous_61)
FN:552,(anonymous_62)
FN:563,(anonymous_63)
FN:571,(anonymous_64)
FNF:65
FNH:6
FNDA:3,(anonymous_0)
FNDA:3,(anonymous_1)
FNDA:3,(anonymous_2)
FNDA:3,(anonymous_3)
FNDA:0,(anonymous_4)
FNDA:0,(anonymous_5)
FNDA:0,(anonymous_6)
FNDA:0,(anonymous_7)
FNDA:0,(anonymous_8)
FNDA:0,(anonymous_9)
FNDA:0,(anonymous_10)
FNDA:0,(anonymous_11)
FNDA:0,(anonymous_12)
FNDA:0,(anonymous_13)
FNDA:0,(anonymous_14)
FNDA:0,(anonymous_15)
FNDA:0,(anonymous_16)
FNDA:0,(anonymous_17)
FNDA:0,(anonymous_18)
FNDA:0,(anonymous_19)
FNDA:0,(anonymous_20)
FNDA:0,(anonymous_21)
FNDA:0,(anonymous_22)
FNDA:0,(anonymous_23)
FNDA:0,(anonymous_24)
FNDA:0,(anonymous_25)
FNDA:0,(anonymous_26)
FNDA:0,(anonymous_27)
FNDA:0,(anonymous_28)
FNDA:0,(anonymous_29)
FNDA:0,(anonymous_30)
FNDA:0,(anonymous_31)
FNDA:0,(anonymous_32)
FNDA:0,(anonymous_33)
FNDA:0,(anonymous_34)
FNDA:0,(anonymous_35)
FNDA:0,(anonymous_36)
FNDA:0,(anonymous_37)
FNDA:0,(anonymous_38)
FNDA:16,(anonymous_39)
FNDA:16,(anonymous_40)
FNDA:0,(anonymous_41)
FNDA:0,(anonymous_42)
FNDA:0,(anonymous_43)
FNDA:0,(anonymous_44)
FNDA:0,(anonymous_45)
FNDA:0,(anonymous_46)
FNDA:0,(anonymous_47)
FNDA:0,(anonymous_48)
FNDA:0,(anonymous_49)
FNDA:0,(anonymous_50)
FNDA:0,(anonymous_51)
FNDA:0,(anonymous_52)
FNDA:0,(anonymous_53)
FNDA:0,(anonymous_54)
FNDA:0,(anonymous_55)
FNDA:0,(anonymous_56)
FNDA:0,(anonymous_57)
FNDA:0,(anonymous_58)
FNDA:0,(anonymous_59)
FNDA:0,(anonymous_60)
FNDA:0,(anonymous_61)
FNDA:0,(anonymous_62)
FNDA:0,(anonymous_63)
FNDA:0,(anonymous_64)
DA:11,3
DA:13,3
DA:14,3
DA:15,3
DA:20,3
DA:21,3
DA:22,3
DA:23,3
DA:24,3
DA:25,3
DA:26,3
DA:29,3
DA:30,3
DA:31,3
DA:32,3
DA:33,3
DA:36,3
DA:37,3
DA:38,3
DA:39,3
DA:40,3
DA:41,3
DA:42,3
DA:43,3
DA:46,3
DA:47,3
DA:48,3
DA:49,3
DA:50,3
DA:51,3
DA:96,3
DA:98,0
DA:103,0
DA:107,0
DA:111,0
DA:115,0
DA:119,0
DA:123,0
DA:127,0
DA:131,0
DA:135,0
DA:139,0
DA:143,0
DA:147,0
DA:151,0
DA:155,0
DA:159,0
DA:163,0
DA:167,0
DA:171,0
DA:175,0
DA:179,0
DA:183,0
DA:187,0
DA:191,0
DA:195,0
DA:199,0
DA:203,0
DA:207,0
DA:211,0
DA:215,0
DA:219,0
DA:223,0
DA:227,0
DA:231,0
DA:235,0
DA:257,16
DA:265,0
DA:288,0
DA:291,0
DA:307,0
DA:320,16
DA:321,0
DA:324,16
DA:325,1
DA:328,15
DA:329,1
DA:332,14
DA:333,14
DA:341,0
DA:342,0
DA:345,0
DA:346,0
DA:347,0
DA:348,0
DA:349,0
DA:351,0
DA:358,0
DA:359,0
DA:362,0
DA:363,0
DA:364,0
DA:366,0
DA:373,0
DA:374,0
DA:377,0
DA:378,0
DA:379,0
DA:381,0
DA:388,0
DA:389,0
DA:392,0
DA:393,0
DA:394,0
DA:396,0
DA:403,0
DA:404,0
DA:407,0
DA:408,0
DA:411,0
DA:412,0
DA:413,0
DA:414,0
DA:415,0
DA:416,0
DA:419,0
DA:420,0
DA:423,0
DA:435,0
DA:442,0
DA:444,0
DA:447,0
DA:448,0
DA:450,0
DA:461,0
DA:462,0
DA:465,0
DA:466,0
DA:469,0
DA:470,0
DA:473,0
DA:474,0
DA:475,0
DA:476,0
DA:477,0
DA:478,0
DA:479,0
DA:482,0
DA:483,0
DA:484,0
DA:485,0
DA:488,0
DA:502,0
DA:506,0
DA:507,0
DA:508,0
DA:509,0
DA:510,0
DA:511,0
DA:512,0
DA:513,0
DA:514,0
DA:515,0
DA:516,0
DA:522,0
DA:529,0
DA:536,0
DA:537,0
DA:540,0
DA:541,0
DA:544,0
DA:545,0
DA:564,0
DA:572,0
LF:164
LH:39
BRDA:20,0,0,3
BRDA:20,0,1,3
BRDA:29,1,0,3
BRDA:29,1,1,3
BRDA:36,2,0,3
BRDA:36,2,1,3
BRDA:46,3,0,3
BRDA:46,3,1,3
BRDA:147,4,0,0
BRDA:147,4,1,0
BRDA:320,5,0,0
BRDA:320,6,0,16
BRDA:320,6,1,16
BRDA:324,7,0,1
BRDA:324,8,0,16
BRDA:324,8,1,15
BRDA:328,9,0,1
BRDA:332,10,0,14
BRDA:341,11,0,0
BRDA:358,12,0,0
BRDA:373,13,0,0
BRDA:388,14,0,0
BRDA:403,15,0,0
BRDA:407,16,0,0
BRDA:442,17,0,0
BRDA:442,18,0,0
BRDA:442,18,1,0
BRDA:461,19,0,0
BRDA:465,20,0,0
BRDA:469,21,0,0
BRDA:536,22,0,0
BRDA:536,23,0,0
BRDA:536,23,1,0
BRDA:540,24,0,0
BRDA:544,25,0,0
BRF:35
BRH:15
end_of_record
TN:
SF:src\domain\events\AppointmentCancelledEvent.ts
FN:116,(anonymous_0)
FN:240,(anonymous_1)
FN:269,(anonymous_2)
FN:276,(anonymous_3)
FN:283,(anonymous_4)
FN:330,(anonymous_5)
FN:343,(anonymous_6)
FN:361,(anonymous_7)
FN:391,(anonymous_8)
FN:404,(anonymous_9)
FN:419,(anonymous_10)
FN:464,(anonymous_11)
FN:485,(anonymous_12)
FNF:13
FNH:0
FNDA:0,(anonymous_0)
FNDA:0,(anonymous_1)
FNDA:0,(anonymous_2)
FNDA:0,(anonymous_3)
FNDA:0,(anonymous_4)
FNDA:0,(anonymous_5)
FNDA:0,(anonymous_6)
FNDA:0,(anonymous_7)
FNDA:0,(anonymous_8)
FNDA:0,(anonymous_9)
FNDA:0,(anonymous_10)
FNDA:0,(anonymous_11)
FNDA:0,(anonymous_12)
DA:11,3
DA:114,3
DA:117,0
DA:118,0
DA:119,0
DA:120,0
DA:121,0
DA:122,0
DA:123,0
DA:128,0
DA:129,0
DA:130,0
DA:132,0
DA:225,0
DA:241,0
DA:242,0
DA:243,0
DA:245,0
DA:270,0
DA:277,0
DA:291,0
DA:293,0
DA:299,0
DA:301,0
DA:307,0
DA:309,0
DA:318,0
DA:331,0
DA:333,0
DA:336,0
DA:347,0
DA:348,0
DA:349,0
DA:350,0
DA:351,0
DA:352,0
DA:354,0
DA:362,0
DA:363,0
DA:366,0
DA:370,0
DA:374,0
DA:377,0
DA:381,0
DA:384,0
DA:392,0
DA:393,0
DA:405,0
DA:406,0
DA:407,0
DA:409,0
DA:420,0
DA:421,0
DA:422,0
DA:424,0
DA:465,0
DA:466,0
DA:467,0
DA:469,0
DA:470,0
DA:473,0
DA:486,0
DA:487,0
DA:489,0
LF:64
LH:2
BRDA:137,0,0,0
BRDA:137,0,1,0
BRDA:149,1,0,0
BRDA:149,1,1,0
BRDA:177,2,0,0
BRDA:177,2,1,0
BRDA:179,3,0,0
BRDA:179,3,1,0
BRDA:182,4,0,0
BRDA:182,4,1,0
BRDA:204,5,0,0
BRDA:204,5,1,0
BRDA:204,6,0,0
BRDA:204,6,1,0
BRDA:207,7,0,0
BRDA:207,7,1,0
BRDA:208,8,0,0
BRDA:208,8,1,0
BRDA:209,9,0,0
BRDA:209,9,1,0
BRDA:210,10,0,0
BRDA:210,10,1,0
BRDA:210,11,0,0
BRDA:210,11,1,0
BRDA:250,12,0,0
BRDA:250,12,1,0
BRDA:291,13,0,0
BRDA:291,13,1,0
BRDA:299,14,0,0
BRDA:299,14,1,0
BRDA:307,15,0,0
BRDA:307,15,1,0
BRDA:331,16,0,0
BRDA:331,16,1,0
BRDA:347,17,0,0
BRDA:347,17,1,0
BRDA:349,18,0,0
BRDA:349,18,1,0
BRDA:351,19,0,0
BRDA:351,19,1,0
BRDA:363,20,0,0
BRDA:363,20,1,0
BRDA:363,20,2,0
BRDA:363,20,3,0
BRDA:363,20,4,0
BRDA:363,20,5,0
BRDA:363,20,6,0
BRDA:363,20,7,0
BRDA:363,20,8,0
BRDA:363,20,9,0
BRDA:397,21,0,0
BRDA:397,21,1,0
BRDA:437,22,0,0
BRDA:437,22,1,0
BRDA:439,23,0,0
BRDA:439,23,1,0
BRDA:442,24,0,0
BRDA:442,24,1,0
BRDA:469,25,0,0
BRDA:469,26,0,0
BRDA:469,26,1,0
BRDA:476,27,0,0
BRDA:476,27,1,0
BRDA:477,28,0,0
BRDA:477,28,1,0
BRDA:478,29,0,0
BRDA:478,29,1,0
BRDA:479,30,0,0
BRDA:479,30,1,0
BRDA:479,31,0,0
BRDA:479,31,1,0
BRF:71
BRH:0
end_of_record
TN:
SF:src\domain\events\AppointmentRescheduledEvent.ts
FN:143,(anonymous_0)
FN:302,(anonymous_1)
FN:332,(anonymous_2)
FN:339,(anonymous_3)
FN:346,(anonymous_4)
FN:385,(anonymous_5)
FN:398,(anonymous_6)
FN:429,(anonymous_7)
FN:445,(anonymous_8)
FN:471,(anonymous_9)
FN:492,(anonymous_10)
FN:509,(anonymous_11)
FN:567,(anonymous_12)
FNF:13
FNH:0
FNDA:0,(anonymous_0)
FNDA:0,(anonymous_1)
FNDA:0,(anonymous_2)
FNDA:0,(anonymous_3)
FNDA:0,(anonymous_4)
FNDA:0,(anonymous_5)
FNDA:0,(anonymous_6)
FNDA:0,(anonymous_7)
FNDA:0,(anonymous_8)
FNDA:0,(anonymous_9)
FNDA:0,(anonymous_10)
FNDA:0,(anonymous_11)
FNDA:0,(anonymous_12)
DA:11,3
DA:141,3
DA:144,0
DA:145,0
DA:146,0
DA:147,0
DA:148,0
DA:149,0
DA:150,0
DA:151,0
DA:152,0
DA:157,0
DA:158,0
DA:159,0
DA:161,0
DA:287,0
DA:303,0
DA:304,0
DA:305,0
DA:307,0
DA:333,0
DA:340,0
DA:354,0
DA:356,0
DA:358,0
DA:363,0
DA:365,0
DA:373,0
DA:386,0
DA:388,0
DA:391,0
DA:401,0
DA:404,0
DA:405,0
DA:406,0
DA:414,0
DA:415,0
DA:416,0
DA:423,0
DA:433,0
DA:434,0
DA:435,0
DA:436,0
DA:438,0
DA:446,0
DA:447,0
DA:450,0
DA:454,0
DA:458,0
DA:461,0
DA:464,0
DA:472,0
DA:473,0
DA:493,0
DA:494,0
DA:495,0
DA:497,0
DA:510,0
DA:511,0
DA:512,0
DA:514,0
DA:568,0
DA:569,0
DA:570,0
DA:572,0
DA:573,0
DA:576,0
LF:67
LH:2
BRDA:223,0,0,0
BRDA:223,0,1,0
BRDA:228,1,0,0
BRDA:228,1,1,0
BRDA:261,2,0,0
BRDA:261,2,1,0
BRDA:356,3,0,0
BRDA:356,3,1,0
BRDA:356,4,0,0
BRDA:356,4,1,0
BRDA:363,5,0,0
BRDA:363,5,1,0
BRDA:386,6,0,0
BRDA:386,6,1,0
BRDA:405,7,0,0
BRDA:415,8,0,0
BRDA:433,9,0,0
BRDA:433,9,1,0
BRDA:433,10,0,0
BRDA:433,10,1,0
BRDA:435,11,0,0
BRDA:435,11,1,0
BRDA:435,12,0,0
BRDA:435,12,1,0
BRDA:447,13,0,0
BRDA:447,13,1,0
BRDA:447,13,2,0
BRDA:447,13,3,0
BRDA:447,13,4,0
BRDA:447,13,5,0
BRDA:447,13,6,0
BRDA:447,13,7,0
BRDA:532,14,0,0
BRDA:532,14,1,0
BRDA:535,15,0,0
BRDA:535,15,1,0
BRDA:572,16,0,0
BRF:37
BRH:0
end_of_record
TN:
SF:src\domain\events\AppointmentScheduledEvent.ts
FN:37,(anonymous_0)
FN:83,(anonymous_1)
FN:103,(anonymous_2)
FN:110,(anonymous_3)
FN:117,(anonymous_4)
FNF:5
FNH:0
FNDA:0,(anonymous_0)
FNDA:0,(anonymous_1)
FNDA:0,(anonymous_2)
FNDA:0,(anonymous_3)
FNDA:0,(anonymous_4)
DA:11,3
DA:35,3
DA:38,0
DA:39,0
DA:40,0
DA:41,0
DA:42,0
DA:43,0
DA:44,0
DA:45,0
DA:46,0
DA:47,0
DA:48,0
DA:53,0
DA:68,0
DA:84,0
DA:104,0
DA:111,0
DA:118,0
LF:19
LH:2
BRF:0
BRH:0
end_of_record
TN:
SF:src\domain\value-objects\AppointmentDetails.vo.ts
FN:26,(anonymous_0)
FN:33,(anonymous_1)
FN:69,(anonymous_2)
FN:78,(anonymous_3)
FN:86,(anonymous_4)
FN:93,(anonymous_5)
FN:100,(anonymous_6)
FN:107,(anonymous_7)
FN:114,(anonymous_8)
FN:121,(anonymous_9)
FN:132,(anonymous_10)
FN:143,(anonymous_11)
FN:144,(anonymous_12)
FN:154,(anonymous_13)
FN:168,(anonymous_14)
FN:182,(anonymous_15)
FN:196,(anonymous_16)
FN:210,(anonymous_17)
FN:217,(anonymous_18)
FN:230,(anonymous_19)
FNF:20
FNH:3
FNDA:16,(anonymous_0)
FNDA:16,(anonymous_1)
FNDA:0,(anonymous_2)
FNDA:16,(anonymous_3)
FNDA:0,(anonymous_4)
FNDA:0,(anonymous_5)
FNDA:0,(anonymous_6)
FNDA:0,(anonymous_7)
FNDA:0,(anonymous_8)
FNDA:0,(anonymous_9)
FNDA:0,(anonymous_10)
FNDA:0,(anonymous_11)
FNDA:0,(anonymous_12)
FNDA:0,(anonymous_13)
FNDA:0,(anonymous_14)
FNDA:0,(anonymous_15)
FNDA:0,(anonymous_16)
FNDA:0,(anonymous_17)
FNDA:0,(anonymous_18)
FNDA:0,(anonymous_19)
DA:11,3
DA:25,3
DA:27,16
DA:41,16
DA:42,0
DA:45,16
DA:46,0
DA:49,16
DA:50,0
DA:53,16
DA:54,0
DA:57,16
DA:70,0
DA:87,0
DA:94,0
DA:101,0
DA:108,0
DA:115,0
DA:122,0
DA:133,0
DA:134,0
DA:144,0
DA:145,0
DA:155,0
DA:156,0
DA:159,0
DA:169,0
DA:170,0
DA:173,0
DA:183,0
DA:184,0
DA:187,0
DA:197,0
DA:198,0
DA:201,0
DA:211,0
DA:218,0
DA:231,0
DA:233,0
DA:234,0
DA:237,0
DA:238,0
DA:241,0
DA:242,0
DA:245,0
LF:45
LH:8
BRDA:41,0,0,0
BRDA:41,1,0,16
BRDA:41,1,1,16
BRDA:45,2,0,0
BRDA:45,3,0,16
BRDA:45,3,1,1
BRDA:49,4,0,0
BRDA:49,5,0,16
BRDA:49,5,1,0
BRDA:53,6,0,0
BRDA:53,7,0,16
BRDA:53,7,1,0
BRDA:60,8,0,16
BRDA:60,8,1,15
BRDA:101,9,0,0
BRDA:101,9,1,0
BRDA:122,10,0,0
BRDA:122,10,1,0
BRDA:122,10,2,0
BRDA:122,10,3,0
BRDA:122,10,4,0
BRDA:122,10,5,0
BRDA:133,11,0,0
BRDA:133,11,1,0
BRDA:144,12,0,0
BRDA:144,12,1,0
BRDA:155,13,0,0
BRDA:169,14,0,0
BRDA:183,15,0,0
BRDA:197,16,0,0
BRDA:233,17,0,0
BRDA:237,18,0,0
BRDA:241,19,0,0
BRDA:241,20,0,0
BRDA:241,20,1,0
BRDA:245,21,0,0
BRDA:245,21,1,0
BRF:37
BRH:8
end_of_record
TN:
SF:src\domain\value-objects\AppointmentId.vo.ts
FN:24,(anonymous_0)
FN:31,(anonymous_1)
FN:50,(anonymous_2)
FN:65,(anonymous_3)
FN:76,(anonymous_4)
FN:85,(anonymous_5)
FN:92,(anonymous_6)
FN:99,(anonymous_7)
FN:106,(anonymous_8)
FN:113,(anonymous_9)
FN:120,(anonymous_10)
FN:127,(anonymous_11)
FNF:12
FNH:4
FNDA:16,(anonymous_0)
FNDA:0,(anonymous_1)
FNDA:16,(anonymous_2)
FNDA:16,(anonymous_3)
FNDA:16,(anonymous_4)
FNDA:0,(anonymous_5)
FNDA:0,(anonymous_6)
FNDA:0,(anonymous_7)
FNDA:0,(anonymous_8)
FNDA:0,(anonymous_9)
FNDA:0,(anonymous_10)
FNDA:0,(anonymous_11)
DA:11,3
DA:23,3
DA:25,16
DA:32,0
DA:33,0
DA:38,0
DA:51,16
DA:52,16
DA:53,16
DA:54,16
DA:55,16
DA:56,16
DA:58,16
DA:59,16
DA:66,16
DA:67,0
DA:78,16
DA:79,16
DA:86,0
DA:93,0
DA:100,0
DA:107,0
DA:114,0
DA:121,0
DA:128,0
LF:25
LH:14
BRDA:32,0,0,0
BRDA:66,1,0,0
BRF:2
BRH:0
end_of_record
TN:
SF:src\domain\value-objects\TimeSlot.vo.ts
FN:23,(anonymous_0)
FN:30,(anonymous_1)
FN:46,(anonymous_2)
FN:59,(anonymous_3)
FN:67,(anonymous_4)
FN:83,(anonymous_5)
FN:93,(anonymous_6)
FN:100,(anonymous_7)
FN:107,(anonymous_8)
FN:114,(anonymous_9)
FN:121,(anonymous_10)
FN:128,(anonymous_11)
FN:136,(anonymous_12)
FN:143,(anonymous_13)
FN:151,(anonymous_14)
FN:158,(anonymous_15)
FN:167,(anonymous_16)
FN:186,(anonymous_17)
FN:195,(anonymous_18)
FN:202,(anonymous_19)
FN:209,(anonymous_20)
FNF:21
FNH:7
FNDA:16,(anonymous_0)
FNDA:16,(anonymous_1)
FNDA:0,(anonymous_2)
FNDA:16,(anonymous_3)
FNDA:32,(anonymous_4)
FNDA:32,(anonymous_5)
FNDA:0,(anonymous_6)
FNDA:0,(anonymous_7)
FNDA:14,(anonymous_8)
FNDA:14,(anonymous_9)
FNDA:0,(anonymous_10)
FNDA:0,(anonymous_11)
FNDA:0,(anonymous_12)
FNDA:0,(anonymous_13)
FNDA:0,(anonymous_14)
FNDA:0,(anonymous_15)
FNDA:0,(anonymous_16)
FNDA:0,(anonymous_17)
FNDA:0,(anonymous_18)
FNDA:0,(anonymous_19)
FNDA:0,(anonymous_20)
DA:11,3
DA:22,3
DA:24,16
DA:34,16
DA:35,16
DA:37,16
DA:47,0
DA:48,0
DA:50,0
DA:60,16
DA:61,16
DA:68,32
DA:69,32
DA:70,0
DA:74,32
DA:75,32
DA:76,0
DA:84,32
DA:85,32
DA:86,0
DA:94,0
DA:101,0
DA:108,14
DA:115,14
DA:122,0
DA:129,0
DA:130,0
DA:137,0
DA:144,0
DA:145,0
DA:152,0
DA:159,0
DA:160,0
DA:161,0
DA:169,0
DA:170,0
DA:174,0
DA:175,0
DA:176,0
DA:177,0
DA:180,0
DA:187,0
DA:188,0
DA:189,0
DA:196,0
DA:203,0
DA:210,0
LF:47
LH:16
BRDA:69,0,0,0
BRDA:75,1,0,0
BRDA:85,2,0,0
BRDA:169,3,0,0
BRDA:180,4,0,0
BRDA:180,4,1,0
BRF:6
BRH:0
end_of_record
TN:
SF:src\infrastructure\cache\RedisCacheService.ts
FN:33,(anonymous_1)
FN:37,(anonymous_2)
FN:52,(anonymous_3)
FN:66,(anonymous_4)
FN:92,(anonymous_5)
FN:120,(anonymous_6)
FN:141,(anonymous_7)
FN:168,(anonymous_8)
FN:188,(anonymous_9)
FN:215,(anonymous_10)
FN:234,(anonymous_11)
FN:254,(anonymous_12)
FN:267,(anonymous_13)
FN:268,(anonymous_14)
FN:272,(anonymous_15)
FN:277,(anonymous_16)
FN:282,(anonymous_17)
FN:287,(anonymous_18)
FN:295,(anonymous_19)
FNF:19
FNH:12
FNDA:17,(anonymous_1)
FNDA:0,(anonymous_2)
FNDA:2,(anonymous_3)
FNDA:5,(anonymous_4)
FNDA:4,(anonymous_5)
FNDA:1,(anonymous_6)
FNDA:2,(anonymous_7)
FNDA:2,(anonymous_8)
FNDA:2,(anonymous_9)
FNDA:1,(anonymous_10)
FNDA:0,(anonymous_11)
FNDA:16,(anonymous_12)
FNDA:17,(anonymous_13)
FNDA:0,(anonymous_14)
FNDA:0,(anonymous_15)
FNDA:0,(anonymous_16)
FNDA:0,(anonymous_17)
FNDA:0,(anonymous_18)
FNDA:1,(anonymous_19)
DA:10,1
DA:23,1
DA:24,1
DA:29,1
DA:31,17
DA:34,17
DA:36,17
DA:38,0
DA:39,0
DA:46,17
DA:53,2
DA:54,2
DA:55,1
DA:56,1
DA:58,1
DA:59,1
DA:67,5
DA:68,1
DA:69,1
DA:72,4
DA:73,4
DA:74,4
DA:76,4
DA:78,4
DA:79,2
DA:82,2
DA:84,0
DA:85,0
DA:97,4
DA:98,1
DA:99,1
DA:102,3
DA:103,3
DA:104,3
DA:105,3
DA:107,3
DA:108,3
DA:110,3
DA:112,0
DA:113,0
DA:121,1
DA:122,0
DA:123,0
DA:126,1
DA:127,1
DA:128,1
DA:130,1
DA:131,1
DA:133,0
DA:134,0
DA:142,2
DA:143,0
DA:144,0
DA:147,2
DA:148,2
DA:149,2
DA:151,2
DA:153,2
DA:154,1
DA:157,1
DA:158,1
DA:160,0
DA:161,0
DA:169,2
DA:170,0
DA:173,2
DA:174,2
DA:175,2
DA:177,2
DA:178,2
DA:180,0
DA:181,0
DA:193,2
DA:195,2
DA:196,1
DA:197,1
DA:200,1
DA:202,1
DA:203,1
DA:204,1
DA:205,1
DA:207,0
DA:208,0
DA:216,1
DA:217,0
DA:218,0
DA:221,1
DA:222,1
DA:223,1
DA:224,1
DA:226,0
DA:227,0
DA:235,0
DA:236,0
DA:239,0
DA:240,0
DA:241,0
DA:246,0
DA:247,0
DA:255,16
DA:256,16
DA:257,16
DA:258,16
DA:260,0
DA:268,17
DA:269,0
DA:272,17
DA:273,0
DA:274,0
DA:277,17
DA:278,0
DA:279,0
DA:282,17
DA:283,0
DA:284,0
DA:287,17
DA:288,0
DA:296,1
DA:300,1
LF:119
LH:80
BRDA:34,0,0,17
BRDA:34,0,1,17
BRDA:34,0,2,17
BRDA:66,1,0,3
BRDA:67,2,0,1
BRDA:73,3,0,4
BRDA:73,3,1,4
BRDA:78,4,0,2
BRDA:95,5,0,2
BRDA:97,6,0,1
BRDA:103,7,0,3
BRDA:103,7,1,3
BRDA:104,8,0,3
BRDA:104,8,1,2
BRDA:120,9,0,1
BRDA:121,10,0,0
BRDA:127,11,0,1
BRDA:127,11,1,1
BRDA:141,12,0,2
BRDA:142,13,0,0
BRDA:148,14,0,2
BRDA:148,14,1,2
BRDA:153,15,0,1
BRDA:168,16,0,2
BRDA:169,17,0,0
BRDA:174,18,0,2
BRDA:174,18,1,2
BRDA:191,19,0,2
BRDA:195,20,0,1
BRDA:216,21,0,0
BRDA:235,22,0,0
BRF:31
BRH:26
end_of_record
TN:
SF:src\infrastructure\events\AppointmentReadModelEventHandler.ts
FN:81,(anonymous_0)
FN:91,(anonymous_1)
FN:173,(anonymous_2)
FN:207,(anonymous_3)
FN:244,(anonymous_4)
FN:264,(anonymous_5)
FNF:6
FNH:6
FNDA:9,(anonymous_0)
FNDA:3,(anonymous_1)
FNDA:2,(anonymous_2)
FNDA:2,(anonymous_3)
FNDA:1,(anonymous_4)
FNDA:1,(anonymous_5)
DA:80,1
DA:82,9
DA:83,9
DA:84,9
DA:92,3
DA:93,3
DA:97,3
DA:98,3
DA:99,2
DA:100,2
DA:113,1
DA:119,3
DA:120,3
DA:121,2
DA:122,2
DA:132,1
DA:137,3
DA:162,3
DA:164,0
DA:165,0
DA:174,2
DA:175,2
DA:178,2
DA:191,2
DA:196,1
DA:198,1
DA:199,1
DA:208,2
DA:210,2
DA:211,1
DA:212,1
DA:215,1
DA:218,1
DA:228,1
DA:233,1
DA:235,0
DA:236,0
DA:248,1
DA:249,1
DA:251,1
DA:253,1
DA:255,0
DA:256,0
DA:267,1
DA:268,1
DA:270,1
DA:272,1
DA:274,0
DA:275,0
LF:49
LH:41
BRDA:99,0,0,2
BRDA:121,1,0,2
BRDA:179,2,0,2
BRDA:179,2,1,0
BRDA:210,3,0,1
BRDA:219,4,0,1
BRDA:219,4,1,0
BRF:7
BRH:5
end_of_record
TN:
SF:src\infrastructure\events\EventHandlers.ts
FN:17,(anonymous_0)
FN:19,(anonymous_1)
FN:54,(anonymous_2)
FN:56,(anonymous_3)
FN:84,(anonymous_4)
FN:86,(anonymous_5)
FN:112,(anonymous_6)
FN:114,(anonymous_7)
FN:126,(anonymous_8)
FN:128,(anonymous_9)
FNF:10
FNH:0
FNDA:0,(anonymous_0)
FNDA:0,(anonymous_1)
FNDA:0,(anonymous_2)
FNDA:0,(anonymous_3)
FNDA:0,(anonymous_4)
FNDA:0,(anonymous_5)
FNDA:0,(anonymous_6)
FNDA:0,(anonymous_7)
FNDA:0,(anonymous_8)
FNDA:0,(anonymous_9)
DA:16,0
DA:17,0
DA:20,0
DA:46,0
DA:53,0
DA:54,0
DA:57,0
DA:76,0
DA:83,0
DA:84,0
DA:87,0
DA:104,0
DA:111,0
DA:112,0
DA:115,0
DA:125,0
DA:126,0
DA:129,0
LF:18
LH:0
BRDA:36,0,0,0
BRDA:36,0,1,0
BRDA:61,1,0,0
BRDA:61,1,1,0
BRDA:66,2,0,0
BRDA:66,2,1,0
BRDA:90,3,0,0
BRDA:90,3,1,0
BRDA:91,4,0,0
BRDA:91,4,1,0
BRDA:92,5,0,0
BRDA:92,5,1,0
BRDA:117,6,0,0
BRDA:117,6,1,0
BRF:14
BRH:0
end_of_record
TN:
SF:src\infrastructure\events\EventSubscriptions.ts
FN:26,(anonymous_0)
FN:36,(anonymous_1)
FN:60,(anonymous_2)
FN:79,(anonymous_3)
FN:140,(anonymous_4)
FN:147,(anonymous_5)
FN:155,createEventSubscriptions
FNF:7
FNH:0
FNDA:0,(anonymous_0)
FNDA:0,(anonymous_1)
FNDA:0,(anonymous_2)
FNDA:0,(anonymous_3)
FNDA:0,(anonymous_4)
FNDA:0,(anonymous_5)
FNDA:0,createEventSubscriptions
DA:9,0
DA:11,0
DA:22,0
DA:24,0
DA:27,0
DA:28,0
DA:30,0
DA:37,0
DA:38,0
DA:39,0
DA:42,0
DA:43,0
DA:44,0
DA:46,0
DA:47,0
DA:49,0
DA:50,0
DA:52,0
DA:53,0
DA:61,0
DA:62,0
DA:65,0
DA:66,0
DA:67,0
DA:68,0
DA:69,0
DA:71,0
DA:72,0
DA:81,0
DA:86,0
DA:89,0
DA:94,0
DA:97,0
DA:102,0
DA:105,0
DA:110,0
DA:113,0
DA:118,0
DA:121,0
DA:126,0
DA:129,0
DA:134,0
DA:141,0
DA:148,0
DA:155,0
DA:158,0
DA:164,0
LF:47
LH:0
BRDA:37,0,0,0
BRDA:61,1,0,0
BRDA:159,2,0,0
BRDA:159,2,1,0
BRDA:160,3,0,0
BRDA:160,3,1,0
BRF:6
BRH:0
end_of_record
TN:
SF:src\infrastructure\persistence\SupabaseAppointmentReadModelRepository.ts
FN:25,(anonymous_0)
FN:34,(anonymous_1)
FN:95,(anonymous_2)
FN:125,(anonymous_3)
FN:152,(anonymous_4)
FN:166,(anonymous_5)
FN:186,(anonymous_6)
FN:197,(anonymous_7)
FN:203,(anonymous_8)
FN:214,(anonymous_9)
FN:220,(anonymous_10)
FN:232,(anonymous_11)
FN:238,(anonymous_12)
FN:289,(anonymous_13)
FN:295,(anonymous_14)
FN:342,(anonymous_15)
FN:356,(anonymous_16)
FNF:17
FNH:7
FNDA:8,(anonymous_0)
FNDA:2,(anonymous_1)
FNDA:1,(anonymous_2)
FNDA:1,(anonymous_3)
FNDA:0,(anonymous_4)
FNDA:2,(anonymous_5)
FNDA:1,(anonymous_6)
FNDA:0,(anonymous_7)
FNDA:0,(anonymous_8)
FNDA:0,(anonymous_9)
FNDA:0,(anonymous_10)
FNDA:0,(anonymous_11)
FNDA:1,(anonymous_12)
FNDA:0,(anonymous_13)
FNDA:0,(anonymous_14)
FNDA:0,(anonymous_15)
FNDA:0,(anonymous_16)
DA:10,1
DA:20,1
DA:22,8
DA:23,8
DA:26,8
DA:35,2
DA:79,2
DA:85,0
DA:86,0
DA:89,0
DA:96,1
DA:109,1
DA:115,1
DA:116,0
DA:119,1
DA:126,1
DA:136,1
DA:142,1
DA:143,0
DA:146,1
DA:153,0
DA:158,0
DA:159,0
DA:167,2
DA:173,0
DA:174,0
DA:175,0
DA:177,0
DA:180,0
DA:187,1
DA:193,1
DA:194,0
DA:197,1
DA:204,0
DA:210,0
DA:211,0
DA:214,0
DA:221,0
DA:228,0
DA:229,0
DA:232,0
DA:239,1
DA:241,1
DA:242,1
DA:245,1
DA:246,0
DA:249,1
DA:250,1
DA:253,1
DA:254,1
DA:257,1
DA:258,1
DA:261,1
DA:262,0
DA:265,1
DA:266,0
DA:269,1
DA:270,0
DA:273,1
DA:275,1
DA:276,1
DA:279,1
DA:280,0
DA:283,1
DA:285,1
DA:286,0
DA:289,1
DA:296,0
DA:298,0
DA:299,0
DA:302,0
DA:303,0
DA:306,0
DA:307,0
DA:310,0
DA:311,0
DA:314,0
DA:315,0
DA:318,0
DA:319,0
DA:322,0
DA:323,0
DA:326,0
DA:327,0
DA:330,0
DA:332,0
DA:333,0
DA:336,0
DA:343,0
DA:348,0
DA:349,0
DA:357,0
LF:92
LH:39
BRDA:73,0,0,2
BRDA:73,0,1,2
BRDA:76,1,0,2
BRDA:76,1,1,2
BRDA:85,2,0,0
BRDA:115,3,0,0
BRDA:119,4,0,1
BRDA:119,4,1,1
BRDA:142,5,0,0
BRDA:146,6,0,1
BRDA:146,6,1,1
BRDA:158,7,0,0
BRDA:173,8,0,0
BRDA:174,9,0,0
BRDA:193,10,0,0
BRDA:197,11,0,1
BRDA:197,11,1,1
BRDA:210,12,0,0
BRDA:214,13,0,0
BRDA:214,13,1,0
BRDA:228,14,0,0
BRDA:232,15,0,0
BRDA:232,15,1,0
BRDA:241,16,0,1
BRDA:245,17,0,0
BRDA:249,18,0,1
BRDA:253,19,0,1
BRDA:257,20,0,1
BRDA:261,21,0,0
BRDA:265,22,0,0
BRDA:269,23,0,0
BRDA:275,24,0,1
BRDA:279,25,0,0
BRDA:280,26,0,0
BRDA:280,26,1,0
BRDA:285,27,0,0
BRDA:289,28,0,1
BRDA:289,28,1,1
BRDA:298,29,0,0
BRDA:302,30,0,0
BRDA:306,31,0,0
BRDA:310,32,0,0
BRDA:314,33,0,0
BRDA:318,34,0,0
BRDA:322,35,0,0
BRDA:326,36,0,0
BRDA:332,37,0,0
BRDA:336,38,0,0
BRDA:336,38,1,0
BRDA:348,39,0,0
BRDA:371,40,0,0
BRDA:371,40,1,0
BRDA:377,41,0,0
BRDA:377,41,1,0
BRDA:393,42,0,0
BRDA:393,42,1,0
BRDA:396,43,0,0
BRDA:396,43,1,0
BRDA:398,44,0,0
BRDA:398,44,1,0
BRDA:399,45,0,0
BRDA:399,45,1,0
BRDA:400,46,0,0
BRDA:400,46,1,0
BRDA:401,47,0,0
BRDA:401,47,1,0
BRF:66
BRH:17
end_of_record
TN:
SF:src\infrastructure\persistence\SupabaseAppointmentRepository.ts
FN:79,(anonymous_0)
FN:86,(anonymous_1)
FN:101,(anonymous_2)
FN:121,(anonymous_3)
FN:141,(anonymous_4)
FN:153,(anonymous_5)
FN:159,(anonymous_6)
FN:171,(anonymous_7)
FN:177,(anonymous_8)
FN:190,(anonymous_9)
FN:196,(anonymous_10)
FN:210,(anonymous_11)
FN:260,(anonymous_12)
FNF:13
FNH:0
FNDA:0,(anonymous_0)
FNDA:0,(anonymous_1)
FNDA:0,(anonymous_2)
FNDA:0,(anonymous_3)
FNDA:0,(anonymous_4)
FNDA:0,(anonymous_5)
FNDA:0,(anonymous_6)
FNDA:0,(anonymous_7)
FNDA:0,(anonymous_8)
FNDA:0,(anonymous_9)
FNDA:0,(anonymous_10)
FNDA:0,(anonymous_11)
FNDA:0,(anonymous_12)
DA:11,1
DA:12,1
DA:13,1
DA:14,1
DA:15,1
DA:74,1
DA:76,0
DA:77,0
DA:80,0
DA:87,0
DA:89,0
DA:93,0
DA:94,0
DA:102,0
DA:108,0
DA:109,0
DA:110,0
DA:112,0
DA:115,0
DA:122,0
DA:128,0
DA:129,0
DA:130,0
DA:132,0
DA:135,0
DA:142,0
DA:149,0
DA:150,0
DA:153,0
DA:160,0
DA:167,0
DA:168,0
DA:171,0
DA:178,0
DA:186,0
DA:187,0
DA:190,0
DA:197,0
DA:202,0
DA:203,0
DA:211,0
DA:213,0
DA:261,0
DA:262,0
DA:263,0
DA:272,0
DA:289,0
DA:290,0
DA:291,0
DA:292,0
DA:293,0
DA:294,0
DA:295,0
DA:296,0
DA:297,0
DA:298,0
DA:299,0
DA:300,0
DA:301,0
DA:302,0
DA:303,0
DA:304,0
DA:305,0
DA:306,0
DA:307,0
DA:308,0
DA:309,0
DA:310,0
DA:313,0
DA:315,0
LF:70
LH:6
BRDA:93,0,0,0
BRDA:108,1,0,0
BRDA:109,2,0,0
BRDA:128,3,0,0
BRDA:129,4,0,0
BRDA:149,5,0,0
BRDA:167,6,0,0
BRDA:186,7,0,0
BRDA:202,8,0,0
BRDA:294,9,0,0
BRDA:294,9,1,0
BRDA:295,10,0,0
BRDA:295,10,1,0
BRDA:296,11,0,0
BRDA:296,11,1,0
BRDA:297,12,0,0
BRDA:297,12,1,0
BRDA:304,13,0,0
BRDA:304,13,1,0
BRDA:306,14,0,0
BRDA:306,14,1,0
BRF:21
BRH:0
end_of_record
TN:
SF:src\infrastructure\resilience\CircuitBreakerService.ts
FN:41,(anonymous_1)
FN:47,(anonymous_2)
FN:62,(anonymous_3)
FN:75,(anonymous_4)
FN:87,(anonymous_5)
FN:95,(anonymous_6)
FN:103,(anonymous_7)
FN:112,(anonymous_8)
FN:120,(anonymous_9)
FN:129,(anonymous_10)
FN:137,(anonymous_11)
FN:145,(anonymous_12)
FN:153,(anonymous_13)
FN:175,(anonymous_14)
FN:185,(anonymous_15)
FN:186,(anonymous_16)
FN:192,(anonymous_17)
FN:193,(anonymous_18)
FN:197,(anonymous_19)
FN:201,(anonymous_20)
FN:205,(anonymous_21)
FN:209,(anonymous_22)
FN:213,(anonymous_23)
FN:217,(anonymous_24)
FN:221,(anonymous_25)
FN:229,(anonymous_26)
FN:231,(anonymous_27)
FN:245,(anonymous_28)
FN:246,(anonymous_29)
FNF:29
FNH:19
FNDA:10,(anonymous_1)
FNDA:27,(anonymous_2)
FNDA:9,(anonymous_3)
FNDA:27,(anonymous_4)
FNDA:1,(anonymous_5)
FNDA:1,(anonymous_6)
FNDA:0,(anonymous_7)
FNDA:0,(anonymous_8)
FNDA:0,(anonymous_9)
FNDA:0,(anonymous_10)
FNDA:0,(anonymous_11)
FNDA:0,(anonymous_12)
FNDA:4,(anonymous_13)
FNDA:1,(anonymous_14)
FNDA:0,(anonymous_15)
FNDA:0,(anonymous_16)
FNDA:9,(anonymous_17)
FNDA:4,(anonymous_18)
FNDA:0,(anonymous_19)
FNDA:1,(anonymous_20)
FNDA:5,(anonymous_21)
FNDA:4,(anonymous_22)
FNDA:1,(anonymous_23)
FNDA:18,(anonymous_24)
FNDA:0,(anonymous_25)
FNDA:1,(anonymous_26)
FNDA:2,(anonymous_27)
FNDA:9,(anonymous_28)
FNDA:9,(anonymous_29)
DA:10,1
DA:28,1
DA:41,1
DA:42,10
DA:51,27
DA:52,18
DA:55,9
DA:61,9
DA:62,9
DA:66,9
DA:67,9
DA:69,9
DA:80,27
DA:81,27
DA:93,1
DA:95,1
DA:110,0
DA:112,0
DA:127,0
DA:129,0
DA:143,0
DA:145,0
DA:159,4
DA:160,4
DA:161,1
DA:164,3
DA:176,1
DA:177,1
DA:178,1
DA:186,0
DA:193,9
DA:194,4
DA:197,9
DA:198,0
DA:201,9
DA:202,1
DA:205,9
DA:206,5
DA:209,9
DA:210,4
DA:213,9
DA:214,1
DA:217,9
DA:218,18
DA:221,9
DA:222,0
DA:230,1
DA:231,1
DA:232,2
DA:239,1
DA:246,9
DA:247,9
DA:251,1
LF:53
LH:44
BRDA:49,0,0,6
BRDA:51,1,0,18
BRDA:160,2,0,1
BRDA:177,3,0,1
BRF:4
BRH:4
end_of_record
TN:
SF:src\infrastructure\services\HttpPatientService.ts
FN:26,(anonymous_1)
FN:43,(anonymous_2)
FN:47,(anonymous_3)
FN:51,(anonymous_4)
FN:63,(anonymous_5)
FN:69,(anonymous_6)
FN:116,(anonymous_7)
FN:118,(anonymous_8)
FN:121,(anonymous_9)
FN:131,(anonymous_10)
FNF:10
FNH:0
FNDA:0,(anonymous_1)
FNDA:0,(anonymous_2)
FNDA:0,(anonymous_3)
FNDA:0,(anonymous_4)
FNDA:0,(anonymous_5)
FNDA:0,(anonymous_6)
FNDA:0,(anonymous_7)
FNDA:0,(anonymous_8)
FNDA:0,(anonymous_9)
FNDA:0,(anonymous_10)
DA:15,0
DA:16,0
DA:18,0
DA:19,0
DA:21,0
DA:24,0
DA:27,0
DA:35,0
DA:37,0
DA:44,0
DA:48,0
DA:52,0
DA:64,0
DA:66,0
DA:67,0
DA:70,0
DA:71,0
DA:72,0
DA:73,0
DA:76,0
DA:78,0
DA:79,0
DA:82,0
DA:84,0
DA:86,0
DA:95,0
DA:97,0
DA:98,0
DA:101,0
DA:103,0
DA:104,0
DA:105,0
DA:106,0
DA:109,0
DA:117,0
DA:118,0
DA:119,0
DA:121,0
DA:123,0
DA:124,0
DA:132,0
LF:41
LH:0
BRDA:35,0,0,0
BRDA:35,0,1,0
BRDA:48,1,0,0
BRDA:48,1,1,0
BRDA:49,2,0,0
BRDA:49,2,1,0
BRDA:71,3,0,0
BRDA:78,4,0,0
BRDA:97,5,0,0
BRDA:104,6,0,0
BRDA:133,7,0,0
BRDA:133,7,1,0
BRDA:134,8,0,0
BRDA:134,8,1,0
BRDA:137,9,0,0
BRDA:137,9,1,0
BRDA:139,10,0,0
BRDA:139,10,1,0
BRDA:140,11,0,0
BRDA:140,11,1,0
BRDA:141,12,0,0
BRDA:141,12,1,0
BRF:22
BRH:0
end_of_record
TN:
SF:src\infrastructure\services\HttpProviderService.ts
FN:26,(anonymous_1)
FN:43,(anonymous_2)
FN:47,(anonymous_3)
FN:51,(anonymous_4)
FN:63,(anonymous_5)
FN:69,(anonymous_6)
FN:116,(anonymous_7)
FN:118,(anonymous_8)
FN:121,(anonymous_9)
FN:131,(anonymous_10)
FNF:10
FNH:0
FNDA:0,(anonymous_1)
FNDA:0,(anonymous_2)
FNDA:0,(anonymous_3)
FNDA:0,(anonymous_4)
FNDA:0,(anonymous_5)
FNDA:0,(anonymous_6)
FNDA:0,(anonymous_7)
FNDA:0,(anonymous_8)
FNDA:0,(anonymous_9)
FNDA:0,(anonymous_10)
DA:15,0
DA:16,0
DA:18,0
DA:19,0
DA:21,0
DA:24,0
DA:27,0
DA:35,0
DA:37,0
DA:44,0
DA:48,0
DA:52,0
DA:64,0
DA:66,0
DA:67,0
DA:70,0
DA:71,0
DA:72,0
DA:73,0
DA:76,0
DA:78,0
DA:79,0
DA:82,0
DA:84,0
DA:86,0
DA:95,0
DA:97,0
DA:98,0
DA:101,0
DA:103,0
DA:104,0
DA:105,0
DA:106,0
DA:109,0
DA:117,0
DA:118,0
DA:119,0
DA:121,0
DA:123,0
DA:124,0
DA:132,0
LF:41
LH:0
BRDA:35,0,0,0
BRDA:35,0,1,0
BRDA:48,1,0,0
BRDA:48,1,1,0
BRDA:49,2,0,0
BRDA:49,2,1,0
BRDA:71,3,0,0
BRDA:78,4,0,0
BRDA:97,5,0,0
BRDA:104,6,0,0
BRDA:133,7,0,0
BRDA:133,7,1,0
BRDA:133,7,2,0
BRDA:133,7,3,0
BRDA:134,8,0,0
BRDA:134,8,1,0
BRDA:137,9,0,0
BRDA:137,9,1,0
BRF:18
BRH:0
end_of_record
TN:
SF:src\presentation\controllers\AppointmentQueryController.ts
FN:15,(anonymous_0)
FN:24,(anonymous_1)
FN:68,(anonymous_2)
FN:114,(anonymous_3)
FN:143,(anonymous_4)
FNF:5
FNH:0
FNDA:0,(anonymous_0)
FNDA:0,(anonymous_1)
FNDA:0,(anonymous_2)
FNDA:0,(anonymous_3)
FNDA:0,(anonymous_4)
DA:14,0
DA:16,0
DA:17,0
DA:25,0
DA:26,0
DA:28,0
DA:30,0
DA:35,0
DA:37,0
DA:38,0
DA:42,0
DA:45,0
DA:69,0
DA:81,0
DA:83,0
DA:96,0
DA:101,0
DA:103,0
DA:115,0
DA:116,0
DA:117,0
DA:119,0
DA:125,0
DA:130,0
DA:132,0
DA:144,0
DA:145,0
DA:146,0
DA:148,0
DA:157,0
DA:162,0
DA:164,0
LF:32
LH:0
BRDA:37,0,0,0
BRDA:86,1,0,0
BRDA:86,1,1,0
BRDA:87,2,0,0
BRDA:87,2,1,0
BRDA:92,3,0,0
BRDA:92,3,1,0
BRDA:93,4,0,0
BRDA:93,4,1,0
BRDA:121,5,0,0
BRDA:121,5,1,0
BRDA:122,6,0,0
BRDA:122,6,1,0
BRDA:150,7,0,0
BRDA:150,7,1,0
BRDA:151,8,0,0
BRDA:151,8,1,0
BRDA:153,9,0,0
BRDA:153,9,1,0
BRDA:154,10,0,0
BRDA:154,10,1,0
BRF:21
BRH:0
end_of_record
TN:
SF:src\presentation\dto\ValidationSchemas.ts
FN:40,(anonymous_1)
FNF:1
FNH:0
FNDA:0,(anonymous_1)
DA:11,0
DA:16,0
DA:41,0
DA:42,0
DA:43,0
DA:46,0
DA:47,0
DA:51,0
DA:52,0
DA:55,0
DA:76,0
DA:257,0
DA:301,0
DA:350,0
LF:14
LH:0
BRDA:46,0,0,0
BRDA:51,1,0,0
BRDA:51,2,0,0
BRDA:51,2,1,0
BRF:4
BRH:0
end_of_record
TN:
SF:src\presentation\middleware\ErrorHandlingMiddleware.ts
FN:22,(anonymous_0)
FN:47,(anonymous_1)
FN:60,(anonymous_2)
FN:69,(anonymous_3)
FN:78,(anonymous_4)
FN:87,(anonymous_5)
FN:96,(anonymous_6)
FN:105,(anonymous_7)
FN:151,getVietnameseErrorMessage
FN:158,errorHandlingMiddleware
FN:199,(anonymous_10)
FN:252,asyncHandler
FN:253,(anonymous_12)
FN:261,notFoundHandler
FN:269,handleValidationError
FN:276,(anonymous_15)
FN:296,requestTimeoutHandler
FN:297,(anonymous_17)
FN:298,(anonymous_18)
FN:307,(anonymous_19)
FN:311,(anonymous_20)
FNF:21
FNH:0
FNDA:0,(anonymous_0)
FNDA:0,(anonymous_1)
FNDA:0,(anonymous_2)
FNDA:0,(anonymous_3)
FNDA:0,(anonymous_4)
FNDA:0,(anonymous_5)
FNDA:0,(anonymous_6)
FNDA:0,(anonymous_7)
FNDA:0,getVietnameseErrorMessage
FNDA:0,errorHandlingMiddleware
FNDA:0,(anonymous_10)
FNDA:0,asyncHandler
FNDA:0,(anonymous_12)
FNDA:0,notFoundHandler
FNDA:0,handleValidationError
FNDA:0,(anonymous_15)
FNDA:0,requestTimeoutHandler
FNDA:0,(anonymous_17)
FNDA:0,(anonymous_18)
FNDA:0,(anonymous_19)
FNDA:0,(anonymous_20)
DA:17,0
DA:28,0
DA:29,0
DA:30,0
DA:31,0
DA:33,0
DA:40,0
DA:51,0
DA:52,0
DA:59,0
DA:61,0
DA:68,0
DA:70,0
DA:77,0
DA:79,0
DA:86,0
DA:88,0
DA:95,0
DA:97,0
DA:104,0
DA:106,0
DA:113,0
DA:152,0
DA:158,0
DA:165,0
DA:177,0
DA:178,0
DA:179,0
DA:180,0
DA:183,0
DA:184,0
DA:185,0
DA:186,0
DA:188,0
DA:189,0
DA:191,0
DA:193,0
DA:194,0
DA:195,0
DA:197,0
DA:198,0
DA:199,0
DA:205,0
DA:207,0
DA:208,0
DA:209,0
DA:210,0
DA:212,0
DA:213,0
DA:214,0
DA:215,0
DA:217,0
DA:218,0
DA:219,0
DA:220,0
DA:222,0
DA:223,0
DA:224,0
DA:225,0
DA:227,0
DA:228,0
DA:229,0
DA:233,0
DA:246,0
DA:252,0
DA:253,0
DA:254,0
DA:261,0
DA:262,0
DA:263,0
DA:269,0
DA:275,0
DA:276,0
DA:282,0
DA:287,0
DA:290,0
DA:296,0
DA:297,0
DA:298,0
DA:299,0
DA:304,0
DA:307,0
DA:308,0
DA:311,0
DA:312,0
DA:315,0
LF:86
LH:0
BRDA:24,0,0,0
BRDA:25,1,0,0
BRDA:26,2,0,0
BRDA:49,3,0,0
BRDA:60,4,0,0
BRDA:69,5,0,0
BRDA:78,6,0,0
BRDA:87,7,0,0
BRDA:96,8,0,0
BRDA:105,9,0,0
BRDA:152,10,0,0
BRDA:152,10,1,0
BRDA:183,11,0,0
BRDA:183,11,1,0
BRDA:188,12,0,0
BRDA:191,13,0,0
BRDA:191,13,1,0
BRDA:198,14,0,0
BRDA:205,15,0,0
BRDA:205,15,1,0
BRDA:210,16,0,0
BRDA:210,16,1,0
BRDA:210,17,0,0
BRDA:210,17,1,0
BRDA:215,18,0,0
BRDA:215,18,1,0
BRDA:220,19,0,0
BRDA:220,19,1,0
BRDA:225,20,0,0
BRDA:238,21,0,0
BRDA:238,21,1,0
BRDA:275,22,0,0
BRDA:296,23,0,0
BRF:33
BRH:0
end_of_record
TN:
SF:src\presentation\middleware\ValidationMiddleware.ts
FN:18,validateRequest
FN:19,(anonymous_1)
FN:32,(anonymous_2)
FN:55,translateValidationMessage
FN:132,sanitizeRequest
FN:154,sanitizeObject
FN:160,(anonymous_6)
FN:174,sanitizeValue
FN:196,(anonymous_9)
FN:248,requestSizeLimitMiddleware
FN:249,(anonymous_11)
FN:273,validateContentType
FN:274,(anonymous_13)
FN:280,(anonymous_14)
FNF:14
FNH:0
FNDA:0,validateRequest
FNDA:0,(anonymous_1)
FNDA:0,(anonymous_2)
FNDA:0,translateValidationMessage
FNDA:0,sanitizeRequest
FNDA:0,sanitizeObject
FNDA:0,(anonymous_6)
FNDA:0,sanitizeValue
FNDA:0,(anonymous_9)
FNDA:0,requestSizeLimitMiddleware
FNDA:0,(anonymous_11)
FNDA:0,validateContentType
FNDA:0,(anonymous_13)
FNDA:0,(anonymous_14)
DA:13,0
DA:18,0
DA:19,0
DA:20,0
DA:22,0
DA:31,0
DA:32,0
DA:38,0
DA:43,0
DA:47,0
DA:48,0
DA:56,0
DA:109,0
DA:110,0
DA:114,0
DA:115,0
DA:119,0
DA:120,0
DA:121,0
DA:126,0
DA:132,0
DA:134,0
DA:135,0
DA:139,0
DA:140,0
DA:144,0
DA:145,0
DA:148,0
DA:155,0
DA:156,0
DA:159,0
DA:160,0
DA:163,0
DA:164,0
DA:165,0
DA:168,0
DA:175,0
DA:177,0
DA:184,0
DA:190,0
DA:194,0
DA:196,0
DA:197,0
DA:198,0
DA:201,0
DA:202,0
DA:203,0
DA:208,0
DA:209,0
DA:210,0
DA:214,0
DA:218,0
DA:219,0
DA:232,0
DA:235,0
DA:241,0
DA:248,0
DA:249,0
DA:250,0
DA:252,0
DA:253,0
DA:266,0
DA:273,0
DA:274,0
DA:275,0
DA:276,0
DA:279,0
DA:280,0
DA:281,0
DA:294,0
LF:70
LH:0
BRDA:18,0,0,0
BRDA:31,1,0,0
BRDA:109,2,0,0
BRDA:114,3,0,0
BRDA:120,4,0,0
BRDA:134,5,0,0
BRDA:139,6,0,0
BRDA:144,7,0,0
BRDA:155,8,0,0
BRDA:155,9,0,0
BRDA:155,9,1,0
BRDA:159,10,0,0
BRDA:175,11,0,0
BRDA:191,12,0,0
BRDA:192,13,0,0
BRDA:197,14,0,0
BRDA:197,14,1,0
BRDA:197,14,2,0
BRDA:202,15,0,0
BRDA:209,16,0,0
BRDA:209,17,0,0
BRDA:209,17,1,0
BRDA:218,18,0,0
BRDA:248,19,0,0
BRDA:250,20,0,0
BRDA:250,20,1,0
BRDA:252,21,0,0
BRDA:273,22,0,0
BRDA:275,23,0,0
BRDA:275,24,0,0
BRDA:275,24,1,0
BRDA:280,25,0,0
BRDA:280,26,0,0
BRDA:280,26,1,0
BRF:34
BRH:0
end_of_record
TN:
SF:src\presentation\routes\appointment.routes.ts
FN:17,createAppointmentRoutes
FN:23,(anonymous_1)
FN:24,(anonymous_2)
FN:25,(anonymous_3)
FN:26,(anonymous_4)
FN:30,(anonymous_5)
FN:31,(anonymous_6)
FNF:7
FNH:0
FNDA:0,createAppointmentRoutes
FNDA:0,(anonymous_1)
FNDA:0,(anonymous_2)
FNDA:0,(anonymous_3)
FNDA:0,(anonymous_4)
FNDA:0,(anonymous_5)
FNDA:0,(anonymous_6)
DA:10,0
DA:11,0
DA:17,0
DA:18,0
DA:19,0
DA:20,0
DA:23,0
DA:24,0
DA:25,0
DA:26,0
DA:30,0
DA:31,0
DA:33,0
LF:13
LH:0
BRF:0
BRH:0
end_of_record
TN:
SF:src\presentation\routes\appointmentQueryRoutes.ts
FN:17,createAppointmentQueryRoutes
FN:28,(anonymous_1)
FN:37,(anonymous_2)
FN:46,(anonymous_3)
FN:55,(anonymous_4)
FNF:5
FNH:0
FNDA:0,createAppointmentQueryRoutes
FNDA:0,(anonymous_1)
FNDA:0,(anonymous_2)
FNDA:0,(anonymous_3)
FNDA:0,(anonymous_4)
DA:10,0
DA:11,0
DA:17,0
DA:18,0
DA:19,0
DA:20,0
DA:26,0
DA:28,0
DA:35,0
DA:37,0
DA:44,0
DA:46,0
DA:53,0
DA:55,0
DA:58,0
LF:15
LH:0
BRF:0
BRH:0
end_of_record
