<?xml version="1.0" encoding="UTF-8"?>
<coverage generated="1760988935686" clover="3.2.0">
  <project timestamp="1760988935686" name="All files">
    <metrics statements="186" coveredstatements="113" conditionals="121" coveredconditionals="56" methods="35" coveredmethods="16" elements="342" coveredelements="185" complexity="0" loc="186" ncloc="186" packages="1" files="3" classes="3"/>
    <file name="FakeSchedulerAdapter.ts" path="D:\hospital-management-V2\backend\services-v2\shared\sdk\scheduler-client\src\FakeSchedulerAdapter.ts">
      <metrics statements="90" coveredstatements="79" conditionals="53" coveredconditionals="32" methods="14" coveredmethods="11"/>
      <line num="13" count="1" type="stmt"/>
      <line num="15" count="1" type="stmt"/>
      <line num="43" count="1" type="stmt"/>
      <line num="44" count="18" type="stmt"/>
      <line num="45" count="18" type="stmt"/>
      <line num="46" count="18" type="stmt"/>
      <line num="50" count="18" type="stmt"/>
      <line num="60" count="35" type="cond" truecount="1" falsecount="2"/>
      <line num="61" count="0" type="stmt"/>
      <line num="69" count="20" type="stmt"/>
      <line num="72" count="20" type="cond" truecount="1" falsecount="0"/>
      <line num="73" count="1" type="stmt"/>
      <line num="80" count="19" type="stmt"/>
      <line num="83" count="18" type="stmt"/>
      <line num="84" count="18" type="stmt"/>
      <line num="87" count="18" type="stmt"/>
      <line num="89" count="18" type="cond" truecount="2" falsecount="0"/>
      <line num="91" count="1" type="stmt"/>
      <line num="92" count="1" type="stmt"/>
      <line num="95" count="17" type="stmt"/>
      <line num="96" count="17" type="stmt"/>
      <line num="99" count="18" type="stmt"/>
      <line num="101" count="18" type="stmt"/>
      <line num="118" count="18" type="stmt"/>
      <line num="120" count="18" type="stmt"/>
      <line num="127" count="4" type="stmt"/>
      <line num="130" count="4" type="cond" truecount="0" falsecount="1"/>
      <line num="131" count="0" type="stmt"/>
      <line num="137" count="4" type="stmt"/>
      <line num="139" count="4" type="stmt"/>
      <line num="141" count="10" type="cond" truecount="1" falsecount="0"/>
      <line num="142" count="7" type="cond" truecount="0" falsecount="1"/>
      <line num="143" count="7" type="cond" truecount="2" falsecount="1"/>
      <line num="144" count="7" type="cond" truecount="3" falsecount="0"/>
      <line num="147" count="6" type="stmt"/>
      <line num="148" count="6" type="stmt"/>
      <line num="151" count="6" type="cond" truecount="2" falsecount="0"/>
      <line num="152" count="6" type="stmt"/>
      <line num="153" count="0" type="cond" truecount="0" falsecount="1"/>
      <line num="154" count="0" type="stmt"/>
      <line num="158" count="6" type="stmt"/>
      <line num="161" count="4" type="stmt"/>
      <line num="171" count="2" type="stmt"/>
      <line num="174" count="2" type="cond" truecount="0" falsecount="1"/>
      <line num="175" count="0" type="stmt"/>
      <line num="181" count="2" type="stmt"/>
      <line num="183" count="2" type="cond" truecount="1" falsecount="0"/>
      <line num="184" count="1" type="stmt"/>
      <line num="187" count="1" type="stmt"/>
      <line num="194" count="5" type="stmt"/>
      <line num="197" count="5" type="cond" truecount="0" falsecount="1"/>
      <line num="198" count="0" type="stmt"/>
      <line num="204" count="5" type="stmt"/>
      <line num="206" count="5" type="cond" truecount="1" falsecount="0"/>
      <line num="207" count="1" type="stmt"/>
      <line num="210" count="4" type="cond" truecount="1" falsecount="0"/>
      <line num="211" count="1" type="stmt"/>
      <line num="214" count="3" type="stmt"/>
      <line num="215" count="3" type="stmt"/>
      <line num="217" count="3" type="stmt"/>
      <line num="227" count="3" type="cond" truecount="2" falsecount="0"/>
      <line num="228" count="3" type="stmt"/>
      <line num="229" count="3" type="stmt"/>
      <line num="231" count="3" type="stmt"/>
      <line num="243" count="3" type="stmt"/>
      <line num="246" count="3" type="cond" truecount="0" falsecount="1"/>
      <line num="247" count="0" type="stmt"/>
      <line num="253" count="3" type="stmt"/>
      <line num="255" count="3" type="cond" truecount="1" falsecount="0"/>
      <line num="256" count="1" type="stmt"/>
      <line num="259" count="2" type="cond" truecount="1" falsecount="1"/>
      <line num="262" count="2" type="cond" truecount="1" falsecount="0"/>
      <line num="263" count="1" type="stmt"/>
      <line num="265" count="2" type="cond" truecount="0" falsecount="1"/>
      <line num="266" count="0" type="cond" truecount="0" falsecount="2"/>
      <line num="267" count="0" type="stmt"/>
      <line num="269" count="2" type="cond" truecount="0" falsecount="1"/>
      <line num="270" count="0" type="cond" truecount="0" falsecount="2"/>
      <line num="271" count="0" type="stmt"/>
      <line num="275" count="2" type="cond" truecount="2" falsecount="0"/>
      <line num="276" count="2" type="cond" truecount="1" falsecount="1"/>
      <line num="277" count="2" type="stmt"/>
      <line num="278" count="2" type="stmt"/>
      <line num="280" count="2" type="stmt"/>
      <line num="293" count="1" type="stmt"/>
      <line num="295" count="1" type="stmt"/>
      <line num="312" count="18" type="stmt"/>
      <line num="313" count="18" type="stmt"/>
      <line num="314" count="18" type="stmt"/>
      <line num="321" count="2" type="stmt"/>
    </file>
    <file name="RemoteSchedulerAdapter.ts" path="D:\hospital-management-V2\backend\services-v2\shared\sdk\scheduler-client\src\RemoteSchedulerAdapter.ts">
      <metrics statements="61" coveredstatements="0" conditionals="43" coveredconditionals="0" methods="16" coveredmethods="0"/>
      <line num="11" count="0" type="stmt"/>
      <line num="12" count="0" type="stmt"/>
      <line num="14" count="0" type="stmt"/>
      <line num="30" count="0" type="stmt"/>
      <line num="36" count="0" type="stmt"/>
      <line num="46" count="0" type="stmt"/>
      <line num="56" count="0" type="stmt"/>
      <line num="57" count="0" type="stmt"/>
      <line num="67" count="0" type="stmt"/>
      <line num="70" count="0" type="cond" truecount="0" falsecount="1"/>
      <line num="71" count="0" type="stmt"/>
      <line num="75" count="0" type="cond" truecount="0" falsecount="1"/>
      <line num="76" count="0" type="stmt"/>
      <line num="80" count="0" type="cond" truecount="0" falsecount="1"/>
      <line num="84" count="0" type="stmt"/>
      <line num="86" count="0" type="stmt"/>
      <line num="97" count="0" type="stmt"/>
      <line num="98" count="0" type="stmt"/>
      <line num="100" count="0" type="stmt"/>
      <line num="103" count="0" type="cond" truecount="0" falsecount="3"/>
      <line num="104" count="0" type="stmt"/>
      <line num="105" count="0" type="stmt"/>
      <line num="114" count="0" type="cond" truecount="0" falsecount="2"/>
      <line num="115" count="0" type="cond" truecount="0" falsecount="2"/>
      <line num="116" count="0" type="stmt"/>
      <line num="117" count="0" type="cond" truecount="0" falsecount="2"/>
      <line num="119" count="0" type="cond" truecount="0" falsecount="3"/>
      <line num="120" count="0" type="cond" truecount="0" falsecount="2"/>
      <line num="122" count="0" type="cond" truecount="0" falsecount="1"/>
      <line num="123" count="0" type="stmt"/>
      <line num="126" count="0" type="stmt"/>
      <line num="127" count="0" type="stmt"/>
      <line num="129" count="0" type="stmt"/>
      <line num="131" count="0" type="stmt"/>
      <line num="136" count="0" type="stmt"/>
      <line num="151" count="0" type="stmt"/>
      <line num="154" count="0" type="stmt"/>
      <line num="164" count="0" type="stmt"/>
      <line num="174" count="0" type="stmt"/>
      <line num="181" count="0" type="stmt"/>
      <line num="191" count="0" type="stmt"/>
      <line num="198" count="0" type="stmt"/>
      <line num="202" count="0" type="stmt"/>
      <line num="209" count="0" type="stmt"/>
      <line num="213" count="0" type="stmt"/>
      <line num="220" count="0" type="stmt"/>
      <line num="222" count="0" type="cond" truecount="0" falsecount="1"/>
      <line num="223" count="0" type="cond" truecount="0" falsecount="1"/>
      <line num="224" count="0" type="cond" truecount="0" falsecount="2"/>
      <line num="228" count="0" type="cond" truecount="0" falsecount="1"/>
      <line num="229" count="0" type="cond" truecount="0" falsecount="2"/>
      <line num="233" count="0" type="cond" truecount="0" falsecount="1"/>
      <line num="234" count="0" type="cond" truecount="0" falsecount="1"/>
      <line num="236" count="0" type="stmt"/>
      <line num="241" count="0" type="stmt"/>
      <line num="248" count="0" type="stmt"/>
      <line num="249" count="0" type="stmt"/>
      <line num="269" count="0" type="stmt"/>
      <line num="270" count="0" type="stmt"/>
      <line num="290" count="0" type="stmt"/>
      <line num="291" count="0" type="stmt"/>
    </file>
    <file name="types.ts" path="D:\hospital-management-V2\backend\services-v2\shared\sdk\scheduler-client\src\types.ts">
      <metrics statements="35" coveredstatements="34" conditionals="25" coveredconditionals="24" methods="5" coveredmethods="5"/>
      <line num="153" count="2" type="stmt"/>
      <line num="155" count="24" type="stmt"/>
      <line num="157" count="24" type="stmt"/>
      <line num="158" count="24" type="stmt"/>
      <line num="160" count="24" type="stmt"/>
      <line num="161" count="24" type="stmt"/>
      <line num="206" count="2" type="stmt"/>
      <line num="207" count="39" type="stmt"/>
      <line num="209" count="39" type="cond" truecount="4" falsecount="0"/>
      <line num="211" count="26" type="cond" truecount="1" falsecount="0"/>
      <line num="212" count="3" type="stmt"/>
      <line num="218" count="23" type="cond" truecount="1" falsecount="0"/>
      <line num="219" count="2" type="stmt"/>
      <line num="225" count="21" type="cond" truecount="1" falsecount="0"/>
      <line num="226" count="2" type="stmt"/>
      <line num="232" count="19" type="stmt"/>
      <line num="235" count="5" type="cond" truecount="1" falsecount="0"/>
      <line num="236" count="2" type="stmt"/>
      <line num="242" count="3" type="cond" truecount="1" falsecount="0"/>
      <line num="243" count="2" type="stmt"/>
      <line num="249" count="1" type="cond" truecount="0" falsecount="1"/>
      <line num="250" count="0" type="stmt"/>
      <line num="256" count="1" type="stmt"/>
      <line num="259" count="6" type="cond" truecount="1" falsecount="0"/>
      <line num="260" count="2" type="stmt"/>
      <line num="266" count="4" type="cond" truecount="1" falsecount="0"/>
      <line num="267" count="2" type="stmt"/>
      <line num="274" count="2" type="stmt"/>
      <line num="277" count="2" type="stmt"/>
      <line num="289" count="2" type="stmt"/>
      <line num="290" count="5" type="cond" truecount="4" falsecount="0"/>
      <line num="293" count="2" type="stmt"/>
      <line num="294" count="4" type="cond" truecount="4" falsecount="0"/>
      <line num="297" count="2" type="stmt"/>
      <line num="298" count="5" type="cond" truecount="5" falsecount="0"/>
    </file>
  </project>
</coverage>
