TN:
SF:src\FakeSchedulerAdapter.ts
FN:49,(anonymous_0)
FN:59,(anonymous_1)
FN:61,(anonymous_2)
FN:68,(anonymous_3)
FN:126,(anonymous_4)
FN:170,(anonymous_5)
FN:193,(anonymous_6)
FN:242,(anonymous_7)
FN:263,(anonymous_8)
FN:267,(anonymous_9)
FN:271,(anonymous_10)
FN:292,(anonymous_11)
FN:311,(anonymous_12)
FN:320,(anonymous_13)
FNF:14
FNH:11
FNDA:18,(anonymous_0)
FNDA:35,(anonymous_1)
FNDA:0,(anonymous_2)
FNDA:20,(anonymous_3)
FNDA:4,(anonymous_4)
FNDA:2,(anonymous_5)
FNDA:5,(anonymous_6)
FNDA:3,(anonymous_7)
FNDA:1,(anonymous_8)
FNDA:0,(anonymous_9)
FNDA:0,(anonymous_10)
FNDA:1,(anonymous_11)
FNDA:18,(anonymous_12)
FNDA:2,(anonymous_13)
DA:13,1
DA:15,1
DA:43,1
DA:44,18
DA:45,18
DA:46,18
DA:50,18
DA:60,35
DA:61,0
DA:69,20
DA:72,20
DA:73,1
DA:80,19
DA:83,18
DA:84,18
DA:87,18
DA:89,18
DA:91,1
DA:92,1
DA:95,17
DA:96,17
DA:99,18
DA:101,18
DA:118,18
DA:120,18
DA:127,4
DA:130,4
DA:131,0
DA:137,4
DA:139,4
DA:141,10
DA:142,7
DA:143,7
DA:144,7
DA:147,6
DA:148,6
DA:151,6
DA:152,6
DA:153,0
DA:154,0
DA:158,6
DA:161,4
DA:171,2
DA:174,2
DA:175,0
DA:181,2
DA:183,2
DA:184,1
DA:187,1
DA:194,5
DA:197,5
DA:198,0
DA:204,5
DA:206,5
DA:207,1
DA:210,4
DA:211,1
DA:214,3
DA:215,3
DA:217,3
DA:227,3
DA:228,3
DA:229,3
DA:231,3
DA:243,3
DA:246,3
DA:247,0
DA:253,3
DA:255,3
DA:256,1
DA:259,2
DA:262,2
DA:263,1
DA:265,2
DA:266,0
DA:267,0
DA:269,2
DA:270,0
DA:271,0
DA:275,2
DA:276,2
DA:277,2
DA:278,2
DA:280,2
DA:293,1
DA:295,1
DA:312,18
DA:313,18
DA:314,18
DA:321,2
LF:90
LH:79
BRDA:49,0,0,0
BRDA:51,1,0,18
BRDA:51,1,1,18
BRDA:52,2,0,18
BRDA:52,2,1,17
BRDA:60,3,0,0
BRDA:60,4,0,35
BRDA:60,4,1,0
BRDA:72,5,0,1
BRDA:89,6,0,1
BRDA:89,6,1,17
BRDA:111,7,0,18
BRDA:111,7,1,0
BRDA:112,8,0,0
BRDA:112,8,1,18
BRDA:114,9,0,1
BRDA:114,9,1,17
BRDA:130,10,0,0
BRDA:141,11,0,3
BRDA:142,12,0,0
BRDA:143,13,0,0
BRDA:143,14,0,7
BRDA:143,14,1,3
BRDA:144,15,0,1
BRDA:144,16,0,7
BRDA:144,16,1,3
BRDA:151,17,0,6
BRDA:151,17,1,6
BRDA:153,18,0,0
BRDA:174,19,0,0
BRDA:183,20,0,1
BRDA:197,21,0,0
BRDA:206,22,0,1
BRDA:210,23,0,1
BRDA:227,24,0,3
BRDA:227,24,1,3
BRDA:246,25,0,0
BRDA:255,26,0,1
BRDA:259,27,0,2
BRDA:259,27,1,0
BRDA:262,28,0,1
BRDA:265,29,0,0
BRDA:266,30,0,0
BRDA:266,30,1,0
BRDA:269,31,0,0
BRDA:270,32,0,0
BRDA:270,32,1,0
BRDA:275,33,0,2
BRDA:275,33,1,2
BRDA:276,34,0,0
BRDA:276,34,1,2
BRDA:283,35,0,0
BRDA:283,35,1,2
BRF:53
BRH:32
end_of_record
TN:
SF:src\RemoteSchedulerAdapter.ts
FN:34,(anonymous_1)
FN:66,(anonymous_2)
FN:68,(anonymous_3)
FN:86,(anonymous_4)
FN:96,(anonymous_5)
FN:98,(anonymous_6)
FN:99,(anonymous_7)
FN:129,(anonymous_8)
FN:149,(anonymous_9)
FN:180,(anonymous_10)
FN:197,(anonymous_11)
FN:208,(anonymous_12)
FN:219,(anonymous_13)
FN:247,(anonymous_14)
FN:268,(anonymous_15)
FN:289,(anonymous_16)
FNF:16
FNH:0
FNDA:0,(anonymous_1)
FNDA:0,(anonymous_2)
FNDA:0,(anonymous_3)
FNDA:0,(anonymous_4)
FNDA:0,(anonymous_5)
FNDA:0,(anonymous_6)
FNDA:0,(anonymous_7)
FNDA:0,(anonymous_8)
FNDA:0,(anonymous_9)
FNDA:0,(anonymous_10)
FNDA:0,(anonymous_11)
FNDA:0,(anonymous_12)
FNDA:0,(anonymous_13)
FNDA:0,(anonymous_14)
FNDA:0,(anonymous_15)
FNDA:0,(anonymous_16)
DA:11,0
DA:12,0
DA:14,0
DA:30,0
DA:36,0
DA:46,0
DA:56,0
DA:57,0
DA:67,0
DA:70,0
DA:71,0
DA:75,0
DA:76,0
DA:80,0
DA:84,0
DA:86,0
DA:97,0
DA:98,0
DA:100,0
DA:103,0
DA:104,0
DA:105,0
DA:114,0
DA:115,0
DA:116,0
DA:117,0
DA:119,0
DA:120,0
DA:122,0
DA:123,0
DA:126,0
DA:127,0
DA:129,0
DA:131,0
DA:136,0
DA:151,0
DA:154,0
DA:164,0
DA:174,0
DA:181,0
DA:191,0
DA:198,0
DA:202,0
DA:209,0
DA:213,0
DA:220,0
DA:222,0
DA:223,0
DA:224,0
DA:228,0
DA:229,0
DA:233,0
DA:234,0
DA:236,0
DA:241,0
DA:248,0
DA:249,0
DA:269,0
DA:270,0
DA:290,0
DA:291,0
LF:61
LH:0
BRDA:38,0,0,0
BRDA:38,0,1,0
BRDA:39,1,0,0
BRDA:39,1,1,0
BRDA:40,2,0,0
BRDA:40,2,1,0
BRDA:41,3,0,0
BRDA:41,3,1,0
BRDA:42,4,0,0
BRDA:42,4,1,0
BRDA:70,5,0,0
BRDA:75,6,0,0
BRDA:80,7,0,0
BRDA:103,8,0,0
BRDA:103,9,0,0
BRDA:103,9,1,0
BRDA:114,10,0,0
BRDA:114,10,1,0
BRDA:115,11,0,0
BRDA:115,11,1,0
BRDA:117,12,0,0
BRDA:117,12,1,0
BRDA:119,13,0,0
BRDA:119,14,0,0
BRDA:119,14,1,0
BRDA:120,15,0,0
BRDA:120,15,1,0
BRDA:122,16,0,0
BRDA:138,17,0,0
BRDA:138,17,1,0
BRDA:156,18,0,0
BRDA:156,18,1,0
BRDA:159,19,0,0
BRDA:159,19,1,0
BRDA:222,20,0,0
BRDA:223,21,0,0
BRDA:224,22,0,0
BRDA:224,22,1,0
BRDA:228,23,0,0
BRDA:229,24,0,0
BRDA:229,24,1,0
BRDA:233,25,0,0
BRDA:234,26,0,0
BRF:43
BRH:0
end_of_record
TN:
SF:src\types.ts
FN:154,(anonymous_0)
FN:206,validateScheduleType
FN:289,isErrorResponse
FN:293,isScheduleResponse
FN:297,isRunsResponse
FNF:5
FNH:5
FNDA:24,(anonymous_0)
FNDA:39,validateScheduleType
FNDA:5,isErrorResponse
FNDA:4,isScheduleResponse
FNDA:5,isRunsResponse
DA:153,2
DA:155,24
DA:157,24
DA:158,24
DA:160,24
DA:161,24
DA:206,2
DA:207,39
DA:209,39
DA:211,26
DA:212,3
DA:218,23
DA:219,2
DA:225,21
DA:226,2
DA:232,19
DA:235,5
DA:236,2
DA:242,3
DA:243,2
DA:249,1
DA:250,0
DA:256,1
DA:259,6
DA:260,2
DA:266,4
DA:267,2
DA:274,2
DA:277,2
DA:289,2
DA:290,5
DA:293,2
DA:294,4
DA:297,2
DA:298,5
LF:35
LH:34
BRDA:209,0,0,26
BRDA:209,0,1,5
BRDA:209,0,2,6
BRDA:209,0,3,2
BRDA:211,1,0,3
BRDA:218,2,0,2
BRDA:225,3,0,2
BRDA:235,4,0,2
BRDA:242,5,0,2
BRDA:249,6,0,0
BRDA:259,7,0,2
BRDA:266,8,0,2
BRDA:290,9,0,5
BRDA:290,9,1,4
BRDA:290,9,2,3
BRDA:290,9,3,3
BRDA:294,10,0,4
BRDA:294,10,1,3
BRDA:294,10,2,3
BRDA:294,10,3,3
BRDA:298,11,0,5
BRDA:298,11,1,4
BRDA:298,11,2,4
BRDA:298,11,3,4
BRDA:298,11,4,2
BRF:25
BRH:24
end_of_record
