{"D:\\hospital-management-V2\\backend\\services-v2\\identity-service\\src\\application\\services\\IAuthenticationService.ts": {"path":"D:\\hospital-management-V2\\backend\\services-v2\\identity-service\\src\\application\\services\\IAuthenticationService.ts","statementMap":{"0":{"start":{"line":194,"column":0},"end":{"line":194,"column":null}},"1":{"start":{"line":195,"column":2},"end":{"line":195,"column":null}},"2":{"start":{"line":196,"column":2},"end":{"line":196,"column":null}},"3":{"start":{"line":197,"column":2},"end":{"line":197,"column":27}}},"fnMap":{"0":{"name":"(anonymous_0)","decl":{"start":{"line":194,"column":0},"end":{"line":194,"column":12}},"loc":{"start":{"line":194,"column":23},"end":{"line":198,"column":1}}}},"branchMap":{"0":{"loc":{"start":{"line":194,"column":12},"end":{"line":194,"column":null}},"type":"binary-expr","locations":[{"start":{"line":194,"column":12},"end":{"line":194,"column":23}},{"start":{"line":194,"column":23},"end":{"line":194,"column":null}}]}},"s":{"0":0,"1":0,"2":0,"3":0},"f":{"0":0},"b":{"0":[0,0]}}
,"D:\\hospital-management-V2\\backend\\services-v2\\identity-service\\src\\application\\services\\ICircuitBreaker.ts": {"path":"D:\\hospital-management-V2\\backend\\services-v2\\identity-service\\src\\application\\services\\ICircuitBreaker.ts","statementMap":{"0":{"start":{"line":41,"column":0},"end":{"line":41,"column":null}},"1":{"start":{"line":42,"column":2},"end":{"line":42,"column":null}},"2":{"start":{"line":43,"column":2},"end":{"line":43,"column":null}},"3":{"start":{"line":44,"column":2},"end":{"line":44,"column":null}}},"fnMap":{"0":{"name":"(anonymous_0)","decl":{"start":{"line":41,"column":0},"end":{"line":41,"column":12}},"loc":{"start":{"line":41,"column":31},"end":{"line":45,"column":1}}}},"branchMap":{"0":{"loc":{"start":{"line":41,"column":12},"end":{"line":41,"column":null}},"type":"binary-expr","locations":[{"start":{"line":41,"column":12},"end":{"line":41,"column":31}},{"start":{"line":41,"column":31},"end":{"line":41,"column":null}}]}},"s":{"0":18,"1":18,"2":18,"3":18},"f":{"0":18},"b":{"0":[18,18]}}
,"D:\\hospital-management-V2\\backend\\services-v2\\identity-service\\src\\application\\services\\IDegradationService.ts": {"path":"D:\\hospital-management-V2\\backend\\services-v2\\identity-service\\src\\application\\services\\IDegradationService.ts","statementMap":{"0":{"start":{"line":11,"column":0},"end":{"line":11,"column":null}},"1":{"start":{"line":12,"column":2},"end":{"line":12,"column":null}},"2":{"start":{"line":13,"column":2},"end":{"line":13,"column":null}},"3":{"start":{"line":14,"column":2},"end":{"line":14,"column":null}},"4":{"start":{"line":15,"column":2},"end":{"line":15,"column":null}}},"fnMap":{"0":{"name":"(anonymous_0)","decl":{"start":{"line":11,"column":0},"end":{"line":11,"column":12}},"loc":{"start":{"line":11,"column":23},"end":{"line":16,"column":1}}}},"branchMap":{"0":{"loc":{"start":{"line":11,"column":12},"end":{"line":11,"column":null}},"type":"binary-expr","locations":[{"start":{"line":11,"column":12},"end":{"line":11,"column":23}},{"start":{"line":11,"column":23},"end":{"line":11,"column":null}}]}},"s":{"0":3,"1":3,"2":3,"3":3,"4":3},"f":{"0":3},"b":{"0":[3,3]}}
,"D:\\hospital-management-V2\\backend\\services-v2\\identity-service\\src\\application\\services\\IPermissionService.ts": {"path":"D:\\hospital-management-V2\\backend\\services-v2\\identity-service\\src\\application\\services\\IPermissionService.ts","statementMap":{"0":{"start":{"line":137,"column":0},"end":{"line":137,"column":16}},"1":{"start":{"line":144,"column":0},"end":{"line":144,"column":16}},"2":{"start":{"line":159,"column":0},"end":{"line":159,"column":16}},"3":{"start":{"line":30,"column":0},"end":{"line":30,"column":null}},"4":{"start":{"line":31,"column":2},"end":{"line":31,"column":null}},"5":{"start":{"line":32,"column":2},"end":{"line":32,"column":null}},"6":{"start":{"line":33,"column":2},"end":{"line":33,"column":null}},"7":{"start":{"line":34,"column":2},"end":{"line":34,"column":null}},"8":{"start":{"line":35,"column":2},"end":{"line":35,"column":null}},"9":{"start":{"line":36,"column":2},"end":{"line":36,"column":null}},"10":{"start":{"line":37,"column":2},"end":{"line":37,"column":null}},"11":{"start":{"line":43,"column":0},"end":{"line":43,"column":null}},"12":{"start":{"line":44,"column":2},"end":{"line":44,"column":null}},"13":{"start":{"line":45,"column":2},"end":{"line":45,"column":null}},"14":{"start":{"line":46,"column":2},"end":{"line":46,"column":null}},"15":{"start":{"line":47,"column":2},"end":{"line":47,"column":null}},"16":{"start":{"line":48,"column":2},"end":{"line":48,"column":null}},"17":{"start":{"line":49,"column":2},"end":{"line":49,"column":null}},"18":{"start":{"line":50,"column":2},"end":{"line":50,"column":18}},"19":{"start":{"line":138,"column":2},"end":{"line":138,"column":33}},"20":{"start":{"line":145,"column":16},"end":{"line":145,"column":37}},"21":{"start":{"line":146,"column":2},"end":{"line":148,"column":3}},"22":{"start":{"line":147,"column":4},"end":{"line":147,"column":16}},"23":{"start":{"line":149,"column":2},"end":{"line":152,"column":4}},"24":{"start":{"line":161,"column":2},"end":{"line":163,"column":3}},"25":{"start":{"line":162,"column":4},"end":{"line":162,"column":16}},"26":{"start":{"line":166,"column":2},"end":{"line":168,"column":3}},"27":{"start":{"line":167,"column":4},"end":{"line":167,"column":16}},"28":{"start":{"line":170,"column":20},"end":{"line":170,"column":45}},"29":{"start":{"line":171,"column":24},"end":{"line":171,"column":53}},"30":{"start":{"line":173,"column":2},"end":{"line":175,"column":3}},"31":{"start":{"line":174,"column":4},"end":{"line":174,"column":17}},"32":{"start":{"line":177,"column":37},"end":{"line":177,"column":46}},"33":{"start":{"line":178,"column":45},"end":{"line":178,"column":58}},"34":{"start":{"line":181,"column":2},"end":{"line":183,"column":3}},"35":{"start":{"line":182,"column":4},"end":{"line":182,"column":16}},"36":{"start":{"line":186,"column":2},"end":{"line":188,"column":3}},"37":{"start":{"line":187,"column":4},"end":{"line":187,"column":16}},"38":{"start":{"line":191,"column":2},"end":{"line":193,"column":3}},"39":{"start":{"line":192,"column":4},"end":{"line":192,"column":45}},"40":{"start":{"line":196,"column":2},"end":{"line":198,"column":3}},"41":{"start":{"line":197,"column":4},"end":{"line":197,"column":16}},"42":{"start":{"line":200,"column":2},"end":{"line":200,"column":15}}},"fnMap":{"0":{"name":"(anonymous_0)","decl":{"start":{"line":30,"column":0},"end":{"line":30,"column":12}},"loc":{"start":{"line":30,"column":24},"end":{"line":38,"column":1}}},"1":{"name":"(anonymous_1)","decl":{"start":{"line":43,"column":0},"end":{"line":43,"column":12}},"loc":{"start":{"line":43,"column":18},"end":{"line":51,"column":1}}},"2":{"name":"buildPermission","decl":{"start":{"line":137,"column":16},"end":{"line":137,"column":31}},"loc":{"start":{"line":137,"column":70},"end":{"line":139,"column":1}}},"3":{"name":"parsePermission","decl":{"start":{"line":144,"column":16},"end":{"line":144,"column":31}},"loc":{"start":{"line":144,"column":54},"end":{"line":153,"column":1}}},"4":{"name":"matchesPermission","decl":{"start":{"line":159,"column":16},"end":{"line":159,"column":33}},"loc":{"start":{"line":159,"column":92},"end":{"line":201,"column":1}}}},"branchMap":{"0":{"loc":{"start":{"line":30,"column":12},"end":{"line":30,"column":null}},"type":"binary-expr","locations":[{"start":{"line":30,"column":12},"end":{"line":30,"column":24}},{"start":{"line":30,"column":24},"end":{"line":30,"column":null}}]},"1":{"loc":{"start":{"line":43,"column":12},"end":{"line":43,"column":null}},"type":"binary-expr","locations":[{"start":{"line":43,"column":12},"end":{"line":43,"column":18}},{"start":{"line":43,"column":18},"end":{"line":43,"column":null}}]},"2":{"loc":{"start":{"line":146,"column":2},"end":{"line":148,"column":3}},"type":"if","locations":[{"start":{"line":146,"column":2},"end":{"line":148,"column":3}}]},"3":{"loc":{"start":{"line":161,"column":2},"end":{"line":163,"column":3}},"type":"if","locations":[{"start":{"line":161,"column":2},"end":{"line":163,"column":3}}]},"4":{"loc":{"start":{"line":166,"column":2},"end":{"line":168,"column":3}},"type":"if","locations":[{"start":{"line":166,"column":2},"end":{"line":168,"column":3}}]},"5":{"loc":{"start":{"line":173,"column":2},"end":{"line":175,"column":3}},"type":"if","locations":[{"start":{"line":173,"column":2},"end":{"line":175,"column":3}}]},"6":{"loc":{"start":{"line":173,"column":6},"end":{"line":173,"column":58}},"type":"binary-expr","locations":[{"start":{"line":173,"column":6},"end":{"line":173,"column":28}},{"start":{"line":173,"column":32},"end":{"line":173,"column":58}}]},"7":{"loc":{"start":{"line":181,"column":2},"end":{"line":183,"column":3}},"type":"if","locations":[{"start":{"line":181,"column":2},"end":{"line":183,"column":3}}]},"8":{"loc":{"start":{"line":181,"column":6},"end":{"line":181,"column":61}},"type":"binary-expr","locations":[{"start":{"line":181,"column":6},"end":{"line":181,"column":39}},{"start":{"line":181,"column":43},"end":{"line":181,"column":61}}]},"9":{"loc":{"start":{"line":186,"column":2},"end":{"line":188,"column":3}},"type":"if","locations":[{"start":{"line":186,"column":2},"end":{"line":188,"column":3}}]},"10":{"loc":{"start":{"line":186,"column":6},"end":{"line":186,"column":59}},"type":"binary-expr","locations":[{"start":{"line":186,"column":6},"end":{"line":186,"column":26}},{"start":{"line":186,"column":30},"end":{"line":186,"column":59}}]},"11":{"loc":{"start":{"line":191,"column":2},"end":{"line":193,"column":3}},"type":"if","locations":[{"start":{"line":191,"column":2},"end":{"line":193,"column":3}}]},"12":{"loc":{"start":{"line":191,"column":6},"end":{"line":191,"column":92}},"type":"binary-expr","locations":[{"start":{"line":191,"column":6},"end":{"line":191,"column":28}},{"start":{"line":191,"column":33},"end":{"line":191,"column":60}},{"start":{"line":191,"column":64},"end":{"line":191,"column":91}}]},"13":{"loc":{"start":{"line":196,"column":2},"end":{"line":198,"column":3}},"type":"if","locations":[{"start":{"line":196,"column":2},"end":{"line":198,"column":3}}]},"14":{"loc":{"start":{"line":196,"column":6},"end":{"line":196,"column":66}},"type":"binary-expr","locations":[{"start":{"line":196,"column":6},"end":{"line":196,"column":29}},{"start":{"line":196,"column":33},"end":{"line":196,"column":66}}]}},"s":{"0":1,"1":1,"2":1,"3":1,"4":1,"5":1,"6":1,"7":1,"8":1,"9":1,"10":1,"11":1,"12":1,"13":1,"14":1,"15":1,"16":1,"17":1,"18":1,"19":0,"20":0,"21":0,"22":0,"23":0,"24":0,"25":0,"26":0,"27":0,"28":0,"29":0,"30":0,"31":0,"32":0,"33":0,"34":0,"35":0,"36":0,"37":0,"38":0,"39":0,"40":0,"41":0,"42":0},"f":{"0":1,"1":1,"2":0,"3":0,"4":0},"b":{"0":[1,1],"1":[1,1],"2":[0],"3":[0],"4":[0],"5":[0],"6":[0,0],"7":[0],"8":[0,0],"9":[0],"10":[0,0],"11":[0],"12":[0,0,0],"13":[0],"14":[0,0]}}
,"D:\\hospital-management-V2\\backend\\services-v2\\identity-service\\src\\application\\use-cases\\AcceptStaffInvitationUseCase.ts": {"path":"D:\\hospital-management-V2\\backend\\services-v2\\identity-service\\src\\application\\use-cases\\AcceptStaffInvitationUseCase.ts","statementMap":{"0":{"start":{"line":19,"column":0},"end":{"line":19,"column":57}},"1":{"start":{"line":21,"column":0},"end":{"line":21,"column":82}},"2":{"start":{"line":22,"column":0},"end":{"line":22,"column":59}},"3":{"start":{"line":44,"column":21},"end":{"line":44,"column":52}},"4":{"start":{"line":45,"column":21},"end":{"line":45,"column":36}},"5":{"start":{"line":46,"column":21},"end":{"line":46,"column":53}},"6":{"start":{"line":50,"column":4},"end":{"line":164,"column":5}},"7":{"start":{"line":51,"column":6},"end":{"line":53,"column":9}},"8":{"start":{"line":56,"column":30},"end":{"line":56,"column":59}},"9":{"start":{"line":57,"column":6},"end":{"line":63,"column":7}},"10":{"start":{"line":58,"column":8},"end":{"line":62,"column":10}},"11":{"start":{"line":66,"column":25},"end":{"line":66,"column":97}},"12":{"start":{"line":68,"column":6},"end":{"line":77,"column":7}},"13":{"start":{"line":69,"column":8},"end":{"line":71,"column":11}},"14":{"start":{"line":72,"column":8},"end":{"line":76,"column":10}},"15":{"start":{"line":80,"column":20},"end":{"line":80,"column":50}},"16":{"start":{"line":81,"column":27},"end":{"line":81,"column":71}},"17":{"start":{"line":82,"column":6},"end":{"line":91,"column":7}},"18":{"start":{"line":83,"column":8},"end":{"line":85,"column":11}},"19":{"start":{"line":86,"column":8},"end":{"line":90,"column":10}},"20":{"start":{"line":94,"column":19},"end":{"line":106,"column":8}},"21":{"start":{"line":108,"column":6},"end":{"line":112,"column":9}},"22":{"start":{"line":115,"column":6},"end":{"line":123,"column":7}},"23":{"start":{"line":116,"column":8},"end":{"line":116,"column":89}},"24":{"start":{"line":118,"column":8},"end":{"line":121,"column":11}},"25":{"start":{"line":126,"column":6},"end":{"line":144,"column":7}},"26":{"start":{"line":127,"column":8},"end":{"line":143,"column":9}},"27":{"start":{"line":128,"column":31},"end":{"line":128,"column":58}},"28":{"start":{"line":129,"column":33},"end":{"line":129,"column":81}},"29":{"start":{"line":130,"column":10},"end":{"line":130,"column":65}},"30":{"start":{"line":131,"column":10},"end":{"line":131,"column":39}},"31":{"start":{"line":133,"column":10},"end":{"line":136,"column":13}},"32":{"start":{"line":138,"column":10},"end":{"line":141,"column":13}},"33":{"start":{"line":146,"column":6},"end":{"line":152,"column":8}},"34":{"start":{"line":155,"column":6},"end":{"line":157,"column":9}},"35":{"start":{"line":159,"column":6},"end":{"line":163,"column":8}},"36":{"start":{"line":168,"column":4},"end":{"line":170,"column":5}},"37":{"start":{"line":169,"column":6},"end":{"line":169,"column":38}},"38":{"start":{"line":172,"column":4},"end":{"line":174,"column":5}},"39":{"start":{"line":173,"column":6},"end":{"line":173,"column":48}},"40":{"start":{"line":176,"column":4},"end":{"line":178,"column":5}},"41":{"start":{"line":177,"column":6},"end":{"line":177,"column":44}},"42":{"start":{"line":180,"column":4},"end":{"line":182,"column":5}},"43":{"start":{"line":181,"column":6},"end":{"line":181,"column":46}},"44":{"start":{"line":184,"column":4},"end":{"line":186,"column":5}},"45":{"start":{"line":185,"column":6},"end":{"line":185,"column":65}},"46":{"start":{"line":188,"column":4},"end":{"line":188,"column":16}},"47":{"start":{"line":42,"column":0},"end":{"line":42,"column":13}}},"fnMap":{"0":{"name":"(anonymous_0)","decl":{"start":{"line":43,"column":2},"end":{"line":43,"column":null}},"loc":{"start":{"line":46,"column":53},"end":{"line":47,"column":6}}},"1":{"name":"(anonymous_1)","decl":{"start":{"line":49,"column":2},"end":{"line":49,"column":7}},"loc":{"start":{"line":49,"column":53},"end":{"line":165,"column":3}}},"2":{"name":"(anonymous_2)","decl":{"start":{"line":167,"column":10},"end":{"line":167,"column":25}},"loc":{"start":{"line":167,"column":63},"end":{"line":189,"column":3}}}},"branchMap":{"0":{"loc":{"start":{"line":57,"column":6},"end":{"line":63,"column":7}},"type":"if","locations":[{"start":{"line":57,"column":6},"end":{"line":63,"column":7}}]},"1":{"loc":{"start":{"line":68,"column":6},"end":{"line":77,"column":7}},"type":"if","locations":[{"start":{"line":68,"column":6},"end":{"line":77,"column":7}}]},"2":{"loc":{"start":{"line":68,"column":10},"end":{"line":68,"column":70}},"type":"binary-expr","locations":[{"start":{"line":68,"column":10},"end":{"line":68,"column":29}},{"start":{"line":68,"column":33},"end":{"line":68,"column":50}},{"start":{"line":68,"column":54},"end":{"line":68,"column":70}}]},"3":{"loc":{"start":{"line":82,"column":6},"end":{"line":91,"column":7}},"type":"if","locations":[{"start":{"line":82,"column":6},"end":{"line":91,"column":7}}]},"4":{"loc":{"start":{"line":126,"column":6},"end":{"line":144,"column":7}},"type":"if","locations":[{"start":{"line":126,"column":6},"end":{"line":144,"column":7}}]},"5":{"loc":{"start":{"line":168,"column":4},"end":{"line":170,"column":5}},"type":"if","locations":[{"start":{"line":168,"column":4},"end":{"line":170,"column":5}}]},"6":{"loc":{"start":{"line":168,"column":8},"end":{"line":168,"column":79}},"type":"binary-expr","locations":[{"start":{"line":168,"column":8},"end":{"line":168,"column":32}},{"start":{"line":168,"column":36},"end":{"line":168,"column":79}}]},"7":{"loc":{"start":{"line":172,"column":4},"end":{"line":174,"column":5}},"type":"if","locations":[{"start":{"line":172,"column":4},"end":{"line":174,"column":5}}]},"8":{"loc":{"start":{"line":172,"column":8},"end":{"line":172,"column":56}},"type":"binary-expr","locations":[{"start":{"line":172,"column":8},"end":{"line":172,"column":25}},{"start":{"line":172,"column":29},"end":{"line":172,"column":56}}]},"9":{"loc":{"start":{"line":176,"column":4},"end":{"line":178,"column":5}},"type":"if","locations":[{"start":{"line":176,"column":4},"end":{"line":178,"column":5}}]},"10":{"loc":{"start":{"line":180,"column":4},"end":{"line":182,"column":5}},"type":"if","locations":[{"start":{"line":180,"column":4},"end":{"line":182,"column":5}}]},"11":{"loc":{"start":{"line":180,"column":8},"end":{"line":180,"column":63}},"type":"binary-expr","locations":[{"start":{"line":180,"column":8},"end":{"line":180,"column":25}},{"start":{"line":180,"column":29},"end":{"line":180,"column":63}}]},"12":{"loc":{"start":{"line":184,"column":4},"end":{"line":186,"column":5}},"type":"if","locations":[{"start":{"line":184,"column":4},"end":{"line":186,"column":5}}]},"13":{"loc":{"start":{"line":184,"column":8},"end":{"line":184,"column":74}},"type":"binary-expr","locations":[{"start":{"line":184,"column":8},"end":{"line":184,"column":27}},{"start":{"line":184,"column":31},"end":{"line":184,"column":74}}]}},"s":{"0":1,"1":1,"2":1,"3":13,"4":13,"5":13,"6":13,"7":13,"8":13,"9":13,"10":5,"11":8,"12":8,"13":2,"14":2,"15":6,"16":6,"17":6,"18":1,"19":1,"20":5,"21":4,"22":4,"23":4,"24":1,"25":4,"26":0,"27":0,"28":0,"29":0,"30":0,"31":0,"32":0,"33":4,"34":1,"35":1,"36":13,"37":1,"38":12,"39":1,"40":11,"41":1,"42":10,"43":1,"44":9,"45":1,"46":8,"47":1},"f":{"0":13,"1":13,"2":13},"b":{"0":[5],"1":[2],"2":[8,6,6],"3":[1],"4":[0],"5":[1],"6":[13,12],"7":[1],"8":[12,12],"9":[1],"10":[1],"11":[10,10],"12":[1],"13":[9,8]}}
,"D:\\hospital-management-V2\\backend\\services-v2\\identity-service\\src\\application\\use-cases\\AssignRoleUseCase.ts": {"path":"D:\\hospital-management-V2\\backend\\services-v2\\identity-service\\src\\application\\use-cases\\AssignRoleUseCase.ts","statementMap":{"0":{"start":{"line":13,"column":0},"end":{"line":13,"column":87}},"1":{"start":{"line":14,"column":0},"end":{"line":14,"column":59}},"2":{"start":{"line":46,"column":12},"end":{"line":46,"column":43}},"3":{"start":{"line":47,"column":12},"end":{"line":47,"column":55}},"4":{"start":{"line":48,"column":12},"end":{"line":48,"column":27}},"5":{"start":{"line":40,"column":10},"end":{"line":40,"column":84}},"6":{"start":{"line":43,"column":19},"end":{"line":43,"column":89}},"7":{"start":{"line":52,"column":4},"end":{"line":62,"column":6}},"8":{"start":{"line":53,"column":18},"end":{"line":53,"column":43}},"9":{"start":{"line":55,"column":8},"end":{"line":55,"column":72}},"10":{"start":{"line":56,"column":8},"end":{"line":60,"column":10}},"11":{"start":{"line":66,"column":4},"end":{"line":165,"column":5}},"12":{"start":{"line":67,"column":6},"end":{"line":72,"column":9}},"13":{"start":{"line":75,"column":30},"end":{"line":75,"column":59}},"14":{"start":{"line":76,"column":6},"end":{"line":82,"column":7}},"15":{"start":{"line":77,"column":8},"end":{"line":81,"column":10}},"16":{"start":{"line":85,"column":23},"end":{"line":85,"column":56}},"17":{"start":{"line":88,"column":19},"end":{"line":88,"column":63}},"18":{"start":{"line":89,"column":6},"end":{"line":95,"column":7}},"19":{"start":{"line":90,"column":8},"end":{"line":94,"column":10}},"20":{"start":{"line":98,"column":31},"end":{"line":98,"column":45}},"21":{"start":{"line":99,"column":31},"end":{"line":99,"column":89}},"22":{"start":{"line":102,"column":6},"end":{"line":108,"column":7}},"23":{"start":{"line":103,"column":8},"end":{"line":107,"column":10}},"24":{"start":{"line":111,"column":6},"end":{"line":117,"column":7}},"25":{"start":{"line":112,"column":8},"end":{"line":116,"column":10}},"26":{"start":{"line":120,"column":25},"end":{"line":120,"column":70}},"27":{"start":{"line":121,"column":6},"end":{"line":127,"column":7}},"28":{"start":{"line":122,"column":8},"end":{"line":126,"column":10}},"29":{"start":{"line":131,"column":6},"end":{"line":135,"column":8}},"30":{"start":{"line":138,"column":6},"end":{"line":144,"column":9}},"31":{"start":{"line":146,"column":6},"end":{"line":151,"column":8}},"32":{"start":{"line":153,"column":6},"end":{"line":158,"column":9}},"33":{"start":{"line":160,"column":6},"end":{"line":164,"column":8}},"34":{"start":{"line":169,"column":4},"end":{"line":171,"column":5}},"35":{"start":{"line":170,"column":6},"end":{"line":170,"column":35}},"36":{"start":{"line":173,"column":4},"end":{"line":175,"column":5}},"37":{"start":{"line":174,"column":6},"end":{"line":174,"column":37}},"38":{"start":{"line":178,"column":26},"end":{"line":178,"column":56}},"39":{"start":{"line":179,"column":4},"end":{"line":181,"column":5}},"40":{"start":{"line":180,"column":6},"end":{"line":180,"column":90}},"41":{"start":{"line":184,"column":4},"end":{"line":184,"column":37}},"42":{"start":{"line":186,"column":4},"end":{"line":188,"column":5}},"43":{"start":{"line":187,"column":6},"end":{"line":187,"column":50}},"44":{"start":{"line":190,"column":4},"end":{"line":192,"column":5}},"45":{"start":{"line":191,"column":6},"end":{"line":191,"column":45}},"46":{"start":{"line":194,"column":4},"end":{"line":196,"column":5}},"47":{"start":{"line":195,"column":6},"end":{"line":195,"column":58}},"48":{"start":{"line":198,"column":4},"end":{"line":198,"column":16}},"49":{"start":{"line":37,"column":0},"end":{"line":37,"column":13}}},"fnMap":{"0":{"name":"(anonymous_0)","decl":{"start":{"line":45,"column":2},"end":{"line":45,"column":null}},"loc":{"start":{"line":48,"column":27},"end":{"line":49,"column":6}}},"1":{"name":"(anonymous_1)","decl":{"start":{"line":51,"column":2},"end":{"line":51,"column":7}},"loc":{"start":{"line":51,"column":42},"end":{"line":63,"column":3}}},"2":{"name":"(anonymous_2)","decl":{"start":{"line":53,"column":6},"end":{"line":53,"column":11}},"loc":{"start":{"line":53,"column":18},"end":{"line":53,"column":43}}},"3":{"name":"(anonymous_3)","decl":{"start":{"line":54,"column":6},"end":{"line":54,"column":11}},"loc":{"start":{"line":54,"column":17},"end":{"line":61,"column":7}}},"4":{"name":"(anonymous_4)","decl":{"start":{"line":65,"column":10},"end":{"line":65,"column":15}},"loc":{"start":{"line":65,"column":54},"end":{"line":166,"column":3}}},"5":{"name":"(anonymous_5)","decl":{"start":{"line":168,"column":10},"end":{"line":168,"column":25}},"loc":{"start":{"line":168,"column":52},"end":{"line":199,"column":3}}}},"branchMap":{"0":{"loc":{"start":{"line":76,"column":6},"end":{"line":82,"column":7}},"type":"if","locations":[{"start":{"line":76,"column":6},"end":{"line":82,"column":7}}]},"1":{"loc":{"start":{"line":89,"column":6},"end":{"line":95,"column":7}},"type":"if","locations":[{"start":{"line":89,"column":6},"end":{"line":95,"column":7}}]},"2":{"loc":{"start":{"line":99,"column":31},"end":{"line":99,"column":89}},"type":"cond-expr","locations":[{"start":{"line":99,"column":61},"end":{"line":99,"column":80}},{"start":{"line":99,"column":83},"end":{"line":99,"column":89}}]},"3":{"loc":{"start":{"line":102,"column":6},"end":{"line":108,"column":7}},"type":"if","locations":[{"start":{"line":102,"column":6},"end":{"line":108,"column":7}}]},"4":{"loc":{"start":{"line":111,"column":6},"end":{"line":117,"column":7}},"type":"if","locations":[{"start":{"line":111,"column":6},"end":{"line":117,"column":7}}]},"5":{"loc":{"start":{"line":121,"column":6},"end":{"line":127,"column":7}},"type":"if","locations":[{"start":{"line":121,"column":6},"end":{"line":127,"column":7}}]},"6":{"loc":{"start":{"line":169,"column":4},"end":{"line":171,"column":5}},"type":"if","locations":[{"start":{"line":169,"column":4},"end":{"line":171,"column":5}}]},"7":{"loc":{"start":{"line":169,"column":8},"end":{"line":169,"column":61}},"type":"binary-expr","locations":[{"start":{"line":169,"column":8},"end":{"line":169,"column":23}},{"start":{"line":169,"column":27},"end":{"line":169,"column":61}}]},"8":{"loc":{"start":{"line":173,"column":4},"end":{"line":175,"column":5}},"type":"if","locations":[{"start":{"line":173,"column":4},"end":{"line":175,"column":5}}]},"9":{"loc":{"start":{"line":173,"column":8},"end":{"line":173,"column":65}},"type":"binary-expr","locations":[{"start":{"line":173,"column":8},"end":{"line":173,"column":25}},{"start":{"line":173,"column":29},"end":{"line":173,"column":65}}]},"10":{"loc":{"start":{"line":179,"column":4},"end":{"line":181,"column":5}},"type":"if","locations":[{"start":{"line":179,"column":4},"end":{"line":181,"column":5}}]},"11":{"loc":{"start":{"line":186,"column":4},"end":{"line":188,"column":5}},"type":"if","locations":[{"start":{"line":186,"column":4},"end":{"line":188,"column":5}}]},"12":{"loc":{"start":{"line":186,"column":8},"end":{"line":186,"column":69}},"type":"binary-expr","locations":[{"start":{"line":186,"column":8},"end":{"line":186,"column":27}},{"start":{"line":186,"column":31},"end":{"line":186,"column":69}}]},"13":{"loc":{"start":{"line":190,"column":4},"end":{"line":192,"column":5}},"type":"if","locations":[{"start":{"line":190,"column":4},"end":{"line":192,"column":5}}]},"14":{"loc":{"start":{"line":190,"column":8},"end":{"line":190,"column":61}},"type":"binary-expr","locations":[{"start":{"line":190,"column":8},"end":{"line":190,"column":23}},{"start":{"line":190,"column":27},"end":{"line":190,"column":61}}]},"15":{"loc":{"start":{"line":194,"column":4},"end":{"line":196,"column":5}},"type":"if","locations":[{"start":{"line":194,"column":4},"end":{"line":196,"column":5}}]}},"s":{"0":1,"1":1,"2":11,"3":11,"4":11,"5":11,"6":11,"7":11,"8":11,"9":0,"10":0,"11":11,"12":11,"13":11,"14":11,"15":4,"16":7,"17":7,"18":6,"19":1,"20":5,"21":5,"22":5,"23":1,"24":4,"25":1,"26":3,"27":3,"28":0,"29":3,"30":2,"31":2,"32":2,"33":2,"34":11,"35":1,"36":10,"37":1,"38":9,"39":9,"40":1,"41":8,"42":8,"43":1,"44":7,"45":0,"46":7,"47":0,"48":7,"49":1},"f":{"0":11,"1":11,"2":11,"3":0,"4":11,"5":11},"b":{"0":[4],"1":[1],"2":[5,0],"3":[1],"4":[1],"5":[0],"6":[1],"7":[11,10],"8":[1],"9":[10,9],"10":[1],"11":[1],"12":[8,7],"13":[0],"14":[7,7],"15":[0]}}
,"D:\\hospital-management-V2\\backend\\services-v2\\identity-service\\src\\application\\use-cases\\AuthenticateUserUseCase.ts": {"path":"D:\\hospital-management-V2\\backend\\services-v2\\identity-service\\src\\application\\use-cases\\AuthenticateUserUseCase.ts","statementMap":{"0":{"start":{"line":1,"column":0},"end":{"line":1,"column":59}},"1":{"start":{"line":14,"column":0},"end":{"line":14,"column":91}},"2":{"start":{"line":20,"column":0},"end":{"line":20,"column":57}},"3":{"start":{"line":21,"column":0},"end":{"line":21,"column":64}},"4":{"start":{"line":24,"column":0},"end":{"line":24,"column":82}},"5":{"start":{"line":54,"column":12},"end":{"line":54,"column":43}},"6":{"start":{"line":55,"column":12},"end":{"line":55,"column":47}},"7":{"start":{"line":56,"column":12},"end":{"line":56,"column":51}},"8":{"start":{"line":57,"column":12},"end":{"line":57,"column":43}},"9":{"start":{"line":58,"column":12},"end":{"line":58,"column":27}},"10":{"start":{"line":59,"column":12},"end":{"line":59,"column":55}},"11":{"start":{"line":60,"column":12},"end":{"line":60,"column":44}},"12":{"start":{"line":67,"column":22},"end":{"line":67,"column":32}},"13":{"start":{"line":69,"column":4},"end":{"line":115,"column":5}},"14":{"start":{"line":71,"column":6},"end":{"line":71,"column":36}},"15":{"start":{"line":74,"column":6},"end":{"line":78,"column":9}},"16":{"start":{"line":81,"column":25},"end":{"line":83,"column":null}},"17":{"start":{"line":82,"column":14},"end":{"line":82,"column":49}},"18":{"start":{"line":83,"column":14},"end":{"line":83,"column":57}},"19":{"start":{"line":87,"column":6},"end":{"line":98,"column":7}},"20":{"start":{"line":88,"column":8},"end":{"line":92,"column":11}},"21":{"start":{"line":95,"column":8},"end":{"line":97,"column":9}},"22":{"start":{"line":96,"column":10},"end":{"line":96,"column":81}},"23":{"start":{"line":100,"column":6},"end":{"line":100,"column":44}},"24":{"start":{"line":103,"column":6},"end":{"line":108,"column":9}},"25":{"start":{"line":110,"column":6},"end":{"line":114,"column":8}},"26":{"start":{"line":122,"column":18},"end":{"line":122,"column":45}},"27":{"start":{"line":124,"column":4},"end":{"line":266,"column":5}},"28":{"start":{"line":126,"column":28},"end":{"line":126,"column":80}},"29":{"start":{"line":127,"column":6},"end":{"line":143,"column":7}},"30":{"start":{"line":128,"column":8},"end":{"line":131,"column":11}},"31":{"start":{"line":134,"column":8},"end":{"line":140,"column":10}},"32":{"start":{"line":142,"column":8},"end":{"line":142,"column":121}},"33":{"start":{"line":147,"column":25},"end":{"line":150,"column":8}},"34":{"start":{"line":152,"column":6},"end":{"line":163,"column":7}},"35":{"start":{"line":154,"column":8},"end":{"line":160,"column":10}},"36":{"start":{"line":162,"column":8},"end":{"line":162,"column":69}},"37":{"start":{"line":166,"column":19},"end":{"line":166,"column":63}},"38":{"start":{"line":168,"column":6},"end":{"line":179,"column":7}},"39":{"start":{"line":170,"column":8},"end":{"line":176,"column":10}},"40":{"start":{"line":178,"column":8},"end":{"line":178,"column":52}},"41":{"start":{"line":182,"column":6},"end":{"line":193,"column":7}},"42":{"start":{"line":184,"column":8},"end":{"line":190,"column":10}},"43":{"start":{"line":192,"column":8},"end":{"line":192,"column":55}},"44":{"start":{"line":196,"column":6},"end":{"line":201,"column":8}},"45":{"start":{"line":204,"column":6},"end":{"line":207,"column":8}},"46":{"start":{"line":211,"column":24},"end":{"line":211,"column":84}},"47":{"start":{"line":212,"column":31},"end":{"line":218,"column":null}},"48":{"start":{"line":220,"column":6},"end":{"line":220,"column":64}},"49":{"start":{"line":223,"column":20},"end":{"line":223,"column":71}},"50":{"start":{"line":224,"column":26},"end":{"line":224,"column":115}},"51":{"start":{"line":227,"column":6},"end":{"line":245,"column":7}},"52":{"start":{"line":228,"column":8},"end":{"line":244,"column":9}},"53":{"start":{"line":229,"column":31},"end":{"line":229,"column":58}},"54":{"start":{"line":230,"column":33},"end":{"line":230,"column":81}},"55":{"start":{"line":231,"column":10},"end":{"line":231,"column":65}},"56":{"start":{"line":232,"column":10},"end":{"line":232,"column":39}},"57":{"start":{"line":234,"column":10},"end":{"line":237,"column":13}},"58":{"start":{"line":239,"column":10},"end":{"line":242,"column":13}},"59":{"start":{"line":247,"column":6},"end":{"line":250,"column":9}},"60":{"start":{"line":252,"column":6},"end":{"line":259,"column":8}},"61":{"start":{"line":261,"column":6},"end":{"line":264,"column":9}},"62":{"start":{"line":265,"column":6},"end":{"line":265,"column":18}},"63":{"start":{"line":273,"column":4},"end":{"line":275,"column":7}},"64":{"start":{"line":277,"column":41},"end":{"line":281,"column":6}},"65":{"start":{"line":283,"column":4},"end":{"line":283,"column":71}},"66":{"start":{"line":290,"column":29},"end":{"line":290,"column":31}},"67":{"start":{"line":292,"column":4},"end":{"line":294,"column":5}},"68":{"start":{"line":293,"column":6},"end":{"line":293,"column":47}},"69":{"start":{"line":296,"column":4},"end":{"line":298,"column":5}},"70":{"start":{"line":297,"column":6},"end":{"line":297,"column":54}},"71":{"start":{"line":300,"column":4},"end":{"line":302,"column":5}},"72":{"start":{"line":301,"column":6},"end":{"line":301,"column":52}},"73":{"start":{"line":304,"column":4},"end":{"line":306,"column":5}},"74":{"start":{"line":305,"column":6},"end":{"line":305,"column":52}},"75":{"start":{"line":309,"column":4},"end":{"line":313,"column":5}},"76":{"start":{"line":310,"column":6},"end":{"line":310,"column":34}},"77":{"start":{"line":312,"column":6},"end":{"line":312,"column":50}},"78":{"start":{"line":315,"column":4},"end":{"line":317,"column":5}},"79":{"start":{"line":316,"column":6},"end":{"line":316,"column":65}},"80":{"start":{"line":326,"column":4},"end":{"line":336,"column":6}},"81":{"start":{"line":343,"column":4},"end":{"line":345,"column":5}},"82":{"start":{"line":344,"column":6},"end":{"line":344,"column":23}},"83":{"start":{"line":348,"column":22},"end":{"line":348,"column":32}},"84":{"start":{"line":349,"column":23},"end":{"line":349,"column":62}},"85":{"start":{"line":350,"column":4},"end":{"line":350,"column":69}},"86":{"start":{"line":358,"column":29},"end":{"line":358,"column":48}},"87":{"start":{"line":359,"column":4},"end":{"line":359,"column":84}},"88":{"start":{"line":359,"column":42},"end":{"line":359,"column":73}},"89":{"start":{"line":52,"column":0},"end":{"line":52,"column":13}}},"fnMap":{"0":{"name":"(anonymous_1)","decl":{"start":{"line":66,"column":2},"end":{"line":66,"column":7}},"loc":{"start":{"line":66,"column":48},"end":{"line":116,"column":3}}},"1":{"name":"(anonymous_2)","decl":{"start":{"line":82,"column":8},"end":{"line":82,"column":11}},"loc":{"start":{"line":82,"column":14},"end":{"line":82,"column":49}}},"2":{"name":"(anonymous_3)","decl":{"start":{"line":83,"column":8},"end":{"line":83,"column":11}},"loc":{"start":{"line":83,"column":14},"end":{"line":83,"column":57}}},"3":{"name":"(anonymous_4)","decl":{"start":{"line":121,"column":10},"end":{"line":121,"column":15}},"loc":{"start":{"line":121,"column":70},"end":{"line":267,"column":3}}},"4":{"name":"(anonymous_5)","decl":{"start":{"line":272,"column":10},"end":{"line":272,"column":15}},"loc":{"start":{"line":272,"column":78},"end":{"line":284,"column":3}}},"5":{"name":"(anonymous_6)","decl":{"start":{"line":289,"column":10},"end":{"line":289,"column":25}},"loc":{"start":{"line":289,"column":58},"end":{"line":318,"column":3}}},"6":{"name":"(anonymous_7)","decl":{"start":{"line":325,"column":10},"end":{"line":325,"column":23}},"loc":{"start":{"line":325,"column":46},"end":{"line":337,"column":3}}},"7":{"name":"(anonymous_8)","decl":{"start":{"line":342,"column":10},"end":{"line":342,"column":30}},"loc":{"start":{"line":342,"column":53},"end":{"line":351,"column":3}}},"8":{"name":"(anonymous_9)","decl":{"start":{"line":356,"column":10},"end":{"line":356,"column":26}},"loc":{"start":{"line":356,"column":49},"end":{"line":360,"column":3}}},"9":{"name":"(anonymous_10)","decl":{"start":{"line":359,"column":34},"end":{"line":359,"column":38}},"loc":{"start":{"line":359,"column":42},"end":{"line":359,"column":73}}}},"branchMap":{"0":{"loc":{"start":{"line":87,"column":6},"end":{"line":98,"column":7}},"type":"if","locations":[{"start":{"line":87,"column":6},"end":{"line":98,"column":7}}]},"1":{"loc":{"start":{"line":95,"column":8},"end":{"line":97,"column":9}},"type":"if","locations":[{"start":{"line":95,"column":8},"end":{"line":97,"column":9}}]},"2":{"loc":{"start":{"line":127,"column":6},"end":{"line":143,"column":7}},"type":"if","locations":[{"start":{"line":127,"column":6},"end":{"line":143,"column":7}}]},"3":{"loc":{"start":{"line":152,"column":6},"end":{"line":163,"column":7}},"type":"if","locations":[{"start":{"line":152,"column":6},"end":{"line":163,"column":7}}]},"4":{"loc":{"start":{"line":152,"column":10},"end":{"line":152,"column":56}},"type":"binary-expr","locations":[{"start":{"line":152,"column":10},"end":{"line":152,"column":29}},{"start":{"line":152,"column":33},"end":{"line":152,"column":56}}]},"5":{"loc":{"start":{"line":159,"column":10},"end":{"line":159,"column":51}},"type":"binary-expr","locations":[{"start":{"line":159,"column":10},"end":{"line":159,"column":26}},{"start":{"line":159,"column":30},"end":{"line":159,"column":51}}]},"6":{"loc":{"start":{"line":162,"column":24},"end":{"line":162,"column":67}},"type":"binary-expr","locations":[{"start":{"line":162,"column":24},"end":{"line":162,"column":40}},{"start":{"line":162,"column":44},"end":{"line":162,"column":67}}]},"7":{"loc":{"start":{"line":168,"column":6},"end":{"line":179,"column":7}},"type":"if","locations":[{"start":{"line":168,"column":6},"end":{"line":179,"column":7}}]},"8":{"loc":{"start":{"line":182,"column":6},"end":{"line":193,"column":7}},"type":"if","locations":[{"start":{"line":182,"column":6},"end":{"line":193,"column":7}}]},"9":{"loc":{"start":{"line":211,"column":47},"end":{"line":211,"column":75}},"type":"binary-expr","locations":[{"start":{"line":211,"column":47},"end":{"line":211,"column":67}},{"start":{"line":211,"column":71},"end":{"line":211,"column":75}}]},"10":{"loc":{"start":{"line":215,"column":8},"end":{"line":215,"column":32}},"type":"binary-expr","locations":[{"start":{"line":215,"column":8},"end":{"line":215,"column":26}},{"start":{"line":215,"column":30},"end":{"line":215,"column":32}}]},"11":{"loc":{"start":{"line":224,"column":26},"end":{"line":224,"column":115}},"type":"binary-expr","locations":[{"start":{"line":224,"column":26},"end":{"line":224,"column":48}},{"start":{"line":224,"column":52},"end":{"line":224,"column":115}}]},"12":{"loc":{"start":{"line":227,"column":6},"end":{"line":245,"column":7}},"type":"if","locations":[{"start":{"line":227,"column":6},"end":{"line":245,"column":7}}]},"13":{"loc":{"start":{"line":292,"column":4},"end":{"line":294,"column":5}},"type":"if","locations":[{"start":{"line":292,"column":4},"end":{"line":294,"column":5}}]},"14":{"loc":{"start":{"line":292,"column":8},"end":{"line":292,"column":59}},"type":"binary-expr","locations":[{"start":{"line":292,"column":8},"end":{"line":292,"column":22}},{"start":{"line":292,"column":26},"end":{"line":292,"column":59}}]},"15":{"loc":{"start":{"line":296,"column":4},"end":{"line":298,"column":5}},"type":"if","locations":[{"start":{"line":296,"column":4},"end":{"line":298,"column":5}}]},"16":{"loc":{"start":{"line":296,"column":8},"end":{"line":296,"column":56}},"type":"binary-expr","locations":[{"start":{"line":296,"column":8},"end":{"line":296,"column":25}},{"start":{"line":296,"column":29},"end":{"line":296,"column":56}}]},"17":{"loc":{"start":{"line":300,"column":4},"end":{"line":302,"column":5}},"type":"if","locations":[{"start":{"line":300,"column":4},"end":{"line":302,"column":5}}]},"18":{"loc":{"start":{"line":304,"column":4},"end":{"line":306,"column":5}},"type":"if","locations":[{"start":{"line":304,"column":4},"end":{"line":306,"column":5}}]},"19":{"loc":{"start":{"line":315,"column":4},"end":{"line":317,"column":5}},"type":"if","locations":[{"start":{"line":315,"column":4},"end":{"line":317,"column":5}}]},"20":{"loc":{"start":{"line":343,"column":4},"end":{"line":345,"column":5}},"type":"if","locations":[{"start":{"line":343,"column":4},"end":{"line":345,"column":5}}]},"21":{"loc":{"start":{"line":343,"column":8},"end":{"line":343,"column":49}},"type":"binary-expr","locations":[{"start":{"line":343,"column":8},"end":{"line":343,"column":27}},{"start":{"line":343,"column":31},"end":{"line":343,"column":49}}]},"22":{"loc":{"start":{"line":359,"column":11},"end":{"line":359,"column":83}},"type":"binary-expr","locations":[{"start":{"line":359,"column":11},"end":{"line":359,"column":74}},{"start":{"line":359,"column":78},"end":{"line":359,"column":83}}]}},"s":{"0":1,"1":1,"2":1,"3":1,"4":1,"5":8,"6":8,"7":8,"8":8,"9":8,"10":8,"11":8,"12":8,"13":8,"14":8,"15":6,"16":6,"17":6,"18":0,"19":3,"20":3,"21":3,"22":3,"23":3,"24":5,"25":4,"26":6,"27":6,"28":6,"29":6,"30":0,"31":0,"32":0,"33":6,"34":6,"35":1,"36":1,"37":5,"38":5,"39":1,"40":1,"41":4,"42":1,"43":1,"44":3,"45":3,"46":3,"47":3,"48":3,"49":3,"50":3,"51":3,"52":0,"53":0,"54":0,"55":0,"56":0,"57":0,"58":0,"59":3,"60":3,"61":3,"62":3,"63":0,"64":0,"65":0,"66":8,"67":8,"68":1,"69":8,"70":1,"71":8,"72":0,"73":8,"74":0,"75":8,"76":8,"77":1,"78":8,"79":2,"80":3,"81":3,"82":0,"83":3,"84":3,"85":3,"86":3,"87":3,"88":3,"89":1},"f":{"0":8,"1":6,"2":0,"3":6,"4":0,"5":8,"6":3,"7":3,"8":3,"9":3},"b":{"0":[3],"1":[3],"2":[0],"3":[1],"4":[6,5],"5":[1,0],"6":[1,0],"7":[1],"8":[1],"9":[3,0],"10":[3,3],"11":[3,3],"12":[0],"13":[1],"14":[8,7],"15":[1],"16":[8,8],"17":[0],"18":[0],"19":[2],"20":[0],"21":[3,3],"22":[3,3]}}
,"D:\\hospital-management-V2\\backend\\services-v2\\identity-service\\src\\application\\use-cases\\ChangePasswordUseCase.ts": {"path":"D:\\hospital-management-V2\\backend\\services-v2\\identity-service\\src\\application\\use-cases\\ChangePasswordUseCase.ts","statementMap":{"0":{"start":{"line":15,"column":0},"end":{"line":15,"column":87}},"1":{"start":{"line":16,"column":0},"end":{"line":16,"column":59}},"2":{"start":{"line":45,"column":12},"end":{"line":45,"column":47}},"3":{"start":{"line":46,"column":12},"end":{"line":46,"column":43}},"4":{"start":{"line":47,"column":12},"end":{"line":47,"column":63}},"5":{"start":{"line":48,"column":12},"end":{"line":48,"column":49}},"6":{"start":{"line":49,"column":12},"end":{"line":49,"column":27}},"7":{"start":{"line":42,"column":10},"end":{"line":42,"column":88}},"8":{"start":{"line":53,"column":4},"end":{"line":63,"column":6}},"9":{"start":{"line":54,"column":18},"end":{"line":54,"column":43}},"10":{"start":{"line":56,"column":8},"end":{"line":56,"column":76}},"11":{"start":{"line":57,"column":8},"end":{"line":61,"column":10}},"12":{"start":{"line":67,"column":4},"end":{"line":165,"column":5}},"13":{"start":{"line":68,"column":6},"end":{"line":70,"column":9}},"14":{"start":{"line":73,"column":30},"end":{"line":73,"column":59}},"15":{"start":{"line":74,"column":6},"end":{"line":80,"column":7}},"16":{"start":{"line":75,"column":8},"end":{"line":79,"column":10}},"17":{"start":{"line":83,"column":23},"end":{"line":83,"column":56}},"18":{"start":{"line":84,"column":19},"end":{"line":84,"column":63}},"19":{"start":{"line":85,"column":6},"end":{"line":91,"column":7}},"20":{"start":{"line":86,"column":8},"end":{"line":90,"column":10}},"21":{"start":{"line":94,"column":25},"end":{"line":97,"column":8}},"22":{"start":{"line":99,"column":6},"end":{"line":108,"column":7}},"23":{"start":{"line":100,"column":8},"end":{"line":102,"column":11}},"24":{"start":{"line":103,"column":8},"end":{"line":107,"column":10}},"25":{"start":{"line":111,"column":29},"end":{"line":111,"column":77}},"26":{"start":{"line":112,"column":31},"end":{"line":112,"column":75}},"27":{"start":{"line":114,"column":6},"end":{"line":120,"column":7}},"28":{"start":{"line":115,"column":8},"end":{"line":119,"column":10}},"29":{"start":{"line":123,"column":6},"end":{"line":129,"column":7}},"30":{"start":{"line":124,"column":8},"end":{"line":128,"column":10}},"31":{"start":{"line":132,"column":6},"end":{"line":132,"column":81}},"32":{"start":{"line":135,"column":38},"end":{"line":135,"column":79}},"33":{"start":{"line":136,"column":6},"end":{"line":141,"column":7}},"34":{"start":{"line":137,"column":8},"end":{"line":137,"column":71}},"35":{"start":{"line":138,"column":8},"end":{"line":140,"column":11}},"36":{"start":{"line":143,"column":6},"end":{"line":146,"column":9}},"37":{"start":{"line":148,"column":6},"end":{"line":153,"column":8}},"38":{"start":{"line":155,"column":6},"end":{"line":158,"column":9}},"39":{"start":{"line":160,"column":6},"end":{"line":164,"column":8}},"40":{"start":{"line":169,"column":4},"end":{"line":171,"column":5}},"41":{"start":{"line":170,"column":6},"end":{"line":170,"column":35}},"42":{"start":{"line":173,"column":4},"end":{"line":175,"column":5}},"43":{"start":{"line":174,"column":6},"end":{"line":174,"column":45}},"44":{"start":{"line":177,"column":4},"end":{"line":179,"column":5}},"45":{"start":{"line":178,"column":6},"end":{"line":178,"column":40}},"46":{"start":{"line":181,"column":4},"end":{"line":183,"column":5}},"47":{"start":{"line":182,"column":6},"end":{"line":182,"column":45}},"48":{"start":{"line":185,"column":4},"end":{"line":187,"column":5}},"49":{"start":{"line":186,"column":6},"end":{"line":186,"column":60}},"50":{"start":{"line":189,"column":4},"end":{"line":191,"column":5}},"51":{"start":{"line":190,"column":6},"end":{"line":190,"column":52}},"52":{"start":{"line":193,"column":4},"end":{"line":193,"column":16}},"53":{"start":{"line":39,"column":0},"end":{"line":39,"column":13}}},"fnMap":{"0":{"name":"(anonymous_0)","decl":{"start":{"line":44,"column":2},"end":{"line":44,"column":null}},"loc":{"start":{"line":49,"column":27},"end":{"line":50,"column":6}}},"1":{"name":"(anonymous_1)","decl":{"start":{"line":52,"column":2},"end":{"line":52,"column":7}},"loc":{"start":{"line":52,"column":46},"end":{"line":64,"column":3}}},"2":{"name":"(anonymous_2)","decl":{"start":{"line":54,"column":6},"end":{"line":54,"column":11}},"loc":{"start":{"line":54,"column":18},"end":{"line":54,"column":43}}},"3":{"name":"(anonymous_3)","decl":{"start":{"line":55,"column":6},"end":{"line":55,"column":11}},"loc":{"start":{"line":55,"column":17},"end":{"line":62,"column":7}}},"4":{"name":"(anonymous_4)","decl":{"start":{"line":66,"column":10},"end":{"line":66,"column":15}},"loc":{"start":{"line":66,"column":58},"end":{"line":166,"column":3}}},"5":{"name":"(anonymous_5)","decl":{"start":{"line":168,"column":10},"end":{"line":168,"column":25}},"loc":{"start":{"line":168,"column":56},"end":{"line":194,"column":3}}}},"branchMap":{"0":{"loc":{"start":{"line":74,"column":6},"end":{"line":80,"column":7}},"type":"if","locations":[{"start":{"line":74,"column":6},"end":{"line":80,"column":7}}]},"1":{"loc":{"start":{"line":85,"column":6},"end":{"line":91,"column":7}},"type":"if","locations":[{"start":{"line":85,"column":6},"end":{"line":91,"column":7}}]},"2":{"loc":{"start":{"line":99,"column":6},"end":{"line":108,"column":7}},"type":"if","locations":[{"start":{"line":99,"column":6},"end":{"line":108,"column":7}}]},"3":{"loc":{"start":{"line":114,"column":6},"end":{"line":120,"column":7}},"type":"if","locations":[{"start":{"line":114,"column":6},"end":{"line":120,"column":7}}]},"4":{"loc":{"start":{"line":123,"column":6},"end":{"line":129,"column":7}},"type":"if","locations":[{"start":{"line":123,"column":6},"end":{"line":129,"column":7}}]},"5":{"loc":{"start":{"line":136,"column":6},"end":{"line":141,"column":7}},"type":"if","locations":[{"start":{"line":136,"column":6},"end":{"line":141,"column":7}}]},"6":{"loc":{"start":{"line":150,"column":17},"end":{"line":152,"column":51}},"type":"cond-expr","locations":[{"start":{"line":151,"column":12},"end":{"line":151,"column":94}},{"start":{"line":152,"column":12},"end":{"line":152,"column":51}}]},"7":{"loc":{"start":{"line":169,"column":4},"end":{"line":171,"column":5}},"type":"if","locations":[{"start":{"line":169,"column":4},"end":{"line":171,"column":5}}]},"8":{"loc":{"start":{"line":169,"column":8},"end":{"line":169,"column":61}},"type":"binary-expr","locations":[{"start":{"line":169,"column":8},"end":{"line":169,"column":23}},{"start":{"line":169,"column":27},"end":{"line":169,"column":61}}]},"9":{"loc":{"start":{"line":173,"column":4},"end":{"line":175,"column":5}},"type":"if","locations":[{"start":{"line":173,"column":4},"end":{"line":175,"column":5}}]},"10":{"loc":{"start":{"line":173,"column":8},"end":{"line":173,"column":79}},"type":"binary-expr","locations":[{"start":{"line":173,"column":8},"end":{"line":173,"column":32}},{"start":{"line":173,"column":36},"end":{"line":173,"column":79}}]},"11":{"loc":{"start":{"line":177,"column":4},"end":{"line":179,"column":5}},"type":"if","locations":[{"start":{"line":177,"column":4},"end":{"line":179,"column":5}}]},"12":{"loc":{"start":{"line":177,"column":8},"end":{"line":177,"column":71}},"type":"binary-expr","locations":[{"start":{"line":177,"column":8},"end":{"line":177,"column":28}},{"start":{"line":177,"column":32},"end":{"line":177,"column":71}}]},"13":{"loc":{"start":{"line":181,"column":4},"end":{"line":183,"column":5}},"type":"if","locations":[{"start":{"line":181,"column":4},"end":{"line":183,"column":5}}]},"14":{"loc":{"start":{"line":181,"column":8},"end":{"line":181,"column":79}},"type":"binary-expr","locations":[{"start":{"line":181,"column":8},"end":{"line":181,"column":32}},{"start":{"line":181,"column":36},"end":{"line":181,"column":79}}]},"15":{"loc":{"start":{"line":185,"column":4},"end":{"line":187,"column":5}},"type":"if","locations":[{"start":{"line":185,"column":4},"end":{"line":187,"column":5}}]},"16":{"loc":{"start":{"line":189,"column":4},"end":{"line":191,"column":5}},"type":"if","locations":[{"start":{"line":189,"column":4},"end":{"line":191,"column":5}}]}},"s":{"0":1,"1":1,"2":7,"3":7,"4":7,"5":7,"6":7,"7":7,"8":7,"9":7,"10":0,"11":0,"12":7,"13":7,"14":7,"15":7,"16":0,"17":7,"18":7,"19":7,"20":1,"21":6,"22":5,"23":1,"24":1,"25":4,"26":4,"27":4,"28":1,"29":3,"30":1,"31":2,"32":2,"33":2,"34":1,"35":1,"36":2,"37":2,"38":1,"39":1,"40":7,"41":0,"42":7,"43":0,"44":7,"45":0,"46":7,"47":0,"48":7,"49":0,"50":7,"51":0,"52":7,"53":1},"f":{"0":7,"1":7,"2":7,"3":0,"4":7,"5":7},"b":{"0":[0],"1":[1],"2":[1],"3":[1],"4":[1],"5":[1],"6":[1,1],"7":[0],"8":[7,7],"9":[0],"10":[7,7],"11":[0],"12":[7,7],"13":[0],"14":[7,7],"15":[0],"16":[0]}}
,"D:\\hospital-management-V2\\backend\\services-v2\\identity-service\\src\\application\\use-cases\\DeleteUserUseCase.ts": {"path":"D:\\hospital-management-V2\\backend\\services-v2\\identity-service\\src\\application\\use-cases\\DeleteUserUseCase.ts","statementMap":{"0":{"start":{"line":12,"column":0},"end":{"line":12,"column":59}},"1":{"start":{"line":13,"column":0},"end":{"line":13,"column":87}},"2":{"start":{"line":14,"column":0},"end":{"line":14,"column":59}},"3":{"start":{"line":42,"column":12},"end":{"line":42,"column":43}},"4":{"start":{"line":43,"column":12},"end":{"line":43,"column":27}},"5":{"start":{"line":39,"column":10},"end":{"line":39,"column":84}},"6":{"start":{"line":47,"column":4},"end":{"line":63,"column":5}},"7":{"start":{"line":48,"column":6},"end":{"line":50,"column":9}},"8":{"start":{"line":49,"column":8},"end":{"line":49,"column":54}},"9":{"start":{"line":52,"column":6},"end":{"line":56,"column":9}},"10":{"start":{"line":58,"column":6},"end":{"line":62,"column":8}},"11":{"start":{"line":67,"column":64},"end":{"line":67,"column":71}},"12":{"start":{"line":70,"column":4},"end":{"line":76,"column":5}},"13":{"start":{"line":71,"column":6},"end":{"line":75,"column":8}},"14":{"start":{"line":79,"column":4},"end":{"line":86,"column":5}},"15":{"start":{"line":80,"column":6},"end":{"line":80,"column":87}},"16":{"start":{"line":81,"column":6},"end":{"line":85,"column":8}},"17":{"start":{"line":88,"column":4},"end":{"line":165,"column":5}},"18":{"start":{"line":90,"column":23},"end":{"line":90,"column":48}},"19":{"start":{"line":91,"column":19},"end":{"line":91,"column":63}},"20":{"start":{"line":93,"column":6},"end":{"line":100,"column":7}},"21":{"start":{"line":94,"column":8},"end":{"line":94,"column":81}},"22":{"start":{"line":95,"column":8},"end":{"line":99,"column":10}},"23":{"start":{"line":103,"column":6},"end":{"line":109,"column":7}},"24":{"start":{"line":104,"column":8},"end":{"line":108,"column":10}},"25":{"start":{"line":111,"column":6},"end":{"line":150,"column":7}},"26":{"start":{"line":113,"column":8},"end":{"line":113,"column":51}},"27":{"start":{"line":116,"column":8},"end":{"line":123,"column":11}},"28":{"start":{"line":125,"column":8},"end":{"line":129,"column":10}},"29":{"start":{"line":133,"column":8},"end":{"line":133,"column":26}},"30":{"start":{"line":134,"column":8},"end":{"line":134,"column":47}},"31":{"start":{"line":137,"column":8},"end":{"line":143,"column":11}},"32":{"start":{"line":145,"column":8},"end":{"line":149,"column":10}},"33":{"start":{"line":153,"column":6},"end":{"line":158,"column":9}},"34":{"start":{"line":160,"column":6},"end":{"line":164,"column":8}},"35":{"start":{"line":38,"column":0},"end":{"line":38,"column":13}}},"fnMap":{"0":{"name":"(anonymous_0)","decl":{"start":{"line":41,"column":2},"end":{"line":41,"column":null}},"loc":{"start":{"line":43,"column":27},"end":{"line":44,"column":6}}},"1":{"name":"(anonymous_1)","decl":{"start":{"line":46,"column":2},"end":{"line":46,"column":7}},"loc":{"start":{"line":46,"column":42},"end":{"line":64,"column":3}}},"2":{"name":"(anonymous_2)","decl":{"start":{"line":48,"column":47},"end":{"line":48,"column":52}},"loc":{"start":{"line":48,"column":58},"end":{"line":50,"column":7}}},"3":{"name":"(anonymous_3)","decl":{"start":{"line":66,"column":10},"end":{"line":66,"column":15}},"loc":{"start":{"line":66,"column":61},"end":{"line":166,"column":3}}}},"branchMap":{"0":{"loc":{"start":{"line":67,"column":33},"end":{"line":67,"column":51}},"type":"default-arg","locations":[{"start":{"line":67,"column":46},"end":{"line":67,"column":51}}]},"1":{"loc":{"start":{"line":70,"column":4},"end":{"line":76,"column":5}},"type":"if","locations":[{"start":{"line":70,"column":4},"end":{"line":76,"column":5}}]},"2":{"loc":{"start":{"line":70,"column":8},"end":{"line":70,"column":31}},"type":"binary-expr","locations":[{"start":{"line":70,"column":8},"end":{"line":70,"column":15}},{"start":{"line":70,"column":19},"end":{"line":70,"column":31}}]},"3":{"loc":{"start":{"line":79,"column":4},"end":{"line":86,"column":5}},"type":"if","locations":[{"start":{"line":79,"column":4},"end":{"line":86,"column":5}}]},"4":{"loc":{"start":{"line":93,"column":6},"end":{"line":100,"column":7}},"type":"if","locations":[{"start":{"line":93,"column":6},"end":{"line":100,"column":7}}]},"5":{"loc":{"start":{"line":103,"column":6},"end":{"line":109,"column":7}},"type":"if","locations":[{"start":{"line":103,"column":6},"end":{"line":109,"column":7}}]},"6":{"loc":{"start":{"line":103,"column":10},"end":{"line":103,"column":39}},"type":"binary-expr","locations":[{"start":{"line":103,"column":10},"end":{"line":103,"column":24}},{"start":{"line":103,"column":28},"end":{"line":103,"column":39}}]},"7":{"loc":{"start":{"line":111,"column":6},"end":{"line":150,"column":7}},"type":"if","locations":[{"start":{"line":111,"column":6},"end":{"line":150,"column":7}},{"start":{"line":131,"column":13},"end":{"line":150,"column":7}}]},"8":{"loc":{"start":{"line":119,"column":18},"end":{"line":119,"column":48}},"type":"binary-expr","locations":[{"start":{"line":119,"column":18},"end":{"line":119,"column":24}},{"start":{"line":119,"column":28},"end":{"line":119,"column":48}}]},"9":{"loc":{"start":{"line":140,"column":18},"end":{"line":140,"column":48}},"type":"binary-expr","locations":[{"start":{"line":140,"column":18},"end":{"line":140,"column":24}},{"start":{"line":140,"column":28},"end":{"line":140,"column":48}}]}},"s":{"0":1,"1":1,"2":1,"3":10,"4":10,"5":10,"6":10,"7":10,"8":10,"9":0,"10":0,"11":10,"12":10,"13":2,"14":8,"15":1,"16":1,"17":7,"18":7,"19":7,"20":7,"21":1,"22":1,"23":6,"24":1,"25":5,"26":2,"27":2,"28":2,"29":3,"30":3,"31":2,"32":2,"33":1,"34":1,"35":1},"f":{"0":10,"1":10,"2":10,"3":10},"b":{"0":[8],"1":[2],"2":[10,9],"3":[1],"4":[1],"5":[1],"6":[6,1],"7":[2,3],"8":[2,0],"9":[2,0]}}
,"D:\\hospital-management-V2\\backend\\services-v2\\identity-service\\src\\application\\use-cases\\DisableMFAUseCase.ts": {"path":"D:\\hospital-management-V2\\backend\\services-v2\\identity-service\\src\\application\\use-cases\\DisableMFAUseCase.ts","statementMap":{"0":{"start":{"line":1,"column":0},"end":{"line":1,"column":59}},"1":{"start":{"line":14,"column":0},"end":{"line":14,"column":87}},"2":{"start":{"line":16,"column":0},"end":{"line":16,"column":59}},"3":{"start":{"line":41,"column":12},"end":{"line":41,"column":43}},"4":{"start":{"line":42,"column":12},"end":{"line":42,"column":35}},"5":{"start":{"line":43,"column":12},"end":{"line":43,"column":46}},"6":{"start":{"line":44,"column":12},"end":{"line":44,"column":27}},"7":{"start":{"line":38,"column":10},"end":{"line":38,"column":84}},"8":{"start":{"line":48,"column":4},"end":{"line":58,"column":6}},"9":{"start":{"line":49,"column":18},"end":{"line":49,"column":43}},"10":{"start":{"line":51,"column":8},"end":{"line":51,"column":72}},"11":{"start":{"line":52,"column":8},"end":{"line":56,"column":10}},"12":{"start":{"line":62,"column":4},"end":{"line":124,"column":5}},"13":{"start":{"line":63,"column":6},"end":{"line":63,"column":75}},"14":{"start":{"line":66,"column":30},"end":{"line":66,"column":59}},"15":{"start":{"line":67,"column":6},"end":{"line":73,"column":7}},"16":{"start":{"line":68,"column":8},"end":{"line":72,"column":10}},"17":{"start":{"line":76,"column":21},"end":{"line":76,"column":54}},"18":{"start":{"line":77,"column":19},"end":{"line":77,"column":61}},"19":{"start":{"line":78,"column":6},"end":{"line":84,"column":7}},"20":{"start":{"line":79,"column":8},"end":{"line":83,"column":10}},"21":{"start":{"line":87,"column":33},"end":{"line":93,"column":8}},"22":{"start":{"line":95,"column":6},"end":{"line":101,"column":7}},"23":{"start":{"line":96,"column":8},"end":{"line":100,"column":10}},"24":{"start":{"line":104,"column":6},"end":{"line":104,"column":55}},"25":{"start":{"line":106,"column":6},"end":{"line":106,"column":80}},"26":{"start":{"line":108,"column":6},"end":{"line":111,"column":8}},"27":{"start":{"line":114,"column":6},"end":{"line":117,"column":9}},"28":{"start":{"line":119,"column":6},"end":{"line":123,"column":8}},"29":{"start":{"line":131,"column":4},"end":{"line":133,"column":5}},"30":{"start":{"line":132,"column":6},"end":{"line":132,"column":35}},"31":{"start":{"line":135,"column":4},"end":{"line":137,"column":5}},"32":{"start":{"line":136,"column":6},"end":{"line":136,"column":39}},"33":{"start":{"line":139,"column":4},"end":{"line":141,"column":5}},"34":{"start":{"line":140,"column":6},"end":{"line":140,"column":50}},"35":{"start":{"line":143,"column":4},"end":{"line":143,"column":16}},"36":{"start":{"line":37,"column":0},"end":{"line":37,"column":13}}},"fnMap":{"0":{"name":"(anonymous_0)","decl":{"start":{"line":40,"column":2},"end":{"line":40,"column":null}},"loc":{"start":{"line":44,"column":27},"end":{"line":45,"column":6}}},"1":{"name":"(anonymous_1)","decl":{"start":{"line":47,"column":2},"end":{"line":47,"column":7}},"loc":{"start":{"line":47,"column":42},"end":{"line":59,"column":3}}},"2":{"name":"(anonymous_2)","decl":{"start":{"line":49,"column":6},"end":{"line":49,"column":11}},"loc":{"start":{"line":49,"column":18},"end":{"line":49,"column":43}}},"3":{"name":"(anonymous_3)","decl":{"start":{"line":50,"column":6},"end":{"line":50,"column":11}},"loc":{"start":{"line":50,"column":17},"end":{"line":57,"column":7}}},"4":{"name":"(anonymous_4)","decl":{"start":{"line":61,"column":10},"end":{"line":61,"column":15}},"loc":{"start":{"line":61,"column":54},"end":{"line":125,"column":3}}},"5":{"name":"(anonymous_5)","decl":{"start":{"line":130,"column":10},"end":{"line":130,"column":25}},"loc":{"start":{"line":130,"column":52},"end":{"line":144,"column":3}}}},"branchMap":{"0":{"loc":{"start":{"line":67,"column":6},"end":{"line":73,"column":7}},"type":"if","locations":[{"start":{"line":67,"column":6},"end":{"line":73,"column":7}}]},"1":{"loc":{"start":{"line":78,"column":6},"end":{"line":84,"column":7}},"type":"if","locations":[{"start":{"line":78,"column":6},"end":{"line":84,"column":7}}]},"2":{"loc":{"start":{"line":95,"column":6},"end":{"line":101,"column":7}},"type":"if","locations":[{"start":{"line":95,"column":6},"end":{"line":101,"column":7}}]},"3":{"loc":{"start":{"line":131,"column":4},"end":{"line":133,"column":5}},"type":"if","locations":[{"start":{"line":131,"column":4},"end":{"line":133,"column":5}}]},"4":{"loc":{"start":{"line":135,"column":4},"end":{"line":137,"column":5}},"type":"if","locations":[{"start":{"line":135,"column":4},"end":{"line":137,"column":5}}]},"5":{"loc":{"start":{"line":139,"column":4},"end":{"line":141,"column":5}},"type":"if","locations":[{"start":{"line":139,"column":4},"end":{"line":141,"column":5}}]},"6":{"loc":{"start":{"line":139,"column":8},"end":{"line":139,"column":86}},"type":"binary-expr","locations":[{"start":{"line":139,"column":8},"end":{"line":139,"column":45}},{"start":{"line":139,"column":49},"end":{"line":139,"column":86}}]}},"s":{"0":1,"1":1,"2":1,"3":12,"4":12,"5":12,"6":12,"7":12,"8":12,"9":12,"10":0,"11":0,"12":12,"13":12,"14":12,"15":12,"16":3,"17":9,"18":9,"19":9,"20":1,"21":8,"22":7,"23":2,"24":5,"25":4,"26":4,"27":2,"28":2,"29":12,"30":1,"31":11,"32":1,"33":10,"34":1,"35":9,"36":1},"f":{"0":12,"1":12,"2":12,"3":0,"4":12,"5":12},"b":{"0":[3],"1":[1],"2":[2],"3":[1],"4":[1],"5":[1],"6":[10,2]}}
,"D:\\hospital-management-V2\\backend\\services-v2\\identity-service\\src\\application\\use-cases\\EnableMFAUseCase.ts": {"path":"D:\\hospital-management-V2\\backend\\services-v2\\identity-service\\src\\application\\use-cases\\EnableMFAUseCase.ts","statementMap":{"0":{"start":{"line":1,"column":0},"end":{"line":1,"column":59}},"1":{"start":{"line":14,"column":0},"end":{"line":14,"column":87}},"2":{"start":{"line":15,"column":0},"end":{"line":15,"column":59}},"3":{"start":{"line":43,"column":12},"end":{"line":43,"column":43}},"4":{"start":{"line":44,"column":12},"end":{"line":44,"column":35}},"5":{"start":{"line":45,"column":12},"end":{"line":45,"column":27}},"6":{"start":{"line":40,"column":10},"end":{"line":40,"column":83}},"7":{"start":{"line":49,"column":4},"end":{"line":59,"column":6}},"8":{"start":{"line":50,"column":18},"end":{"line":50,"column":43}},"9":{"start":{"line":52,"column":8},"end":{"line":52,"column":71}},"10":{"start":{"line":53,"column":8},"end":{"line":57,"column":10}},"11":{"start":{"line":63,"column":4},"end":{"line":126,"column":5}},"12":{"start":{"line":64,"column":6},"end":{"line":64,"column":97}},"13":{"start":{"line":67,"column":30},"end":{"line":67,"column":59}},"14":{"start":{"line":68,"column":6},"end":{"line":74,"column":7}},"15":{"start":{"line":69,"column":8},"end":{"line":73,"column":10}},"16":{"start":{"line":77,"column":21},"end":{"line":77,"column":54}},"17":{"start":{"line":78,"column":19},"end":{"line":78,"column":61}},"18":{"start":{"line":79,"column":6},"end":{"line":85,"column":7}},"19":{"start":{"line":80,"column":8},"end":{"line":84,"column":10}},"20":{"start":{"line":88,"column":24},"end":{"line":88,"column":74}},"21":{"start":{"line":89,"column":6},"end":{"line":95,"column":7}},"22":{"start":{"line":90,"column":8},"end":{"line":94,"column":10}},"23":{"start":{"line":98,"column":21},"end":{"line":102,"column":null}},"24":{"start":{"line":105,"column":6},"end":{"line":105,"column":87}},"25":{"start":{"line":107,"column":6},"end":{"line":113,"column":8}},"26":{"start":{"line":116,"column":6},"end":{"line":119,"column":9}},"27":{"start":{"line":121,"column":6},"end":{"line":125,"column":8}},"28":{"start":{"line":133,"column":4},"end":{"line":135,"column":5}},"29":{"start":{"line":134,"column":6},"end":{"line":134,"column":35}},"30":{"start":{"line":137,"column":4},"end":{"line":139,"column":5}},"31":{"start":{"line":138,"column":6},"end":{"line":138,"column":43}},"32":{"start":{"line":141,"column":4},"end":{"line":143,"column":5}},"33":{"start":{"line":142,"column":6},"end":{"line":142,"column":44}},"34":{"start":{"line":145,"column":4},"end":{"line":147,"column":5}},"35":{"start":{"line":146,"column":6},"end":{"line":146,"column":61}},"36":{"start":{"line":149,"column":4},"end":{"line":151,"column":5}},"37":{"start":{"line":150,"column":6},"end":{"line":150,"column":55}},"38":{"start":{"line":153,"column":4},"end":{"line":153,"column":16}},"39":{"start":{"line":39,"column":0},"end":{"line":39,"column":13}}},"fnMap":{"0":{"name":"(anonymous_0)","decl":{"start":{"line":42,"column":2},"end":{"line":42,"column":null}},"loc":{"start":{"line":45,"column":27},"end":{"line":46,"column":6}}},"1":{"name":"(anonymous_1)","decl":{"start":{"line":48,"column":2},"end":{"line":48,"column":7}},"loc":{"start":{"line":48,"column":41},"end":{"line":60,"column":3}}},"2":{"name":"(anonymous_2)","decl":{"start":{"line":50,"column":6},"end":{"line":50,"column":11}},"loc":{"start":{"line":50,"column":18},"end":{"line":50,"column":43}}},"3":{"name":"(anonymous_3)","decl":{"start":{"line":51,"column":6},"end":{"line":51,"column":11}},"loc":{"start":{"line":51,"column":17},"end":{"line":58,"column":7}}},"4":{"name":"(anonymous_4)","decl":{"start":{"line":62,"column":10},"end":{"line":62,"column":15}},"loc":{"start":{"line":62,"column":53},"end":{"line":127,"column":3}}},"5":{"name":"(anonymous_5)","decl":{"start":{"line":132,"column":10},"end":{"line":132,"column":25}},"loc":{"start":{"line":132,"column":51},"end":{"line":154,"column":3}}}},"branchMap":{"0":{"loc":{"start":{"line":68,"column":6},"end":{"line":74,"column":7}},"type":"if","locations":[{"start":{"line":68,"column":6},"end":{"line":74,"column":7}}]},"1":{"loc":{"start":{"line":79,"column":6},"end":{"line":85,"column":7}},"type":"if","locations":[{"start":{"line":79,"column":6},"end":{"line":85,"column":7}}]},"2":{"loc":{"start":{"line":89,"column":6},"end":{"line":95,"column":7}},"type":"if","locations":[{"start":{"line":89,"column":6},"end":{"line":95,"column":7}}]},"3":{"loc":{"start":{"line":133,"column":4},"end":{"line":135,"column":5}},"type":"if","locations":[{"start":{"line":133,"column":4},"end":{"line":135,"column":5}}]},"4":{"loc":{"start":{"line":137,"column":4},"end":{"line":139,"column":5}},"type":"if","locations":[{"start":{"line":137,"column":4},"end":{"line":139,"column":5}}]},"5":{"loc":{"start":{"line":141,"column":4},"end":{"line":143,"column":5}},"type":"if","locations":[{"start":{"line":141,"column":4},"end":{"line":143,"column":5}}]},"6":{"loc":{"start":{"line":145,"column":4},"end":{"line":147,"column":5}},"type":"if","locations":[{"start":{"line":145,"column":4},"end":{"line":147,"column":5}}]},"7":{"loc":{"start":{"line":145,"column":8},"end":{"line":145,"column":56}},"type":"binary-expr","locations":[{"start":{"line":145,"column":8},"end":{"line":145,"column":32}},{"start":{"line":145,"column":36},"end":{"line":145,"column":56}}]},"8":{"loc":{"start":{"line":149,"column":4},"end":{"line":151,"column":5}},"type":"if","locations":[{"start":{"line":149,"column":4},"end":{"line":151,"column":5}}]},"9":{"loc":{"start":{"line":149,"column":8},"end":{"line":149,"column":52}},"type":"binary-expr","locations":[{"start":{"line":149,"column":8},"end":{"line":149,"column":34}},{"start":{"line":149,"column":38},"end":{"line":149,"column":52}}]}},"s":{"0":1,"1":1,"2":1,"3":10,"4":10,"5":10,"6":10,"7":10,"8":10,"9":0,"10":0,"11":10,"12":10,"13":10,"14":10,"15":4,"16":6,"17":6,"18":6,"19":1,"20":5,"21":5,"22":1,"23":4,"24":3,"25":3,"26":1,"27":1,"28":10,"29":1,"30":9,"31":0,"32":9,"33":1,"34":8,"35":1,"36":7,"37":1,"38":6,"39":1},"f":{"0":10,"1":10,"2":10,"3":0,"4":10,"5":10},"b":{"0":[4],"1":[1],"2":[1],"3":[1],"4":[0],"5":[1],"6":[1],"7":[8,1],"8":[1],"9":[7,1]}}
,"D:\\hospital-management-V2\\backend\\services-v2\\identity-service\\src\\application\\use-cases\\ForgotPasswordUseCase.ts": {"path":"D:\\hospital-management-V2\\backend\\services-v2\\identity-service\\src\\application\\use-cases\\ForgotPasswordUseCase.ts","statementMap":{"0":{"start":{"line":1,"column":0},"end":{"line":1,"column":59}},"1":{"start":{"line":13,"column":0},"end":{"line":13,"column":87}},"2":{"start":{"line":14,"column":0},"end":{"line":14,"column":57}},"3":{"start":{"line":31,"column":12},"end":{"line":31,"column":47}},"4":{"start":{"line":32,"column":12},"end":{"line":32,"column":43}},"5":{"start":{"line":33,"column":12},"end":{"line":33,"column":27}},"6":{"start":{"line":28,"column":10},"end":{"line":28,"column":88}},"7":{"start":{"line":37,"column":4},"end":{"line":47,"column":6}},"8":{"start":{"line":38,"column":18},"end":{"line":38,"column":43}},"9":{"start":{"line":40,"column":8},"end":{"line":40,"column":76}},"10":{"start":{"line":41,"column":8},"end":{"line":45,"column":10}},"11":{"start":{"line":51,"column":4},"end":{"line":101,"column":5}},"12":{"start":{"line":52,"column":6},"end":{"line":52,"column":87}},"13":{"start":{"line":54,"column":6},"end":{"line":60,"column":7}},"14":{"start":{"line":55,"column":8},"end":{"line":59,"column":10}},"15":{"start":{"line":62,"column":20},"end":{"line":62,"column":47}},"16":{"start":{"line":63,"column":19},"end":{"line":63,"column":63}},"17":{"start":{"line":64,"column":6},"end":{"line":70,"column":7}},"18":{"start":{"line":65,"column":8},"end":{"line":65,"column":102}},"19":{"start":{"line":66,"column":8},"end":{"line":69,"column":10}},"20":{"start":{"line":72,"column":6},"end":{"line":79,"column":7}},"21":{"start":{"line":73,"column":8},"end":{"line":73,"column":97}},"22":{"start":{"line":74,"column":8},"end":{"line":78,"column":10}},"23":{"start":{"line":81,"column":6},"end":{"line":81,"column":67}},"24":{"start":{"line":83,"column":6},"end":{"line":83,"column":91}},"25":{"start":{"line":85,"column":6},"end":{"line":88,"column":8}},"26":{"start":{"line":91,"column":6},"end":{"line":94,"column":9}},"27":{"start":{"line":96,"column":6},"end":{"line":100,"column":8}},"28":{"start":{"line":27,"column":0},"end":{"line":27,"column":13}}},"fnMap":{"0":{"name":"(anonymous_0)","decl":{"start":{"line":30,"column":2},"end":{"line":30,"column":null}},"loc":{"start":{"line":33,"column":27},"end":{"line":34,"column":6}}},"1":{"name":"(anonymous_1)","decl":{"start":{"line":36,"column":2},"end":{"line":36,"column":7}},"loc":{"start":{"line":36,"column":46},"end":{"line":48,"column":3}}},"2":{"name":"(anonymous_2)","decl":{"start":{"line":38,"column":6},"end":{"line":38,"column":11}},"loc":{"start":{"line":38,"column":18},"end":{"line":38,"column":43}}},"3":{"name":"(anonymous_3)","decl":{"start":{"line":39,"column":6},"end":{"line":39,"column":11}},"loc":{"start":{"line":39,"column":17},"end":{"line":46,"column":7}}},"4":{"name":"(anonymous_4)","decl":{"start":{"line":50,"column":10},"end":{"line":50,"column":15}},"loc":{"start":{"line":50,"column":58},"end":{"line":102,"column":3}}}},"branchMap":{"0":{"loc":{"start":{"line":54,"column":6},"end":{"line":60,"column":7}},"type":"if","locations":[{"start":{"line":54,"column":6},"end":{"line":60,"column":7}}]},"1":{"loc":{"start":{"line":54,"column":10},"end":{"line":54,"column":56}},"type":"binary-expr","locations":[{"start":{"line":54,"column":10},"end":{"line":54,"column":24}},{"start":{"line":54,"column":28},"end":{"line":54,"column":56}}]},"2":{"loc":{"start":{"line":64,"column":6},"end":{"line":70,"column":7}},"type":"if","locations":[{"start":{"line":64,"column":6},"end":{"line":70,"column":7}}]},"3":{"loc":{"start":{"line":72,"column":6},"end":{"line":79,"column":7}},"type":"if","locations":[{"start":{"line":72,"column":6},"end":{"line":79,"column":7}}]}},"s":{"0":1,"1":1,"2":1,"3":9,"4":9,"5":9,"6":9,"7":9,"8":9,"9":0,"10":0,"11":9,"12":9,"13":9,"14":2,"15":7,"16":7,"17":6,"18":2,"19":2,"20":4,"21":1,"22":1,"23":3,"24":2,"25":2,"26":2,"27":2,"28":1},"f":{"0":9,"1":9,"2":9,"3":0,"4":9},"b":{"0":[2],"1":[9,8],"2":[2],"3":[1]}}
,"D:\\hospital-management-V2\\backend\\services-v2\\identity-service\\src\\application\\use-cases\\GetPasswordPolicyUseCase.ts": {"path":"D:\\hospital-management-V2\\backend\\services-v2\\identity-service\\src\\application\\use-cases\\GetPasswordPolicyUseCase.ts","statementMap":{"0":{"start":{"line":12,"column":0},"end":{"line":12,"column":55}},"1":{"start":{"line":22,"column":21},"end":{"line":22,"column":64}},"2":{"start":{"line":23,"column":21},"end":{"line":23,"column":36}},"3":{"start":{"line":27,"column":4},"end":{"line":41,"column":5}},"4":{"start":{"line":28,"column":6},"end":{"line":28,"column":58}},"5":{"start":{"line":30,"column":21},"end":{"line":30,"column":61}},"6":{"start":{"line":31,"column":26},"end":{"line":31,"column":57}},"7":{"start":{"line":33,"column":6},"end":{"line":37,"column":8}},"8":{"start":{"line":39,"column":6},"end":{"line":39,"column":117}},"9":{"start":{"line":40,"column":6},"end":{"line":40,"column":82}},"10":{"start":{"line":20,"column":0},"end":{"line":20,"column":13}}},"fnMap":{"0":{"name":"(anonymous_0)","decl":{"start":{"line":21,"column":2},"end":{"line":21,"column":null}},"loc":{"start":{"line":23,"column":36},"end":{"line":24,"column":6}}},"1":{"name":"(anonymous_1)","decl":{"start":{"line":26,"column":2},"end":{"line":26,"column":7}},"loc":{"start":{"line":26,"column":15},"end":{"line":42,"column":3}}}},"branchMap":{"0":{"loc":{"start":{"line":39,"column":58},"end":{"line":39,"column":115}},"type":"cond-expr","locations":[{"start":{"line":39,"column":83},"end":{"line":39,"column":88}},{"start":{"line":39,"column":91},"end":{"line":39,"column":115}}]}},"s":{"0":1,"1":4,"2":4,"3":4,"4":4,"5":4,"6":3,"7":3,"8":1,"9":1,"10":1},"f":{"0":4,"1":4},"b":{"0":[1,0]}}
,"D:\\hospital-management-V2\\backend\\services-v2\\identity-service\\src\\application\\use-cases\\GetRecoveryHistoryUseCase.ts": {"path":"D:\\hospital-management-V2\\backend\\services-v2\\identity-service\\src\\application\\use-cases\\GetRecoveryHistoryUseCase.ts","statementMap":{"0":{"start":{"line":13,"column":0},"end":{"line":13,"column":59}},"1":{"start":{"line":14,"column":0},"end":{"line":14,"column":87}},"2":{"start":{"line":62,"column":12},"end":{"line":62,"column":65}},"3":{"start":{"line":63,"column":12},"end":{"line":63,"column":27}},"4":{"start":{"line":56,"column":10},"end":{"line":56,"column":93}},"5":{"start":{"line":57,"column":19},"end":{"line":57,"column":42}},"6":{"start":{"line":58,"column":19},"end":{"line":58,"column":39}},"7":{"start":{"line":59,"column":19},"end":{"line":59,"column":45}},"8":{"start":{"line":67,"column":4},"end":{"line":77,"column":6}},"9":{"start":{"line":68,"column":18},"end":{"line":68,"column":43}},"10":{"start":{"line":70,"column":8},"end":{"line":70,"column":80}},"11":{"start":{"line":71,"column":8},"end":{"line":75,"column":10}},"12":{"start":{"line":81,"column":4},"end":{"line":155,"column":5}},"13":{"start":{"line":82,"column":6},"end":{"line":86,"column":9}},"14":{"start":{"line":89,"column":6},"end":{"line":95,"column":7}},"15":{"start":{"line":90,"column":8},"end":{"line":94,"column":10}},"16":{"start":{"line":98,"column":44},"end":{"line":104,"column":8}},"17":{"start":{"line":107,"column":21},"end":{"line":107,"column":76}},"18":{"start":{"line":110,"column":22},"end":{"line":125,"column":8}},"19":{"start":{"line":111,"column":27},"end":{"line":111,"column":45}},"20":{"start":{"line":112,"column":8},"end":{"line":124,"column":10}},"21":{"start":{"line":127,"column":6},"end":{"line":131,"column":9}},"22":{"start":{"line":133,"column":6},"end":{"line":142,"column":8}},"23":{"start":{"line":144,"column":27},"end":{"line":144,"column":49}},"24":{"start":{"line":145,"column":6},"end":{"line":148,"column":9}},"25":{"start":{"line":150,"column":6},"end":{"line":154,"column":8}},"26":{"start":{"line":162,"column":4},"end":{"line":164,"column":5}},"27":{"start":{"line":163,"column":6},"end":{"line":163,"column":36}},"28":{"start":{"line":166,"column":4},"end":{"line":168,"column":5}},"29":{"start":{"line":167,"column":6},"end":{"line":167,"column":32}},"30":{"start":{"line":170,"column":4},"end":{"line":170,"column":20}},"31":{"start":{"line":177,"column":4},"end":{"line":189,"column":5}},"32":{"start":{"line":178,"column":6},"end":{"line":188,"column":7}},"33":{"start":{"line":179,"column":21},"end":{"line":179,"column":43}},"34":{"start":{"line":180,"column":8},"end":{"line":182,"column":9}},"35":{"start":{"line":181,"column":10},"end":{"line":181,"column":22}},"36":{"start":{"line":184,"column":8},"end":{"line":187,"column":11}},"37":{"start":{"line":192,"column":17},"end":{"line":192,"column":27}},"38":{"start":{"line":193,"column":4},"end":{"line":193,"column":61}},"39":{"start":{"line":194,"column":4},"end":{"line":194,"column":16}},"40":{"start":{"line":201,"column":4},"end":{"line":213,"column":5}},"41":{"start":{"line":202,"column":6},"end":{"line":212,"column":7}},"42":{"start":{"line":203,"column":21},"end":{"line":203,"column":41}},"43":{"start":{"line":204,"column":8},"end":{"line":206,"column":9}},"44":{"start":{"line":205,"column":10},"end":{"line":205,"column":22}},"45":{"start":{"line":208,"column":8},"end":{"line":211,"column":11}},"46":{"start":{"line":216,"column":4},"end":{"line":216,"column":22}},"47":{"start":{"line":53,"column":0},"end":{"line":53,"column":13}}},"fnMap":{"0":{"name":"(anonymous_0)","decl":{"start":{"line":61,"column":2},"end":{"line":61,"column":null}},"loc":{"start":{"line":63,"column":27},"end":{"line":64,"column":6}}},"1":{"name":"(anonymous_1)","decl":{"start":{"line":66,"column":2},"end":{"line":66,"column":7}},"loc":{"start":{"line":66,"column":50},"end":{"line":78,"column":3}}},"2":{"name":"(anonymous_2)","decl":{"start":{"line":68,"column":6},"end":{"line":68,"column":11}},"loc":{"start":{"line":68,"column":18},"end":{"line":68,"column":43}}},"3":{"name":"(anonymous_3)","decl":{"start":{"line":69,"column":6},"end":{"line":69,"column":11}},"loc":{"start":{"line":69,"column":17},"end":{"line":76,"column":7}}},"4":{"name":"(anonymous_4)","decl":{"start":{"line":80,"column":10},"end":{"line":80,"column":15}},"loc":{"start":{"line":80,"column":62},"end":{"line":156,"column":3}}},"5":{"name":"(anonymous_5)","decl":{"start":{"line":110,"column":42},"end":{"line":110,"column":43}},"loc":{"start":{"line":110,"column":54},"end":{"line":125,"column":7}}},"6":{"name":"(anonymous_6)","decl":{"start":{"line":161,"column":10},"end":{"line":161,"column":26}},"loc":{"start":{"line":161,"column":44},"end":{"line":171,"column":3}}},"7":{"name":"(anonymous_7)","decl":{"start":{"line":176,"column":10},"end":{"line":176,"column":24}},"loc":{"start":{"line":176,"column":46},"end":{"line":195,"column":3}}},"8":{"name":"(anonymous_8)","decl":{"start":{"line":200,"column":10},"end":{"line":200,"column":22}},"loc":{"start":{"line":200,"column":42},"end":{"line":217,"column":3}}}},"branchMap":{"0":{"loc":{"start":{"line":89,"column":6},"end":{"line":95,"column":7}},"type":"if","locations":[{"start":{"line":89,"column":6},"end":{"line":95,"column":7}}]},"1":{"loc":{"start":{"line":89,"column":10},"end":{"line":89,"column":63}},"type":"binary-expr","locations":[{"start":{"line":89,"column":10},"end":{"line":89,"column":25}},{"start":{"line":89,"column":29},"end":{"line":89,"column":63}}]},"2":{"loc":{"start":{"line":100,"column":14},"end":{"line":100,"column":31}},"type":"binary-expr","locations":[{"start":{"line":100,"column":14},"end":{"line":100,"column":26}},{"start":{"line":100,"column":30},"end":{"line":100,"column":31}}]},"3":{"loc":{"start":{"line":162,"column":4},"end":{"line":164,"column":5}},"type":"if","locations":[{"start":{"line":162,"column":4},"end":{"line":164,"column":5}}]},"4":{"loc":{"start":{"line":162,"column":8},"end":{"line":162,"column":33}},"type":"binary-expr","locations":[{"start":{"line":162,"column":8},"end":{"line":162,"column":17}},{"start":{"line":162,"column":21},"end":{"line":162,"column":33}}]},"5":{"loc":{"start":{"line":166,"column":4},"end":{"line":168,"column":5}},"type":"if","locations":[{"start":{"line":166,"column":4},"end":{"line":168,"column":5}}]},"6":{"loc":{"start":{"line":177,"column":4},"end":{"line":189,"column":5}},"type":"if","locations":[{"start":{"line":177,"column":4},"end":{"line":189,"column":5}}]},"7":{"loc":{"start":{"line":180,"column":8},"end":{"line":182,"column":9}},"type":"if","locations":[{"start":{"line":180,"column":8},"end":{"line":182,"column":9}}]},"8":{"loc":{"start":{"line":201,"column":4},"end":{"line":213,"column":5}},"type":"if","locations":[{"start":{"line":201,"column":4},"end":{"line":213,"column":5}}]},"9":{"loc":{"start":{"line":204,"column":8},"end":{"line":206,"column":9}},"type":"if","locations":[{"start":{"line":204,"column":8},"end":{"line":206,"column":9}}]}},"s":{"0":0,"1":0,"2":0,"3":0,"4":0,"5":0,"6":0,"7":0,"8":0,"9":0,"10":0,"11":0,"12":0,"13":0,"14":0,"15":0,"16":0,"17":0,"18":0,"19":0,"20":0,"21":0,"22":0,"23":0,"24":0,"25":0,"26":0,"27":0,"28":0,"29":0,"30":0,"31":0,"32":0,"33":0,"34":0,"35":0,"36":0,"37":0,"38":0
[...]
d":{"line":68,"column":9}},"14":{"start":{"line":62,"column":10},"end":{"line":66,"column":13}},"15":{"start":{"line":67,"column":10},"end":{"line":67,"column":17}},"16":{"start":{"line":71,"column":23},"end":{"line":71,"column":49}},"17":{"start":{"line":72,"column":33},"end":{"line":72,"column":93}},"18":{"start":{"line":75,"column":22},"end":{"line":75,"column":62}},"19":{"start":{"line":78,"column":8},"end":{"line":83,"column":10}},"20":{"start":{"line":86,"column":8},"end":{"line":91,"column":11}},"21":{"start":{"line":93,"column":8},"end":{"line":93,"column":15}},"22":{"start":{"line":96,"column":8},"end":{"line":100,"column":11}},"23":{"start":{"line":102,"column":8},"end":{"line":106,"column":11}},"24":{"start":{"line":115,"column":4},"end":{"line":149,"column":6}},"25":{"start":{"line":116,"column":6},"end":{"line":148,"column":7}},"26":{"start":{"line":117,"column":27},"end":{"line":117,"column":52}},"27":{"start":{"line":118,"column":8},"end":{"line":121,"column":9}},"28":{"start":{"line":120,"column":10},"end":{"line":120,"column":24}},"29":{"start":{"line":123,"column":22},"end":{"line":123,"column":45}},"30":{"start":{"line":124,"column":21},"end":{"line":124,"column":61}},"31":{"start":{"line":126,"column":8},"end":{"line":137,"column":9}},"32":{"start":{"line":127,"column":25},"end":{"line":127,"column":51}},"33":{"start":{"line":128,"column":35},"end":{"line":128,"column":95}},"34":{"start":{"line":129,"column":24},"end":{"line":129,"column":64}},"35":{"start":{"line":131,"column":10},"end":{"line":136,"column":12}},"36":{"start":{"line":139,"column":8},"end":{"line":139,"column":15}},"37":{"start":{"line":143,"column":8},"end":{"line":146,"column":11}},"38":{"start":{"line":147,"column":8},"end":{"line":147,"column":15}},"39":{"start":{"line":156,"column":4},"end":{"line":185,"column":6}},"40":{"start":{"line":157,"column":6},"end":{"line":164,"column":7}},"41":{"start":{"line":158,"column":8},"end":{"line":162,"column":11}},"42":{"start":{"line":163,"column":8},"end":{"line":163,"column":15}},"43":{"start":{"line":166,"column":22},"end":{"line":166,"column":72}},"44":{"start":{"line":166,"column":41},"end":{"line":166,"column":71}},"45":{"start":{"line":167,"column":6},"end":{"line":182,"column":7}},"46":{"start":{"line":168,"column":8},"end":{"line":173,"column":11}},"47":{"start":{"line":175,"column":8},"end":{"line":180,"column":11}},"48":{"start":{"line":181,"column":8},"end":{"line":181,"column":15}},"49":{"start":{"line":184,"column":6},"end":{"line":184,"column":13}},"50":{"start":{"line":192,"column":4},"end":{"line":192,"column":37}},"51":{"start":{"line":199,"column":4},"end":{"line":199,"column":38}},"52":{"start":{"line":206,"column":4},"end":{"line":206,"column":39}},"53":{"start":{"line":33,"column":0},"end":{"line":33,"column":13}}},"fnMap":{"0":{"name":"(anonymous_0)","decl":{"start":{"line":34,"column":2},"end":{"line":34,"column":null}},"loc":{"start":{"line":37,"column":27},"end":{"line":38,"column":6}}},"1":{"name":"(anonymous_1)","decl":{"start":{"line":43,"column":2},"end":{"line":43,"column":14}},"loc":{"start":{"line":43,"column":14},"end":{"line":109,"column":3}}},"2":{"name":"(anonymous_2)","decl":{"start":{"line":44,"column":11},"end":{"line":44,"column":16}},"loc":{"start":{"line":44,"column":97},"end":{"line":108,"column":5}}},"3":{"name":"(anonymous_3)","decl":{"start":{"line":114,"column":2},"end":{"line":114,"column":22}},"loc":{"start":{"line":114,"column":22},"end":{"line":150,"column":3}}},"4":{"name":"(anonymous_4)","decl":{"start":{"line":115,"column":11},"end":{"line":115,"column":16}},"loc":{"start":{"line":115,"column":98},"end":{"line":149,"column":5}}},"5":{"name":"(anonymous_5)","decl":{"start":{"line":155,"column":2},"end":{"line":155,"column":13}},"loc":{"start":{"line":155,"column":32},"end":{"line":186,"column":3}}},"6":{"name":"(anonymous_6)","decl":{"start":{"line":156,"column":11},"end":{"line":156,"column":12}},"loc":{"start":{"line":156,"column":82},"end":{"line":185,"column":5}}},"7":{"name":"(anonymous_7)","decl":{"start":{"line":166,"column":33},"end":{"line":166,"column":37}},"loc":{"start":{"line":166,"column":41},"end":{"line":166,"column":71}}},"8":{"name":"(anonymous_8)","decl":{"start":{"line":191,"column":2},"end":{"line":191,"column":14}},"loc":{"start":{"line":191,"column":14},"end":{"line":193,"column":3}}},"9":{"name":"(anonymous_9)","decl":{"start":{"line":198,"column":2},"end":{"line":198,"column":15}},"loc":{"start":{"line":198,"column":15},"end":{"line":200,"column":3}}},"10":{"name":"(anonymous_10)","decl":{"start":{"line":205,"column":2},"end":{"line":205,"column":16}},"loc":{"start":{"line":205,"column":16},"end":{"line":207,"column":3}}}},"branchMap":{"0":{"loc":{"start":{"line":48,"column":8},"end":{"line":55,"column":9}},"type":"if","locations":[{"start":{"line":48,"column":8},"end":{"line":55,"column":9}}]},"1":{"loc":{"start":{"line":48,"column":12},"end":{"line":48,"column":60}},"type":"binary-expr","locations":[{"start":{"line":48,"column":12},"end":{"line":48,"column":23}},{"start":{"line":48,"column":27},"end":{"line":48,"column":60}}]},"2":{"loc":{"start":{"line":61,"column":8},"end":{"line":68,"column":9}},"type":"if","locations":[{"start":{"line":61,"column":8},"end":{"line":68,"column":9}}]},"3":{"loc":{"start":{"line":75,"column":22},"end":{"line":75,"column":62}},"type":"binary-expr","locations":[{"start":{"line":75,"column":22},"end":{"line":75,"column":47}},{"start":{"line":75,"column":51},"end":{"line":75,"column":62}}]},"4":{"loc":{"start":{"line":118,"column":8},"end":{"line":121,"column":9}},"type":"if","locations":[{"start":{"line":118,"column":8},"end":{"line":121,"column":9}}]},"5":{"loc":{"start":{"line":118,"column":12},"end":{"line":118,"column":60}},"type":"binary-expr","locations":[{"start":{"line":118,"column":12},"end":{"line":118,"column":23}},{"start":{"line":118,"column":27},"end":{"line":118,"column":60}}]},"6":{"loc":{"start":{"line":126,"column":8},"end":{"line":137,"column":9}},"type":"if","locations":[{"start":{"line":126,"column":8},"end":{"line":137,"column":9}}]},"7":{"loc":{"start":{"line":129,"column":24},"end":{"line":129,"column":64}},"type":"binary-expr","locations":[{"start":{"line":129,"column":24},"end":{"line":129,"column":49}},{"start":{"line":129,"column":53},"end":{"line":129,"column":64}}]},"8":{"loc":{"start":{"line":157,"column":6},"end":{"line":164,"column":7}},"type":"if","locations":[{"start":{"line":157,"column":6},"end":{"line":164,"column":7}}]},"9":{"loc":{"start":{"line":167,"column":6},"end":{"line":182,"column":7}},"type":"if","locations":[{"start":{"line":167,"column":6},"end":{"line":182,"column":7}}]}},"s":{"0":2,"1":2,"2":32,"3":32,"4":32,"5":59,"6":19,"7":19,"8":19,"9":3,"10":3,"11":16,"12":16,"13":15,"14":2,"15":2,"16":13,"17":13,"18":12,"19":12,"20":12,"21":12,"22":2,"23":2,"24":4,"25":4,"26":4,"27":4,"28":1,"29":3,"30":3,"31":2,"32":1,"33":1,"34":1,"35":1,"36":2,"37":1,"38":1,"39":8,"40":8,"41":1,"42":1,"43":7,"44":7,"45":7,"46":2,"47":2,"48":2,"49":5,"50":2,"51":1,"52":1,"53":2},"f":{"0":32,"1":59,"2":19,"3":4,"4":4,"5":8,"6":8,"7":7,"8":2,"9":1,"10":1},"b":{"0":[3],"1":[19,17],"2":[2],"3":[12,1],"4":[1],"5":[4,3],"6":[1],"7":[1,0],"8":[1],"9":[2]}}
,"D:\\hospital-management-V2\\backend\\services-v2\\identity-service\\src\\presentation\\middleware\\PermissionMiddleware.ts": {"path":"D:\\hospital-management-V2\\backend\\services-v2\\identity-service\\src\\presentation\\middleware\\PermissionMiddleware.ts","statementMap":{"0":{"start":{"line":51,"column":0},"end":{"line":51,"column":16}},"1":{"start":{"line":278,"column":0},"end":{"line":278,"column":16}},"2":{"start":{"line":285,"column":0},"end":{"line":285,"column":16}},"3":{"start":{"line":292,"column":0},"end":{"line":292,"column":16}},"4":{"start":{"line":12,"column":0},"end":{"line":12,"column":59}},"5":{"start":{"line":13,"column":0},"end":{"line":13,"column":59}},"6":{"start":{"line":25,"column":0},"end":{"line":25,"column":null}},"7":{"start":{"line":26,"column":2},"end":{"line":26,"column":null}},"8":{"start":{"line":27,"column":2},"end":{"line":27,"column":null}},"9":{"start":{"line":28,"column":2},"end":{"line":28,"column":null}},"10":{"start":{"line":29,"column":2},"end":{"line":29,"column":null}},"11":{"start":{"line":30,"column":2},"end":{"line":30,"column":null}},"12":{"start":{"line":31,"column":2},"end":{"line":31,"column":null}},"13":{"start":{"line":32,"column":2},"end":{"line":32,"column":null}},"14":{"start":{"line":38,"column":0},"end":{"line":38,"column":null}},"15":{"start":{"line":39,"column":2},"end":{"line":39,"column":null}},"16":{"start":{"line":40,"column":2},"end":{"line":40,"column":null}},"17":{"start":{"line":41,"column":2},"end":{"line":41,"column":null}},"18":{"start":{"line":42,"column":2},"end":{"line":42,"column":null}},"19":{"start":{"line":43,"column":2},"end":{"line":43,"column":null}},"20":{"start":{"line":44,"column":2},"end":{"line":44,"column":null}},"21":{"start":{"line":45,"column":2},"end":{"line":45,"column":null}},"22":{"start":{"line":52,"column":2},"end":{"line":52,"column":33}},"23":{"start":{"line":108,"column":12},"end":{"line":108,"column":49}},"24":{"start":{"line":109,"column":12},"end":{"line":109,"column":27}},"25":{"start":{"line":116,"column":4},"end":{"line":225,"column":6}},"26":{"start":{"line":117,"column":6},"end":{"line":224,"column":7}},"27":{"start":{"line":119,"column":8},"end":{"line":126,"column":9}},"28":{"start":{"line":120,"column":10},"end":{"line":124,"column":13}},"29":{"start":{"line":125,"column":10},"end":{"line":125,"column":17}},"30":{"start":{"line":129,"column":23},"end":{"line":129,"column":57}},"31":{"start":{"line":132,"column":47},"end":{"line":132,"column":49}},"32":{"start":{"line":134,"column":8},"end":{"line":146,"column":9}},"33":{"start":{"line":135,"column":10},"end":{"line":135,"column":51}},"34":{"start":{"line":136,"column":15},"end":{"line":146,"column":9}},"35":{"start":{"line":137,"column":10},"end":{"line":137,"column":83}},"36":{"start":{"line":139,"column":10},"end":{"line":139,"column":71}},"37":{"start":{"line":140,"column":10},"end":{"line":144,"column":13}},"38":{"start":{"line":145,"column":10},"end":{"line":145,"column":17}},"39":{"start":{"line":150,"column":8},"end":{"line":160,"column":9}},"40":{"start":{"line":151,"column":10},"end":{"line":154,"column":12}},"41":{"start":{"line":156,"column":10},"end":{"line":159,"column":12}},"42":{"start":{"line":162,"column":8},"end":{"line":178,"column":9}},"43":{"start":{"line":163,"column":10},"end":{"line":169,"column":13}},"44":{"start":{"line":171,"column":10},"end":{"line":176,"column":13}},"45":{"start":{"line":177,"column":10},"end":{"line":177,"column":17}},"46":{"start":{"line":181,"column":8},"end":{"line":207,"column":9}},"47":{"start":{"line":182,"column":34},"end":{"line":182,"column":65}},"48":{"start":{"line":184,"column":10},"end":{"line":206,"column":11}},"49":{"start":{"line":186,"column":36},"end":{"line":189,"column":null}},"50":{"start":{"line":192,"column":12},"end":{"line":205,"column":13}},"51":{"start":{"line":193,"column":14},"end":{"line":197,"column":17}},"52":{"start":{"line":199,"column":14},"end":{"line":203,"column":17}},"53":{"start":{"line":204,"column":14},"end":{"line":204,"column":21}},"54":{"start":{"line":210,"column":8},"end":{"line":210,"column":15}},"55":{"start":{"line":213,"column":8},"end":{"line":217,"column":11}},"56":{"start":{"line":219,"column":8},"end":{"line":223,"column":11}},"57":{"start":{"line":232,"column":4},"end":{"line":232,"column":51}},"58":{"start":{"line":239,"column":4},"end":{"line":242,"column":7}},"59":{"start":{"line":249,"column":4},"end":{"line":249,"column":56}},"60":{"start":{"line":256,"column":4},"end":{"line":259,"column":7}},"61":{"start":{"line":266,"column":4},"end":{"line":271,"column":7}},"62":{"start":{"line":106,"column":0},"end":{"line":106,"column":13}},"63":{"start":{"line":279,"column":2},"end":{"line":279,"column":44}},"64":{"start":{"line":286,"column":2},"end":{"line":286,"column":30}},"65":{"start":{"line":293,"column":2},"end":{"line":293,"column":45}}},"fnMap":{"0":{"name":"(anonymous_0)","decl":{"start":{"line":25,"column":0},"end":{"line":25,"column":12}},"loc":{"start":{"line":25,"column":24},"end":{"line":33,"column":1}}},"1":{"name":"(anonymous_1)","decl":{"start":{"line":38,"column":0},"end":{"line":38,"column":12}},"loc":{"start":{"line":38,"column":18},"end":{"line":46,"column":1}}},"2":{"name":"buildPermission","decl":{"start":{"line":51,"column":16},"end":{"line":51,"column":31}},"loc":{"start":{"line":51,"column":70},"end":{"line":53,"column":1}}},"3":{"name":"(anonymous_3)","decl":{"start":{"line":107,"column":2},"end":{"line":107,"column":null}},"loc":{"start":{"line":109,"column":27},"end":{"line":110,"column":6}}},"4":{"name":"(anonymous_4)","decl":{"start":{"line":115,"column":2},"end":{"line":115,"column":19}},"loc":{"start":{"line":115,"column":46},"end":{"line":226,"column":3}}},"5":{"name":"(anonymous_5)","decl":{"start":{"line":116,"column":11},"end":{"line":116,"column":16}},"loc":{"start":{"line":116,"column":97},"end":{"line":225,"column":5}}},"6":{"name":"(anonymous_6)","decl":{"start":{"line":231,"column":2},"end":{"line":231,"column":12}},"loc":{"start":{"line":231,"column":41},"end":{"line":233,"column":3}}},"7":{"name":"(anonymous_7)","decl":{"start":{"line":238,"column":2},"end":{"line":238,"column":12}},"loc":{"start":{"line":238,"column":41},"end":{"line":243,"column":3}}},"8":{"name":"(anonymous_8)","decl":{"start":{"line":248,"column":2},"end":{"line":248,"column":17}},"loc":{"start":{"line":248,"column":56},"end":{"line":250,"column":3}}},"9":{"name":"(anonymous_9)","decl":{"start":{"line":255,"column":2},"end":{"line":255,"column":14}},"loc":{"start":{"line":255,"column":14},"end":{"line":260,"column":3}}},"10":{"name":"(anonymous_10)","decl":{"start":{"line":265,"column":2},"end":{"line":265,"column":25}},"loc":{"start":{"line":265,"column":95},"end":{"line":272,"column":3}}},"11":{"name":"getUserIdFromParams","decl":{"start":{"line":278,"column":16},"end":{"line":278,"column":35}},"loc":{"start":{"line":278,"column":61},"end":{"line":280,"column":1}}},"12":{"name":"getPatientIdFromParams","decl":{"start":{"line":285,"column":16},"end":{"line":285,"column":38}},"loc":{"start":{"line":285,"column":64},"end":{"line":287,"column":1}}},"13":{"name":"getOwnerIdFromBody","decl":{"start":{"line":292,"column":16},"end":{"line":292,"column":34}},"loc":{"start":{"line":292,"column":60},"end":{"line":294,"column":1}}}},"branchMap":{"0":{"loc":{"start":{"line":25,"column":12},"end":{"line":25,"column":null}},"type":"binary-expr","locations":[{"start":{"line":25,"column":12},"end":{"line":25,"column":24}},{"start":{"line":25,"column":24},"end":{"line":25,"column":null}}]},"1":{"loc":{"start":{"line":38,"column":12},"end":{"line":38,"column":null}},"type":"binary-expr","locations":[{"start":{"line":38,"column":12},"end":{"line":38,"column":18}},{"start":{"line":38,"column":18},"end":{"line":38,"column":null}}]},"2":{"loc":{"start":{"line":119,"column":8},"end":{"line":126,"column":9}},"type":"if","locations":[{"start":{"line":119,"column":8},"end":{"line":126,"column":9}}]},"3":{"loc":{"start":{"line":119,"column":12},"end":{"line":119,"column":41}},"type":"binary-expr","locations":[{"start":{"line":119,"column":12},"end":{"line":119,"column":21}},{"start":{"line":119,"column":25},"end":{"line":119,"column":41}}]},"4":{"loc":{"start":{"line":134,"column":8},"end":{"line":146,"column":9}},"type":"if","locations":[{"start":{"line":134,"column":8},"end":{"line":146,"column":9}},{"start":{"line":136,"column":15},"end":{"line":146,"column":9}}]},"5":{"loc":{"start":{"line":136,"column":15},"end":{"line":146,"column":9}},"type":"if","locations":[{"start":{"line":136,"column":15},"end":{"line":146,"column":9}},{"start":{"line":138,"column":15},"end":{"line":146,"column":9}}]},"6":{"loc":{"start":{"line":136,"column":19},"end":{"line":136,"column":53}},"type":"binary-expr","locations":[{"start":{"line":136,"column":19},"end":{"line":136,"column":35}},{"start":{"line":136,"column":39},"end":{"line":136,"column":53}}]},"7":{"loc":{"start":{"line":150,"column":8},"end":{"line":160,"column":9}},"type":"if","locations":[{"start":{"line":150,"column":8},"end":{"line":160,"column":9}},{"start":{"line":155,"column":15},"end":{"line":160,"column":9}}]},"8":{"loc":{"start":{"line":162,"column":8},"end":{"line":178,"column":9}},"type":"if","locations":[{"start":{"line":162,"column":8},"end":{"line":178,"column":9}}]},"9":{"loc":{"start":{"line":174,"column":21},"end":{"line":174,"column":96}},"type":"binary-expr","locations":[{"start":{"line":174,"column":21},"end":{"line":174,"column":41}},{"start":{"line":174,"column":45},"end":{"line":174,"column":96}}]},"10":{"loc":{"start":{"line":181,"column":8},"end":{"line":207,"column":9}},"type":"if","locations":[{"start":{"line":181,"column":8},"end":{"line":207,"column":9}}]},"11":{"loc":{"start":{"line":181,"column":12},"end":{"line":181,"column":64}},"type":"binary-expr","locations":[{"start":{"line":181,"column":12},"end":{"line":181,"column":34}},{"start":{"line":181,"column":38},"end":{"line":181,"column":64}}]},"12":{"loc":{"start":{"line":184,"column":10},"end":{"line":206,"column":11}},"type":"if","locations":[{"start":{"line":184,"column":10},"end":{"line":206,"column":11}}]},"13":{"loc":{"start":{"line":184,"column":14},"end":{"line":184,"column":68}},"type":"binary-expr","locations":[{"start":{"line":184,"column":14},"end":{"line":184,"column":29}},{"start":{"line":184,"column":33},"end":{"line":184,"column":68}}]},"14":{"loc":{"start":{"line":192,"column":12},"end":{"line":205,"column":13}},"type":"if","locations":[{"start":{"line":192,"column":12},"end":{"line":205,"column":13}}]},"15":{"loc":{"start":{"line":279,"column":9},"end":{"line":279,"column":43}},"type":"binary-expr","locations":[{"start":{"line":279,"column":9},"end":{"line":279,"column":26}},{"start":{"line":279,"column":30},"end":{"line":279,"column":43}}]},"16":{"loc":{"start":{"line":293,"column":9},"end":{"line":293,"column":44}},"type":"binary-expr","locations":[{"start":{"line":293,"column":9},"end":{"line":293,"column":24}},{"start":{"line":293,"column":28},"end":{"line":293,"column":44}}]}},"s":{"0":2,"1":2,"2":2,"3":2,"4":2,"5":2,"6":2,"7":2,"8":2,"9":2,"10":2,"11":2,"12":2,"13":2,"14":2,"15":2,"16":2,"17":2,"18":2,"19":2,"20":2,"21":2,"22":6,"23":39,"24":39,"25":60,"26":30,"27":30,"28":1,"29":1,"30":29,"31":29,"32":29,"33":22,"34":7,"35":6,"36":1,"37":1,"38":1,"39":28,"40":3,"41":25,"42":27,"43":7,"44":7,"45":7,"46":20,"47":9,"48":9,"49":5,"50":5,"51":2,"52":2,"53":2,"54":18,"55":1,"56":1,"57":2,"58":2,"59":14,"60":15,"61":2,"62":2,"63":2,"64":1,"65":2},"f":{"0":2,"1":2,"2":6,"3":39,"4":60,"5":30,"6":2,"7":2,"8":14,"9":15,"10":2,"11":2,"12":1,"13":2},"b":{"0":[2,2],"1":[2,2],"2":[1],"3":[30,29],"4":[22,7],"5":[6,1],"6":[7,6],"7":[3,25],"8":[7],"9":[7,4],"10":[9],"11":[20,9],"12":[5],"13":[9,8],"14":[2],"15":[2,1],"16":[2,1]}}
,"D:\\hospital-management-V2\\backend\\services-v2\\identity-service\\src\\utils\\error-helper.ts": {"path":"D:\\hospital-management-V2\\backend\\services-v2\\identity-service\\src\\utils\\error-helper.ts","statementMap":{"0":{"start":{"line":9,"column":0},"end":{"line":9,"column":16}},"1":{"start":{"line":10,"column":2},"end":{"line":10,"column":51}},"2":{"start":{"line":10,"column":30},"end":{"line":10,"column":51}},"3":{"start":{"line":11,"column":2},"end":{"line":11,"column":23}}},"fnMap":{"0":{"name":"getErrorMessage","decl":{"start":{"line":9,"column":16},"end":{"line":9,"column":31}},"loc":{"start":{"line":9,"column":46},"end":{"line":12,"column":1}}}},"branchMap":{"0":{"loc":{"start":{"line":10,"column":2},"end":{"line":10,"column":51}},"type":"if","locations":[{"start":{"line":10,"column":2},"end":{"line":10,"column":51}}]}},"s":{"0":25,"1":89,"2":72,"3":17},"f":{"0":89},"b":{"0":[72]}}
}
