{"D:\\hospital-management-V2\\backend\\services-v2\\identity-service\\src\\application\\services\\IAuthenticationService.ts": {"path":"D:\\hospital-management-V2\\backend\\services-v2\\identity-service\\src\\application\\services\\IAuthenticationService.ts","statementMap":{"0":{"start":{"line":194,"column":0},"end":{"line":194,"column":null}},"1":{"start":{"line":195,"column":2},"end":{"line":195,"column":null}},"2":{"start":{"line":196,"column":2},"end":{"line":196,"column":null}},"3":{"start":{"line":197,"column":2},"end":{"line":197,"column":27}}},"fnMap":{"0":{"name":"(anonymous_0)","decl":{"start":{"line":194,"column":0},"end":{"line":194,"column":12}},"loc":{"start":{"line":194,"column":23},"end":{"line":198,"column":1}}}},"branchMap":{"0":{"loc":{"start":{"line":194,"column":12},"end":{"line":194,"column":null}},"type":"binary-expr","locations":[{"start":{"line":194,"column":12},"end":{"line":194,"column":23}},{"start":{"line":194,"column":23},"end":{"line":194,"column":null}}]}},"s":{"0":0,"1":0,"2":0,"3":0},"f":{"0":0},"b":{"0":[0,0]}}
,"D:\\hospital-management-V2\\backend\\services-v2\\identity-service\\src\\application\\services\\ICircuitBreaker.ts": {"path":"D:\\hospital-management-V2\\backend\\services-v2\\identity-service\\src\\application\\services\\ICircuitBreaker.ts","statementMap":{"0":{"start":{"line":41,"column":0},"end":{"line":41,"column":null}},"1":{"start":{"line":42,"column":2},"end":{"line":42,"column":null}},"2":{"start":{"line":43,"column":2},"end":{"line":43,"column":null}},"3":{"start":{"line":44,"column":2},"end":{"line":44,"column":null}}},"fnMap":{"0":{"name":"(anonymous_0)","decl":{"start":{"line":41,"column":0},"end":{"line":41,"column":12}},"loc":{"start":{"line":41,"column":31},"end":{"line":45,"column":1}}}},"branchMap":{"0":{"loc":{"start":{"line":41,"column":12},"end":{"line":41,"column":null}},"type":"binary-expr","locations":[{"start":{"line":41,"column":12},"end":{"line":41,"column":31}},{"start":{"line":41,"column":31},"end":{"line":41,"column":null}}]}},"s":{"0":13,"1":13,"2":13,"3":13},"f":{"0":13},"b":{"0":[13,13]}}
,"D:\\hospital-management-V2\\backend\\services-v2\\identity-service\\src\\application\\services\\IDegradationService.ts": {"path":"D:\\hospital-management-V2\\backend\\services-v2\\identity-service\\src\\application\\services\\IDegradationService.ts","statementMap":{"0":{"start":{"line":11,"column":0},"end":{"line":11,"column":null}},"1":{"start":{"line":12,"column":2},"end":{"line":12,"column":null}},"2":{"start":{"line":13,"column":2},"end":{"line":13,"column":null}},"3":{"start":{"line":14,"column":2},"end":{"line":14,"column":null}},"4":{"start":{"line":15,"column":2},"end":{"line":15,"column":null}}},"fnMap":{"0":{"name":"(anonymous_0)","decl":{"start":{"line":11,"column":0},"end":{"line":11,"column":12}},"loc":{"start":{"line":11,"column":23},"end":{"line":16,"column":1}}}},"branchMap":{"0":{"loc":{"start":{"line":11,"column":12},"end":{"line":11,"column":null}},"type":"binary-expr","locations":[{"start":{"line":11,"column":12},"end":{"line":11,"column":23}},{"start":{"line":11,"column":23},"end":{"line":11,"column":null}}]}},"s":{"0":3,"1":3,"2":3,"3":3,"4":3},"f":{"0":3},"b":{"0":[3,3]}}
,"D:\\hospital-management-V2\\backend\\services-v2\\identity-service\\src\\application\\services\\IPermissionService.ts": {"path":"D:\\hospital-management-V2\\backend\\services-v2\\identity-service\\src\\application\\services\\IPermissionService.ts","statementMap":{"0":{"start":{"line":130,"column":0},"end":{"line":130,"column":16}},"1":{"start":{"line":137,"column":0},"end":{"line":137,"column":16}},"2":{"start":{"line":152,"column":0},"end":{"line":152,"column":16}},"3":{"start":{"line":23,"column":0},"end":{"line":23,"column":null}},"4":{"start":{"line":24,"column":2},"end":{"line":24,"column":null}},"5":{"start":{"line":25,"column":2},"end":{"line":25,"column":null}},"6":{"start":{"line":26,"column":2},"end":{"line":26,"column":null}},"7":{"start":{"line":27,"column":2},"end":{"line":27,"column":null}},"8":{"start":{"line":28,"column":2},"end":{"line":28,"column":null}},"9":{"start":{"line":29,"column":2},"end":{"line":29,"column":null}},"10":{"start":{"line":30,"column":2},"end":{"line":30,"column":null}},"11":{"start":{"line":36,"column":0},"end":{"line":36,"column":null}},"12":{"start":{"line":37,"column":2},"end":{"line":37,"column":null}},"13":{"start":{"line":38,"column":2},"end":{"line":38,"column":null}},"14":{"start":{"line":39,"column":2},"end":{"line":39,"column":null}},"15":{"start":{"line":40,"column":2},"end":{"line":40,"column":null}},"16":{"start":{"line":41,"column":2},"end":{"line":41,"column":null}},"17":{"start":{"line":42,"column":2},"end":{"line":42,"column":null}},"18":{"start":{"line":43,"column":2},"end":{"line":43,"column":18}},"19":{"start":{"line":131,"column":2},"end":{"line":131,"column":33}},"20":{"start":{"line":138,"column":16},"end":{"line":138,"column":37}},"21":{"start":{"line":139,"column":2},"end":{"line":141,"column":3}},"22":{"start":{"line":140,"column":4},"end":{"line":140,"column":16}},"23":{"start":{"line":142,"column":2},"end":{"line":145,"column":4}},"24":{"start":{"line":154,"column":2},"end":{"line":156,"column":3}},"25":{"start":{"line":155,"column":4},"end":{"line":155,"column":16}},"26":{"start":{"line":159,"column":2},"end":{"line":161,"column":3}},"27":{"start":{"line":160,"column":4},"end":{"line":160,"column":16}},"28":{"start":{"line":163,"column":20},"end":{"line":163,"column":45}},"29":{"start":{"line":164,"column":24},"end":{"line":164,"column":53}},"30":{"start":{"line":166,"column":2},"end":{"line":168,"column":3}},"31":{"start":{"line":167,"column":4},"end":{"line":167,"column":17}},"32":{"start":{"line":170,"column":37},"end":{"line":170,"column":46}},"33":{"start":{"line":171,"column":45},"end":{"line":171,"column":58}},"34":{"start":{"line":174,"column":2},"end":{"line":176,"column":3}},"35":{"start":{"line":175,"column":4},"end":{"line":175,"column":16}},"36":{"start":{"line":179,"column":2},"end":{"line":181,"column":3}},"37":{"start":{"line":180,"column":4},"end":{"line":180,"column":16}},"38":{"start":{"line":184,"column":2},"end":{"line":186,"column":3}},"39":{"start":{"line":185,"column":4},"end":{"line":185,"column":45}},"40":{"start":{"line":189,"column":2},"end":{"line":191,"column":3}},"41":{"start":{"line":190,"column":4},"end":{"line":190,"column":16}},"42":{"start":{"line":193,"column":2},"end":{"line":193,"column":15}}},"fnMap":{"0":{"name":"(anonymous_0)","decl":{"start":{"line":23,"column":0},"end":{"line":23,"column":12}},"loc":{"start":{"line":23,"column":24},"end":{"line":31,"column":1}}},"1":{"name":"(anonymous_1)","decl":{"start":{"line":36,"column":0},"end":{"line":36,"column":12}},"loc":{"start":{"line":36,"column":18},"end":{"line":44,"column":1}}},"2":{"name":"buildPermission","decl":{"start":{"line":130,"column":16},"end":{"line":130,"column":31}},"loc":{"start":{"line":130,"column":70},"end":{"line":132,"column":1}}},"3":{"name":"parsePermission","decl":{"start":{"line":137,"column":16},"end":{"line":137,"column":31}},"loc":{"start":{"line":137,"column":54},"end":{"line":146,"column":1}}},"4":{"name":"matchesPermission","decl":{"start":{"line":152,"column":16},"end":{"line":152,"column":33}},"loc":{"start":{"line":152,"column":92},"end":{"line":194,"column":1}}}},"branchMap":{"0":{"loc":{"start":{"line":23,"column":12},"end":{"line":23,"column":null}},"type":"binary-expr","locations":[{"start":{"line":23,"column":12},"end":{"line":23,"column":24}},{"start":{"line":23,"column":24},"end":{"line":23,"column":null}}]},"1":{"loc":{"start":{"line":36,"column":12},"end":{"line":36,"column":null}},"type":"binary-expr","locations":[{"start":{"line":36,"column":12},"end":{"line":36,"column":18}},{"start":{"line":36,"column":18},"end":{"line":36,"column":null}}]},"2":{"loc":{"start":{"line":139,"column":2},"end":{"line":141,"column":3}},"type":"if","locations":[{"start":{"line":139,"column":2},"end":{"line":141,"column":3}}]},"3":{"loc":{"start":{"line":154,"column":2},"end":{"line":156,"column":3}},"type":"if","locations":[{"start":{"line":154,"column":2},"end":{"line":156,"column":3}}]},"4":{"loc":{"start":{"line":159,"column":2},"end":{"line":161,"column":3}},"type":"if","locations":[{"start":{"line":159,"column":2},"end":{"line":161,"column":3}}]},"5":{"loc":{"start":{"line":166,"column":2},"end":{"line":168,"column":3}},"type":"if","locations":[{"start":{"line":166,"column":2},"end":{"line":168,"column":3}}]},"6":{"loc":{"start":{"line":166,"column":6},"end":{"line":166,"column":58}},"type":"binary-expr","locations":[{"start":{"line":166,"column":6},"end":{"line":166,"column":28}},{"start":{"line":166,"column":32},"end":{"line":166,"column":58}}]},"7":{"loc":{"start":{"line":174,"column":2},"end":{"line":176,"column":3}},"type":"if","locations":[{"start":{"line":174,"column":2},"end":{"line":176,"column":3}}]},"8":{"loc":{"start":{"line":174,"column":6},"end":{"line":174,"column":61}},"type":"binary-expr","locations":[{"start":{"line":174,"column":6},"end":{"line":174,"column":39}},{"start":{"line":174,"column":43},"end":{"line":174,"column":61}}]},"9":{"loc":{"start":{"line":179,"column":2},"end":{"line":181,"column":3}},"type":"if","locations":[{"start":{"line":179,"column":2},"end":{"line":181,"column":3}}]},"10":{"loc":{"start":{"line":179,"column":6},"end":{"line":179,"column":59}},"type":"binary-expr","locations":[{"start":{"line":179,"column":6},"end":{"line":179,"column":26}},{"start":{"line":179,"column":30},"end":{"line":179,"column":59}}]},"11":{"loc":{"start":{"line":184,"column":2},"end":{"line":186,"column":3}},"type":"if","locations":[{"start":{"line":184,"column":2},"end":{"line":186,"column":3}}]},"12":{"loc":{"start":{"line":184,"column":6},"end":{"line":184,"column":92}},"type":"binary-expr","locations":[{"start":{"line":184,"column":6},"end":{"line":184,"column":28}},{"start":{"line":184,"column":33},"end":{"line":184,"column":60}},{"start":{"line":184,"column":64},"end":{"line":184,"column":91}}]},"13":{"loc":{"start":{"line":189,"column":2},"end":{"line":191,"column":3}},"type":"if","locations":[{"start":{"line":189,"column":2},"end":{"line":191,"column":3}}]},"14":{"loc":{"start":{"line":189,"column":6},"end":{"line":189,"column":66}},"type":"binary-expr","locations":[{"start":{"line":189,"column":6},"end":{"line":189,"column":29}},{"start":{"line":189,"column":33},"end":{"line":189,"column":66}}]}},"s":{"0":2,"1":2,"2":2,"3":2,"4":2,"5":2,"6":2,"7":2,"8":2,"9":2,"10":2,"11":2,"12":2,"13":2,"14":2,"15":2,"16":2,"17":2,"18":2,"19":2,"20":0,"21":0,"22":0,"23":0,"24":26,"25":2,"26":24,"27":10,"28":14,"29":14,"30":14,"31":0,"32":14,"33":14,"34":14,"35":1,"36":13,"37":1,"38":12,"39":2,"40":10,"41":1,"42":9},"f":{"0":2,"1":2,"2":2,"3":0,"4":26},"b":{"0":[2,2],"1":[2,2],"2":[0],"3":[2],"4":[10],"5":[0],"6":[14,14],"7":[1],"8":[14,12],"9":[1],"10":[13,1],"11":[2],"12":[12,2,1],"13":[1],"14":[10,1]}}
,"D:\\hospital-management-V2\\backend\\services-v2\\identity-service\\src\\application\\use-cases\\AuthenticateUserUseCase.ts": {"path":"D:\\hospital-management-V2\\backend\\services-v2\\identity-service\\src\\application\\use-cases\\AuthenticateUserUseCase.ts","statementMap":{"0":{"start":{"line":1,"column":0},"end":{"line":1,"column":59}},"1":{"start":{"line":12,"column":0},"end":{"line":12,"column":91}},"2":{"start":{"line":18,"column":0},"end":{"line":18,"column":57}},"3":{"start":{"line":19,"column":0},"end":{"line":19,"column":64}},"4":{"start":{"line":49,"column":12},"end":{"line":49,"column":43}},"5":{"start":{"line":50,"column":12},"end":{"line":50,"column":47}},"6":{"start":{"line":51,"column":12},"end":{"line":51,"column":51}},"7":{"start":{"line":52,"column":12},"end":{"line":52,"column":43}},"8":{"start":{"line":53,"column":12},"end":{"line":53,"column":27}},"9":{"start":{"line":60,"column":22},"end":{"line":60,"column":32}},"10":{"start":{"line":62,"column":4},"end":{"line":108,"column":5}},"11":{"start":{"line":64,"column":6},"end":{"line":64,"column":36}},"12":{"start":{"line":67,"column":6},"end":{"line":71,"column":9}},"13":{"start":{"line":74,"column":25},"end":{"line":76,"column":null}},"14":{"start":{"line":75,"column":14},"end":{"line":75,"column":49}},"15":{"start":{"line":76,"column":14},"end":{"line":76,"column":57}},"16":{"start":{"line":80,"column":6},"end":{"line":91,"column":7}},"17":{"start":{"line":81,"column":8},"end":{"line":85,"column":11}},"18":{"start":{"line":88,"column":8},"end":{"line":90,"column":9}},"19":{"start":{"line":89,"column":10},"end":{"line":89,"column":81}},"20":{"start":{"line":93,"column":6},"end":{"line":93,"column":44}},"21":{"start":{"line":96,"column":6},"end":{"line":101,"column":9}},"22":{"start":{"line":103,"column":6},"end":{"line":107,"column":8}},"23":{"start":{"line":115,"column":4},"end":{"line":177,"column":5}},"24":{"start":{"line":118,"column":25},"end":{"line":121,"column":8}},"25":{"start":{"line":123,"column":6},"end":{"line":125,"column":7}},"26":{"start":{"line":124,"column":8},"end":{"line":124,"column":69}},"27":{"start":{"line":128,"column":20},"end":{"line":128,"column":47}},"28":{"start":{"line":129,"column":19},"end":{"line":129,"column":63}},"29":{"start":{"line":131,"column":6},"end":{"line":133,"column":7}},"30":{"start":{"line":132,"column":8},"end":{"line":132,"column":52}},"31":{"start":{"line":136,"column":6},"end":{"line":138,"column":7}},"32":{"start":{"line":137,"column":8},"end":{"line":137,"column":55}},"33":{"start":{"line":141,"column":6},"end":{"line":144,"column":8}},"34":{"start":{"line":148,"column":24},"end":{"line":148,"column":84}},"35":{"start":{"line":149,"column":31},"end":{"line":155,"column":null}},"36":{"start":{"line":157,"column":6},"end":{"line":157,"column":64}},"37":{"start":{"line":160,"column":20},"end":{"line":160,"column":71}},"38":{"start":{"line":161,"column":26},"end":{"line":161,"column":86}},"39":{"start":{"line":163,"column":6},"end":{"line":170,"column":8}},"40":{"start":{"line":172,"column":6},"end":{"line":175,"column":9}},"41":{"start":{"line":176,"column":6},"end":{"line":176,"column":18}},"42":{"start":{"line":184,"column":4},"end":{"line":186,"column":7}},"43":{"start":{"line":188,"column":41},"end":{"line":192,"column":6}},"44":{"start":{"line":194,"column":4},"end":{"line":194,"column":71}},"45":{"start":{"line":201,"column":29},"end":{"line":201,"column":31}},"46":{"start":{"line":203,"column":4},"end":{"line":205,"column":5}},"47":{"start":{"line":204,"column":6},"end":{"line":204,"column":47}},"48":{"start":{"line":207,"column":4},"end":{"line":209,"column":5}},"49":{"start":{"line":208,"column":6},"end":{"line":208,"column":54}},"50":{"start":{"line":211,"column":4},"end":{"line":213,"column":5}},"51":{"start":{"line":212,"column":6},"end":{"line":212,"column":52}},"52":{"start":{"line":215,"column":4},"end":{"line":217,"column":5}},"53":{"start":{"line":216,"column":6},"end":{"line":216,"column":52}},"54":{"start":{"line":220,"column":4},"end":{"line":224,"column":5}},"55":{"start":{"line":221,"column":6},"end":{"line":221,"column":34}},"56":{"start":{"line":223,"column":6},"end":{"line":223,"column":50}},"57":{"start":{"line":226,"column":4},"end":{"line":228,"column":5}},"58":{"start":{"line":227,"column":6},"end":{"line":227,"column":65}},"59":{"start":{"line":235,"column":52},"end":{"line":268,"column":6}},"60":{"start":{"line":270,"column":24},"end":{"line":270,"column":41}},"61":{"start":{"line":272,"column":4},"end":{"line":275,"column":5}},"62":{"start":{"line":273,"column":30},"end":{"line":273,"column":55}},"63":{"start":{"line":274,"column":6},"end":{"line":274,"column":73}},"64":{"start":{"line":274,"column":44},"end":{"line":274,"column":71}},"65":{"start":{"line":277,"column":4},"end":{"line":277,"column":35}},"66":{"start":{"line":284,"column":4},"end":{"line":294,"column":6}},"67":{"start":{"line":301,"column":4},"end":{"line":303,"column":5}},"68":{"start":{"line":302,"column":6},"end":{"line":302,"column":23}},"69":{"start":{"line":306,"column":22},"end":{"line":306,"column":32}},"70":{"start":{"line":307,"column":23},"end":{"line":307,"column":62}},"71":{"start":{"line":308,"column":4},"end":{"line":308,"column":69}},"72":{"start":{"line":316,"column":29},"end":{"line":316,"column":48}},"73":{"start":{"line":317,"column":4},"end":{"line":317,"column":84}},"74":{"start":{"line":317,"column":42},"end":{"line":317,"column":73}},"75":{"start":{"line":47,"column":0},"end":{"line":47,"column":13}}},"fnMap":{"0":{"name":"(anonymous_0)","decl":{"start":{"line":48,"column":2},"end":{"line":48,"column":null}},"loc":{"start":{"line":53,"column":27},"end":{"line":54,"column":6}}},"1":{"name":"(anonymous_1)","decl":{"start":{"line":59,"column":2},"end":{"line":59,"column":7}},"loc":{"start":{"line":59,"column":48},"end":{"line":109,"column":3}}},"2":{"name":"(anonymous_2)","decl":{"start":{"line":75,"column":8},"end":{"line":75,"column":11}},"loc":{"start":{"line":75,"column":14},"end":{"line":75,"column":49}}},"3":{"name":"(anonymous_3)","decl":{"start":{"line":76,"column":8},"end":{"line":76,"column":11}},"loc":{"start":{"line":76,"column":14},"end":{"line":76,"column":57}}},"4":{"name":"(anonymous_4)","decl":{"start":{"line":114,"column":10},"end":{"line":114,"column":15}},"loc":{"start":{"line":114,"column":70},"end":{"line":178,"column":3}}},"5":{"name":"(anonymous_5)","decl":{"start":{"line":183,"column":10},"end":{"line":183,"column":15}},"loc":{"start":{"line":183,"column":78},"end":{"line":195,"column":3}}},"6":{"name":"(anonymous_6)","decl":{"start":{"line":200,"column":10},"end":{"line":200,"column":25}},"loc":{"start":{"line":200,"column":58},"end":{"line":229,"column":3}}},"7":{"name":"(anonymous_7)","decl":{"start":{"line":234,"column":10},"end":{"line":234,"column":32}},"loc":{"start":{"line":234,"column":48},"end":{"line":278,"column":3}}},"8":{"name":"(anonymous_8)","decl":{"start":{"line":274,"column":30},"end":{"line":274,"column":40}},"loc":{"start":{"line":274,"column":44},"end":{"line":274,"column":71}}},"9":{"name":"(anonymous_9)","decl":{"start":{"line":283,"column":10},"end":{"line":283,"column":23}},"loc":{"start":{"line":283,"column":46},"end":{"line":295,"column":3}}},"10":{"name":"(anonymous_10)","decl":{"start":{"line":300,"column":10},"end":{"line":300,"column":30}},"loc":{"start":{"line":300,"column":53},"end":{"line":309,"column":3}}},"11":{"name":"(anonymous_11)","decl":{"start":{"line":314,"column":10},"end":{"line":314,"column":26}},"loc":{"start":{"line":314,"column":49},"end":{"line":318,"column":3}}},"12":{"name":"(anonymous_12)","decl":{"start":{"line":317,"column":34},"end":{"line":317,"column":38}},"loc":{"start":{"line":317,"column":42},"end":{"line":317,"column":73}}}},"branchMap":{"0":{"loc":{"start":{"line":80,"column":6},"end":{"line":91,"column":7}},"type":"if","locations":[{"start":{"line":80,"column":6},"end":{"line":91,"column":7}}]},"1":{"loc":{"start":{"line":88,"column":8},"end":{"line":90,"column":9}},"type":"if","locations":[{"start":{"line":88,"column":8},"end":{"line":90,"column":9}}]},"2":{"loc":{"start":{"line":123,"column":6},"end":{"line":125,"column":7}},"type":"if","locations":[{"start":{"line":123,"column":6},"end":{"line":125,"column":7}}]},"3":{"loc":{"start":{"line":123,"column":10},"end":{"line":123,"column":56}},"type":"binary-expr","locations":[{"start":{"line":123,"column":10},"end":{"line":123,"column":29}},{"start":{"line":123,"column":33},"end":{"line":123,"column":56}}]},"4":{"loc":{"start":{"line":124,"column":24},"end":{"line":124,"column":67}},"type":"binary-expr","locations":[{"start":{"line":124,"column":24},"end":{"line":124,"column":40}},{"start":{"line":124,"column":44},"end":{"line":124,"column":67}}]},"5":{"loc":{"start":{"line":131,"column":6},"end":{"line":133,"column":7}},"type":"if","locations":[{"start":{"line":131,"column":6},"end":{"line":133,"column":7}}]},"6":{"loc":{"start":{"line":136,"column":6},"end":{"line":138,"column":7}},"type":"if","locations":[{"start":{"line":136,"column":6},"end":{"line":138,"column":7}}]},"7":{"loc":{"start":{"line":148,"column":47},"end":{"line":148,"column":75}},"type":"binary-expr","locations":[{"start":{"line":148,"column":47},"end":{"line":148,"column":67}},{"start":{"line":148,"column":71},"end":{"line":148,"column":75}}]},"8":{"loc":{"start":{"line":152,"column":8},"end":{"line":152,"column":32}},"type":"binary-expr","locations":[{"start":{"line":152,"column":8},"end":{"line":152,"column":26}},{"start":{"line":152,"column":30},"end":{"line":152,"column":32}}]},"9":{"loc":{"start":{"line":161,"column":26},"end":{"line":161,"column":86}},"type":"binary-expr","locations":[{"start":{"line":161,"column":26},"end":{"line":161,"column":48}},{"start":{"line":161,"column":52},"end":{"line":161,"column":86}}]},"10":{"loc":{"start":{"line":203,"column":4},"end":{"line":205,"column":5}},"type":"if","locations":[{"start":{"line":203,"column":4},"end":{"line":205,"column":5}}]},"11":{"loc":{"start":{"line":203,"column":8},"end":{"line":203,"column":59}},"type":"binary-expr","locations":[{"start":{"line":203,"column":8},"end":{"line":203,"column":22}},{"start":{"line":203,"column":26},"end":{"line":203,"column":59}}]},"12":{"loc":{"start":{"line":207,"column":4},"end":{"line":209,"column":5}},"type":"if","locations":[{"start":{"line":207,"column":4},"end":{"line":209,"column":5}}]},"13":{"loc":{"start":{"line":207,"column":8},"end":{"line":207,"column":56}},"type":"binary-expr","locations":[{"start":{"line":207,"column":8},"end":{"line":207,"column":25}},{"start":{"line":207,"column":29},"end":{"line":207,"column":56}}]},"14":{"loc":{"start":{"line":211,"column":4},"end":{"line":213,"column":5}},"type":"if","locations":[{"start":{"line":211,"column":4},"end":{"line":213,"column":5}}]},"15":{"loc":{"start":{"line":215,"column":4},"end":{"line":217,"column":5}},"type":"if","locations":[{"start":{"line":215,"column":4},"end":{"line":217,"column":5}}]},"16":{"loc":{"start":{"line":226,"column":4},"end":{"line":228,"column":5}},"type":"if","locations":[{"start":{"line":226,"column":4},"end":{"line":228,"column":5}}]},"17":{"loc":{"start":{"line":273,"column":30},"end":{"line":273,"column":55}},"type":"binary-expr","locations":[{"start":{"line":273,"column":30},"end":{"line":273,"column":49}},{"start":{"line":273,"column":53},"end":{"line":273,"column":55}}]},"18":{"loc":{"start":{"line":301,"column":4},"end":{"line":303,"column":5}},"type":"if","locations":[{"start":{"line":301,"column":4},"end":{"line":303,"column":5}}]},"19":{"loc":{"start":{"line":301,"column":8},"end":{"line":301,"column":49}},"type":"binary-expr","locations":[{"start":{"line":301,"column":8},"end":{"line":301,"column":27}},{"start":{"line":301,"column":31},"end":{"line":301,"column":49}}]},"20":{"loc":{"start":{"line":317,"column":11},"end":{"line":317,"column":83}},"type":"binary-expr","locations":[{"start":{"line":317,"column":11},"end":{"line":317,"column":74}},{"start":{"line":317,"column":78},"end":{"line":317,"column":83}}]}},"s":{"0":1,"1":1,"2":1,"3":1,"4":8,"5":8,"6":8,"7":8,"8":8,"9":8,"10":8,"11":8,"12":6,"13":6,"14":6,"15":0,"16":3,"17":3,"18":3,"19":3,"20":3,"21":5,"22":4,"23":6,"24":6,"25":6,"26":1,"27":5,"28":5,"29":5,"30":1,"31":4,"32":1,"33":3,"34":3,"35":3,"36":3,"37":3,"38":3,"39":3,"40":3,"41":3,"42":0,"43":0,"44":0,"45":8,"46":8,"47":1,"48":8,"49":1,"50":8,"51":0,"52":8,"53":0,"54":8,"55":8,"56":1,"57":8,"58":2,"59":3,"60":3,"61":3,"62":3,"63":3,"64":12,"65":3,"66":3,"67":3,"68":0,"69":3,"70":3,"71":3,"72":3,"73":3,"74":3,"75":1},"f":{"0":8,"1":8,"2":6,"3":0,"4":6,"5":0,"6":8,"7":3,"8":12,"9":3,"10":3,"11":3,"12":3},"b":{"0":[3],"1":[3],"2":[1],"3":[6,5],"4":[1,0],"5":[1],"6":[1],"7":[3,0],"8":[3,3],"9":[3,3],"10":[1],"11":[8,7],"12":[1],"13":[8,8],"14":[0],"15":[0],"16":[2],"17":[3,0],"18":[0],"19":[3,3],"20":[3,3]}}
,"D:\\hospital-management-V2\\backend\\services-v2\\identity-service\\src\\application\\use-cases\\DeleteUserUseCase.ts": {"path":"D:\\hospital-management-V2\\backend\\services-v2\\identity-service\\src\\application\\use-cases\\DeleteUserUseCase.ts","statementMap":{"0":{"start":{"line":12,"column":0},"end":{"line":12,"column":59}},"1":{"start":{"line":13,"column":0},"end":{"line":13,"column":87}},"2":{"start":{"line":14,"column":0},"end":{"line":14,"column":59}},"3":{"start":{"line":41,"column":12},"end":{"line":41,"column":43}},"4":{"start":{"line":42,"column":12},"end":{"line":42,"column":23}},"5":{"start":{"line":38,"column":10},"end":{"line":38,"column":84}},"6":{"start":{"line":46,"column":4},"end":{"line":62,"column":5}},"7":{"start":{"line":47,"column":6},"end":{"line":49,"column":9}},"8":{"start":{"line":48,"column":8},"end":{"line":48,"column":54}},"9":{"start":{"line":51,"column":6},"end":{"line":55,"column":9}},"10":{"start":{"line":57,"column":6},"end":{"line":61,"column":8}},"11":{"start":{"line":66,"column":64},"end":{"line":66,"column":71}},"12":{"start":{"line":69,"column":4},"end":{"line":75,"column":5}},"13":{"start":{"line":70,"column":6},"end":{"line":74,"column":8}},"14":{"start":{"line":78,"column":4},"end":{"line":85,"column":5}},"15":{"start":{"line":79,"column":6},"end":{"line":79,"column":87}},"16":{"start":{"line":80,"column":6},"end":{"line":84,"column":8}},"17":{"start":{"line":87,"column":4},"end":{"line":164,"column":5}},"18":{"start":{"line":89,"column":23},"end":{"line":89,"column":48}},"19":{"start":{"line":90,"column":19},"end":{"line":90,"column":63}},"20":{"start":{"line":92,"column":6},"end":{"line":99,"column":7}},"21":{"start":{"line":93,"column":8},"end":{"line":93,"column":81}},"22":{"start":{"line":94,"column":8},"end":{"line":98,"column":10}},"23":{"start":{"line":102,"column":6},"end":{"line":108,"column":7}},"24":{"start":{"line":103,"column":8},"end":{"line":107,"column":10}},"25":{"start":{"line":110,"column":6},"end":{"line":149,"column":7}},"26":{"start":{"line":112,"column":8},"end":{"line":112,"column":51}},"27":{"start":{"line":115,"column":8},"end":{"line":122,"column":11}},"28":{"start":{"line":124,"column":8},"end":{"line":128,"column":10}},"29":{"start":{"line":132,"column":8},"end":{"line":132,"column":26}},"30":{"start":{"line":133,"column":8},"end":{"line":133,"column":47}},"31":{"start":{"line":136,"column":8},"end":{"line":142,"column":11}},"32":{"start":{"line":144,"column":8},"end":{"line":148,"column":10}},"33":{"start":{"line":152,"column":6},"end":{"line":157,"column":9}},"34":{"start":{"line":159,"column":6},"end":{"line":163,"column":8}},"35":{"start":{"line":37,"column":0},"end":{"line":37,"column":13}}},"fnMap":{"0":{"name":"(anonymous_0)","decl":{"start":{"line":40,"column":2},"end":{"line":40,"column":null}},"loc":{"start":{"line":42,"column":23},"end":{"line":43,"column":6}}},"1":{"name":"(anonymous_1)","decl":{"start":{"line":45,"column":2},"end":{"line":45,"column":7}},"loc":{"start":{"line":45,"column":42},"end":{"line":63,"column":3}}},"2":{"name":"(anonymous_2)","decl":{"start":{"line":47,"column":47},"end":{"line":47,"column":52}},"loc":{"start":{"line":47,"column":58},"end":{"line":49,"column":7}}},"3":{"name":"(anonymous_3)","decl":{"start":{"line":65,"column":10},"end":{"line":65,"column":15}},"loc":{"start":{"line":65,"column":61},"end":{"line":165,"column":3}}}},"branchMap":{"0":{"loc":{"start":{"line":66,"column":33},"end":{"line":66,"column":51}},"type":"default-arg","locations":[{"start":{"line":66,"column":46},"end":{"line":66,"column":51}}]},"1":{"loc":{"start":{"line":69,"column":4},"end":{"line":75,"column":5}},"type":"if","locations":[{"start":{"line":69,"column":4},"end":{"line":75,"column":5}}]},"2":{"loc":{"start":{"line":69,"column":8},"end":{"line":69,"column":31}},"type":"binary-expr","locations":[{"start":{"line":69,"column":8},"end":{"line":69,"column":15}},{"start":{"line":69,"column":19},"end":{"line":69,"column":31}}]},"3":{"loc":{"start":{"line":78,"column":4},"end":{"line":85,"column":5}},"type":"if","locations":[{"start":{"line":78,"column":4},"end":{"line":85,"column":5}}]},"4":{"loc":{"start":{"line":92,"column":6},"end":{"line":99,"column":7}},"type":"if","locations":[{"start":{"line":92,"column":6},"end":{"line":99,"column":7}}]},"5":{"loc":{"start":{"line":102,"column":6},"end":{"line":108,"column":7}},"type":"if","locations":[{"start":{"line":102,"column":6},"end":{"line":108,"column":7}}]},"6":{"loc":{"start":{"line":102,"column":10},"end":{"line":102,"column":39}},"type":"binary-expr","locations":[{"start":{"line":102,"column":10},"end":{"line":102,"column":24}},{"start":{"line":102,"column":28},"end":{"line":102,"column":39}}]},"7":{"loc":{"start":{"line":110,"column":6},"end":{"line":149,"column":7}},"type":"if","locations":[{"start":{"line":110,"column":6},"end":{"line":149,"column":7}},{"start":{"line":130,"column":13},"end":{"line":149,"column":7}}]},"8":{"loc":{"start":{"line":118,"column":18},"end":{"line":118,"column":48}},"type":"binary-expr","locations":[{"start":{"line":118,"column":18},"end":{"line":118,"column":24}},{"start":{"line":118,"column":28},"end":{"line":118,"column":48}}]},"9":{"loc":{"start":{"line":139,"column":18},"end":{"line":139,"column":48}},"type":"binary-expr","locations":[{"start":{"line":139,"column":18},"end":{"line":139,"column":24}},{"start":{"line":139,"column":28},"end":{"line":139,"column":48}}]}},"s":{"0":1,"1":1,"2":1,"3":10,"4":10,"5":10,"6":10,"7":10,"8":10,"9":0,"10":0,"11":10,"12":10,"13":2,"14":8,"15":1,"16":1,"17":7,"18":7,"19":7,"20":7,"21":1,"22":1,"23":6,"24":1,"25":5,"26":2,"27":2,"28":2,"29":3,"30":3,"31":2,"32":2,"33":1,"34":1,"35":1},"f":{"0":10,"1":10,"2":10,"3":10},"b":{"0":[8],"1":[2],"2":[10,9],"3":[1],"4":[1],"5":[1],"6":[6,1],"7":[2,3],"8":[2,0],"9":[2,0]}}
,"D:\\hospital-management-V2\\backend\\services-v2\\identity-service\\src\\application\\use-cases\\DisableMFAUseCase.ts": {"path":"D:\\hospital-management-V2\\backend\\services-v2\\identity-service\\src\\application\\use-cases\\DisableMFAUseCase.ts","statementMap":{"0":{"start":{"line":1,"column":0},"end":{"line":1,"column":59}},"1":{"start":{"line":14,"column":0},"end":{"line":14,"column":87}},"2":{"start":{"line":16,"column":0},"end":{"line":16,"column":59}},"3":{"start":{"line":40,"column":12},"end":{"line":40,"column":43}},"4":{"start":{"line":41,"column":12},"end":{"line":41,"column":35}},"5":{"start":{"line":42,"column":12},"end":{"line":42,"column":46}},"6":{"start":{"line":43,"column":12},"end":{"line":43,"column":23}},"7":{"start":{"line":37,"column":10},"end":{"line":37,"column":84}},"8":{"start":{"line":47,"column":4},"end":{"line":57,"column":6}},"9":{"start":{"line":48,"column":18},"end":{"line":48,"column":43}},"10":{"start":{"line":50,"column":8},"end":{"line":50,"column":72}},"11":{"start":{"line":51,"column":8},"end":{"line":55,"column":10}},"12":{"start":{"line":61,"column":4},"end":{"line":123,"column":5}},"13":{"start":{"line":62,"column":6},"end":{"line":62,"column":75}},"14":{"start":{"line":65,"column":30},"end":{"line":65,"column":59}},"15":{"start":{"line":66,"column":6},"end":{"line":72,"column":7}},"16":{"start":{"line":67,"column":8},"end":{"line":71,"column":10}},"17":{"start":{"line":75,"column":21},"end":{"line":75,"column":54}},"18":{"start":{"line":76,"column":19},"end":{"line":76,"column":61}},"19":{"start":{"line":77,"column":6},"end":{"line":83,"column":7}},"20":{"start":{"line":78,"column":8},"end":{"line":82,"column":10}},"21":{"start":{"line":86,"column":33},"end":{"line":92,"column":8}},"22":{"start":{"line":94,"column":6},"end":{"line":100,"column":7}},"23":{"start":{"line":95,"column":8},"end":{"line":99,"column":10}},"24":{"start":{"line":103,"column":6},"end":{"line":103,"column":55}},"25":{"start":{"line":105,"column":6},"end":{"line":105,"column":80}},"26":{"start":{"line":107,"column":6},"end":{"line":110,"column":8}},"27":{"start":{"line":113,"column":6},"end":{"line":116,"column":9}},"28":{"start":{"line":118,"column":6},"end":{"line":122,"column":8}},"29":{"start":{"line":130,"column":4},"end":{"line":132,"column":5}},"30":{"start":{"line":131,"column":6},"end":{"line":131,"column":35}},"31":{"start":{"line":134,"column":4},"end":{"line":136,"column":5}},"32":{"start":{"line":135,"column":6},"end":{"line":135,"column":39}},"33":{"start":{"line":138,"column":4},"end":{"line":140,"column":5}},"34":{"start":{"line":139,"column":6},"end":{"line":139,"column":50}},"35":{"start":{"line":142,"column":4},"end":{"line":142,"column":16}},"36":{"start":{"line":36,"column":0},"end":{"line":36,"column":13}}},"fnMap":{"0":{"name":"(anonymous_0)","decl":{"start":{"line":39,"column":2},"end":{"line":39,"column":null}},"loc":{"start":{"line":43,"column":23},"end":{"line":44,"column":6}}},"1":{"name":"(anonymous_1)","decl":{"start":{"line":46,"column":2},"end":{"line":46,"column":7}},"loc":{"start":{"line":46,"column":42},"end":{"line":58,"column":3}}},"2":{"name":"(anonymous_2)","decl":{"start":{"line":48,"column":6},"end":{"line":48,"column":11}},"loc":{"start":{"line":48,"column":18},"end":{"line":48,"column":43}}},"3":{"name":"(anonymous_3)","decl":{"start":{"line":49,"column":6},"end":{"line":49,"column":11}},"loc":{"start":{"line":49,"column":17},"end":{"line":56,"column":7}}},"4":{"name":"(anonymous_4)","decl":{"start":{"line":60,"column":10},"end":{"line":60,"column":15}},"loc":{"start":{"line":60,"column":54},"end":{"line":124,"column":3}}},"5":{"name":"(anonymous_5)","decl":{"start":{"line":129,"column":10},"end":{"line":129,"column":25}},"loc":{"start":{"line":129,"column":52},"end":{"line":143,"column":3}}}},"branchMap":{"0":{"loc":{"start":{"line":66,"column":6},"end":{"line":72,"column":7}},"type":"if","locations":[{"start":{"line":66,"column":6},"end":{"line":72,"column":7}}]},"1":{"loc":{"start":{"line":77,"column":6},"end":{"line":83,"column":7}},"type":"if","locations":[{"start":{"line":77,"column":6},"end":{"line":83,"column":7}}]},"2":{"loc":{"start":{"line":94,"column":6},"end":{"line":100,"column":7}},"type":"if","locations":[{"start":{"line":94,"column":6},"end":{"line":100,"column":7}}]},"3":{"loc":{"start":{"line":130,"column":4},"end":{"line":132,"column":5}},"type":"if","locations":[{"start":{"line":130,"column":4},"end":{"line":132,"column":5}}]},"4":{"loc":{"start":{"line":134,"column":4},"end":{"line":136,"column":5}},"type":"if","locations":[{"start":{"line":134,"column":4},"end":{"line":136,"column":5}}]},"5":{"loc":{"start":{"line":138,"column":4},"end":{"line":140,"column":5}},"type":"if","locations":[{"start":{"line":138,"column":4},"end":{"line":140,"column":5}}]},"6":{"loc":{"start":{"line":138,"column":8},"end":{"line":138,"column":86}},"type":"binary-expr","locations":[{"start":{"line":138,"column":8},"end":{"line":138,"column":45}},{"start":{"line":138,"column":49},"end":{"line":138,"column":86}}]}},"s":{"0":1,"1":1,"2":1,"3":12,"4":12,"5":12,"6":12,"7":12,"8":12,"9":12,"10":0,"11":0,"12":12,"13":12,"14":12,"15":12,"16":3,"17":9,"18":9,"19":9,"20":1,"21":8,"22":7,"23":2,"24":5,"25":4,"26":4,"27":2,"28":2,"29":12,"30":1,"31":11,"32":1,"33":10,"34":1,"35":9,"36":1},"f":{"0":12,"1":12,"2":12,"3":0,"4":12,"5":12},"b":{"0":[3],"1":[1],"2":[2],"3":[1],"4":[1],"5":[1],"6":[10,2]}}
,"D:\\hospital-management-V2\\backend\\services-v2\\identity-service\\src\\application\\use-cases\\EnableMFAUseCase.ts": {"path":"D:\\hospital-management-V2\\backend\\services-v2\\identity-service\\src\\application\\use-cases\\EnableMFAUseCase.ts","statementMap":{"0":{"start":{"line":1,"column":0},"end":{"line":1,"column":59}},"1":{"start":{"line":14,"column":0},"end":{"line":14,"column":87}},"2":{"start":{"line":15,"column":0},"end":{"line":15,"column":59}},"3":{"start":{"line":42,"column":12},"end":{"line":42,"column":43}},"4":{"start":{"line":43,"column":12},"end":{"line":43,"column":35}},"5":{"start":{"line":44,"column":12},"end":{"line":44,"column":23}},"6":{"start":{"line":39,"column":10},"end":{"line":39,"column":83}},"7":{"start":{"line":48,"column":4},"end":{"line":58,"column":6}},"8":{"start":{"line":49,"column":18},"end":{"line":49,"column":43}},"9":{"start":{"line":51,"column":8},"end":{"line":51,"column":71}},"10":{"start":{"line":52,"column":8},"end":{"line":56,"column":10}},"11":{"start":{"line":62,"column":4},"end":{"line":125,"column":5}},"12":{"start":{"line":63,"column":6},"end":{"line":63,"column":97}},"13":{"start":{"line":66,"column":30},"end":{"line":66,"column":59}},"14":{"start":{"line":67,"column":6},"end":{"line":73,"column":7}},"15":{"start":{"line":68,"column":8},"end":{"line":72,"column":10}},"16":{"start":{"line":76,"column":21},"end":{"line":76,"column":54}},"17":{"start":{"line":77,"column":19},"end":{"line":77,"column":61}},"18":{"start":{"line":78,"column":6},"end":{"line":84,"column":7}},"19":{"start":{"line":79,"column":8},"end":{"line":83,"column":10}},"20":{"start":{"line":87,"column":24},"end":{"line":87,"column":74}},"21":{"start":{"line":88,"column":6},"end":{"line":94,"column":7}},"22":{"start":{"line":89,"column":8},"end":{"line":93,"column":10}},"23":{"start":{"line":97,"column":21},"end":{"line":101,"column":null}},"24":{"start":{"line":104,"column":6},"end":{"line":104,"column":87}},"25":{"start":{"line":106,"column":6},"end":{"line":112,"column":8}},"26":{"start":{"line":115,"column":6},"end":{"line":118,"column":9}},"27":{"start":{"line":120,"column":6},"end":{"line":124,"column":8}},"28":{"start":{"line":132,"column":4},"end":{"line":134,"column":5}},"29":{"start":{"line":133,"column":6},"end":{"line":133,"column":35}},"30":{"start":{"line":136,"column":4},"end":{"line":138,"column":5}},"31":{"start":{"line":137,"column":6},"end":{"line":137,"column":43}},"32":{"start":{"line":140,"column":4},"end":{"line":142,"column":5}},"33":{"start":{"line":141,"column":6},"end":{"line":141,"column":44}},"34":{"start":{"line":144,"column":4},"end":{"line":146,"column":5}},"35":{"start":{"line":145,"column":6},"end":{"line":145,"column":61}},"36":{"start":{"line":148,"column":4},"end":{"line":150,"column":5}},"37":{"start":{"line":149,"column":6},"end":{"line":149,"column":55}},"38":{"start":{"line":152,"column":4},"end":{"line":152,"column":16}},"39":{"start":{"line":38,"column":0},"end":{"line":38,"column":13}}},"fnMap":{"0":{"name":"(anonymous_0)","decl":{"start":{"line":41,"column":2},"end":{"line":41,"column":null}},"loc":{"start":{"line":44,"column":23},"end":{"line":45,"column":6}}},"1":{"name":"(anonymous_1)","decl":{"start":{"line":47,"column":2},"end":{"line":47,"column":7}},"loc":{"start":{"line":47,"column":41},"end":{"line":59,"column":3}}},"2":{"name":"(anonymous_2)","decl":{"start":{"line":49,"column":6},"end":{"line":49,"column":11}},"loc":{"start":{"line":49,"column":18},"end":{"line":49,"column":43}}},"3":{"name":"(anonymous_3)","decl":{"start":{"line":50,"column":6},"end":{"line":50,"column":11}},"loc":{"start":{"line":50,"column":17},"end":{"line":57,"column":7}}},"4":{"name":"(anonymous_4)","decl":{"start":{"line":61,"column":10},"end":{"line":61,"column":15}},"loc":{"start":{"line":61,"column":53},"end":{"line":126,"column":3}}},"5":{"name":"(anonymous_5)","decl":{"start":{"line":131,"column":10},"end":{"line":131,"column":25}},"loc":{"start":{"line":131,"column":51},"end":{"line":153,"column":3}}}},"branchMap":{"0":{"loc":{"start":{"line":67,"column":6},"end":{"line":73,"column":7}},"type":"if","locations":[{"start":{"line":67,"column":6},"end":{"line":73,"column":7}}]},"1":{"loc":{"start":{"line":78,"column":6},"end":{"line":84,"column":7}},"type":"if","locations":[{"start":{"line":78,"column":6},"end":{"line":84,"column":7}}]},"2":{"loc":{"start":{"line":88,"column":6},"end":{"line":94,"column":7}},"type":"if","locations":[{"start":{"line":88,"column":6},"end":{"line":94,"column":7}}]},"3":{"loc":{"start":{"line":132,"column":4},"end":{"line":134,"column":5}},"type":"if","locations":[{"start":{"line":132,"column":4},"end":{"line":134,"column":5}}]},"4":{"loc":{"start":{"line":136,"column":4},"end":{"line":138,"column":5}},"type":"if","locations":[{"start":{"line":136,"column":4},"end":{"line":138,"column":5}}]},"5":{"loc":{"start":{"line":140,"column":4},"end":{"line":142,"column":5}},"type":"if","locations":[{"start":{"line":140,"column":4},"end":{"line":142,"column":5}}]},"6":{"loc":{"start":{"line":144,"column":4},"end":{"line":146,"column":5}},"type":"if","locations":[{"start":{"line":144,"column":4},"end":{"line":146,"column":5}}]},"7":{"loc":{"start":{"line":144,"column":8},"end":{"line":144,"column":56}},"type":"binary-expr","locations":[{"start":{"line":144,"column":8},"end":{"line":144,"column":32}},{"start":{"line":144,"column":36},"end":{"line":144,"column":56}}]},"8":{"loc":{"start":{"line":148,"column":4},"end":{"line":150,"column":5}},"type":"if","locations":[{"start":{"line":148,"column":4},"end":{"line":150,"column":5}}]},"9":{"loc":{"start":{"line":148,"column":8},"end":{"line":148,"column":52}},"type":"binary-expr","locations":[{"start":{"line":148,"column":8},"end":{"line":148,"column":34}},{"start":{"line":148,"column":38},"end":{"line":148,"column":52}}]}},"s":{"0":1,"1":1,"2":1,"3":10,"4":10,"5":10,"6":10,"7":10,"8":10,"9":0,"10":0,"11":10,"12":10,"13":10,"14":10,"15":4,"16":6,"17":6,"18":6,"19":1,"20":5,"21":5,"22":1,"23":4,"24":3,"25":3,"26":1,"27":1,"28":10,"29":1,"30":9,"31":0,"32":9,"33":1,"34":8,"35":1,"36":7,"37":1,"38":6,"39":1},"f":{"0":10,"1":10,"2":10,"3":0,"4":10,"5":10},"b":{"0":[4],"1":[1],"2":[1],"3":[1],"4":[0],"5":[1],"6":[1],"7":[8,1],"8":[1],"9":[7,1]}}
,"D:\\hospital-management-V2\\backend\\services-v2\\identity-service\\src\\application\\use-cases\\ForgotPasswordUseCase.ts": {"path":"D:\\hospital-management-V2\\backend\\services-v2\\identity-service\\src\\application\\use-cases\\ForgotPasswordUseCase.ts","statementMap":{"0":{"start":{"line":1,"column":0},"end":{"line":1,"column":59}},"1":{"start":{"line":13,"column":0},"end":{"line":13,"column":87}},"2":{"start":{"line":14,"column":0},"end":{"line":14,"column":57}},"3":{"start":{"line":30,"column":12},"end":{"line":30,"column":47}},"4":{"start":{"line":31,"column":12},"end":{"line":31,"column":43}},"5":{"start":{"line":32,"column":12},"end":{"line":32,"column":23}},"6":{"start":{"line":27,"column":10},"end":{"line":27,"column":88}},"7":{"start":{"line":36,"column":4},"end":{"line":46,"column":6}},"8":{"start":{"line":37,"column":18},"end":{"line":37,"column":43}},"9":{"start":{"line":39,"column":8},"end":{"line":39,"column":76}},"10":{"start":{"line":40,"column":8},"end":{"line":44,"column":10}},"11":{"start":{"line":50,"column":4},"end":{"line":100,"column":5}},"12":{"start":{"line":51,"column":6},"end":{"line":51,"column":87}},"13":{"start":{"line":53,"column":6},"end":{"line":59,"column":7}},"14":{"start":{"line":54,"column":8},"end":{"line":58,"column":10}},"15":{"start":{"line":61,"column":20},"end":{"line":61,"column":47}},"16":{"start":{"line":62,"column":19},"end":{"line":62,"column":63}},"17":{"start":{"line":63,"column":6},"end":{"line":69,"column":7}},"18":{"start":{"line":64,"column":8},"end":{"line":64,"column":102}},"19":{"start":{"line":65,"column":8},"end":{"line":68,"column":10}},"20":{"start":{"line":71,"column":6},"end":{"line":78,"column":7}},"21":{"start":{"line":72,"column":8},"end":{"line":72,"column":97}},"22":{"start":{"line":73,"column":8},"end":{"line":77,"column":10}},"23":{"start":{"line":80,"column":6},"end":{"line":80,"column":67}},"24":{"start":{"line":82,"column":6},"end":{"line":82,"column":91}},"25":{"start":{"line":84,"column":6},"end":{"line":87,"column":8}},"26":{"start":{"line":90,"column":6},"end":{"line":93,"column":9}},"27":{"start":{"line":95,"column":6},"end":{"line":99,"column":8}},"28":{"start":{"line":26,"column":0},"end":{"line":26,"column":13}}},"fnMap":{"0":{"name":"(anonymous_0)","decl":{"start":{"line":29,"column":2},"end":{"line":29,"column":null}},"loc":{"start":{"line":32,"column":23},"end":{"line":33,"column":6}}},"1":{"name":"(anonymous_1)","decl":{"start":{"line":35,"column":2},"end":{"line":35,"column":7}},"loc":{"start":{"line":35,"column":46},"end":{"line":47,"column":3}}},"2":{"name":"(anonymous_2)","decl":{"start":{"line":37,"column":6},"end":{"line":37,"column":11}},"loc":{"start":{"line":37,"column":18},"end":{"line":37,"column":43}}},"3":{"name":"(anonymous_3)","decl":{"start":{"line":38,"column":6},"end":{"line":38,"column":11}},"loc":{"start":{"line":38,"column":17},"end":{"line":45,"column":7}}},"4":{"name":"(anonymous_4)","decl":{"start":{"line":49,"column":10},"end":{"line":49,"column":15}},"loc":{"start":{"line":49,"column":58},"end":{"line":101,"column":3}}}},"branchMap":{"0":{"loc":{"start":{"line":53,"column":6},"end":{"line":59,"column":7}},"type":"if","locations":[{"start":{"line":53,"column":6},"end":{"line":59,"column":7}}]},"1":{"loc":{"start":{"line":53,"column":10},"end":{"line":53,"column":56}},"type":"binary-expr","locations":[{"start":{"line":53,"column":10},"end":{"line":53,"column":24}},{"start":{"line":53,"column":28},"end":{"line":53,"column":56}}]},"2":{"loc":{"start":{"line":63,"column":6},"end":{"line":69,"column":7}},"type":"if","locations":[{"start":{"line":63,"column":6},"end":{"line":69,"column":7}}]},"3":{"loc":{"start":{"line":71,"column":6},"end":{"line":78,"column":7}},"type":"if","locations":[{"start":{"line":71,"column":6},"end":{"line":78,"column":7}}]}},"s":{"0":1,"1":1,"2":1,"3":9,"4":9,"5":9,"6":9,"7":9,"8":9,"9":0,"10":0,"11":9,"12":9,"13":9,"14":2,"15":7,"16":7,"17":6,"18":2,"19":2,"20":4,"21":1,"22":1,"23":3,"24":2,"25":2,"26":2,"27":2,"28":1},"f":{"0":9,"1":9,"2":9,"3":0,"4":9},"b":{"0":[2],"1":[9,8],"2":[2],"3":[1]}}
,"D:\\hospital-management-V2\\backend\\services-v2\\identity-service\\src\\application\\use-cases\\GetUserUseCase.ts": {"path":"D:\\hospital-management-V2\\backend\\services-v2\\identity-service\\src\\application\\use-cases\\GetUserUseCase.ts","statementMap":{"0":{"start":{"line":12,"column":0},"end":{"line":12,"column":59}},"1":{"start":{"line":13,"column":0},"end":{"line":13,"column":87}},"2":{"start":{"line":14,"column":0},"end":{"line":14,"column":59}},"3":{"start":{"line":51,"column":12},"end":{"line":51,"column":43}},"4":{"start":{"line":52,"column":12},"end":{"line":52,"column":23}},"5":{"start":{"line":48,"column":10},"end":{"line":48,"column":81}},"6":{"start":{"line":56,"column":4},"end":{"line":72,"column":5}},"7":{"start":{"line":57,"column":6},"end":{"line":59,"column":9}},"8":{"start":{"line":58,"column":8},"end":{"line":58,"column":51}},"9":{"start":{"line":61,"column":6},"end":{"line":65,"column":9}},"10":{"start":{"line":67,"column":6},"end":{"line":71,"column":8}},"11":{"start":{"line":76,"column":36},"end":{"line":76,"column":43}},"12":{"start":{"line":79,"column":4},"end":{"line":85,"column":5}},"13":{"start":{"line":80,"column":6},"end":{"line":84,"column":8}},"14":{"start":{"line":87,"column":4},"end":{"line":142,"column":5}},"15":{"start":{"line":89,"column":23},"end":{"line":89,"column":48}},"16":{"start":{"line":90,"column":19},"end":{"line":90,"column":63}},"17":{"start":{"line":92,"column":6},"end":{"line":99,"column":7}},"18":{"start":{"line":93,"column":8},"end":{"line":93,"column":68}},"19":{"start":{"line":94,"column":8},"end":{"line":98,"column":10}},"20":{"start":{"line":102,"column":6},"end":{"line":106,"column":9}},"21":{"start":{"line":109,"column":6},"end":{"line":128,"column":8}},"22":{"start":{"line":131,"column":6},"end":{"line":135,"column":9}},"23":{"start":{"line":137,"column":6},"end":{"line":141,"column":8}},"24":{"start":{"line":47,"column":0},"end":{"line":47,"column":13}}},"fnMap":{"0":{"name":"(anonymous_0)","decl":{"start":{"line":50,"column":2},"end":{"line":50,"column":null}},"loc":{"start":{"line":52,"column":23},"end":{"line":53,"column":6}}},"1":{"name":"(anonymous_1)","decl":{"start":{"line":55,"column":2},"end":{"line":55,"column":7}},"loc":{"start":{"line":55,"column":39},"end":{"line":73,"column":3}}},"2":{"name":"(anonymous_2)","decl":{"start":{"line":57,"column":47},"end":{"line":57,"column":52}},"loc":{"start":{"line":57,"column":58},"end":{"line":59,"column":7}}},"3":{"name":"(anonymous_3)","decl":{"start":{"line":75,"column":10},"end":{"line":75,"column":15}},"loc":{"start":{"line":75,"column":55},"end":{"line":143,"column":3}}}},"branchMap":{"0":{"loc":{"start":{"line":79,"column":4},"end":{"line":85,"column":5}},"type":"if","locations":[{"start":{"line":79,"column":4},"end":{"line":85,"column":5}}]},"1":{"loc":{"start":{"line":79,"column":8},"end":{"line":79,"column":31}},"type":"binary-expr","locations":[{"start":{"line":79,"column":8},"end":{"line":79,"column":15}},{"start":{"line":79,"column":19},"end":{"line":79,"column":31}}]},"2":{"loc":{"start":{"line":92,"column":6},"end":{"line":99,"column":7}},"type":"if","locations":[{"start":{"line":92,"column":6},"end":{"line":99,"column":7}}]}},"s":{"0":1,"1":1,"2":1,"3":8,"4":8,"5":8,"6":8,"7":8,"8":8,"9":0,"10":0,"11":8,"12":8,"13":2,"14":6,"15":6,"16":6,"17":4,"18":1,"19":1,"20":3,"21":3,"22":2,"23":2,"24":1},"f":{"0":8,"1":8,"2":8,"3":8},"b":{"0":[2],"1":[8,7],"2":[1]}}
,"D:\\hospital-management-V2\\backend\\services-v2\\identity-service\\src\\application\\use-cases\\ListUsersUseCase.ts": {"path":"D:\\hospital-management-V2\\backend\\services-v2\\identity-service\\src\\application\\use-cases\\ListUsersUseCase.ts","statementMap":{"0":{"start":{"line":12,"column":0},"end":{"line":12,"column":87}},"1":{"start":{"line":13,"column":0},"end":{"line":13,"column":59}},"2":{"start":{"line":58,"column":12},"end":{"line":58,"column":43}},"3":{"start":{"line":59,"column":12},"end":{"line":59,"column":23}},"4":{"start":{"line":52,"column":10},"end":{"line":52,"column":83}},"5":{"start":{"line":53,"column":19},"end":{"line":53,"column":36}},"6":{"start":{"line":54,"column":19},"end":{"line":54,"column":38}},"7":{"start":{"line":55,"column":19},"end":{"line":55,"column":35}},"8":{"start":{"line":63,"column":4},"end":{"line":78,"column":5}},"9":{"start":{"line":64,"column":6},"end":{"line":66,"column":9}},"10":{"start":{"line":65,"column":8},"end":{"line":65,"column":53}},"11":{"start":{"line":68,"column":6},"end":{"line":71,"column":9}},"12":{"start":{"line":73,"column":6},"end":{"line":77,"column":8}},"13":{"start":{"line":82,"column":60},"end":{"line":82,"column":67}},"14":{"start":{"line":85,"column":4},"end":{"line":91,"column":5}},"15":{"start":{"line":86,"column":6},"end":{"line":90,"column":8}},"16":{"start":{"line":94,"column":17},"end":{"line":94,"column":63}},"17":{"start":{"line":95,"column":18},"end":{"line":97,"column":null}},"18":{"start":{"line":99,"column":19},"end":{"line":99,"column":37}},"19":{"start":{"line":101,"column":4},"end":{"line":170,"column":5}},"20":{"start":{"line":103,"column":33},"end":{"line":106,"column":8}},"21":{"start":{"line":108,"column":6},"end":{"line":110,"column":7}},"22":{"start":{"line":109,"column":8},"end":{"line":109,"column":42}},"23":{"start":{"line":112,"column":6},"end":{"line":114,"column":7}},"24":{"start":{"line":113,"column":8},"end":{"line":113,"column":42}},"25":{"start":{"line":116,"column":6},"end":{"line":118,"column":7}},"26":{"start":{"line":117,"column":8},"end":{"line":117,"column":46}},"27":{"start":{"line":121,"column":20},"end":{"line":121,"column":65}},"28":{"start":{"line":122,"column":25},"end":{"line":122,"column":71}},"29":{"start":{"line":125,"column":6},"end":{"line":132,"column":9}},"30":{"start":{"line":135,"column":23},"end":{"line":145,"column":9}},"31":{"start":{"line":135,"column":42},"end":{"line":145,"column":8}},"32":{"start":{"line":147,"column":6},"end":{"line":157,"column":8}},"33":{"start":{"line":160,"column":6},"end":{"line":163,"column":9}},"34":{"start":{"line":165,"column":6},"end":{"line":169,"column":8}},"35":{"start":{"line":51,"column":0},"end":{"line":51,"column":13}}},"fnMap":{"0":{"name":"(anonymous_0)","decl":{"start":{"line":57,"column":2},"end":{"line":57,"column":null}},"loc":{"start":{"line":59,"column":23},"end":{"line":60,"column":6}}},"1":{"name":"(anonymous_1)","decl":{"start":{"line":62,"column":2},"end":{"line":62,"column":7}},"loc":{"start":{"line":62,"column":41},"end":{"line":79,"column":3}}},"2":{"name":"(anonymous_2)","decl":{"start":{"line":64,"column":47},"end":{"line":64,"column":52}},"loc":{"start":{"line":64,"column":58},"end":{"line":66,"column":7}}},"3":{"name":"(anonymous_3)","decl":{"start":{"line":81,"column":10},"end":{"line":81,"column":15}},"loc":{"start":{"line":81,"column":59},"end":{"line":171,"column":3}}},"4":{"name":"(anonymous_4)","decl":{"start":{"line":135,"column":33},"end":{"line":135,"column":37}},"loc":{"start":{"line":135,"column":42},"end":{"line":145,"column":8}}}},"branchMap":{"0":{"loc":{"start":{"line":85,"column":4},"end":{"line":91,"column":5}},"type":"if","locations":[{"start":{"line":85,"column":4},"end":{"line":91,"column":5}}]},"1":{"loc":{"start":{"line":94,"column":29},"end":{"line":94,"column":62}},"type":"binary-expr","locations":[{"start":{"line":94,"column":29},"end":{"line":94,"column":41}},{"start":{"line":94,"column":45},"end":{"line":94,"column":62}}]},"2":{"loc":{"start":{"line":97,"column":18},"end":{"line":97,"column":53}},"type":"binary-expr","locations":[{"start":{"line":97,"column":18},"end":{"line":97,"column":31}},{"start":{"line":97,"column":35},"end":{"line":97,"column":53}}]},"3":{"loc":{"start":{"line":108,"column":6},"end":{"line":110,"column":7}},"type":"if","locations":[{"start":{"line":108,"column":6},"end":{"line":110,"column":7}}]},"4":{"loc":{"start":{"line":112,"column":6},"end":{"line":114,"column":7}},"type":"if","locations":[{"start":{"line":112,"column":6},"end":{"line":114,"column":7}}]},"5":{"loc":{"start":{"line":116,"column":6},"end":{"line":118,"column":7}},"type":"if","locations":[{"start":{"line":116,"column":6},"end":{"line":118,"column":7}}]},"6":{"loc":{"start":{"line":140,"column":19},"end":{"line":140,"column":49}},"type":"binary-expr","locations":[{"start":{"line":140,"column":19},"end":{"line":140,"column":43}},{"start":{"line":140,"column":47},"end":{"line":140,"column":49}}]}},"s":{"0":1,"1":1,"2":12,"3":12,"4":12,"5":12,"6":12,"7":12,"8":12,"9":12,"10":12,"11":0,"12":0,"13":12,"14":12,"15":1,"16":11,"17":11,"18":11,"19":11,"20":11,"21":11,"22":3,"23":11,"24":2,"25":11,"26":2,"27":11,"28":10,"29":10,"30":10,"31":5,"32":10,"33":1,"34":1,"35":1},"f":{"0":12,"1":12,"2":12,"3":12,"4":5},"b":{"0":[1],"1":[11,8],"2":[11,8],"3":[3],"4":[2],"5":[2],"6":[5,0]}}
,"D:\\hospital-management-V2\\backend\\services-v2\\identity-service\\src\\application\\use-cases\\LogoutUserUseCase.ts": {"path":"D:\\hospital-management-V2\\backend\\services-v2\\identity-service\\src\\application\\use-cases\\LogoutUserUseCase.ts","statementMap":{"0":{"start":{"line":1,"column":0},"end":{"line":1,"column":59}},"1":{"start":{"line":13,"column":0},"end":{"line":13,"column":87}},"2":{"start":{"line":31,"column":12},"end":{"line":31,"column":47}},"3":{"start":{"line":32,"column":12},"end":{"line":32,"column":43}},"4":{"start":{"line":33,"column":12},"end":{"line":33,"column":23}},"5":{"start":{"line":28,"column":10},"end":{"line":28,"column":84}},"6":{"start":{"line":37,"column":4},"end":{"line":47,"column":6}},"7":{"start":{"line":38,"column":18},"end":{"line":38,"column":43}},"8":{"start":{"line":40,"column":8},"end":{"line":40,"column":72}},"9":{"start":{"line":41,"column":8},"end":{"line":45,"column":10}},"10":{"start":{"line":51,"column":4},"end":{"line":81,"column":5}},"11":{"start":{"line":52,"column":6},"end":{"line":52,"column":77}},"12":{"start":{"line":54,"column":6},"end":{"line":54,"column":58}},"13":{"start":{"line":56,"column":6},"end":{"line":56,"column":89}},"14":{"start":{"line":58,"column":6},"end":{"line":64,"column":7}},"15":{"start":{"line":59,"column":8},"end":{"line":59,"column":71}},"16":{"start":{"line":60,"column":8},"end":{"line":63,"column":11}},"17":{"start":{"line":66,"column":6},"end":{"line":69,"column":8}},"18":{"start":{"line":72,"column":6},"end":{"line":75,"column":9}},"19":{"start":{"line":77,"column":6},"end":{"line":80,"column":8}},"20":{"start":{"line":27,"column":0},"end":{"line":27,"column":13}}},"fnMap":{"0":{"name":"(anonymous_0)","decl":{"start":{"line":30,"column":2},"end":{"line":30,"column":null}},"loc":{"start":{"line":33,"column":23},"end":{"line":34,"column":6}}},"1":{"name":"(anonymous_1)","decl":{"start":{"line":36,"column":2},"end":{"line":36,"column":7}},"loc":{"start":{"line":36,"column":42},"end":{"line":48,"column":3}}},"2":{"name":"(anonymous_2)","decl":{"start":{"line":38,"column":6},"end":{"line":38,"column":11}},"loc":{"start":{"line":38,"column":18},"end":{"line":38,"column":43}}},"3":{"name":"(anonymous_3)","decl":{"start":{"line":39,"column":6},"end":{"line":39,"column":11}},"loc":{"start":{"line":39,"column":17},"end":{"line":46,"column":7}}},"4":{"name":"(anonymous_4)","decl":{"start":{"line":50,"column":10},"end":{"line":50,"column":15}},"loc":{"start":{"line":50,"column":54},"end":{"line":82,"column":3}}}},"branchMap":{"0":{"loc":{"start":{"line":58,"column":6},"end":{"line":64,"column":7}},"type":"if","locations":[{"start":{"line":58,"column":6},"end":{"line":64,"column":7}}]}},"s":{"0":1,"1":1,"2":9,"3":9,"4":9,"5":9,"6":10,"7":10,"8":0,"9":0,"10":10,"11":10,"12":10,"13":7,"14":7,"15":4,"16":3,"17":6,"18":4,"19":4,"20":1},"f":{"0":9,"1":10,"2":10,"3":0,"4":10},"b":{"0":[4]}}
,"D:\\hospital-management-V2\\backend\\services-v2\\identity-service\\src\\application\\use-cases\\RegisterUserUseCase.ts": {"path":"D:\\hospital-management-V2\\backend\\services-v2\\identity-service\\src\\application\\use-cases\\RegisterUserUseCase.ts","statementMap":{"0":{"start":{"line":1,"column":0},"end":{"line":1,"column":59}},"1":{"start":{"line":13,"column":0},"end":{"line":13,"column":87}},"2":{"start":{"line":14,"column":0},"end":{"line":14,"column":57}},"3":{"start":{"line":45,"column":12},"end":{"line":45,"column":47}},"4":{"start":{"line":46,"column":12},"end":{"line":46,"column":43}},"5":{"start":{"line":47,"column":12},"end":{"line":47,"column":23}},"6":{"start":{"line":42,"column":10},"end":{"line":42,"column":86}},"7":{"start":{"line":51,"column":4},"end":{"line":61,"column":6}},"8":{"start":{"line":52,"column":18},"end":{"line":52,"column":43}},"9":{"start":{"line":54,"column":8},"end":{"line":54,"column":74}},"10":{"start":{"line":55,"column":8},"end":{"line":59,"column":10}},"11":{"start":{"line":65,"column":4},"end":{"line":137,"column":5}},"12":{"start":{"line":66,"column":6},"end":{"line":66,"column":107}},"13":{"start":{"line":69,"column":30},"end":{"line":69,"column":59}},"14":{"start":{"line":70,"column":6},"end":{"line":76,"column":7}},"15":{"start":{"line":71,"column":8},"end":{"line":75,"column":10}},"16":{"start":{"line":79,"column":20},"end":{"line":79,"column":47}},"17":{"start":{"line":80,"column":27},"end":{"line":80,"column":71}},"18":{"start":{"line":81,"column":6},"end":{"line":88,"column":7}},"19":{"start":{"line":82,"column":8},"end":{"line":82,"column":74}},"20":{"start":{"line":83,"column":8},"end":{"line":87,"column":10}},"21":{"start":{"line":91,"column":25},"end":{"line":101,"column":8}},"22":{"start":{"line":103,"column":6},"end":{"line":109,"column":7}},"23":{"start":{"line":104,"column":8},"end":{"line":108,"column":10}},"24":{"start":{"line":111,"column":6},"end":{"line":115,"column":9}},"25":{"start":{"line":118,"column":6},"end":{"line":124,"column":8}},"26":{"start":{"line":127,"column":6},"end":{"line":130,"column":9}},"27":{"start":{"line":132,"column":6},"end":{"line":136,"column":8}},"28":{"start":{"line":142,"column":23},"end":{"line":142,"column":51}},"29":{"start":{"line":143,"column":4},"end":{"line":145,"column":5}},"30":{"start":{"line":144,"column":6},"end":{"line":144,"column":34}},"31":{"start":{"line":147,"column":4},"end":{"line":149,"column":5}},"32":{"start":{"line":148,"column":6},"end":{"line":148,"column":48}},"33":{"start":{"line":151,"column":4},"end":{"line":153,"column":5}},"34":{"start":{"line":152,"column":6},"end":{"line":152,"column":46}},"35":{"start":{"line":155,"column":23},"end":{"line":155,"column":69}},"36":{"start":{"line":156,"column":4},"end":{"line":158,"column":5}},"37":{"start":{"line":157,"column":6},"end":{"line":157,"column":36}},"38":{"start":{"line":160,"column":4},"end":{"line":162,"column":5}},"39":{"start":{"line":161,"column":6},"end":{"line":161,"column":65}},"40":{"start":{"line":164,"column":4},"end":{"line":166,"column":5}},"41":{"start":{"line":165,"column":6},"end":{"line":165,"column":63}},"42":{"start":{"line":168,"column":4},"end":{"line":168,"column":16}},"43":{"start":{"line":41,"column":0},"end":{"line":41,"column":13}}},"fnMap":{"0":{"name":"(anonymous_0)","decl":{"start":{"line":44,"column":2},"end":{"line":44,"column":null}},"loc":{"start":{"line":47,"column":23},"end":{"line":48,"column":6}}},"1":{"name":"(anonymous_1)","decl":{"start":{"line":50,"column":2},"end":{"line":50,"column":7}},"loc":{"start":{"line":50,"column":44},"end":{"line":62,"column":3}}},"2":{"name":"(anonymous_2)","decl":{"start":{"line":52,"column":6},"end":{"line":52,"column":11}},"loc":{"start":{"line":52,"column":18},"end":{"line":52,"column":43}}},"3":{"name":"(anonymous_3)","decl":{"start":{"line":53,"column":6},"end":{"line":53,"column":11}},"loc":{"start":{"line":53,"column":17},"end":{"line":60,"column":7}}},"4":{"name":"(anonymous_4)","decl":{"start":{"line":64,"column":10},"end":{"line":64,"column":15}},"loc":{"start":{"line":64,"column":56},"end":{"line":138,"column":3}}},"5":{"name":"(anonymous_5)","decl":{"start":{"line":140,"column":10},"end":{"line":140,"column":25}},"loc":{"start":{"line":140,"column":54},"end":{"line":169,"column":3}}}},"branchMap":{"0":{"loc":{"start":{"line":70,"column":6},"end":{"line":76,"column":7}},"type":"if","locations":[{"start":{"line":70,"column":6},"end":{"line":76,"column":7}}]},"1":{"loc":{"start":{"line":81,"column":6},"end":{"line":88,"column":7}},"type":"if","locations":[{"start":{"line":81,"column":6},"end":{"line":88,"column":7}}]},"2":{"loc":{"start":{"line":103,"column":6},"end":{"line":109,"column":7}},"type":"if","locations":[{"start":{"line":103,"column":6},"end":{"line":109,"column":7}}]},"3":{"loc":{"start":{"line":103,"column":10},"end":{"line":103,"column":49}},"type":"binary-expr","locations":[{"start":{"line":103,"column":10},"end":{"line":103,"column":29}},{"start":{"line":103,"column":33},"end":{"line":103,"column":49}}]},"4":{"loc":{"start":{"line":106,"column":19},"end":{"line":106,"column":59}},"type":"binary-expr","locations":[{"start":{"line":106,"column":19},"end":{"line":106,"column":37}},{"start":{"line":106,"column":41},"end":{"line":106,"column":59}}]},"5":{"loc":{"start":{"line":107,"column":17},"end":{"line":107,"column":58}},"type":"binary-expr","locations":[{"start":{"line":107,"column":17},"end":{"line":107,"column":33}},{"start":{"line":107,"column":37},"end":{"line":107,"column":58}}]},"6":{"loc":{"start":{"line":143,"column":4},"end":{"line":145,"column":5}},"type":"if","locations":[{"start":{"line":143,"column":4},"end":{"line":145,"column":5}}]},"7":{"loc":{"start":{"line":143,"column":8},"end":{"line":143,"column":57}},"type":"binary-expr","locations":[{"start":{"line":143,"column":8},"end":{"line":143,"column":22}},{"start":{"line":143,"column":26},"end":{"line":143,"column":57}}]},"8":{"loc":{"start":{"line":147,"column":4},"end":{"line":149,"column":5}},"type":"if","locations":[{"start":{"line":147,"column":4},"end":{"line":149,"column":5}}]},"9":{"loc":{"start":{"line":147,"column":8},"end":{"line":147,"column":56}},"type":"binary-expr","locations":[{"start":{"line":147,"column":8},"end":{"line":147,"column":25}},{"start":{"line":147,"column":29},"end":{"line":147,"column":56}}]},"10":{"loc":{"start":{"line":151,"column":4},"end":{"line":153,"column":5}},"type":"if","locations":[{"start":{"line":151,"column":4},"end":{"line":153,"column":5}}]},"11":{"loc":{"start":{"line":151,"column":8},"end":{"line":151,"column":63}},"type":"binary-expr","locations":[{"start":{"line":151,"column":8},"end":{"line":151,"column":25}},{"start":{"line":151,"column":29},"end":{"line":151,"column":63}}]},"12":{"loc":{"start":{"line":156,"column":4},"end":{"line":158,"column":5}},"type":"if","locations":[{"start":{"line":156,"column":4},"end":{"line":158,"column":5}}]},"13":{"loc":{"start":{"line":156,"column":8},"end":{"line":156,"column":67}},"type":"binary-expr","locations":[{"start":{"line":156,"column":8},"end":{"line":156,"column":25}},{"start":{"line":156,"column":29},"end":{"line":156,"column":67}}]},"14":{"loc":{"start":{"line":160,"column":4},"end":{"line":162,"column":5}},"type":"if","locations":[{"start":{"line":160,"column":4},"end":{"line":162,"column":5}}]},"15":{"loc":{"start":{"line":160,"column":8},"end":{"line":160,"column":74}},"type":"binary-expr","locations":[{"start":{"line":160,"column":8},"end":{"line":160,"column":27}},{"start":{"line":160,"column":31},"end":{"line":160,"column":74}}]},"16":{"loc":{"start":{"line":164,"column":4},"end":{"line":166,"column":5}},"type":"if","locations":[{"start":{"line":164,"column":4},"end":{"line":166,"column":5}}]},"17":{"loc":{"start":{"line":164,"column":8},"end":{"line":164,"column":69}},"type":"binary-expr","locations":[{"start":{"line":164,"column":8},"end":{"line":164,"column":25}},{"start":{"line":164,"column":29},"end":{"line":164,"column":69}}]}},"s":{"0":1,"1":1,"2":1,"3":19,"4":19,"5":19,"6":19,"7":45,"8":44,"9":6,"10":6,"11":39,"12":39,"13":39,"14":39,"15":24,"16":15,"17":15,"18":13,"19":1,"20":1,"21":12,"22":11,"23":2,"24":9,"25":9,"26":3,"27":3,"28":39,"29":39,"30":6,"31":33,"32":4,"33":29,"34":2,"35":27,"36":27,"37":5,"38":22,"39":4,"40":18,"41":3,"42":15,"43":1},"f":{"0":19,"1":45,"2":44,"3":6,"4":39,"5":39},"b":{"0":[24],"1":[1],"2":[2],"3":[11,10],"4":[2,0],"5":[2,1],"6":[6],"7":[39,37],"8":[4],"9":[33,31],"10":[2],"11":[29,28],"12":[5],"13":[27,25],"14":[4],"15":[22,9],"16":[3],"17":[18,8]}}
,"D:\\hospital-management-V2\\backend\\services-v2\\identity-service\\src\\application\\use-cases\\ResetPasswordUseCase.ts": {"path":"D:\\hospital-management-V2\\backend\\services-v2\\identity-service\\src\\application\\use-cases\\ResetPasswordUseCase.ts","statementMap":{"0":{"start":{"line":1,"column":0},"end":{"line":1,"column":59}},"1":{"start":{"line":12,"column":0},"end":{"line":12,"column":87}},"2":{"start":{"line":30,"column":12},"end":{"line":30,"column":47}},"3":{"start":{"line":31,"column":12},"end":{"line":31,"column":23}},"4":{"start":{"line":27,"column":10},"end":{"line":27,"column":87}},"5":{"start":{"line":35,"column":4},"end":{"line":45,"column":6}},"6":{"start":{"line":36,"column":18},"end":{"line":36,"column":43}},"7":{"start":{"line":38,"column":8},"end":{"line":38,"column":75}},"8":{"start":{"line":39,"column":8},"end":{"line":43,"column":10}},"9":{"start":{"line":49,"column":4},"end":{"line":78,"column":5}},"10":{"start":{"line":50,"column":6},"end":{"line":50,"column":52}},"11":{"start":{"line":52,"column":30},"end":{"line":52,"column":59}},"12":{"start":{"line":53,"column":6},"end":{"line":59,"column":7}},"13":{"start":{"line":54,"column":8},"end":{"line":58,"column":10}},"14":{"start":{"line":61,"column":6},"end":{"line":61,"column":85}},"15":{"start":{"line":63,"column":6},"end":{"line":63,"column":52}},"16":{"start":{"line":65,"column":6},"end":{"line":68,"column":8}},"17":{"start":{"line":71,"column":6},"end":{"line":71,"column":84}},"18":{"start":{"line":73,"column":6},"end":{"line":77,"column":8}},"19":{"start":{"line":82,"column":4},"end":{"line":84,"column":5}},"20":{"start":{"line":83,"column":6},"end":{"line":83,"column":34}},"21":{"start":{"line":86,"column":4},"end":{"line":88,"column":5}},"22":{"start":{"line":87,"column":6},"end":{"line":87,"column":52}},"23":{"start":{"line":90,"column":4},"end":{"line":92,"column":5}},"24":{"start":{"line":91,"column":6},"end":{"line":91,"column":52}},"25":{"start":{"line":94,"column":4},"end":{"line":96,"column":5}},"26":{"start":{"line":95,"column":6},"end":{"line":95,"column":55}},"27":{"start":{"line":98,"column":4},"end":{"line":100,"column":5}},"28":{"start":{"line":99,"column":6},"end":{"line":99,"column":51}},"29":{"start":{"line":102,"column":4},"end":{"line":104,"column":5}},"30":{"start":{"line":103,"column":6},"end":{"line":103,"column":44}},"31":{"start":{"line":106,"column":4},"end":{"line":106,"column":16}},"32":{"start":{"line":26,"column":0},"end":{"line":26,"column":13}}},"fnMap":{"0":{"name":"(anonymous_0)","decl":{"start":{"line":29,"column":2},"end":{"line":29,"column":null}},"loc":{"start":{"line":31,"column":23},"end":{"line":32,"column":6}}},"1":{"name":"(anonymous_1)","decl":{"start":{"line":34,"column":2},"end":{"line":34,"column":7}},"loc":{"start":{"line":34,"column":45},"end":{"line":46,"column":3}}},"2":{"name":"(anonymous_2)","decl":{"start":{"line":36,"column":6},"end":{"line":36,"column":11}},"loc":{"start":{"line":36,"column":18},"end":{"line":36,"column":43}}},"3":{"name":"(anonymous_3)","decl":{"start":{"line":37,"column":6},"end":{"line":37,"column":11}},"loc":{"start":{"line":37,"column":17},"end":{"line":44,"column":7}}},"4":{"name":"(anonymous_4)","decl":{"start":{"line":48,"column":10},"end":{"line":48,"column":15}},"loc":{"start":{"line":48,"column":57},"end":{"line":79,"column":3}}},"5":{"name":"(anonymous_5)","decl":{"start":{"line":81,"column":10},"end":{"line":81,"column":25}},"loc":{"start":{"line":81,"column":55},"end":{"line":107,"column":3}}}},"branchMap":{"0":{"loc":{"start":{"line":53,"column":6},"end":{"line":59,"column":7}},"type":"if","locations":[{"start":{"line":53,"column":6},"end":{"line":59,"column":7}}]},"1":{"loc":{"start":{"line":82,"column":4},"end":{"line":84,"column":5}},"type":"if","locations":[{"start":{"line":82,"column":4},"end":{"line":84,"column":5}}]},"2":{"loc":{"start":{"line":82,"column":8},"end":{"line":82,"column":71}},"type":"binary-expr","locations":[{"start":{"line":82,"column":8},"end":{"line":82,"column":28}},{"start":{"line":82,"column":32},"end":{"line":82,"column":71}}]},"3":{"loc":{"start":{"line":86,"column":4},"end":{"line":88,"column":5}},"type":"if","locations":[{"start":{"line":86,"column":4},"end":{"line":88,"column":5}}]},"4":{"loc":{"start":{"line":86,"column":8},"end":{"line":86,"column":62}},"type":"binary-expr","locations":[{"start":{"line":86,"column":8},"end":{"line":86,"column":28}},{"start":{"line":86,"column":32},"end":{"line":86,"column":62}}]},"5":{"loc":{"start":{"line":90,"column":4},"end":{"line":92,"column":5}},"type":"if","locations":[{"start":{"line":90,"column":4},"end":{"line":92,"column":5}}]},"6":{"loc":{"start":{"line":94,"column":4},"end":{"line":96,"column":5}},"type":"if","locations":[{"start":{"line":94,"column":4},"end":{"line":96,"column":5}}]},"7":{"loc":{"start":{"line":98,"column":4},"end":{"line":100,"column":5}},"type":"if","locations":[{"start":{"line":98,"column":4},"end":{"line":100,"column":5}}]},"8":{"loc":{"start":{"line":102,"column":4},"end":{"line":104,"column":5}},"type":"if","locations":[{"start":{"line":102,"column":4},"end":{"line":104,"column":5}}]}},"s":{"0":1,"1":1,"2":12,"3":12,"4":12,"5":15,"6":15,"7":0,"8":0,"9":15,"10":15,"11":15,"12":15,"13":7,"14":8,"15":6,"16":6,"17":2,"18":2,"19":15,"20":2,"21":13,"22":1,"23":12,"24":1,"25":11,"26":1,"27":10,"28":1,"29":9,"30":1,"31":8,"32":1},"f":{"0":12,"1":15,"2":15,"3":0,"4":15,"5":15},"b":{"0":[7],"1":[2],"2":[15,14],"3":[1],"4":[13,13],"5":[1],"6":[1],"7":[1],"8":[1]}}
,"D:\\hospital-management-V2\\backend\\services-v2\\identity-service\\src\\application\\use-cases\\UpdateUserUseCase.ts": {"path":"D:\\hospital-management-V2\\backend\\services-v2\\identity-service\\src\\application\\use-cases\\UpdateUserUseCase.ts","statementMap":{"0":{"start":{"line":12,"column":0},"end":{"line":12,"column":59}},"1":{"start":{"line":13,"column":0},"end":{"line":13,"column":71}},"2":{"start":{"line":14,"column":0},"end":{"line":14,"column":87}},"3":{"start":{"line":15,"column":0},"end":{"line":15,"column":59}},"4":{"start":{"line":53,"column":12},"end":{"line":53,"column":43}},"5":{"start":{"line":54,"column":12},"end":{"line":54,"column":23}},"6":{"start":{"line":50,"column":10},"end":{"line":50,"column":84}},"7":{"start":{"line":58,"column":4},"end":{"line":74,"column":5}},"8":{"start":{"line":59,"column":6},"end":{"line":61,"column":9}},"9":{"start":{"line":60,"column":8},"end":{"line":60,"column":54}},"10":{"start":{"line":63,"column":6},"end":{"line":67,"column":9}},"11":{"start":{"line":69,"column":6},"end":{"line":73,"column":8}},"12":{"start":{"line":78,"column":45},"end":{"line":78,"column":52}},"13":{"start":{"line":81,"column":4},"end":{"line":87,"column":5}},"14":{"start":{"line":82,"column":6},"end":{"line":86,"column":8}},"15":{"start":{"line":89,"column":4},"end":{"line":95,"column":5}},"16":{"start":{"line":90,"column":6},"end":{"line":94,"column":8}},"17":{"start":{"line":97,"column":4},"end":{"line":227,"column":5}},"18":{"start":{"line":99,"column":23},"end":{"line":99,"column":48}},"19":{"start":{"line":100,"column":19},"end":{"line":100,"column":63}},"20":{"start":{"line":102,"column":6},"end":{"line":109,"column":7}},"21":{"start":{"line":103,"column":8},"end":{"line":103,"column":79}},"22":{"start":{"line":104,"column":8},"end":{"line":108,"column":10}},"23":{"start":{"line":113,"column":6},"end":{"line":119,"column":7}},"24":{"start":{"line":114,"column":8},"end":{"line":118,"column":10}},"25":{"start":{"line":122,"column":39},"end":{"line":122,"column":41}},"26":{"start":{"line":123,"column":35},"end":{"line":123,"column":40}},"27":{"start":{"line":125,"column":6},"end":{"line":128,"column":7}},"28":{"start":{"line":126,"column":8},"end":{"line":126,"column":56}},"29":{"start":{"line":127,"column":8},"end":{"line":127,"column":38}},"30":{"start":{"line":129,"column":6},"end":{"line":132,"column":7}},"31":{"start":{"line":130,"column":8},"end":{"line":130,"column":62}},"32":{"start":{"line":131,"column":8},"end":{"line":131,"column":38}},"33":{"start":{"line":133,"column":6},"end":{"line":136,"column":7}},"34":{"start":{"line":134,"column":8},"end":{"line":134,"column":58}},"35":{"start":{"line":135,"column":8},"end":{"line":135,"column":38}},"36":{"start":{"line":137,"column":6},"end":{"line":140,"column":7}},"37":{"start":{"line":138,"column":8},"end":{"line":138,"column":106}},"38":{"start":{"line":139,"column":8},"end":{"line":139,"column":38}},"39":{"start":{"line":141,"column":6},"end":{"line":144,"column":7}},"40":{"start":{"line":142,"column":8},"end":{"line":142,"column":52}},"41":{"start":{"line":143,"column":8},"end":{"line":143,"column":38}},"42":{"start":{"line":145,"column":6},"end":{"line":148,"column":7}},"43":{"start":{"line":146,"column":8},"end":{"line":146,"column":54}},"44":{"start":{"line":147,"column":8},"end":{"line":147,"column":38}},"45":{"start":{"line":150,"column":6},"end":{"line":180,"column":7}},"46":{"start":{"line":151,"column":8},"end":{"line":179,"column":9}},"47":{"start":{"line":153,"column":34},"end":{"line":170,"column":12}},"48":{"start":{"line":172,"column":10},"end":{"line":172,"column":51}},"49":{"start":{"line":174,"column":10},"end":{"line":178,"column":12}},"50":{"start":{"line":183,"column":6},"end":{"line":189,"column":7}},"51":{"start":{"line":184,"column":8},"end":{"line":188,"column":9}},"52":{"start":{"line":185,"column":10},"end":{"line":185,"column":26}},"53":{"start":{"line":187,"column":10},"end":{"line":187,"column":28}},"54":{"start":{"line":193,"column":6},"end":{"line":193,"column":45}},"55":{"start":{"line":196,"column":6},"end":{"line":201,"column":9}},"56":{"start":{"line":203,"column":6},"end":{"line":213,"column":8}},"57":{"start":{"line":216,"column":6},"end":{"line":220,"column":9}},"58":{"start":{"line":222,"column":6},"end":{"line":226,"column":8}},"59":{"start":{"line":49,"column":0},"end":{"line":49,"column":13}}},"fnMap":{"0":{"name":"(anonymous_0)","decl":{"start":{"line":52,"column":2},"end":{"line":52,"column":null}},"loc":{"start":{"line":54,"column":23},"end":{"line":55,"column":6}}},"1":{"name":"(anonymous_1)","decl":{"start":{"line":57,"column":2},"end":{"line":57,"column":7}},"loc":{"start":{"line":57,"column":42},"end":{"line":75,"column":3}}},"2":{"name":"(anonymous_2)","decl":{"start":{"line":59,"column":47},"end":{"line":59,"column":52}},"loc":{"start":{"line":59,"column":58},"end":{"line":61,"column":7}}},"3":{"name":"(anonymous_3)","decl":{"start":{"line":77,"column":10},"end":{"line":77,"column":15}},"loc":{"start":{"line":77,"column":61},"end":{"line":228,"column":3}}}},"branchMap":{"0":{"loc":{"start":{"line":81,"column":4},"end":{"line":87,"column":5}},"type":"if","locations":[{"start":{"line":81,"column":4},"end":{"line":87,"column":5}}]},"1":{"loc":{"start":{"line":81,"column":8},"end":{"line":81,"column":31}},"type":"binary-expr","locations":[{"start":{"line":81,"column":8},"end":{"line":81,"column":15}},{"start":{"line":81,"column":19},"end":{"line":81,"column":31}}]},"2":{"loc":{"start":{"line":89,"column":4},"end":{"line":95,"column":5}},"type":"if","locations":[{"start":{"line":89,"column":4},"end":{"line":95,"column":5}}]},"3":{"loc":{"start":{"line":89,"column":8},"end":{"line":89,"column":53}},"type":"binary-expr","locations":[{"start":{"line":89,"column":8},"end":{"line":89,"column":16}},{"start":{"line":89,"column":20},"end":{"line":89,"column":53}}]},"4":{"loc":{"start":{"line":102,"column":6},"end":{"line":109,"column":7}},"type":"if","locations":[{"start":{"line":102,"column":6},"end":{"line":109,"column":7}}]},"5":{"loc":{"start":{"line":113,"column":6},"end":{"line":119,"column":7}},"type":"if","locations":[{"start":{"line":113,"column":6},"end":{"line":119,"column":7}}]},"6":{"loc":{"start":{"line":113,"column":10},"end":{"line":113,"column":61}},"type":"binary-expr","locations":[{"start":{"line":113,"column":10},"end":{"line":113,"column":23}},{"start":{"line":113,"column":27},"end":{"line":113,"column":61}}]},"7":{"loc":{"start":{"line":125,"column":6},"end":{"line":128,"column":7}},"type":"if","locations":[{"start":{"line":125,"column":6},"end":{"line":128,"column":7}}]},"8":{"loc":{"start":{"line":129,"column":6},"end":{"line":132,"column":7}},"type":"if","locations":[{"start":{"line":129,"column":6},"end":{"line":132,"column":7}}]},"9":{"loc":{"start":{"line":133,"column":6},"end":{"line":136,"column":7}},"type":"if","locations":[{"start":{"line":133,"column":6},"end":{"line":136,"column":7}}]},"10":{"loc":{"start":{"line":137,"column":6},"end":{"line":140,"column":7}},"type":"if","locations":[{"start":{"line":137,"column":6},"end":{"line":140,"column":7}}]},"11":{"loc":{"start":{"line":138,"column":42},"end":{"line":138,"column":105}},"type":"cond-expr","locations":[{"start":{"line":138,"column":64},"end":{"line":138,"column":93}},{"start":{"line":138,"column":96},"end":{"line":138,"column":105}}]},"12":{"loc":{"start":{"line":141,"column":6},"end":{"line":144,"column":7}},"type":"if","locations":[{"start":{"line":141,"column":6},"end":{"line":144,"column":7}}]},"13":{"loc":{"start":{"line":145,"column":6},"end":{"line":148,"column":7}},"type":"if","locations":[{"start":{"line":145,"column":6},"end":{"line":148,"column":7}}]},"14":{"loc":{"start":{"line":150,"column":6},"end":{"line":180,"column":7}},"type":"if","locations":[{"start":{"line":150,"column":6},"end":{"line":180,"column":7}}]},"15":{"loc":{"start":{"line":154,"column":22},"end":{"line":154,"column":80}},"type":"binary-expr","locations":[{"start":{"line":154,"column":22},"end":{"line":154,"column":50}},{"start":{"line":154,"column":54},"end":{"line":154,"column":80}}]},"16":{"loc":{"start":{"line":155,"column":25},"end":{"line":157,"column":45}},"type":"cond-expr","locations":[{"start":{"line":156,"column":16},"end":{"line":156,"column":47}},{"start":{"line":157,"column":16},"end":{"line":157,"column":45}}]},"17":{"loc":{"start":{"line":158,"column":23},"end":{"line":160,"column":43}},"type":"cond-expr","locations":[{"start":{"line":159,"column":16},"end":{"line":159,"column":45}},{"start":{"line":160,"column":16},"end":{"line":160,"c
[...]
,"D:\\hospital-management-V2\\backend\\services-v2\\identity-service\\src\\presentation\\middleware\\AuthenticationMiddleware.ts": {"path":"D:\\hospital-management-V2\\backend\\services-v2\\identity-service\\src\\presentation\\middleware\\AuthenticationMiddleware.ts","statementMap":{"0":{"start":{"line":13,"column":0},"end":{"line":13,"column":59}},"1":{"start":{"line":32,"column":12},"end":{"line":32,"column":42}},"2":{"start":{"line":33,"column":12},"end":{"line":33,"column":49}},"3":{"start":{"line":34,"column":12},"end":{"line":34,"column":23}},"4":{"start":{"line":41,"column":4},"end":{"line":104,"column":6}},"5":{"start":{"line":42,"column":6},"end":{"line":103,"column":7}},"6":{"start":{"line":44,"column":27},"end":{"line":44,"column":52}},"7":{"start":{"line":45,"column":8},"end":{"line":52,"column":9}},"8":{"start":{"line":46,"column":10},"end":{"line":50,"column":13}},"9":{"start":{"line":51,"column":10},"end":{"line":51,"column":17}},"10":{"start":{"line":54,"column":22},"end":{"line":54,"column":45}},"11":{"start":{"line":57,"column":21},"end":{"line":57,"column":61}},"12":{"start":{"line":58,"column":8},"end":{"line":65,"column":9}},"13":{"start":{"line":59,"column":10},"end":{"line":63,"column":13}},"14":{"start":{"line":64,"column":10},"end":{"line":64,"column":17}},"15":{"start":{"line":68,"column":28},"end":{"line":68,"column":84}},"16":{"start":{"line":71,"column":22},"end":{"line":71,"column":62}},"17":{"start":{"line":74,"column":8},"end":{"line":79,"column":10}},"18":{"start":{"line":82,"column":8},"end":{"line":87,"column":11}},"19":{"start":{"line":89,"column":8},"end":{"line":89,"column":15}},"20":{"start":{"line":92,"column":8},"end":{"line":96,"column":11}},"21":{"start":{"line":98,"column":8},"end":{"line":102,"column":11}},"22":{"start":{"line":111,"column":4},"end":{"line":144,"column":6}},"23":{"start":{"line":112,"column":6},"end":{"line":143,"column":7}},"24":{"start":{"line":113,"column":27},"end":{"line":113,"column":52}},"25":{"start":{"line":114,"column":8},"end":{"line":117,"column":9}},"26":{"start":{"line":116,"column":10},"end":{"line":116,"column":24}},"27":{"start":{"line":119,"column":22},"end":{"line":119,"column":45}},"28":{"start":{"line":120,"column":21},"end":{"line":120,"column":61}},"29":{"start":{"line":122,"column":8},"end":{"line":132,"column":9}},"30":{"start":{"line":123,"column":30},"end":{"line":123,"column":86}},"31":{"start":{"line":124,"column":24},"end":{"line":124,"column":64}},"32":{"start":{"line":126,"column":10},"end":{"line":131,"column":12}},"33":{"start":{"line":134,"column":8},"end":{"line":134,"column":15}},"34":{"start":{"line":138,"column":8},"end":{"line":141,"column":11}},"35":{"start":{"line":142,"column":8},"end":{"line":142,"column":15}},"36":{"start":{"line":151,"column":4},"end":{"line":180,"column":6}},"37":{"start":{"line":152,"column":6},"end":{"line":159,"column":7}},"38":{"start":{"line":153,"column":8},"end":{"line":157,"column":11}},"39":{"start":{"line":158,"column":8},"end":{"line":158,"column":15}},"40":{"start":{"line":161,"column":22},"end":{"line":161,"column":72}},"41":{"start":{"line":161,"column":41},"end":{"line":161,"column":71}},"42":{"start":{"line":162,"column":6},"end":{"line":177,"column":7}},"43":{"start":{"line":163,"column":8},"end":{"line":168,"column":11}},"44":{"start":{"line":170,"column":8},"end":{"line":175,"column":11}},"45":{"start":{"line":176,"column":8},"end":{"line":176,"column":15}},"46":{"start":{"line":179,"column":6},"end":{"line":179,"column":13}},"47":{"start":{"line":187,"column":4},"end":{"line":187,"column":37}},"48":{"start":{"line":194,"column":4},"end":{"line":194,"column":38}},"49":{"start":{"line":201,"column":4},"end":{"line":201,"column":39}},"50":{"start":{"line":30,"column":0},"end":{"line":30,"column":13}}},"fnMap":{"0":{"name":"(anonymous_0)","decl":{"start":{"line":31,"column":2},"end":{"line":31,"column":null}},"loc":{"start":{"line":34,"column":23},"end":{"line":35,"column":6}}},"1":{"name":"(anonymous_1)","decl":{"start":{"line":40,"column":2},"end":{"line":40,"column":14}},"loc":{"start":{"line":40,"column":14},"end":{"line":105,"column":3}}},"2":{"name":"(anonymous_2)","decl":{"start":{"line":41,"column":11},"end":{"line":41,"column":16}},"loc":{"start":{"line":41,"column":97},"end":{"line":104,"column":5}}},"3":{"name":"(anonymous_3)","decl":{"start":{"line":110,"column":2},"end":{"line":110,"column":22}},"loc":{"start":{"line":110,"column":22},"end":{"line":145,"column":3}}},"4":{"name":"(anonymous_4)","decl":{"start":{"line":111,"column":11},"end":{"line":111,"column":16}},"loc":{"start":{"line":111,"column":98},"end":{"line":144,"column":5}}},"5":{"name":"(anonymous_5)","decl":{"start":{"line":150,"column":2},"end":{"line":150,"column":13}},"loc":{"start":{"line":150,"column":32},"end":{"line":181,"column":3}}},"6":{"name":"(anonymous_6)","decl":{"start":{"line":151,"column":11},"end":{"line":151,"column":12}},"loc":{"start":{"line":151,"column":82},"end":{"line":180,"column":5}}},"7":{"name":"(anonymous_7)","decl":{"start":{"line":161,"column":33},"end":{"line":161,"column":37}},"loc":{"start":{"line":161,"column":41},"end":{"line":161,"column":71}}},"8":{"name":"(anonymous_8)","decl":{"start":{"line":186,"column":2},"end":{"line":186,"column":14}},"loc":{"start":{"line":186,"column":14},"end":{"line":188,"column":3}}},"9":{"name":"(anonymous_9)","decl":{"start":{"line":193,"column":2},"end":{"line":193,"column":15}},"loc":{"start":{"line":193,"column":15},"end":{"line":195,"column":3}}},"10":{"name":"(anonymous_10)","decl":{"start":{"line":200,"column":2},"end":{"line":200,"column":16}},"loc":{"start":{"line":200,"column":16},"end":{"line":202,"column":3}}}},"branchMap":{"0":{"loc":{"start":{"line":45,"column":8},"end":{"line":52,"column":9}},"type":"if","locations":[{"start":{"line":45,"column":8},"end":{"line":52,"column":9}}]},"1":{"loc":{"start":{"line":45,"column":12},"end":{"line":45,"column":60}},"type":"binary-expr","locations":[{"start":{"line":45,"column":12},"end":{"line":45,"column":23}},{"start":{"line":45,"column":27},"end":{"line":45,"column":60}}]},"2":{"loc":{"start":{"line":58,"column":8},"end":{"line":65,"column":9}},"type":"if","locations":[{"start":{"line":58,"column":8},"end":{"line":65,"column":9}}]},"3":{"loc":{"start":{"line":71,"column":22},"end":{"line":71,"column":62}},"type":"binary-expr","locations":[{"start":{"line":71,"column":22},"end":{"line":71,"column":47}},{"start":{"line":71,"column":51},"end":{"line":71,"column":62}}]},"4":{"loc":{"start":{"line":114,"column":8},"end":{"line":117,"column":9}},"type":"if","locations":[{"start":{"line":114,"column":8},"end":{"line":117,"column":9}}]},"5":{"loc":{"start":{"line":114,"column":12},"end":{"line":114,"column":60}},"type":"binary-expr","locations":[{"start":{"line":114,"column":12},"end":{"line":114,"column":23}},{"start":{"line":114,"column":27},"end":{"line":114,"column":60}}]},"6":{"loc":{"start":{"line":122,"column":8},"end":{"line":132,"column":9}},"type":"if","locations":[{"start":{"line":122,"column":8},"end":{"line":132,"column":9}}]},"7":{"loc":{"start":{"line":124,"column":24},"end":{"line":124,"column":64}},"type":"binary-expr","locations":[{"start":{"line":124,"column":24},"end":{"line":124,"column":49}},{"start":{"line":124,"column":53},"end":{"line":124,"column":64}}]},"8":{"loc":{"start":{"line":152,"column":6},"end":{"line":159,"column":7}},"type":"if","locations":[{"start":{"line":152,"column":6},"end":{"line":159,"column":7}}]},"9":{"loc":{"start":{"line":162,"column":6},"end":{"line":177,"column":7}},"type":"if","locations":[{"start":{"line":162,"column":6},"end":{"line":177,"column":7}}]}},"s":{"0":1,"1":19,"2":19,"3":19,"4":7,"5":7,"6":7,"7":7,"8":2,"9":2,"10":5,"11":5,"12":4,"13":1,"14":1,"15":3,"16":2,"17":2,"18":2,"19":2,"20":2,"21":2,"22":4,"23":4,"24":4,"25":4,"26":1,"27":3,"28":3,"29":2,"30":1,"31":1,"32":1,"33":2,"34":1,"35":1,"36":8,"37":8,"38":1,"39":1,"40":7,"41":7,"42":7,"43":2,"44":2,"45":2,"46":5,"47":2,"48":1,"49":1,"50":1},"f":{"0":19,"1":7,"2":7,"3":4,"4":4,"5":8,"6":8,"7":7,"8":2,"9":1,"10":1},"b":{"0":[2],"1":[7,6],"2":[1],"3":[2,1],"4":[1],"5":[4,3],"6":[1],"7":[1,0],"8":[1],"9":[2]}}
,"D:\\hospital-management-V2\\backend\\services-v2\\identity-service\\src\\presentation\\middleware\\PermissionMiddleware.ts": {"path":"D:\\hospital-management-V2\\backend\\services-v2\\identity-service\\src\\presentation\\middleware\\PermissionMiddleware.ts","statementMap":{"0":{"start":{"line":245,"column":0},"end":{"line":245,"column":16}},"1":{"start":{"line":252,"column":0},"end":{"line":252,"column":16}},"2":{"start":{"line":259,"column":0},"end":{"line":259,"column":16}},"3":{"start":{"line":11,"column":0},"end":{"line":11,"column":null}},"4":{"start":{"line":18,"column":0},"end":{"line":18,"column":59}},"5":{"start":{"line":73,"column":12},"end":{"line":73,"column":49}},"6":{"start":{"line":74,"column":12},"end":{"line":74,"column":23}},"7":{"start":{"line":81,"column":4},"end":{"line":192,"column":6}},"8":{"start":{"line":82,"column":6},"end":{"line":191,"column":7}},"9":{"start":{"line":84,"column":8},"end":{"line":91,"column":9}},"10":{"start":{"line":85,"column":10},"end":{"line":89,"column":13}},"11":{"start":{"line":90,"column":10},"end":{"line":90,"column":17}},"12":{"start":{"line":93,"column":23},"end":{"line":93,"column":38}},"13":{"start":{"line":96,"column":47},"end":{"line":96,"column":49}},"14":{"start":{"line":98,"column":8},"end":{"line":110,"column":9}},"15":{"start":{"line":99,"column":10},"end":{"line":99,"column":51}},"16":{"start":{"line":100,"column":15},"end":{"line":110,"column":9}},"17":{"start":{"line":101,"column":10},"end":{"line":101,"column":83}},"18":{"start":{"line":103,"column":10},"end":{"line":103,"column":71}},"19":{"start":{"line":104,"column":10},"end":{"line":108,"column":13}},"20":{"start":{"line":109,"column":10},"end":{"line":109,"column":17}},"21":{"start":{"line":114,"column":8},"end":{"line":124,"column":9}},"22":{"start":{"line":115,"column":10},"end":{"line":118,"column":12}},"23":{"start":{"line":120,"column":10},"end":{"line":123,"column":12}},"24":{"start":{"line":126,"column":8},"end":{"line":142,"column":9}},"25":{"start":{"line":127,"column":10},"end":{"line":133,"column":13}},"26":{"start":{"line":135,"column":10},"end":{"line":140,"column":13}},"27":{"start":{"line":141,"column":10},"end":{"line":141,"column":17}},"28":{"start":{"line":145,"column":8},"end":{"line":174,"column":9}},"29":{"start":{"line":146,"column":34},"end":{"line":146,"column":65}},"30":{"start":{"line":148,"column":10},"end":{"line":173,"column":11}},"31":{"start":{"line":150,"column":36},"end":{"line":156,"column":null}},"32":{"start":{"line":159,"column":12},"end":{"line":172,"column":13}},"33":{"start":{"line":160,"column":14},"end":{"line":164,"column":17}},"34":{"start":{"line":166,"column":14},"end":{"line":170,"column":17}},"35":{"start":{"line":171,"column":14},"end":{"line":171,"column":21}},"36":{"start":{"line":177,"column":8},"end":{"line":177,"column":15}},"37":{"start":{"line":180,"column":8},"end":{"line":184,"column":11}},"38":{"start":{"line":186,"column":8},"end":{"line":190,"column":11}},"39":{"start":{"line":199,"column":4},"end":{"line":199,"column":51}},"40":{"start":{"line":206,"column":4},"end":{"line":209,"column":7}},"41":{"start":{"line":216,"column":4},"end":{"line":216,"column":56}},"42":{"start":{"line":223,"column":4},"end":{"line":226,"column":7}},"43":{"start":{"line":233,"column":4},"end":{"line":238,"column":7}},"44":{"start":{"line":71,"column":0},"end":{"line":71,"column":13}},"45":{"start":{"line":246,"column":2},"end":{"line":246,"column":44}},"46":{"start":{"line":253,"column":2},"end":{"line":253,"column":30}},"47":{"start":{"line":260,"column":2},"end":{"line":260,"column":45}}},"fnMap":{"0":{"name":"(anonymous_0)","decl":{"start":{"line":72,"column":2},"end":{"line":72,"column":null}},"loc":{"start":{"line":74,"column":23},"end":{"line":75,"column":6}}},"1":{"name":"(anonymous_1)","decl":{"start":{"line":80,"column":2},"end":{"line":80,"column":19}},"loc":{"start":{"line":80,"column":46},"end":{"line":193,"column":3}}},"2":{"name":"(anonymous_2)","decl":{"start":{"line":81,"column":11},"end":{"line":81,"column":16}},"loc":{"start":{"line":81,"column":97},"end":{"line":192,"column":5}}},"3":{"name":"(anonymous_3)","decl":{"start":{"line":198,"column":2},"end":{"line":198,"column":12}},"loc":{"start":{"line":198,"column":41},"end":{"line":200,"column":3}}},"4":{"name":"(anonymous_4)","decl":{"start":{"line":205,"column":2},"end":{"line":205,"column":12}},"loc":{"start":{"line":205,"column":41},"end":{"line":210,"column":3}}},"5":{"name":"(anonymous_5)","decl":{"start":{"line":215,"column":2},"end":{"line":215,"column":17}},"loc":{"start":{"line":215,"column":56},"end":{"line":217,"column":3}}},"6":{"name":"(anonymous_6)","decl":{"start":{"line":222,"column":2},"end":{"line":222,"column":14}},"loc":{"start":{"line":222,"column":14},"end":{"line":227,"column":3}}},"7":{"name":"(anonymous_7)","decl":{"start":{"line":232,"column":2},"end":{"line":232,"column":25}},"loc":{"start":{"line":232,"column":95},"end":{"line":239,"column":3}}},"8":{"name":"getUserIdFromParams","decl":{"start":{"line":245,"column":16},"end":{"line":245,"column":35}},"loc":{"start":{"line":245,"column":61},"end":{"line":247,"column":1}}},"9":{"name":"getPatientIdFromParams","decl":{"start":{"line":252,"column":16},"end":{"line":252,"column":38}},"loc":{"start":{"line":252,"column":64},"end":{"line":254,"column":1}}},"10":{"name":"getOwnerIdFromBody","decl":{"start":{"line":259,"column":16},"end":{"line":259,"column":34}},"loc":{"start":{"line":259,"column":60},"end":{"line":261,"column":1}}}},"branchMap":{"0":{"loc":{"start":{"line":84,"column":8},"end":{"line":91,"column":9}},"type":"if","locations":[{"start":{"line":84,"column":8},"end":{"line":91,"column":9}}]},"1":{"loc":{"start":{"line":84,"column":12},"end":{"line":84,"column":41}},"type":"binary-expr","locations":[{"start":{"line":84,"column":12},"end":{"line":84,"column":21}},{"start":{"line":84,"column":25},"end":{"line":84,"column":41}}]},"2":{"loc":{"start":{"line":98,"column":8},"end":{"line":110,"column":9}},"type":"if","locations":[{"start":{"line":98,"column":8},"end":{"line":110,"column":9}},{"start":{"line":100,"column":15},"end":{"line":110,"column":9}}]},"3":{"loc":{"start":{"line":100,"column":15},"end":{"line":110,"column":9}},"type":"if","locations":[{"start":{"line":100,"column":15},"end":{"line":110,"column":9}},{"start":{"line":102,"column":15},"end":{"line":110,"column":9}}]},"4":{"loc":{"start":{"line":100,"column":19},"end":{"line":100,"column":53}},"type":"binary-expr","locations":[{"start":{"line":100,"column":19},"end":{"line":100,"column":35}},{"start":{"line":100,"column":39},"end":{"line":100,"column":53}}]},"5":{"loc":{"start":{"line":114,"column":8},"end":{"line":124,"column":9}},"type":"if","locations":[{"start":{"line":114,"column":8},"end":{"line":124,"column":9}},{"start":{"line":119,"column":15},"end":{"line":124,"column":9}}]},"6":{"loc":{"start":{"line":126,"column":8},"end":{"line":142,"column":9}},"type":"if","locations":[{"start":{"line":126,"column":8},"end":{"line":142,"column":9}}]},"7":{"loc":{"start":{"line":138,"column":21},"end":{"line":138,"column":96}},"type":"binary-expr","locations":[{"start":{"line":138,"column":21},"end":{"line":138,"column":41}},{"start":{"line":138,"column":45},"end":{"line":138,"column":96}}]},"8":{"loc":{"start":{"line":145,"column":8},"end":{"line":174,"column":9}},"type":"if","locations":[{"start":{"line":145,"column":8},"end":{"line":174,"column":9}}]},"9":{"loc":{"start":{"line":145,"column":12},"end":{"line":145,"column":64}},"type":"binary-expr","locations":[{"start":{"line":145,"column":12},"end":{"line":145,"column":34}},{"start":{"line":145,"column":38},"end":{"line":145,"column":64}}]},"10":{"loc":{"start":{"line":148,"column":10},"end":{"line":173,"column":11}},"type":"if","locations":[{"start":{"line":148,"column":10},"end":{"line":173,"column":11}}]},"11":{"loc":{"start":{"line":148,"column":14},"end":{"line":148,"column":59}},"type":"binary-expr","locations":[{"start":{"line":148,"column":14},"end":{"line":148,"column":29}},{"start":{"line":148,"column":33},"end":{"line":148,"column":59}}]},"12":{"loc":{"start":{"line":159,"column":12},"end":{"line":172,"column":13}},"type":"if","locations":[{"start":{"line":159,"column":12},"end":{"line":172,"column":13}}]},"13":{"loc":{"start":{"line":246,"column":9},"end":{"line":246,"column":43}},"type":"binary-expr","locations":[{"start":{"line":246,"column":9},"end":{"line":246,"column":26}},{"start":{"line":246,"column":30},"end":{"line":246,"column":43}}]},"14":{"loc":{"start":{"line":260,"column":9},"end":{"line":260,"column":44}},"type":"binary-expr","locations":[{"start":{"line":260,"column":9},"end":{"line":260,"column":24}},{"start":{"line":260,"column":28},"end":{"line":260,"column":44}}]}},"s":{"0":1,"1":1,"2":1,"3":1,"4":1,"5":26,"6":26,"7":21,"8":21,"9":21,"10":1,"11":1,"12":20,"13":20,"14":20,"15":17,"16":3,"17":2,"18":1,"19":1,"20":1,"21":19,"22":3,"23":16,"24":18,"25":5,"26":5,"27":5,"28":13,"29":6,"30":6,"31":3,"32":3,"33":1,"34":1,"35":1,"36":12,"37":1,"38":1,"39":2,"40":2,"41":1,"42":2,"43":2,"44":1,"45":2,"46":1,"47":2},"f":{"0":26,"1":21,"2":21,"3":2,"4":2,"5":1,"6":2,"7":2,"8":2,"9":1,"10":2},"b":{"0":[1],"1":[21,20],"2":[17,3],"3":[2,1],"4":[3,2],"5":[3,16],"6":[5],"7":[5,3],"8":[6],"9":[13,6],"10":[3],"11":[6,5],"12":[1],"13":[2,1],"14":[2,1]}}
,"D:\\hospital-management-V2\\backend\\services-v2\\identity-service\\src\\utils\\error-helper.ts": {"path":"D:\\hospital-management-V2\\backend\\services-v2\\identity-service\\src\\utils\\error-helper.ts","statementMap":{"0":{"start":{"line":9,"column":0},"end":{"line":9,"column":16}},"1":{"start":{"line":10,"column":2},"end":{"line":10,"column":51}},"2":{"start":{"line":10,"column":30},"end":{"line":10,"column":51}},"3":{"start":{"line":11,"column":2},"end":{"line":11,"column":23}}},"fnMap":{"0":{"name":"getErrorMessage","decl":{"start":{"line":9,"column":16},"end":{"line":9,"column":31}},"loc":{"start":{"line":9,"column":46},"end":{"line":12,"column":1}}}},"branchMap":{"0":{"loc":{"start":{"line":10,"column":2},"end":{"line":10,"column":51}},"type":"if","locations":[{"start":{"line":10,"column":2},"end":{"line":10,"column":51}}]}},"s":{"0":21,"1":139,"2":97,"3":42},"f":{"0":139},"b":{"0":[97]}}
}
