TN:
SF:src\application\services\IAuthenticationService.ts
FN:194,(anonymous_0)
FNF:1
FNH:0
FNDA:0,(anonymous_0)
DA:194,0
DA:195,0
DA:196,0
DA:197,0
LF:4
LH:0
BRDA:194,0,0,0
BRDA:194,0,1,0
BRF:2
BRH:0
end_of_record
TN:
SF:src\application\services\ICircuitBreaker.ts
FN:41,(anonymous_0)
FNF:1
FNH:1
FNDA:13,(anonymous_0)
DA:41,13
DA:42,13
DA:43,13
DA:44,13
LF:4
LH:4
BRDA:41,0,0,13
BRDA:41,0,1,13
BRF:2
BRH:2
end_of_record
TN:
SF:src\application\services\IDegradationService.ts
FN:11,(anonymous_0)
FNF:1
FNH:1
FNDA:3,(anonymous_0)
DA:11,3
DA:12,3
DA:13,3
DA:14,3
DA:15,3
LF:5
LH:5
BRDA:11,0,0,3
BRDA:11,0,1,3
BRF:2
BRH:2
end_of_record
TN:
SF:src\application\services\IPermissionService.ts
FN:23,(anonymous_0)
FN:36,(anonymous_1)
FN:130,buildPermission
FN:137,parsePermission
FN:152,matchesPermission
FNF:5
FNH:4
FNDA:2,(anonymous_0)
FNDA:2,(anonymous_1)
FNDA:2,buildPermission
FNDA:0,parsePermission
FNDA:26,matchesPermission
DA:23,2
DA:24,2
DA:25,2
DA:26,2
DA:27,2
DA:28,2
DA:29,2
DA:30,2
DA:36,2
DA:37,2
DA:38,2
DA:39,2
DA:40,2
DA:41,2
DA:42,2
DA:43,2
DA:130,2
DA:131,2
DA:137,2
DA:138,0
DA:139,0
DA:140,0
DA:142,0
DA:152,2
DA:154,26
DA:155,2
DA:159,24
DA:160,10
DA:163,14
DA:164,14
DA:166,14
DA:167,0
DA:170,14
DA:171,14
DA:174,14
DA:175,1
DA:179,13
DA:180,1
DA:184,12
DA:185,2
DA:189,10
DA:190,1
DA:193,9
LF:43
LH:38
BRDA:23,0,0,2
BRDA:23,0,1,2
BRDA:36,1,0,2
BRDA:36,1,1,2
BRDA:139,2,0,0
BRDA:154,3,0,2
BRDA:159,4,0,10
BRDA:166,5,0,0
BRDA:166,6,0,14
BRDA:166,6,1,14
BRDA:174,7,0,1
BRDA:174,8,0,14
BRDA:174,8,1,12
BRDA:179,9,0,1
BRDA:179,10,0,13
BRDA:179,10,1,1
BRDA:184,11,0,2
BRDA:184,12,0,12
BRDA:184,12,1,2
BRDA:184,12,2,1
BRDA:189,13,0,1
BRDA:189,14,0,10
BRDA:189,14,1,1
BRF:23
BRH:21
end_of_record
TN:
SF:src\application\use-cases\AuthenticateUserUseCase.ts
FN:48,(anonymous_0)
FN:59,(anonymous_1)
FN:75,(anonymous_2)
FN:76,(anonymous_3)
FN:114,(anonymous_4)
FN:183,(anonymous_5)
FN:200,(anonymous_6)
FN:234,(anonymous_7)
FN:274,(anonymous_8)
FN:283,(anonymous_9)
FN:300,(anonymous_10)
FN:314,(anonymous_11)
FN:317,(anonymous_12)
FNF:13
FNH:11
FNDA:8,(anonymous_0)
FNDA:8,(anonymous_1)
FNDA:6,(anonymous_2)
FNDA:0,(anonymous_3)
FNDA:6,(anonymous_4)
FNDA:0,(anonymous_5)
FNDA:8,(anonymous_6)
FNDA:3,(anonymous_7)
FNDA:12,(anonymous_8)
FNDA:3,(anonymous_9)
FNDA:3,(anonymous_10)
FNDA:3,(anonymous_11)
FNDA:3,(anonymous_12)
DA:1,1
DA:12,1
DA:18,1
DA:19,1
DA:47,1
DA:49,8
DA:50,8
DA:51,8
DA:52,8
DA:53,8
DA:60,8
DA:62,8
DA:64,8
DA:67,6
DA:74,6
DA:75,6
DA:76,0
DA:80,3
DA:81,3
DA:88,3
DA:89,3
DA:93,3
DA:96,5
DA:103,4
DA:115,6
DA:118,6
DA:123,6
DA:124,1
DA:128,5
DA:129,5
DA:131,5
DA:132,1
DA:136,4
DA:137,1
DA:141,3
DA:148,3
DA:149,3
DA:157,3
DA:160,3
DA:161,3
DA:163,3
DA:172,3
DA:176,3
DA:184,0
DA:188,0
DA:194,0
DA:201,8
DA:203,8
DA:204,1
DA:207,8
DA:208,1
DA:211,8
DA:212,0
DA:215,8
DA:216,0
DA:220,8
DA:221,8
DA:223,1
DA:226,8
DA:227,2
DA:235,3
DA:270,3
DA:272,3
DA:273,3
DA:274,12
DA:277,3
DA:284,3
DA:301,3
DA:302,0
DA:306,3
DA:307,3
DA:308,3
DA:316,3
DA:317,3
LF:74
LH:67
BRDA:80,0,0,3
BRDA:88,1,0,3
BRDA:123,2,0,1
BRDA:123,3,0,6
BRDA:123,3,1,5
BRDA:124,4,0,1
BRDA:124,4,1,0
BRDA:131,5,0,1
BRDA:136,6,0,1
BRDA:148,7,0,3
BRDA:148,7,1,0
BRDA:152,8,0,3
BRDA:152,8,1,3
BRDA:161,9,0,3
BRDA:161,9,1,3
BRDA:203,10,0,1
BRDA:203,11,0,8
BRDA:203,11,1,7
BRDA:207,12,0,1
BRDA:207,13,0,8
BRDA:207,13,1,8
BRDA:211,14,0,0
BRDA:215,15,0,0
BRDA:226,16,0,2
BRDA:273,17,0,3
BRDA:273,17,1,0
BRDA:301,18,0,0
BRDA:301,19,0,3
BRDA:301,19,1,3
BRDA:317,20,0,3
BRDA:317,20,1,3
BRF:31
BRH:25
end_of_record
TN:
SF:src\application\use-cases\DeleteUserUseCase.ts
FN:40,(anonymous_0)
FN:45,(anonymous_1)
FN:47,(anonymous_2)
FN:65,(anonymous_3)
FNF:4
FNH:4
FNDA:10,(anonymous_0)
FNDA:10,(anonymous_1)
FNDA:10,(anonymous_2)
FNDA:10,(anonymous_3)
DA:12,1
DA:13,1
DA:14,1
DA:37,1
DA:38,10
DA:41,10
DA:42,10
DA:46,10
DA:47,10
DA:48,10
DA:51,0
DA:57,0
DA:66,10
DA:69,10
DA:70,2
DA:78,8
DA:79,1
DA:80,1
DA:87,7
DA:89,7
DA:90,7
DA:92,7
DA:93,1
DA:94,1
DA:102,6
DA:103,1
DA:110,5
DA:112,2
DA:115,2
DA:124,2
DA:132,3
DA:133,3
DA:136,2
DA:144,2
DA:152,1
DA:159,1
LF:36
LH:34
BRDA:66,0,0,8
BRDA:69,1,0,2
BRDA:69,2,0,10
BRDA:69,2,1,9
BRDA:78,3,0,1
BRDA:92,4,0,1
BRDA:102,5,0,1
BRDA:102,6,0,6
BRDA:102,6,1,1
BRDA:110,7,0,2
BRDA:110,7,1,3
BRDA:118,8,0,2
BRDA:118,8,1,0
BRDA:139,9,0,2
BRDA:139,9,1,0
BRF:15
BRH:13
end_of_record
TN:
SF:src\application\use-cases\DisableMFAUseCase.ts
FN:39,(anonymous_0)
FN:46,(anonymous_1)
FN:48,(anonymous_2)
FN:49,(anonymous_3)
FN:60,(anonymous_4)
FN:129,(anonymous_5)
FNF:6
FNH:5
FNDA:12,(anonymous_0)
FNDA:12,(anonymous_1)
FNDA:12,(anonymous_2)
FNDA:0,(anonymous_3)
FNDA:12,(anonymous_4)
FNDA:12,(anonymous_5)
DA:1,1
DA:14,1
DA:16,1
DA:36,1
DA:37,12
DA:40,12
DA:41,12
DA:42,12
DA:43,12
DA:47,12
DA:48,12
DA:50,0
DA:51,0
DA:61,12
DA:62,12
DA:65,12
DA:66,12
DA:67,3
DA:75,9
DA:76,9
DA:77,9
DA:78,1
DA:86,8
DA:94,7
DA:95,2
DA:103,5
DA:105,4
DA:107,4
DA:113,2
DA:118,2
DA:130,12
DA:131,1
DA:134,11
DA:135,1
DA:138,10
DA:139,1
DA:142,9
LF:37
LH:35
BRDA:66,0,0,3
BRDA:77,1,0,1
BRDA:94,2,0,2
BRDA:130,3,0,1
BRDA:134,4,0,1
BRDA:138,5,0,1
BRDA:138,6,0,10
BRDA:138,6,1,2
BRF:8
BRH:8
end_of_record
TN:
SF:src\application\use-cases\EnableMFAUseCase.ts
FN:41,(anonymous_0)
FN:47,(anonymous_1)
FN:49,(anonymous_2)
FN:50,(anonymous_3)
FN:61,(anonymous_4)
FN:131,(anonymous_5)
FNF:6
FNH:5
FNDA:10,(anonymous_0)
FNDA:10,(anonymous_1)
FNDA:10,(anonymous_2)
FNDA:0,(anonymous_3)
FNDA:10,(anonymous_4)
FNDA:10,(anonymous_5)
DA:1,1
DA:14,1
DA:15,1
DA:38,1
DA:39,10
DA:42,10
DA:43,10
DA:44,10
DA:48,10
DA:49,10
DA:51,0
DA:52,0
DA:62,10
DA:63,10
DA:66,10
DA:67,10
DA:68,4
DA:76,6
DA:77,6
DA:78,6
DA:79,1
DA:87,5
DA:88,5
DA:89,1
DA:97,4
DA:104,3
DA:106,3
DA:115,1
DA:120,1
DA:132,10
DA:133,1
DA:136,9
DA:137,0
DA:140,9
DA:141,1
DA:144,8
DA:145,1
DA:148,7
DA:149,1
DA:152,6
LF:40
LH:37
BRDA:67,0,0,4
BRDA:78,1,0,1
BRDA:88,2,0,1
BRDA:132,3,0,1
BRDA:136,4,0,0
BRDA:140,5,0,1
BRDA:144,6,0,1
BRDA:144,7,0,8
BRDA:144,7,1,1
BRDA:148,8,0,1
BRDA:148,9,0,7
BRDA:148,9,1,1
BRF:12
BRH:11
end_of_record
TN:
SF:src\application\use-cases\ForgotPasswordUseCase.ts
FN:29,(anonymous_0)
FN:35,(anonymous_1)
FN:37,(anonymous_2)
FN:38,(anonymous_3)
FN:49,(anonymous_4)
FNF:5
FNH:4
FNDA:9,(anonymous_0)
FNDA:9,(anonymous_1)
FNDA:9,(anonymous_2)
FNDA:0,(anonymous_3)
FNDA:9,(anonymous_4)
DA:1,1
DA:13,1
DA:14,1
DA:26,1
DA:27,9
DA:30,9
DA:31,9
DA:32,9
DA:36,9
DA:37,9
DA:39,0
DA:40,0
DA:50,9
DA:51,9
DA:53,9
DA:54,2
DA:61,7
DA:62,7
DA:63,6
DA:64,2
DA:65,2
DA:71,4
DA:72,1
DA:73,1
DA:80,3
DA:82,2
DA:84,2
DA:90,2
DA:95,2
LF:29
LH:27
BRDA:53,0,0,2
BRDA:53,1,0,9
BRDA:53,1,1,8
BRDA:63,2,0,2
BRDA:71,3,0,1
BRF:5
BRH:5
end_of_record
TN:
SF:src\application\use-cases\GetUserUseCase.ts
FN:50,(anonymous_0)
FN:55,(anonymous_1)
FN:57,(anonymous_2)
FN:75,(anonymous_3)
FNF:4
FNH:4
FNDA:8,(anonymous_0)
FNDA:8,(anonymous_1)
FNDA:8,(anonymous_2)
FNDA:8,(anonymous_3)
DA:12,1
DA:13,1
DA:14,1
DA:47,1
DA:48,8
DA:51,8
DA:52,8
DA:56,8
DA:57,8
DA:58,8
DA:61,0
DA:67,0
DA:76,8
DA:79,8
DA:80,2
DA:87,6
DA:89,6
DA:90,6
DA:92,4
DA:93,1
DA:94,1
DA:102,3
DA:109,3
DA:131,2
DA:137,2
LF:25
LH:23
BRDA:79,0,0,2
BRDA:79,1,0,8
BRDA:79,1,1,7
BRDA:92,2,0,1
BRF:4
BRH:4
end_of_record
TN:
SF:src\application\use-cases\ListUsersUseCase.ts
FN:57,(anonymous_0)
FN:62,(anonymous_1)
FN:64,(anonymous_2)
FN:81,(anonymous_3)
FN:135,(anonymous_4)
FNF:5
FNH:5
FNDA:12,(anonymous_0)
FNDA:12,(anonymous_1)
FNDA:12,(anonymous_2)
FNDA:12,(anonymous_3)
FNDA:5,(anonymous_4)
DA:12,1
DA:13,1
DA:51,1
DA:52,12
DA:53,12
DA:54,12
DA:55,12
DA:58,12
DA:59,12
DA:63,12
DA:64,12
DA:65,12
DA:68,0
DA:73,0
DA:82,12
DA:85,12
DA:86,1
DA:94,11
DA:95,11
DA:99,11
DA:101,11
DA:103,11
DA:108,11
DA:109,3
DA:112,11
DA:113,2
DA:116,11
DA:117,2
DA:121,11
DA:122,10
DA:125,10
DA:135,10
DA:147,10
DA:160,1
DA:165,1
LF:35
LH:33
BRDA:85,0,0,1
BRDA:94,1,0,11
BRDA:94,1,1,8
BRDA:97,2,0,11
BRDA:97,2,1,8
BRDA:108,3,0,3
BRDA:112,4,0,2
BRDA:116,5,0,2
BRDA:140,6,0,5
BRDA:140,6,1,0
BRF:10
BRH:9
end_of_record
TN:
SF:src\application\use-cases\LogoutUserUseCase.ts
FN:30,(anonymous_0)
FN:36,(anonymous_1)
FN:38,(anonymous_2)
FN:39,(anonymous_3)
FN:50,(anonymous_4)
FNF:5
FNH:4
FNDA:9,(anonymous_0)
FNDA:10,(anonymous_1)
FNDA:10,(anonymous_2)
FNDA:0,(anonymous_3)
FNDA:10,(anonymous_4)
DA:1,1
DA:13,1
DA:27,1
DA:28,9
DA:31,9
DA:32,9
DA:33,9
DA:37,10
DA:38,10
DA:40,0
DA:41,0
DA:51,10
DA:52,10
DA:54,10
DA:56,7
DA:58,7
DA:59,4
DA:60,3
DA:66,6
DA:72,4
DA:77,4
LF:21
LH:19
BRDA:58,0,0,4
BRF:1
BRH:1
end_of_record
TN:
SF:src\application\use-cases\RegisterUserUseCase.ts
FN:44,(anonymous_0)
FN:50,(anonymous_1)
FN:52,(anonymous_2)
FN:53,(anonymous_3)
FN:64,(anonymous_4)
FN:140,(anonymous_5)
FNF:6
FNH:6
FNDA:19,(anonymous_0)
FNDA:45,(anonymous_1)
FNDA:44,(anonymous_2)
FNDA:6,(anonymous_3)
FNDA:39,(anonymous_4)
FNDA:39,(anonymous_5)
DA:1,1
DA:13,1
DA:14,1
DA:41,1
DA:42,19
DA:45,19
DA:46,19
DA:47,19
DA:51,45
DA:52,44
DA:54,6
DA:55,6
DA:65,39
DA:66,39
DA:69,39
DA:70,39
DA:71,24
DA:79,15
DA:80,15
DA:81,13
DA:82,1
DA:83,1
DA:91,12
DA:103,11
DA:104,2
DA:111,9
DA:118,9
DA:127,3
DA:132,3
DA:142,39
DA:143,39
DA:144,6
DA:147,33
DA:148,4
DA:151,29
DA:152,2
DA:155,27
DA:156,27
DA:157,5
DA:160,22
DA:161,4
DA:164,18
DA:165,3
DA:168,15
LF:44
LH:44
BRDA:70,0,0,24
BRDA:81,1,0,1
BRDA:103,2,0,2
BRDA:103,3,0,11
BRDA:103,3,1,10
BRDA:106,4,0,2
BRDA:106,4,1,0
BRDA:107,5,0,2
BRDA:107,5,1,1
BRDA:143,6,0,6
BRDA:143,7,0,39
BRDA:143,7,1,37
BRDA:147,8,0,4
BRDA:147,9,0,33
BRDA:147,9,1,31
BRDA:151,10,0,2
BRDA:151,11,0,29
BRDA:151,11,1,28
BRDA:156,12,0,5
BRDA:156,13,0,27
BRDA:156,13,1,25
BRDA:160,14,0,4
BRDA:160,15,0,22
BRDA:160,15,1,9
BRDA:164,16,0,3
BRDA:164,17,0,18
BRDA:164,17,1,8
BRF:27
BRH:26
end_of_record
TN:
SF:src\application\use-cases\ResetPasswordUseCase.ts
FN:29,(anonymous_0)
FN:34,(anonymous_1)
FN:36,(anonymous_2)
FN:37,(anonymous_3)
FN:48,(anonymous_4)
FN:81,(anonymous_5)
FNF:6
FNH:5
FNDA:12,(anonymous_0)
FNDA:15,(anonymous_1)
FNDA:15,(anonymous_2)
FNDA:0,(anonymous_3)
FNDA:15,(anonymous_4)
FNDA:15,(anonymous_5)
DA:1,1
DA:12,1
DA:26,1
DA:27,12
DA:30,12
DA:31,12
DA:35,15
DA:36,15
DA:38,0
DA:39,0
DA:49,15
DA:50,15
DA:52,15
DA:53,15
DA:54,7
DA:61,8
DA:63,6
DA:65,6
DA:71,2
DA:73,2
DA:82,15
DA:83,2
DA:86,13
DA:87,1
DA:90,12
DA:91,1
DA:94,11
DA:95,1
DA:98,10
DA:99,1
DA:102,9
DA:103,1
DA:106,8
LF:33
LH:31
BRDA:53,0,0,7
BRDA:82,1,0,2
BRDA:82,2,0,15
BRDA:82,2,1,14
BRDA:86,3,0,1
BRDA:86,4,0,13
BRDA:86,4,1,13
BRDA:90,5,0,1
BRDA:94,6,0,1
BRDA:98,7,0,1
BRDA:102,8,0,1
BRF:11
BRH:11
end_of_record
TN:
SF:src\application\use-cases\UpdateUserUseCase.ts
FN:52,(anonymous_0)
FN:57,(anonymous_1)
FN:59,(anonymous_2)
FN:77,(anonymous_3)
FNF:4
FNH:4
FNDA:9,(anonymous_0)
FNDA:9,(anonymous_1)
FNDA:9,(anonymous_2)
FNDA:9,(anonymous_3)
DA:12,1
DA:13,1
DA:14,1
DA:15,1
DA:49,1
DA:50,9
DA:53,9
DA:54,9
DA:58,9
DA:59,9
DA:60,9
DA:63,0
DA:69,0
DA:78,9
DA:81,9
DA:82,1
DA:89,8
DA:90,1
DA:97,7
DA:99,7
DA:100,7
DA:102,7
DA:103,1
DA:104,1
DA:113,6
DA:114,1
DA:122,5
DA:123,5
DA:125,5
DA:126,3
DA:127,3
DA:129,5
DA:130,1
DA:131,1
DA:133,5
DA:134,0
DA:135,0
DA:137,5
DA:138,0
DA:139,0
DA:141,5
DA:142,0
DA:143,0
DA:145,5
DA:146,1
DA:147,1
DA:150,5
DA:151,4
DA:153,4
DA:172,4
DA:174,0
DA:183,5
DA:184,1
DA:185,0
DA:187,1
DA:193,5
DA:196,4
DA:203,4
DA:216,1
DA:222,1
LF:60
LH:50
BRDA:81,0,0,1
BRDA:81,1,0,9
BRDA:81,1,1,8
BRDA:89,2,0,1
BRDA:89,3,0,8
BRDA:89,3,1,8
BRDA:102,4,0,1
BRDA:113,5,0,1
BRDA:113,6,0,6
BRDA:113,6,1,1
BRDA:125,7,0,3
BRDA:129,8,0,1
BRDA:133,9,0,0
BRDA:137,10,0,0
BRDA:138,11,0,0
BRDA:138,11,1,0
BRDA:141,12,0,0
BRDA:145,13,0,1
BRDA:150,14,0,4
BRDA:154,15,0,4
BRDA:154,15,1,1
BRDA:155,16,0,1
BRDA:155,16,1,3
BRDA:158,17,0,0
BRDA:158,17,1,4
BRDA:161,18,0,0
BRDA:161,18,1,4
BRDA:164,19,0,0
BRDA:164,19,1,4
BRDA:167,20,0,1
BRDA:167,20,1,3
BRDA:183,21,0,1
BRDA:184,22,0,0
BRDA:184,22,1,1
BRF:34
BRH:25
end_of_record
TN:
SF:src\application\use-cases\VerifyEmailUseCase.ts
FN:31,(anonymous_0)
FN:37,(anonymous_1)
FN:39,(anonymous_2)
FN:40,(anonymous_3)
FN:51,(anonymous_4)
FNF:5
FNH:4
FNDA:9,(anonymous_0)
FNDA:9,(anonymous_1)
FNDA:9,(anonymous_2)
FNDA:0,(anonymous_3)
FNDA:9,(anonymous_4)
DA:1,1
DA:13,1
DA:14,1
DA:28,1
DA:29,9
DA:32,9
DA:33,9
DA:34,9
DA:38,9
DA:39,9
DA:41,0
DA:42,0
DA:52,9
DA:53,9
DA:55,9
DA:56,1
DA:63,8
DA:64,2
DA:72,6
DA:74,5
DA:79,5
DA:80,5
DA:82,5
DA:83,1
DA:91,4
DA:94,4
DA:96,3
DA:98,3
DA:105,2
DA:110,2
LF:30
LH:28
BRDA:55,0,0,1
BRDA:55,1,0,9
BRDA:55,1,1,9
BRDA:63,2,0,2
BRDA:63,3,0,8
BRDA:63,3,1,7
BRDA:82,4,0,1
BRF:7
BRH:7
end_of_record
TN:
SF:src\application\use-cases\VerifyMFAUseCase.ts
FN:40,(anonymous_0)
FN:45,(anonymous_1)
FN:47,(anonymous_2)
FN:48,(anonymous_3)
FN:60,(anonymous_4)
FN:166,(anonymous_5)
FNF:6
FNH:5
FNDA:14,(anonymous_0)
FNDA:14,(anonymous_1)
FNDA:14,(anonymous_2)
FNDA:0,(anonymous_3)
FNDA:14,(anonymous_4)
FNDA:14,(anonymous_5)
DA:1,1
DA:13,1
DA:37,1
DA:38,14
DA:41,14
DA:42,14
DA:46,14
DA:47,14
DA:49,0
DA:50,0
DA:61,14
DA:62,14
DA:68,14
DA:69,14
DA:70,3
DA:79,11
DA:80,11
DA:81,1
DA:90,10
DA:91,9
DA:92,1
DA:101,8
DA:102,8
DA:104,8
DA:106,2
DA:109,6
DA:113,8
DA:115,6
DA:118,6
DA:119,1
DA:122,6
DA:124,6
DA:131,2
DA:138,2
DA:140,2
DA:149,1
DA:154,1
DA:167,14
DA:168,1
DA:171,13
DA:172,1
DA:175,12
DA:176,1
DA:179,11
DA:180,0
DA:183,11
LF:46
LH:43
BRDA:69,0,0,3
BRDA:80,1,0,1
BRDA:91,2,0,1
BRDA:102,3,0,8
BRDA:102,3,1,6
BRDA:104,4,0,2
BRDA:104,4,1,6
BRDA:113,5,0,6
BRDA:113,5,1,2
BRDA:118,6,0,1
BRDA:167,7,0,1
BRDA:171,8,0,1
BRDA:175,9,0,1
BRDA:175,10,0,12
BRDA:175,10,1,3
BRDA:179,11,0,0
BRF:16
BRH:15
end_of_record
TN:
SF:src\domain\aggregates\User.ts
FN:39,(anonymous_0)
FN:47,(anonymous_1)
FN:84,(anonymous_2)
FN:117,(anonymous_3)
FN:121,(anonymous_4)
FN:125,(anonymous_5)
FN:129,(anonymous_6)
FN:133,(anonymous_7)
FN:137,(anonymous_8)
FN:141,(anonymous_9)
FN:145,(anonymous_10)
FN:153,(anonymous_11)
FN:199,(anonymous_12)
FN:215,(anonymous_13)
FN:234,(anonymous_14)
FN:257,(anonymous_15)
FN:285,(anonymous_16)
FN:306,(anonymous_17)
FN:326,(anonymous_18)
FN:343,(anonymous_19)
FN:369,(anonymous_20)
FN:381,(anonymous_21)
FN:393,(anonymous_22)
FN:408,(anonymous_23)
FN:415,(anonymous_24)
FN:422,(anonymous_25)
FN:430,(anonymous_26)
FN:437,(anonymous_27)
FN:462,getErrorMessage
FNF:29
FNH:24
FNDA:85,(anonymous_0)
FNDA:28,(anonymous_1)
FNDA:57,(anonymous_2)
FNDA:30,(anonymous_3)
FNDA:3,(anonymous_4)
FNDA:20,(anonymous_5)
FNDA:59,(anonymous_6)
FNDA:11,(anonymous_7)
FNDA:30,(anonymous_8)
FNDA:13,(anonymous_9)
FNDA:10,(anonymous_10)
FNDA:6,(anonymous_11)
FNDA:2,(anonymous_12)
FNDA:6,(anonymous_13)
FNDA:0,(anonymous_14)
FNDA:94,(anonymous_15)
FNDA:4,(anonymous_16)
FNDA:5,(anonymous_17)
FNDA:3,(anonymous_18)
FNDA:1,(anonymous_19)
FNDA:9,(anonymous_20)
FNDA:10,(anonymous_21)
FNDA:3,(anonymous_22)
FNDA:0,(anonymous_23)
FNDA:0,(anonymous_24)
FNDA:0,(anonymous_25)
FNDA:0,(anonymous_26)
FNDA:3,(anonymous_27)
FNDA:5,getErrorMessage
DA:10,11
DA:12,11
DA:16,11
DA:17,11
DA:18,11
DA:19,11
DA:38,11
DA:40,85
DA:52,28
DA:53,28
DA:54,28
DA:56,28
DA:68,28
DA:71,26
DA:73,26
DA:75,2
DA:95,57
DA:107,57
DA:108,57
DA:109,56
DA:118,30
DA:122,3
DA:126,20
DA:130,59
DA:134,11
DA:138,30
DA:142,13
DA:146,10
DA:154,6
DA:155,6
DA:156,1
DA:160,5
DA:161,5
DA:165,5
DA:166,5
DA:176,5
DA:183,5
DA:186,1
DA:192,1
DA:200,2
DA:201,2
DA:202,2
DA:203,2
DA:206,2
DA:208,0
DA:216,6
DA:217,6
DA:218,6
DA:221,6
DA:223,1
DA:235,0
DA:258,94
DA:261,94
DA:262,2
DA:266,94
DA:267,0
DA:271,94
DA:272,3
DA:277,94
DA:278,5
DA:286,4
DA:287,4
DA:288,4
DA:295,0
DA:299,0
DA:307,5
DA:308,5
DA:315,0
DA:319,0
DA:327,3
DA:328,3
DA:330,0
DA:336,0
DA:344,1
DA:345,1
DA:354,0
DA:370,9
DA:371,9
DA:372,9
DA:374,0
DA:382,10
DA:383,10
DA:384,10
DA:386,0
DA:394,3
DA:395,3
DA:396,3
DA:399,3
DA:401,1
DA:409,0
DA:416,0
DA:431,0
DA:438,3
DA:439,3
DA:463,5
DA:464,0
LF:96
LH:80
BRDA:155,0,0,1
BRDA:261,1,0,2
BRDA:261,2,0,94
BRDA:261,2,1,94
BRDA:266,3,0,0
BRDA:271,4,0,3
BRDA:271,5,0,94
BRDA:271,5,1,87
BRDA:277,6,0,5
BRDA:289,7,0,4
BRDA:289,7,1,3
BRDA:289,7,2,2
BRDA:289,7,3,2
BRDA:309,8,0,5
BRDA:309,8,1,3
BRDA:309,8,2,2
BRDA:309,8,3,1
BRDA:463,9,0,5
BRF:18
BRH:17
end_of_record
TN:
SF:src\domain\entities\HealthcareRole.ts
FN:32,(anonymous_0)
FN:36,(anonymous_1)
FN:55,(anonymous_2)
FN:132,(anonymous_3)
FN:136,(anonymous_4)
FN:140,(anonymous_5)
FN:144,(anonymous_6)
FN:148,(anonymous_7)
FN:152,(anonymous_8)
FN:156,(anonymous_9)
FN:163,(anonymous_10)
FN:171,(anonymous_11)
FN:178,(anonymous_12)
FN:185,(anonymous_13)
FN:192,(anonymous_14)
FN:207,(anonymous_15)
FNF:16
FNH:16
FNDA:164,(anonymous_0)
FNDA:43,(anonymous_1)
FNDA:122,(anonymous_2)
FNDA:92,(anonymous_3)
FNDA:10,(anonymous_4)
FNDA:9,(anonymous_5)
FNDA:1,(anonymous_6)
FNDA:24,(anonymous_7)
FNDA:2,(anonymous_8)
FNDA:12,(anonymous_9)
FNDA:13,(anonymous_10)
FNDA:8,(anonymous_11)
FNDA:8,(anonymous_12)
FNDA:4,(anonymous_13)
FNDA:3,(anonymous_14)
FNDA:1,(anonymous_15)
DA:9,13
DA:31,13
DA:33,164
DA:44,43
DA:56,122
DA:115,122
DA:116,122
DA:117,1
DA:120,121
DA:133,92
DA:137,10
DA:141,9
DA:145,1
DA:149,24
DA:153,2
DA:157,12
DA:164,13
DA:165,13
DA:172,8
DA:179,8
DA:186,4
DA:193,3
DA:194,0
DA:196,3
DA:197,1
DA:199,2
DA:200,1
DA:208,1
LF:28
LH:27
BRDA:41,0,0,4
BRDA:42,1,0,4
BRDA:116,2,0,1
BRDA:165,3,0,13
BRDA:165,3,1,9
BRDA:186,4,0,4
BRDA:186,4,1,4
BRDA:193,5,0,0
BRDA:196,6,0,1
BRDA:196,7,0,3
BRDA:196,7,1,2
BRDA:199,8,0,1
BRDA:199,9,0,2
BRDA:199,9,1,1
BRF:14
BRH:13
end_of_record
TN:
SF:src\domain\entities\UserSession.ts
FN:25,(anonymous_0)
FN:29,(anonymous_1)
FN:54,(anonymous_2)
FN:69,(anonymous_3)
FN:73,(anonymous_4)
FN:77,(anonymous_5)
FN:81,(anonymous_6)
FN:85,(anonymous_7)
FN:89,(anonymous_8)
FN:93,(anonymous_9)
FN:97,(anonymous_10)
FN:101,(anonymous_11)
FN:108,(anonymous_12)
FN:115,(anonymous_13)
FN:122,(anonymous_14)
FN:129,(anonymous_15)
FN:144,(anonymous_16)
FNF:17
FNH:3
FNDA:9,(anonymous_0)
FNDA:8,(anonymous_1)
FNDA:1,(anonymous_2)
FNDA:0,(anonymous_3)
FNDA:0,(anonymous_4)
FNDA:0,(anonymous_5)
FNDA:0,(anonymous_6)
FNDA:0,(anonymous_7)
FNDA:0,(anonymous_8)
FNDA:0,(anonymous_9)
FNDA:0,(anonymous_10)
FNDA:0,(anonymous_11)
FNDA:0,(anonymous_12)
FNDA:0,(anonymous_13)
FNDA:0,(anonymous_14)
FNDA:0,(anonymous_15)
FNDA:0,(anonymous_16)
DA:9,11
DA:10,11
DA:24,11
DA:26,9
DA:37,8
DA:38,8
DA:55,1
DA:70,0
DA:74,0
DA:78,0
DA:82,0
DA:86,0
DA:90,0
DA:94,0
DA:98,0
DA:102,0
DA:109,0
DA:116,0
DA:123,0
DA:130,0
DA:131,0
DA:133,0
DA:134,0
DA:136,0
DA:137,0
DA:145,0
LF:26
LH:7
BRDA:130,0,0,0
BRDA:133,1,0,0
BRDA:136,2,0,0
BRF:3
BRH:0
end_of_record
TN:
SF:src\domain\events\UserAuthenticatedEvent.ts
FN:13,(anonymous_0)
FN:31,(anonymous_1)
FN:40,(anonymous_2)
FN:44,(anonymous_3)
FNF:4
FNH:4
FNDA:14,(anonymous_0)
FNDA:1,(anonymous_1)
FNDA:1,(anonymous_2)
FNDA:1,(anonymous_3)
DA:9,12
DA:12,12
DA:14,14
DA:15,14
DA:16,14
DA:17,14
DA:19,14
DA:32,1
DA:41,1
DA:45,1
LF:10
LH:10
BRF:0
BRH:0
end_of_record
TN:
SF:src\domain\events\UserCreatedEvent.ts
FN:15,(anonymous_0)
FN:32,(anonymous_1)
FN:40,(anonymous_2)
FN:44,(anonymous_3)
FNF:4
FNH:4
FNDA:35,(anonymous_0)
FNDA:4,(anonymous_1)
FNDA:1,(anonymous_2)
FNDA:1,(anonymous_3)
DA:9,12
DA:14,12
DA:16,35
DA:17,35
DA:18,35
DA:20,35
DA:33,4
DA:41,1
DA:45,1
LF:9
LH:9
BRF:0
BRH:0
end_of_record
TN:
SF:src\domain\events\UserRoleChangedEvent.ts
FN:14,(anonymous_0)
FN:32,(anonymous_1)
FN:41,(anonymous_2)
FN:45,(anonymous_3)
FNF:4
FNH:4
FNDA:12,(anonymous_0)
FNDA:4,(anonymous_1)
FNDA:1,(anonymous_2)
FNDA:1,(anonymous_3)
DA:9,12
DA:13,12
DA:15,12
DA:16,12
DA:17,12
DA:18,12
DA:20,12
DA:33,4
DA:42,1
DA:46,1
LF:10
LH:10
BRF:0
BRH:0
end_of_record
TN:
SF:src\domain\value-objects\Email.ts
FN:17,(anonymous_0)
FN:24,(anonymous_1)
FN:32,(anonymous_2)
FN:59,(anonymous_3)
FN:67,(anonymous_4)
FN:79,(anonymous_5)
FN:83,(anonymous_6)
FN:96,(anonymous_7)
FN:112,(anonymous_8)
FN:129,(anonymous_9)
FN:153,(anonymous_10)
FN:160,(anonymous_11)
FN:164,(anonymous_12)
FN:179,(anonymous_13)
FN:212,(anonymous_14)
FN:231,(anonymous_15)
FN:253,(anonymous_16)
FN:271,(anonymous_17)
FN:282,(anonymous_18)
FNF:19
FNH:19
FNDA:210,(anonymous_0)
FNDA:210,(anonymous_1)
FNDA:219,(anonymous_2)
FNDA:21,(anonymous_3)
FNDA:97,(anonymous_4)
FNDA:83,(anonymous_5)
FNDA:41,(anonymous_6)
FNDA:36,(anonymous_7)
FNDA:312,(anonymous_8)
FNDA:10,(anonymous_9)
FNDA:12,(anonymous_10)
FNDA:66,(anonymous_11)
FNDA:57,(anonymous_12)
FNDA:9,(anonymous_13)
FNDA:13,(anonymous_14)
FNDA:4,(anonymous_15)
FNDA:4,(anonymous_16)
FNDA:1,(anonymous_17)
FNDA:1,(anonymous_18)
DA:10,14
DA:16,14
DA:18,210
DA:33,219
DA:34,219
DA:35,4
DA:38,215
DA:40,215
DA:41,4
DA:44,211
DA:45,1
DA:48,210
DA:50,9
DA:51,9
DA:61,21
DA:68,97
DA:69,97
DA:71,0
DA:72,0
DA:75,0
DA:80,83
DA:84,41
DA:85,41
DA:86,41
DA:88,0
DA:89,0
DA:92,0
DA:97,36
DA:98,36
DA:99,36
DA:101,0
DA:102,0
DA:105,0
DA:113,312
DA:115,312
DA:116,312
DA:118,0
DA:119,0
DA:122,0
DA:130,10
DA:131,10
DA:140,10
DA:142,0
DA:143,0
DA:146,0
DA:154,12
DA:155,12
DA:156,12
DA:159,12
DA:160,66
DA:163,12
DA:164,57
DA:166,12
DA:168,0
DA:169,0
DA:172,0
DA:180,9
DA:181,9
DA:183,9
DA:184,2
DA:187,7
DA:188,3
DA:191,4
DA:192,2
DA:195,2
DA:196,1
DA:199,1
DA:201,0
DA:202,0
DA:205,0
DA:213,13
DA:214,13
DA:215,13
DA:217,13
DA:218,1
DA:221,12
DA:222,12
DA:224,0
DA:232,4
DA:234,4
DA:242,0
DA:243,0
DA:246,0
DA:254,4
DA:255,4
DA:256,2
DA:258,2
DA:260,0
DA:261,0
DA:264,0
DA:272,1
DA:273,1
DA:275,0
DA:283,1
LF:94
LH:65
BRDA:34,0,0,4
BRDA:34,1,0,219
BRDA:34,1,1,216
BRDA:40,2,0,4
BRDA:44,3,0,1
BRDA:50,4,0,9
BRDA:50,4,1,0
BRDA:71,5,0,0
BRDA:71,5,1,0
BRDA:86,6,0,41
BRDA:86,6,1,0
BRDA:88,7,0,0
BRDA:88,7,1,0
BRDA:99,8,0,36
BRDA:99,8,1,0
BRDA:101,9,0,0
BRDA:101,9,1,0
BRDA:118,10,0,0
BRDA:118,10,1,0
BRDA:142,11,0,0
BRDA:142,11,1,0
BRDA:166,12,0,12
BRDA:166,12,1,8
BRDA:166,12,2,2
BRDA:168,13,0,0
BRDA:168,13,1,0
BRDA:183,14,0,2
BRDA:183,15,0,9
BRDA:183,15,1,8
BRDA:187,16,0,3
BRDA:187,17,0,7
BRDA:187,17,1,6
BRDA:187,17,2,5
BRDA:191,18,0,2
BRDA:191,19,0,4
BRDA:191,19,1,3
BRDA:195,20,0,1
BRDA:201,21,0,0
BRDA:201,21,1,0
BRDA:217,22,0,1
BRDA:235,23,0,4
BRDA:235,23,1,4
BRDA:235,23,2,4
BRDA:235,23,3,4
BRDA:235,23,4,3
BRDA:242,24,0,0
BRDA:242,24,1,0
BRDA:255,25,0,2
BRDA:255,26,0,4
BRDA:255,26,1,3
BRDA:260,27,0,0
BRDA:260,27,1,0
BRF:52
BRH:31
end_of_record
TN:
SF:src\domain\value-objects\PersonalInfo.ts
FN:23,(anonymous_0)
FN:30,(anonymous_1)
FN:51,(anonymous_2)
FN:68,(anonymous_3)
FN:74,(anonymous_4)
FN:81,(anonymous_5)
FN:85,(anonymous_6)
FN:89,(anonymous_7)
FN:93,(anonymous_8)
FN:97,(anonymous_9)
FN:101,(anonymous_10)
FN:105,(anonymous_11)
FN:109,(anonymous_12)
FN:116,(anonymous_13)
FN:130,(anonymous_14)
FN:137,(anonymous_15)
FN:144,(anonymous_16)
FNF:17
FNH:17
FNDA:123,(anonymous_0)
FNDA:123,(anonymous_1)
FNDA:123,(anonymous_2)
FNDA:106,(anonymous_3)
FNDA:105,(anonymous_4)
FNDA:20,(anonymous_5)
FNDA:25,(anonymous_6)
FNDA:12,(anonymous_7)
FNDA:11,(anonymous_8)
FNDA:12,(anonymous_9)
FNDA:15,(anonymous_10)
FNDA:3,(anonymous_11)
FNDA:3,(anonymous_12)
FNDA:94,(anonymous_13)
FNDA:7,(anonymous_14)
FNDA:5,(anonymous_15)
FNDA:3,(anonymous_16)
DA:9,12
DA:22,12
DA:24,123
DA:32,123
DA:33,2
DA:36,121
DA:37,1
DA:41,120
DA:42,2
DA:46,118
DA:47,1
DA:52,123
DA:70,106
DA:71,106
DA:76,105
DA:77,105
DA:82,20
DA:86,25
DA:90,12
DA:94,11
DA:98,12
DA:102,15
DA:106,3
DA:110,3
DA:117,94
DA:131,7
DA:138,5
DA:145,3
DA:146,1
DA:149,2
DA:150,2
DA:151,2
DA:152,2
DA:154,2
DA:155,1
DA:158,2
LF:36
LH:36
BRDA:32,0,0,2
BRDA:32,1,0,123
BRDA:32,1,1,121
BRDA:36,2,0,1
BRDA:41,3,0,2
BRDA:41,4,0,120
BRDA:41,4,1,103
BRDA:46,5,0,1
BRDA:46,6,0,118
BRDA:46,6,1,100
BRDA:118,7,0,94
BRDA:118,7,1,94
BRDA:118,7,2,90
BRDA:118,7,3,89
BRDA:118,7,4,88
BRDA:118,7,5,87
BRDA:131,8,0,7
BRDA:131,8,1,5
BRDA:138,9,0,5
BRDA:138,9,1,3
BRDA:145,10,0,1
BRDA:154,11,0,1
BRDA:154,12,0,2
BRDA:154,12,1,1
BRDA:154,12,2,1
BRF:25
BRH:25
end_of_record
TN:
SF:src\domain\value-objects\UserId.ts
FN:16,(anonymous_0)
FN:23,(anonymous_1)
FN:29,(anonymous_2)
FN:33,(anonymous_3)
FN:44,(anonymous_4)
FN:52,(anonymous_5)
FN:56,(anonymous_6)
FN:60,(anonymous_7)
FNF:8
FNH:8
FNDA:214,(anonymous_0)
FNDA:214,(anonymous_1)
FNDA:10,(anonymous_2)
FNDA:35,(anonymous_3)
FNDA:2,(anonymous_4)
FNDA:167,(anonymous_5)
FNDA:198,(anonymous_6)
FNDA:1,(anonymous_7)
DA:9,14
DA:15,14
DA:17,214
DA:24,214
DA:25,2
DA:30,10
DA:34,35
DA:35,35
DA:36,35
DA:37,35
DA:38,35
DA:40,35
DA:41,35
DA:45,2
DA:53,167
DA:57,198
DA:61,1
LF:17
LH:17
BRDA:24,0,0,2
BRDA:24,1,0,214
BRDA:24,1,1,212
BRF:3
BRH:3
end_of_record
TN:
SF:src\infrastructure\auth\SupabaseAuthClient.ts
FN:27,(anonymous_0)
FN:47,(anonymous_1)
FN:137,(anonymous_2)
FN:160,(anonymous_3)
FN:189,(anonymous_4)
FN:190,(anonymous_5)
FN:208,(anonymous_6)
FN:240,(anonymous_7)
FN:268,(anonymous_8)
FN:285,(anonymous_9)
FN:333,(anonymous_10)
FNF:11
FNH:7
FNDA:8,(anonymous_0)
FNDA:3,(anonymous_1)
FNDA:1,(anonymous_2)
FNDA:0,(anonymous_3)
FNDA:0,(anonymous_4)
FNDA:0,(anonymous_5)
FNDA:0,(anonymous_6)
FNDA:1,(anonymous_7)
FNDA:2,(anonymous_8)
FNDA:1,(anonymous_9)
FNDA:2,(anonymous_10)
DA:10,1
DA:11,1
DA:12,1
DA:24,1
DA:29,8
DA:31,8
DA:48,3
DA:50,3
DA:51,1
DA:58,2
DA:63,2
DA:68,2
DA:69,1
DA:73,1
DA:80,1
DA:81,0
DA:89,1
DA:92,1
DA:111,1
DA:113,1
DA:119,1
DA:122,0
DA:126,0
DA:140,1
DA:146,1
DA:147,0
DA:150,1
DA:151,0
DA:154,1
DA:161,0
DA:163,0
DA:169,0
DA:170,0
DA:174,0
DA:178,0
DA:184,0
DA:185,0
DA:189,0
DA:190,0
DA:193,0
DA:196,0
DA:201,0
DA:209,0
DA:234,0
DA:241,1
DA:243,1
DA:247,1
DA:257,0
DA:269,2
DA:270,2
DA:271,2
DA:272,1
DA:275,1
DA:278,1
DA:286,1
DA:287,1
DA:291,1
DA:292,1
DA:299,0
DA:301,0
DA:319,0
DA:322,0
DA:334,2
DA:335,2
DA:337,2
DA:338,1
DA:341,1
DA:343,0
DA:346,0
LF:69
LH:42
BRDA:50,0,0,1
BRDA:50,1,0,3
BRDA:50,1,1,2
BRDA:68,2,0,1
BRDA:80,3,0,0
BRDA:80,4,0,1
BRDA:80,4,1,1
BRDA:146,5,0,0
BRDA:150,6,0,0
BRDA:169,7,0,0
BRDA:169,8,0,0
BRDA:169,8,1,0
BRDA:184,9,0,0
BRDA:184,10,0,0
BRDA:184,10,1,0
BRDA:184,10,2,0
BRDA:234,11,0,0
BRDA:234,11,1,0
BRDA:271,12,0,1
BRDA:291,13,0,1
BRDA:291,14,0,1
BRDA:291,14,1,0
BRDA:295,15,0,1
BRDA:295,15,1,0
BRDA:337,16,0,1
BRDA:337,17,0,2
BRDA:337,17,1,1
BRF:27
BRH:13
end_of_record
TN:
SF:src\infrastructure\auth\SupabaseAuthService.ts
FN:38,(anonymous_0)
FN:56,(anonymous_1)
FN:122,(anonymous_2)
FN:174,(anonymous_3)
FN:206,(anonymous_4)
FN:229,(anonymous_5)
FN:274,(anonymous_6)
FN:311,(anonymous_7)
FN:330,(anonymous_8)
FN:337,(anonymous_9)
FN:365,(anonymous_10)
FN:408,(anonymous_11)
FN:427,(anonymous_12)
FN:445,(anonymous_13)
FN:454,(anonymous_14)
FNF:15
FNH:13
FNDA:39,(anonymous_0)
FNDA:2,(anonymous_1)
FNDA:4,(anonymous_2)
FNDA:4,(anonymous_3)
FNDA:3,(anonymous_4)
FNDA:4,(anonymous_5)
FNDA:3,(anonymous_6)
FNDA:2,(anonymous_7)
FNDA:0,(anonymous_8)
FNDA:4,(anonymous_9)
FNDA:4,(anonymous_10)
FNDA:3,(anonymous_11)
FNDA:3,(anonymous_12)
FNDA:0,(anonymous_13)
FNDA:3,(anonymous_14)
DA:11,1
DA:12,1
DA:35,1
DA:41,39
DA:43,39
DA:57,2
DA:58,2
DA:60,2
DA:77,2
DA:78,1
DA:79,1
DA:86,1
DA:87,0
DA:94,1
DA:96,1
DA:109,0
DA:110,0
DA:123,4
DA:124,4
DA:126,4
DA:131,4
DA:132,1
DA:133,1
DA:140,3
DA:141,1
DA:148,2
DA:150,2
DA:162,0
DA:163,0
DA:175,4
DA:176,4
DA:179,4
DA:180,3
DA:184,3
DA:185,1
DA:189,4
DA:191,4
DA:192,2
DA:193,2
DA:196,2
DA:198,2
DA:199,2
DA:207,3
DA:208,3
DA:210,3
DA:214,2
DA:215,1
DA:216,1
DA:219,1
DA:221,2
DA:222,2
DA:230,4
DA:231,4
DA:233,4
DA:239,4
DA:240,1
DA:241,1
DA:244,3
DA:245,1
DA:248,2
DA:250,2
DA:262,2
DA:263,2
DA:275,3
DA:276,3
DA:280,2
DA:281,1
DA:288,1
DA:300,1
DA:312,2
DA:314,2
DA:315,1
DA:318,1
DA:331,0
DA:338,4
DA:340,4
DA:345,3
DA:346,1
DA:350,2
DA:354,2
DA:355,1
DA:358,3
DA:366,4
DA:367,4
DA:370,4
DA:375,4
DA:376,1
DA:380,3
DA:385,3
DA:386,1
DA:389,2
DA:393,2
DA:394,1
DA:395,1
DA:398,1
DA:400,3
DA:401,3
DA:409,3
DA:410,3
DA:416,2
DA:417,1
DA:420,2
DA:428,3
DA:429,3
DA:434,2
DA:435,1
DA:438,2
DA:448,0
DA:459,3
DA:460,3
DA:462,2
DA:463,1
DA:466,1
DA:472,1
LF:114
LH:107
BRDA:73,0,0,2
BRDA:73,0,1,2
BRDA:77,1,0,1
BRDA:86,2,0,0
BRDA:86,3,0,1
BRDA:86,3,1,1
BRDA:131,4,0,1
BRDA:140,5,0,1
BRDA:140,6,0,3
BRDA:140,6,1,2
BRDA:155,7,0,2
BRDA:155,7,1,1
BRDA:179,8,0,3
BRDA:184,9,0,1
BRDA:191,10,0,2
BRDA:211,11,0,3
BRDA:211,11,1,3
BRDA:214,12,0,1
BRDA:239,13,0,1
BRDA:244,14,0,1
BRDA:244,15,0,3
BRDA:244,15,1,2
BRDA:255,16,0,2
BRDA:255,16,1,0
BRDA:280,17,0,1
BRDA:280,18,0,2
BRDA:280,18,1,1
BRDA:290,19,0,1
BRDA:290,19,1,0
BRDA:293,20,0,1
BRDA:293,20,1,0
BRDA:314,21,0,1
BRDA:314,22,0,2
BRDA:314,22,1,1
BRDA:321,23,0,1
BRDA:321,23,1,0
BRDA:345,24,0,1
BRDA:354,25,0,1
BRDA:375,26,0,1
BRDA:375,27,0,4
BRDA:375,27,1,3
BRDA:385,28,0,1
BRDA:393,29,0,1
BRDA:416,30,0,1
BRDA:434,31,0,1
BRDA:462,32,0,1
BRDA:462,33,0,2
BRDA:462,33,1,1
BRDA:469,34,0,1
BRDA:469,34,1,0
BRF:50
BRH:44
end_of_record
TN:
SF:src\infrastructure\cache\RedisCacheService.ts
FN:42,(anonymous_0)
FN:51,(anonymous_1)
FN:67,(anonymous_2)
FN:68,(anonymous_3)
FN:72,(anonymous_4)
FN:77,(anonymous_5)
FN:82,(anonymous_6)
FN:87,(anonymous_7)
FN:95,(anonymous_8)
FN:111,(anonymous_9)
FN:127,(anonymous_10)
FN:157,(anonymous_11)
FN:182,(anonymous_12)
FN:204,(anonymous_13)
FN:232,(anonymous_14)
FN:252,(anonymous_15)
FN:271,(anonymous_16)
FN:278,(anonymous_17)
FN:285,(anonymous_18)
FN:299,(anonymous_19)
FN:306,(anonymous_20)
FN:313,(anonymous_21)
FNF:22
FNH:13
FNDA:26,(anonymous_0)
FNDA:0,(anonymous_1)
FNDA:26,(anonymous_2)
FNDA:0,(anonymous_3)
FNDA:0,(anonymous_4)
FNDA:0,(anonymous_5)
FNDA:0,(anonymous_6)
FNDA:0,(anonymous_7)
FNDA:3,(anonymous_8)
FNDA:2,(anonymous_9)
FNDA:9,(anonymous_10)
FNDA:5,(anonymous_11)
FNDA:3,(anonymous_12)
FNDA:2,(anonymous_13)
FNDA:0,(anonymous_14)
FNDA:0,(anonymous_15)
FNDA:0,(anonymous_16)
FNDA:7,(anonymous_17)
FNDA:1,(anonymous_18)
FNDA:2,(anonymous_19)
FNDA:17,(anonymous_20)
FNDA:7,(anonymous_21)
DA:9,1
DA:29,1
DA:31,26
DA:33,26
DA:44,26
DA:47,26
DA:48,26
DA:52,0
DA:53,0
DA:54,0
DA:56,0
DA:61,26
DA:68,26
DA:69,0
DA:72,26
DA:73,0
DA:74,0
DA:77,26
DA:78,0
DA:79,0
DA:82,26
DA:83,0
DA:84,0
DA:87,26
DA:88,0
DA:96,3
DA:97,3
DA:98,2
DA:99,1
DA:102,1
DA:103,1
DA:104,1
DA:112,2
DA:113,2
DA:114,1
DA:115,1
DA:116,1
DA:119,0
DA:120,0
DA:128,9
DA:129,1
DA:130,1
DA:133,8
DA:134,8
DA:135,8
DA:137,7
DA:138,4
DA:139,4
DA:140,4
DA:143,3
DA:144,3
DA:145,3
DA:147,1
DA:148,1
DA:149,1
DA:150,1
DA:158,5
DA:159,1
DA:160,1
DA:163,4
DA:164,4
DA:165,4
DA:166,4
DA:168,4
DA:169,3
DA:170,3
DA:172,1
DA:173,1
DA:174,1
DA:175,1
DA:183,3
DA:184,0
DA:185,0
DA:188,3
DA:189,3
DA:190,3
DA:191,3
DA:192,3
DA:194,0
DA:195,0
DA:196,0
DA:197,0
DA:205,2
DA:206,0
DA:207,0
DA:210,2
DA:211,2
DA:212,2
DA:214,2
DA:215,1
DA:218,1
DA:219,1
DA:220,1
DA:222,0
DA:223,0
DA:224,0
DA:225,0
DA:233,0
DA:234,0
DA:237,0
DA:238,0
DA:239,0
DA:240,0
DA:242,0
DA:243,0
DA:244,0
DA:245,0
DA:253,0
DA:254,0
DA:257,0
DA:258,0
DA:259,0
DA:261,0
DA:262,0
DA:263,0
DA:264,0
DA:272,0
DA:279,7
DA:286,1
DA:300,2
DA:307,17
DA:314,7
DA:315,7
LF:123
LH:77
BRDA:45,0,0,0
BRDA:52,1,0,0
BRDA:97,2,0,2
BRDA:102,3,0,1
BRDA:102,3,1,0
BRDA:113,4,0,1
BRDA:119,5,0,0
BRDA:119,5,1,0
BRDA:128,6,0,1
BRDA:137,7,0,4
BRDA:148,8,0,1
BRDA:148,8,1,0
BRDA:158,9,0,1
BRDA:166,10,0,4
BRDA:166,10,1,3
BRDA:173,11,0,1
BRDA:173,11,1,0
BRDA:183,12,0,0
BRDA:195,13,0,0
BRDA:195,13,1,0
BRDA:205,14,0,0
BRDA:214,15,0,1
BRDA:223,16,0,0
BRDA:223,16,1,0
BRDA:233,17,0,0
BRDA:243,18,0,0
BRDA:243,18,1,0
BRDA:253,19,0,0
BRDA:262,20,0,0
BRDA:262,20,1,0
BRDA:315,21,0,7
BRDA:315,21,1,0
BRF:32
BRH:12
end_of_record
TN:
SF:src\infrastructure\mappers\UserMapper.ts
FN:52,(anonymous_0)
FN:87,(anonymous_1)
FN:110,(anonymous_2)
FN:134,(anonymous_3)
FNF:4
FNH:3
FNDA:6,(anonymous_0)
FNDA:3,(anonymous_1)
FNDA:0,(anonymous_2)
FNDA:2,(anonymous_3)
DA:11,1
DA:12,1
DA:13,1
DA:14,1
DA:15,1
DA:48,1
DA:53,6
DA:54,6
DA:56,6
DA:66,6
DA:68,6
DA:80,0
DA:88,3
DA:111,0
DA:112,0
DA:135,2
DA:137,2
DA:138,2
LF:18
LH:15
BRDA:59,0,0,6
BRDA:59,0,1,0
BRDA:73,1,0,6
BRDA:73,1,1,0
BRDA:74,2,0,6
BRDA:74,2,1,0
BRF:6
BRH:3
end_of_record
TN:
SF:src\infrastructure\monitoring\HealthChecks.ts
FN:14,(anonymous_0)
FN:55,(anonymous_1)
FN:69,(anonymous_2)
FN:136,(anonymous_3)
FN:184,(anonymous_4)
FN:222,(anonymous_5)
FN:260,(anonymous_6)
FN:298,(anonymous_7)
FN:336,(anonymous_8)
FN:345,(anonymous_9)
FN:376,(anonymous_10)
FN:384,(anonymous_11)
FN:393,(anonymous_12)
FN:394,(anonymous_13)
FN:396,(anonymous_14)
FN:400,(anonymous_15)
FN:404,(anonymous_16)
FNF:17
FNH:17
FNDA:1,(anonymous_0)
FNDA:14,(anonymous_1)
FNDA:14,(anonymous_2)
FNDA:14,(anonymous_3)
FNDA:14,(anonymous_4)
FNDA:14,(anonymous_5)
FNDA:14,(anonymous_6)
FNDA:14,(anonymous_7)
FNDA:14,(anonymous_8)
FNDA:9,(anonymous_9)
FNDA:78,(anonymous_10)
FNDA:6,(anonymous_11)
FNDA:13,(anonymous_12)
FNDA:78,(anonymous_13)
FNDA:54,(anonymous_14)
FNDA:34,(anonymous_15)
FNDA:14,(anonymous_16)
DA:10,1
DA:11,1
DA:12,1
DA:14,1
DA:15,1
DA:16,1
DA:17,1
DA:18,1
DA:51,1
DA:58,14
DA:60,14
DA:63,14
DA:72,14
DA:80,14
DA:89,13
DA:98,13
DA:100,13
DA:111,1
DA:113,1
DA:137,14
DA:139,14
DA:141,14
DA:146,14
DA:147,1
DA:150,13
DA:153,13
DA:154,13
DA:155,3
DA:157,13
DA:158,1
DA:161,13
DA:172,1
DA:185,14
DA:187,14
DA:189,14
DA:194,14
DA:195,2
DA:198,12
DA:200,12
DA:210,2
DA:223,14
DA:225,14
DA:227,14
DA:232,14
DA:233,1
DA:236,13
DA:238,13
DA:248,1
DA:261,14
DA:263,14
DA:265,14
DA:270,14
DA:271,1
DA:274,13
DA:276,13
DA:286,1
DA:299,14
DA:301,14
DA:303,14
DA:308,14
DA:309,1
DA:312,13
DA:314,13
DA:324,1
DA:337,14
DA:339,14
DA:340,14
DA:341,13
DA:344,13
DA:345,9
DA:348,13
DA:349,13
DA:350,2
DA:353,13
DA:364,1
DA:377,78
DA:378,78
DA:380,0
DA:385,6
DA:394,78
DA:396,54
DA:397,5
DA:400,34
DA:401,4
DA:404,14
DA:405,4
DA:408,0
LF:87
LH:85
BRDA:14,0,0,1
BRDA:14,0,1,1
BRDA:106,1,0,13
BRDA:106,1,1,0
BRDA:126,2,0,1
BRDA:126,2,1,0
BRDA:146,3,0,1
BRDA:154,4,0,3
BRDA:157,5,0,1
BRDA:194,6,0,2
BRDA:201,7,0,10
BRDA:201,7,1,2
BRDA:232,8,0,1
BRDA:239,9,0,11
BRDA:239,9,1,2
BRDA:270,10,0,1
BRDA:277,11,0,11
BRDA:277,11,1,2
BRDA:308,12,0,1
BRDA:315,13,0,11
BRDA:315,13,1,2
BRDA:349,14,0,2
BRDA:377,15,0,78
BRDA:377,15,1,0
BRDA:389,16,0,6
BRDA:389,16,1,0
BRDA:396,17,0,5
BRDA:400,18,0,4
BRDA:404,19,0,4
BRF:29
BRH:25
end_of_record
TN:
SF:src\infrastructure\repositories\SupabaseUserRepository.ts
FN:87,(anonymous_0)
FN:117,(anonymous_1)
FN:131,(anonymous_2)
FN:153,(anonymous_3)
FN:164,(anonymous_4)
FN:178,(anonymous_5)
FN:201,(anonymous_6)
FN:211,(anonymous_7)
FN:213,(anonymous_8)
FN:253,(anonymous_9)
FN:255,(anonymous_10)
FN:292,(anonymous_11)
FN:308,(anonymous_12)
FN:323,(anonymous_13)
FN:341,(anonymous_14)
FN:343,(anonymous_15)
FN:379,(anonymous_16)
FN:381,(anonymous_17)
FN:399,(anonymous_18)
FN:409,(anonymous_19)
FN:411,(anonymous_20)
FN:440,(anonymous_21)
FN:447,(anonymous_22)
FN:460,(anonymous_23)
FN:485,(anonymous_24)
FN:495,(anonymous_25)
FN:524,(anonymous_26)
FN:532,(anonymous_27)
FN:550,(anonymous_28)
FN:592,(anonymous_29)
FN:635,(anonymous_30)
FN:673,(anonymous_31)
FN:692,(anonymous_32)
FN:722,(anonymous_33)
FN:751,(anonymous_34)
FN:767,(anonymous_35)
FN:783,(anonymous_36)
FN:790,(anonymous_37)
FN:798,(anonymous_38)
FN:803,(anonymous_39)
FN:818,(anonymous_40)
FN:830,(anonymous_41)
FN:836,(anonymous_42)
FN:853,(anonymous_43)
FN:863,(anonymous_44)
FN:882,(anonymous_45)
FN:888,(anonymous_46)
FN:894,(anonymous_47)
FNF:48
FNH:35
FNDA:49,(anonymous_0)
FNDA:4,(anonymous_1)
FNDA:3,(anonymous_2)
FNDA:1,(anonymous_3)
FNDA:4,(anonymous_4)
FNDA:2,(anonymous_5)
FNDA:0,(anonymous_6)
FNDA:2,(anonymous_7)
FNDA:2,(anonymous_8)
FNDA:2,(anonymous_9)
FNDA:2,(anonymous_10)
FNDA:1,(anonymous_11)
FNDA:2,(anonymous_12)
FNDA:3,(anonymous_13)
FNDA:2,(anonymous_14)
FNDA:2,(anonymous_15)
FNDA:3,(anonymous_16)
FNDA:3,(anonymous_17)
FNDA:1,(anonymous_18)
FNDA:2,(anonymous_19)
FNDA:2,(anonymous_20)
FNDA:0,(anonymous_21)
FNDA:4,(anonymous_22)
FNDA:3,(anonymous_23)
FNDA:1,(anonymous_24)
FNDA:0,(anonymous_25)
FNDA:6,(anonymous_26)
FNDA:1,(anonymous_27)
FNDA:0,(anonymous_28)
FNDA:4,(anonymous_29)
FNDA:3,(anonymous_30)
FNDA:0,(anonymous_31)
FNDA:2,(anonymous_32)
FNDA:3,(anonymous_33)
FNDA:0,(anonymous_34)
FNDA:0,(anonymous_35)
FNDA:0,(anonymous_36)
FNDA:2,(anonymous_37)
FNDA:0,(anonymous_38)
FNDA:0,(anonymous_39)
FNDA:0,(anonymous_40)
FNDA:0,(anonymous_41)
FNDA:0,(anonymous_42)
FNDA:4,(anonymous_43)
FNDA:2,(anonymous_44)
FNDA:2,(anonymous_45)
FNDA:4,(anonymous_46)
FNDA:1,(anonymous_47)
DA:11,1
DA:12,1
DA:14,1
DA:15,1
DA:22,1
DA:74,1
DA:76,49
DA:80,49
DA:90,49
DA:95,49
DA:110,49
DA:118,4
DA:121,4
DA:122,4
DA:123,4
DA:124,4
DA:125,1
DA:126,1
DA:130,3
DA:132,3
DA:138,3
DA:139,2
DA:140,1
DA:142,1
DA:146,1
DA:147,1
DA:151,1
DA:154,1
DA:155,1
DA:165,4
DA:168,4
DA:169,4
DA:170,4
DA:171,4
DA:172,2
DA:173,2
DA:177,2
DA:179,2
DA:185,2
DA:186,1
DA:187,1
DA:189,0
DA:193,1
DA:194,1
DA:195,1
DA:199,1
DA:202,0
DA:203,0
DA:212,2
DA:214,2
DA:228,2
DA:234,2
DA:235,1
DA:239,1
DA:244,1
DA:254,2
DA:256,2
DA:259,2
DA:262,2
DA:263,26
DA:264,6
DA:268,2
DA:275,2
DA:276,1
DA:280,1
DA:285,1
DA:293,1
DA:295,1
DA:298,1
DA:299,0
DA:302,1
DA:309,2
DA:310,2
DA:314,2
DA:315,1
DA:317,1
DA:324,3
DA:325,3
DA:331,3
DA:332,1
DA:334,2
DA:342,2
DA:344,2
DA:356,2
DA:362,2
DA:363,1
DA:367,1
DA:380,3
DA:382,3
DA:390,3
DA:391,2
DA:392,1
DA:394,1
DA:397,1
DA:400,1
DA:401,1
DA:410,2
DA:412,2
DA:420,2
DA:421,1
DA:425,1
DA:426,1
DA:430,1
DA:441,0
DA:448,4
DA:450,4
DA:451,4
DA:452,4
DA:453,4
DA:454,1
DA:455,1
DA:459,3
DA:461,3
DA:467,3
DA:469,2
DA:470,1
DA:471,1
DA:473,1
DA:476,1
DA:479,1
DA:480,1
DA:483,1
DA:486,1
DA:487,1
DA:496,0
DA:497,0
DA:508,0
DA:512,0
DA:525,6
DA:533,1
DA:551,0
DA:552,0
DA:554,0
DA:564,0
DA:565,0
DA:569,0
DA:577,0
DA:578,0
DA:581,0
DA:583,0
DA:584,0
DA:593,4
DA:594,4
DA:595,4
DA:598,4
DA:606,4
DA:607,1
DA:608,1
DA:611,3
DA:614,3
DA:615,2
DA:616,2
DA:619,2
DA:620,1
DA:621,1
DA:625,2
DA:627,0
DA:628,0
DA:642,3
DA:643,3
DA:644,3
DA:653,3
DA:657,3
DA:658,1
DA:662,3
DA:663,1
DA:666,0
DA:674,0
DA:675,0
DA:681,0
DA:682,0
DA:685,0
DA:693,2
DA:694,2
DA:696,2
DA:702,2
DA:703,1
DA:707,1
DA:712,1
DA:714,1
DA:715,1
DA:723,3
DA:724,1
DA:727,2
DA:729,2
DA:732,2
DA:733,1
DA:737,2
DA:740,2
DA:742,2
DA:744,0
DA:752,0
DA:753,0
DA:756,0
DA:757,0
DA:758,0
DA:760,0
DA:768,0
DA:769,0
DA:772,0
DA:773,0
DA:774,0
DA:776,0
DA:784,0
DA:791,2
DA:792,2
DA:799,0
DA:802,0
DA:803,0
DA:804,0
DA:805,0
DA:806,0
DA:807,0
DA:808,0
DA:809,0
DA:812,0
DA:819,0
DA:826,0
DA:827,0
DA:830,0
DA:837,0
DA:843,0
DA:844,0
DA:847,0
DA:858,4
DA:862,4
DA:863,1
DA:864,2
DA:868,4
DA:869,1
DA:872,4
DA:873,1
DA:876,4
DA:878,4
DA:879,1
DA:882,3
DA:889,4
DA:893,4
DA:894,1
DA:895,1
DA:899,4
DA:901,4
DA:902,1
DA:905,3
LF:244
LH:184
BRDA:121,0,0,4
BRDA:124,1,0,1
BRDA:138,2,0,2
BRDA:139,3,0,1
BRDA:146,4,0,1
BRDA:146,5,0,1
BRDA:146,5,1,1
BRDA:168,6,0,4
BRDA:171,7,0,2
BRDA:185,8,0,1
BRDA:186,9,0,1
BRDA:193,10,0,1
BRDA:193,11,0,1
BRDA:193,11,1,1
BRDA:234,12,0,1
BRDA:263,13,0,6
BRDA:275,14,0,1
BRDA:298,15,0,0
BRDA:314,16,0,1
BRDA:331,17,0,1
BRDA:331,18,0,3
BRDA:331,18,1,2
BRDA:362,19,0,1
BRDA:390,20,0,2
BRDA:391,21,0,1
BRDA:420,22,0,1
BRDA:425,23,0,1
BRDA:450,24,0,4
BRDA:453,25,0,1
BRDA:467,26,0,2
BRDA:469,27,0,1
BRDA:479,28,0,1
BRDA:564,29,0,0
BRDA:577,30,0,0
BRDA:606,31,0,1
BRDA:611,32,0,3
BRDA:611,32,1,1
BRDA:614,33,0,2
BRDA:619,34,0,1
BRDA:657,35,0,1
BRDA:662,36,0,1
BRDA:681,37,0,0
BRDA:702,38,0,1
BRDA:723,39,0,1
BRDA:732,40,0,1
BRDA:752,41,0,0
BRDA:768,42,0,0
BRDA:784,43,0,0
BRDA:784,43,1,0
BRDA:804,44,0,0
BRDA:804,44,1,0
BRDA:806,45,0,0
BRDA:806,45,1,0
BRDA:808,46,0,0
BRDA:826,47,0,0
BRDA:843,48,0,0
BRDA:862,49,0,1
BRDA:868,50,0,1
BRDA:872,51,0,1
BRDA:873,52,0,1
BRDA:873,52,1,0
BRDA:878,53,0,1
BRDA:893,54,0,1
BRDA:901,55,0,1
BRDA:905,56,0,3
BRDA:905,56,1,1
BRF:66
BRH:50
end_of_record
TN:
SF:src\infrastructure\resilience\CircuitBreaker.ts
FN:13,(anonymous_0)
FN:47,(anonymous_1)
FN:62,(anonymous_2)
FN:105,(anonymous_3)
FN:119,(anonymous_4)
FN:133,(anonymous_5)
FN:143,(anonymous_6)
FN:160,(anonymous_7)
FN:167,(anonymous_8)
FN:180,(anonymous_9)
FN:196,(anonymous_10)
FN:215,(anonymous_11)
FN:219,(anonymous_12)
FNF:13
FNH:8
FNDA:0,(anonymous_0)
FNDA:13,(anonymous_1)
FNDA:182,(anonymous_2)
FNDA:169,(anonymous_3)
FNDA:12,(anonymous_4)
FNDA:1,(anonymous_5)
FNDA:69,(anonymous_6)
FNDA:0,(anonymous_7)
FNDA:0,(anonymous_8)
FNDA:68,(anonymous_9)
FNDA:250,(anonymous_10)
FNDA:0,(anonymous_11)
FNDA:0,(anonymous_12)
DA:10,13
DA:13,13
DA:40,13
DA:41,13
DA:42,13
DA:44,13
DA:48,13
DA:49,13
DA:51,13
DA:66,182
DA:69,182
DA:70,1
DA:71,0
DA:73,1
DA:74,1
DA:76,0
DA:81,181
DA:82,0
DA:83,0
DA:85,0
DA:88,181
DA:89,181
DA:90,169
DA:91,169
DA:93,12
DA:95,12
DA:96,8
DA:98,4
DA:106,169
DA:107,169
DA:108,169
DA:110,169
DA:111,0
DA:112,0
DA:120,12
DA:121,12
DA:122,12
DA:123,12
DA:125,12
DA:126,1
DA:134,1
DA:136,1
DA:137,1
DA:144,69
DA:145,69
DA:147,69
DA:154,69
DA:161,0
DA:168,0
DA:181,68
DA:182,68
DA:183,68
DA:184,68
DA:186,68
DA:193,13
DA:194,13
DA:200,250
DA:201,13
DA:208,13
DA:209,13
DA:212,250
DA:216,0
DA:220,0
DA:222,0
DA:223,0
DA:226,0
LF:66
LH:52
BRDA:69,0,0,1
BRDA:70,1,0,0
BRDA:70,1,1,1
BRDA:73,2,0,1
BRDA:81,3,0,0
BRDA:82,4,0,0
BRDA:95,5,0,8
BRDA:110,6,0,0
BRDA:125,7,0,1
BRDA:134,8,0,0
BRDA:200,9,0,13
BRF:11
BRH:6
end_of_record
TN:
SF:src\infrastructure\resilience\GracefulDegradation.ts
FN:39,(anonymous_0)
FN:53,(anonymous_1)
FN:54,(anonymous_2)
FN:88,(anonymous_3)
FN:94,(anonymous_4)
FN:95,(anonymous_5)
FN:117,(anonymous_6)
FN:137,(anonymous_7)
FN:167,(anonymous_8)
FN:201,(anonymous_9)
FN:268,(anonymous_10)
FN:276,(anonymous_11)
FN:285,(anonymous_12)
FN:302,(anonymous_13)
FN:317,(anonymous_14)
FN:332,(anonymous_15)
FN:336,(anonymous_16)
FN:344,(anonymous_17)
FN:354,(anonymous_18)
FN:366,(anonymous_19)
FNF:20
FNH:14
FNDA:16,(anonymous_0)
FNDA:16,(anonymous_1)
FNDA:18,(anonymous_2)
FNDA:2,(anonymous_3)
FNDA:0,(anonymous_4)
FNDA:0,(anonymous_5)
FNDA:0,(anonymous_6)
FNDA:0,(anonymous_7)
FNDA:0,(anonymous_8)
FNDA:1,(anonymous_9)
FNDA:7,(anonymous_10)
FNDA:2,(anonymous_11)
FNDA:10,(anonymous_12)
FNDA:0,(anonymous_13)
FNDA:2,(anonymous_14)
FNDA:4,(anonymous_15)
FNDA:2,(anonymous_16)
FNDA:1,(anonymous_17)
FNDA:1,(anonymous_18)
FNDA:1,(anonymous_19)
DA:10,1
DA:11,1
DA:12,1
DA:14,1
DA:31,1
DA:32,16
DA:34,16
DA:36,16
DA:37,16
DA:40,16
DA:42,16
DA:44,16
DA:47,16
DA:54,16
DA:55,18
DA:56,18
DA:58,18
DA:60,17
DA:61,0
DA:62,0
DA:67,18
DA:68,0
DA:69,0
DA:70,0
DA:71,0
DA:72,0
DA:76,18
DA:77,0
DA:89,2
DA:91,2
DA:93,2
DA:94,0
DA:95,0
DA:98,2
DA:105,2
DA:106,1
DA:109,1
DA:118,0
DA:124,0
DA:127,0
DA:128,0
DA:131,0
DA:138,0
DA:140,0
DA:141,0
DA:142,0
DA:143,0
DA:148,0
DA:156,0
DA:157,0
DA:160,0
DA:168,0
DA:175,0
DA:176,0
DA:177,0
DA:183,0
DA:202,1
DA:209,1
DA:211,1
DA:213,0
DA:219,0
DA:223,1
DA:224,1
DA:226,1
DA:227,0
DA:233,0
DA:237,1
DA:238,0
DA:242,0
DA:246,1
DA:254,1
DA:269,7
DA:270,5
DA:276,5
DA:277,2
DA:286,10
DA:287,10
DA:290,5
DA:291,5
DA:292,0
DA:293,0
DA:296,5
DA:303,0
DA:304,0
DA:305,0
DA:307,0
DA:318,2
DA:319,2
DA:321,2
DA:322,1
DA:323,1
DA:325,1
DA:333,4
DA:337,2
DA:346,1
DA:347,1
DA:348,1
DA:355,1
DA:367,1
DA:368,1
DA:369,1
LF:101
LH:60
BRDA:60,0,0,0
BRDA:60,1,0,17
BRDA:60,1,1,0
BRDA:67,2,0,0
BRDA:76,3,0,0
BRDA:105,4,0,1
BRDA:127,5,0,0
BRDA:140,6,0,0
BRDA:142,7,0,0
BRDA:156,8,0,0
BRDA:176,9,0,0
BRDA:211,10,0,0
BRDA:223,11,0,1
BRDA:223,11,1,0
BRDA:226,12,0,0
BRDA:237,13,0,0
BRDA:269,14,0,5
BRDA:269,15,0,7
BRDA:269,15,1,6
BRDA:287,16,0,5
BRDA:291,17,0,0
BRDA:303,18,0,0
BRDA:318,19,0,2
BRDA:318,20,0,2
BRDA:318,20,1,2
BRDA:321,21,0,1
BRDA:348,22,0,1
BRDA:348,22,1,0
BRDA:348,22,2,0
BRF:29
BRH:12
end_of_record
TN:
SF:src\infrastructure\services\PermissionService.ts
FN:32,(anonymous_0)
FN:41,(anonymous_1)
FN:50,(anonymous_2)
FN:73,(anonymous_3)
FN:89,(anonymous_4)
FN:105,(anonymous_5)
FN:138,(anonymous_6)
FN:168,(anonymous_7)
FN:186,(anonymous_8)
FN:207,(anonymous_9)
FN:230,(anonymous_10)
FNF:11
FNH:11
FNDA:31,(anonymous_0)
FNDA:26,(anonymous_1)
FNDA:25,(anonymous_2)
FNDA:2,(anonymous_3)
FNDA:2,(anonymous_4)
FNDA:35,(anonymous_5)
FNDA:3,(anonymous_6)
FNDA:2,(anonymous_7)
FNDA:3,(anonymous_8)
FNDA:4,(anonymous_9)
FNDA:1,(anonymous_10)
DA:10,1
DA:20,1
DA:22,1
DA:28,1
DA:29,31
DA:30,31
DA:33,31
DA:34,31
DA:35,31
DA:46,26
DA:47,26
DA:50,26
DA:51,25
DA:55,26
DA:56,4
DA:59,22
DA:61,0
DA:66,0
DA:78,2
DA:79,4
DA:80,1
DA:83,1
DA:94,2
DA:95,4
DA:96,1
DA:99,1
DA:106,35
DA:108,35
DA:109,35
DA:110,34
DA:111,32
DA:112,2
DA:117,31
DA:118,31
DA:121,31
DA:122,30
DA:125,31
DA:127,2
DA:131,2
DA:143,3
DA:144,3
DA:147,3
DA:148,2
DA:149,1
DA:150,1
DA:151,0
DA:153,1
DA:157,3
DA:174,2
DA:175,2
DA:180,2
DA:187,3
DA:188,3
DA:189,2
DA:190,2
DA:191,1
DA:194,1
DA:213,4
DA:215,3
DA:216,1
DA:220,2
DA:223,2
DA:224,1
DA:229,1
DA:230,1
DA:236,1
LF:66
LH:63
BRDA:55,0,0,4
BRDA:55,1,0,26
BRDA:55,1,1,17
BRDA:79,2,0,1
BRDA:95,3,0,1
BRDA:109,4,0,34
BRDA:111,5,0,2
BRDA:121,6,0,30
BRDA:147,7,0,2
BRDA:148,8,0,1
BRDA:148,8,1,1
BRDA:150,9,0,0
BRDA:150,9,1,1
BRDA:150,10,0,1
BRDA:150,10,1,0
BRDA:188,11,0,2
BRDA:213,12,0,3
BRDA:215,13,0,1
BRDA:223,14,0,1
BRF:19
BRH:17
end_of_record
TN:
SF:src\infrastructure\services\SupabaseMFAService.ts
FN:20,(anonymous_0)
FN:28,(anonymous_1)
FN:74,(anonymous_2)
FN:94,(anonymous_3)
FN:113,(anonymous_4)
FN:134,(anonymous_5)
FN:158,(anonymous_6)
FN:180,(anonymous_7)
FN:212,(anonymous_8)
FN:243,(anonymous_9)
FN:269,(anonymous_10)
FN:294,(anonymous_11)
FN:311,(anonymous_12)
FN:323,(anonymous_13)
FN:339,(anonymous_14)
FN:352,(anonymous_15)
FN:376,(anonymous_16)
FN:399,(anonymous_17)
FNF:18
FNH:0
FNDA:0,(anonymous_0)
FNDA:0,(anonymous_1)
FNDA:0,(anonymous_2)
FNDA:0,(anonymous_3)
FNDA:0,(anonymous_4)
FNDA:0,(anonymous_5)
FNDA:0,(anonymous_6)
FNDA:0,(anonymous_7)
FNDA:0,(anonymous_8)
FNDA:0,(anonymous_9)
FNDA:0,(anonymous_10)
FNDA:0,(anonymous_11)
FNDA:0,(anonymous_12)
FNDA:0,(anonymous_13)
FNDA:0,(anonymous_14)
FNDA:0,(anonymous_15)
FNDA:0,(anonymous_16)
FNDA:0,(anonymous_17)
DA:12,0
DA:13,0
DA:19,0
DA:21,0
DA:22,0
DA:34,0
DA:36,0
DA:39,0
DA:42,0
DA:45,0
DA:59,0
DA:60,0
DA:61,0
DA:64,0
DA:66,0
DA:67,0
DA:75,0
DA:76,0
DA:81,0
DA:82,0
DA:83,0
DA:86,0
DA:87,0
DA:95,0
DA:97,0
DA:98,0
DA:99,0
DA:103,0
DA:105,0
DA:106,0
DA:114,0
DA:116,0
DA:119,0
DA:120,0
DA:121,0
DA:124,0
DA:126,0
DA:127,0
DA:135,0
DA:137,0
DA:143,0
DA:144,0
DA:145,0
DA:148,0
DA:150,0
DA:151,0
DA:159,0
DA:160,0
DA:166,0
DA:167,0
DA:170,0
DA:172,0
DA:173,0
DA:181,0
DA:182,0
DA:188,0
DA:189,0
DA:192,0
DA:204,0
DA:205,0
DA:213,0
DA:214,0
DA:218,0
DA:219,0
DA:220,0
DA:221,0
DA:222,0
DA:223,0
DA:225,0
DA:230,0
DA:231,0
DA:232,0
DA:235,0
DA:236,0
DA:244,0
DA:245,0
DA:253,0
DA:254,0
DA:255,0
DA:259,0
DA:261,0
DA:262,0
DA:275,0
DA:276,0
DA:287,0
DA:295,0
DA:296,0
DA:302,0
DA:312,0
DA:313,0
DA:314,0
DA:315,0
DA:317,0
DA:324,0
DA:325,0
DA:333,0
DA:340,0
DA:341,0
DA:342,0
DA:343,0
DA:345,0
DA:353,0
DA:354,0
DA:355,0
DA:356,0
DA:358,0
DA:359,0
DA:360,0
DA:361,0
DA:362,0
DA:366,0
DA:368,0
DA:369,0
DA:377,0
DA:378,0
DA:379,0
DA:381,0
DA:382,0
DA:383,0
DA:385,0
DA:387,0
DA:392,0
DA:393,0
DA:400,0
DA:401,0
DA:402,0
DA:404,0
DA:405,0
DA:406,0
DA:407,0
DA:410,0
DA:411,0
DA:412,0
DA:415,0
LF:134
LH:0
BRDA:50,0,0,0
BRDA:50,0,1,0
BRDA:59,1,0,0
BRDA:81,2,0,0
BRDA:98,3,0,0
BRDA:98,4,0,0
BRDA:98,4,1,0
BRDA:119,5,0,0
BRDA:124,6,0,0
BRDA:124,6,1,0
BRDA:143,7,0,0
BRDA:148,8,0,0
BRDA:148,8,1,0
BRDA:166,9,0,0
BRDA:170,10,0,0
BRDA:170,10,1,0
BRDA:188,11,0,0
BRDA:188,12,0,0
BRDA:188,12,1,0
BRDA:218,13,0,0
BRDA:219,14,0,0
BRDA:220,15,0,0
BRDA:221,16,0,0
BRDA:222,17,0,0
BRDA:223,18,0,0
BRDA:230,19,0,0
BRDA:253,20,0,0
BRDA:259,21,0,0
BRDA:259,21,1,0
BRDA:323,22,0,0
BRDA:361,23,0,0
BRDA:406,24,0,0
BRF:32
BRH:0
end_of_record
TN:
SF:src\presentation\middleware\AuthenticationMiddleware.ts
FN:31,(anonymous_0)
FN:40,(anonymous_1)
FN:41,(anonymous_2)
FN:110,(anonymous_3)
FN:111,(anonymous_4)
FN:150,(anonymous_5)
FN:151,(anonymous_6)
FN:161,(anonymous_7)
FN:186,(anonymous_8)
FN:193,(anonymous_9)
FN:200,(anonymous_10)
FNF:11
FNH:11
FNDA:19,(anonymous_0)
FNDA:7,(anonymous_1)
FNDA:7,(anonymous_2)
FNDA:4,(anonymous_3)
FNDA:4,(anonymous_4)
FNDA:8,(anonymous_5)
FNDA:8,(anonymous_6)
FNDA:7,(anonymous_7)
FNDA:2,(anonymous_8)
FNDA:1,(anonymous_9)
FNDA:1,(anonymous_10)
DA:13,1
DA:30,1
DA:32,19
DA:33,19
DA:34,19
DA:41,7
DA:42,7
DA:44,7
DA:45,7
DA:46,2
DA:51,2
DA:54,5
DA:57,5
DA:58,4
DA:59,1
DA:64,1
DA:68,3
DA:71,2
DA:74,2
DA:82,2
DA:89,2
DA:92,2
DA:98,2
DA:111,4
DA:112,4
DA:113,4
DA:114,4
DA:116,1
DA:119,3
DA:120,3
DA:122,2
DA:123,1
DA:124,1
DA:126,1
DA:134,2
DA:138,1
DA:142,1
DA:151,8
DA:152,8
DA:153,1
DA:158,1
DA:161,7
DA:162,7
DA:163,2
DA:170,2
DA:176,2
DA:179,5
DA:187,2
DA:194,1
DA:201,1
LF:50
LH:50
BRDA:45,0,0,2
BRDA:45,1,0,7
BRDA:45,1,1,6
BRDA:58,2,0,1
BRDA:71,3,0,2
BRDA:71,3,1,1
BRDA:114,4,0,1
BRDA:114,5,0,4
BRDA:114,5,1,3
BRDA:122,6,0,1
BRDA:124,7,0,1
BRDA:124,7,1,0
BRDA:152,8,0,1
BRDA:162,9,0,2
BRF:14
BRH:13
end_of_record
TN:
SF:src\presentation\middleware\PermissionMiddleware.ts
FN:72,(anonymous_0)
FN:80,(anonymous_1)
FN:81,(anonymous_2)
FN:198,(anonymous_3)
FN:205,(anonymous_4)
FN:215,(anonymous_5)
FN:222,(anonymous_6)
FN:232,(anonymous_7)
FN:245,getUserIdFromParams
FN:252,getPatientIdFromParams
FN:259,getOwnerIdFromBody
FNF:11
FNH:11
FNDA:26,(anonymous_0)
FNDA:21,(anonymous_1)
FNDA:21,(anonymous_2)
FNDA:2,(anonymous_3)
FNDA:2,(anonymous_4)
FNDA:1,(anonymous_5)
FNDA:2,(anonymous_6)
FNDA:2,(anonymous_7)
FNDA:2,getUserIdFromParams
FNDA:1,getPatientIdFromParams
FNDA:2,getOwnerIdFromBody
DA:11,1
DA:18,1
DA:71,1
DA:73,26
DA:74,26
DA:81,21
DA:82,21
DA:84,21
DA:85,1
DA:90,1
DA:93,20
DA:96,20
DA:98,20
DA:99,17
DA:100,3
DA:101,2
DA:103,1
DA:104,1
DA:109,1
DA:114,19
DA:115,3
DA:120,16
DA:126,18
DA:127,5
DA:135,5
DA:141,5
DA:145,13
DA:146,6
DA:148,6
DA:150,3
DA:159,3
DA:160,1
DA:166,1
DA:171,1
DA:177,12
DA:180,1
DA:186,1
DA:199,2
DA:206,2
DA:216,1
DA:223,2
DA:233,2
DA:245,1
DA:246,2
DA:252,1
DA:253,1
DA:259,1
DA:260,2
LF:48
LH:48
BRDA:84,0,0,1
BRDA:84,1,0,21
BRDA:84,1,1,20
BRDA:98,2,0,17
BRDA:98,2,1,3
BRDA:100,3,0,2
BRDA:100,3,1,1
BRDA:100,4,0,3
BRDA:100,4,1,2
BRDA:114,5,0,3
BRDA:114,5,1,16
BRDA:126,6,0,5
BRDA:138,7,0,5
BRDA:138,7,1,3
BRDA:145,8,0,6
BRDA:145,9,0,13
BRDA:145,9,1,6
BRDA:148,10,0,3
BRDA:148,11,0,6
BRDA:148,11,1,5
BRDA:159,12,0,1
BRDA:246,13,0,2
BRDA:246,13,1,1
BRDA:260,14,0,2
BRDA:260,14,1,1
BRF:25
BRH:25
end_of_record
TN:
SF:src\utils\error-helper.ts
FN:9,getErrorMessage
FNF:1
FNH:1
FNDA:139,getErrorMessage
DA:9,21
DA:10,139
DA:11,42
LF:3
LH:3
BRDA:10,0,0,97
BRF:1
BRH:1
end_of_record
