TN:
SF:src\application\services\IAuthenticationService.ts
FN:204,(anonymous_0)
FNF:1
FNH:0
FNDA:0,(anonymous_0)
DA:204,0
DA:205,0
DA:206,0
DA:207,0
LF:4
LH:0
BRDA:204,0,0,0
BRDA:204,0,1,0
BRF:2
BRH:0
end_of_record
TN:
SF:src\application\services\ICircuitBreaker.ts
FN:41,(anonymous_0)
FNF:1
FNH:1
FNDA:11,(anonymous_0)
DA:41,11
DA:42,11
DA:43,11
DA:44,11
LF:4
LH:4
BRDA:41,0,0,11
BRDA:41,0,1,11
BRF:2
BRH:2
end_of_record
TN:
SF:src\application\services\IDegradationService.ts
FN:11,(anonymous_0)
FNF:1
FNH:1
FNDA:9,(anonymous_0)
DA:11,9
DA:12,9
DA:13,9
DA:14,9
DA:15,9
LF:5
LH:5
BRDA:11,0,0,9
BRDA:11,0,1,9
BRF:2
BRH:2
end_of_record
TN:
SF:src\application\services\IPermissionService.ts
FN:30,(anonymous_0)
FN:43,(anonymous_1)
FN:137,buildPermission
FN:144,parsePermission
FN:159,matchesPermission
FNF:5
FNH:0
FNDA:0,(anonymous_0)
FNDA:0,(anonymous_1)
FNDA:0,buildPermission
FNDA:0,parsePermission
FNDA:0,matchesPermission
DA:30,0
DA:31,0
DA:32,0
DA:33,0
DA:34,0
DA:35,0
DA:36,0
DA:37,0
DA:43,0
DA:44,0
DA:45,0
DA:46,0
DA:47,0
DA:48,0
DA:49,0
DA:50,0
DA:137,0
DA:138,0
DA:144,0
DA:145,0
DA:146,0
DA:147,0
DA:149,0
DA:159,0
DA:161,0
DA:162,0
DA:166,0
DA:167,0
DA:170,0
DA:171,0
DA:173,0
DA:174,0
DA:177,0
DA:178,0
DA:181,0
DA:182,0
DA:186,0
DA:187,0
DA:191,0
DA:192,0
DA:196,0
DA:197,0
DA:200,0
LF:43
LH:0
BRDA:30,0,0,0
BRDA:30,0,1,0
BRDA:43,1,0,0
BRDA:43,1,1,0
BRDA:146,2,0,0
BRDA:161,3,0,0
BRDA:166,4,0,0
BRDA:173,5,0,0
BRDA:173,6,0,0
BRDA:173,6,1,0
BRDA:181,7,0,0
BRDA:181,8,0,0
BRDA:181,8,1,0
BRDA:186,9,0,0
BRDA:186,10,0,0
BRDA:186,10,1,0
BRDA:191,11,0,0
BRDA:191,12,0,0
BRDA:191,12,1,0
BRDA:191,12,2,0
BRDA:196,13,0,0
BRDA:196,14,0,0
BRDA:196,14,1,0
BRF:23
BRH:0
end_of_record
TN:
SF:src\application\use-cases\AcceptStaffInvitationUseCase.ts
FN:42,(anonymous_0)
FN:48,(anonymous_1)
FN:165,(anonymous_2)
FNF:3
FNH:1
FNDA:9,(anonymous_0)
FNDA:0,(anonymous_1)
FNDA:0,(anonymous_2)
DA:19,9
DA:21,9
DA:41,9
DA:43,9
DA:44,9
DA:45,9
DA:49,0
DA:50,0
DA:55,0
DA:56,0
DA:57,0
DA:65,0
DA:67,0
DA:68,0
DA:71,0
DA:79,0
DA:80,0
DA:81,0
DA:82,0
DA:85,0
DA:93,0
DA:107,0
DA:114,0
DA:115,0
DA:117,0
DA:125,0
DA:126,0
DA:127,0
DA:128,0
DA:129,0
DA:131,0
DA:136,0
DA:144,0
DA:153,0
DA:157,0
DA:166,0
DA:167,0
DA:170,0
DA:171,0
DA:174,0
DA:175,0
DA:178,0
DA:179,0
DA:182,0
DA:183,0
DA:186,0
LF:46
LH:6
BRDA:56,0,0,0
BRDA:67,1,0,0
BRDA:67,2,0,0
BRDA:67,2,1,0
BRDA:67,2,2,0
BRDA:81,3,0,0
BRDA:125,4,0,0
BRDA:166,5,0,0
BRDA:166,6,0,0
BRDA:166,6,1,0
BRDA:170,7,0,0
BRDA:170,8,0,0
BRDA:170,8,1,0
BRDA:174,9,0,0
BRDA:178,10,0,0
BRDA:178,11,0,0
BRDA:178,11,1,0
BRDA:182,12,0,0
BRDA:182,13,0,0
BRDA:182,13,1,0
BRF:20
BRH:0
end_of_record
TN:
SF:src\application\use-cases\AssignRoleUseCase.ts
FN:43,(anonymous_0)
FN:50,(anonymous_1)
FN:52,(anonymous_2)
FN:53,(anonymous_3)
FN:64,(anonymous_4)
FN:120,(anonymous_5)
FN:168,(anonymous_6)
FNF:7
FNH:6
FNDA:9,(anonymous_0)
FNDA:2,(anonymous_1)
FNDA:2,(anonymous_2)
FNDA:0,(anonymous_3)
FNDA:2,(anonymous_4)
FNDA:5,(anonymous_5)
FNDA:2,(anonymous_6)
DA:14,9
DA:37,9
DA:41,9
DA:44,9
DA:45,9
DA:46,9
DA:47,9
DA:51,2
DA:52,2
DA:54,0
DA:55,0
DA:65,2
DA:66,2
DA:74,2
DA:75,2
DA:76,1
DA:84,1
DA:87,1
DA:88,1
DA:89,0
DA:97,1
DA:98,1
DA:101,1
DA:102,0
DA:110,1
DA:111,0
DA:119,1
DA:120,5
DA:121,1
DA:122,0
DA:131,1
DA:138,1
DA:146,1
DA:153,0
DA:160,0
DA:169,2
DA:170,0
DA:173,2
DA:174,0
DA:178,2
DA:179,2
DA:180,1
DA:184,1
DA:186,1
DA:187,0
DA:190,1
DA:191,0
DA:194,1
DA:195,0
DA:198,1
LF:50
LH:37
BRDA:75,0,0,1
BRDA:88,1,0,0
BRDA:98,2,0,1
BRDA:98,2,1,0
BRDA:101,3,0,0
BRDA:110,4,0,0
BRDA:121,5,0,0
BRDA:169,6,0,0
BRDA:169,7,0,2
BRDA:169,7,1,2
BRDA:173,8,0,0
BRDA:173,9,0,2
BRDA:173,9,1,2
BRDA:179,10,0,1
BRDA:186,11,0,0
BRDA:186,12,0,1
BRDA:186,12,1,1
BRDA:190,13,0,0
BRDA:190,14,0,1
BRDA:190,14,1,1
BRDA:194,15,0,0
BRF:21
BRH:11
end_of_record
TN:
SF:src\application\use-cases\AuthenticateUserUseCase.ts
FN:69,(anonymous_2)
FN:85,(anonymous_3)
FN:86,(anonymous_4)
FN:134,(anonymous_5)
FN:350,(anonymous_6)
FN:390,(anonymous_7)
FN:426,(anonymous_8)
FN:445,(anonymous_9)
FN:448,(anonymous_10)
FNF:9
FNH:9
FNDA:40,(anonymous_2)
FNDA:40,(anonymous_3)
FNDA:7,(anonymous_4)
FNDA:40,(anonymous_5)
FNDA:7,(anonymous_6)
FNDA:40,(anonymous_7)
FNDA:36,(anonymous_8)
FNDA:36,(anonymous_9)
FNDA:33,(anonymous_10)
DA:1,9
DA:13,9
DA:15,9
DA:21,9
DA:22,9
DA:55,9
DA:57,9
DA:58,9
DA:59,9
DA:60,9
DA:61,9
DA:62,9
DA:63,9
DA:70,40
DA:72,40
DA:74,40
DA:77,40
DA:84,40
DA:85,40
DA:86,7
DA:90,36
DA:91,33
DA:98,33
DA:99,33
DA:103,36
DA:106,4
DA:107,4
DA:115,4
DA:116,4
DA:119,4
DA:135,40
DA:137,40
DA:139,40
DA:140,40
DA:141,4
DA:147,4
DA:155,4
DA:160,36
DA:165,36
DA:167,3
DA:175,3
DA:179,33
DA:181,33
DA:183,0
DA:191,0
DA:195,33
DA:197,0
DA:205,0
DA:213,33
DA:215,0
DA:223,0
DA:227,33
DA:235,33
DA:243,33
DA:244,33
DA:245,33
DA:247,33
DA:248,0
DA:252,33
DA:258,0
DA:266,33
DA:269,33
DA:291,33
DA:293,33
DA:300,33
DA:301,33
DA:304,33
DA:305,33
DA:306,33
DA:307,33
DA:308,33
DA:310,33
DA:315,0
DA:323,33
DA:328,33
DA:339,7
DA:343,7
DA:351,7
DA:357,7
DA:358,7
DA:360,7
DA:361,4
DA:367,4
DA:375,4
DA:378,3
DA:384,3
DA:391,40
DA:393,40
DA:394,0
DA:397,40
DA:398,0
DA:401,40
DA:402,0
DA:405,40
DA:406,0
DA:410,40
DA:411,40
DA:413,0
DA:416,40
DA:417,0
DA:427,36
DA:447,36
DA:448,36
LF:103
LH:88
BRDA:90,0,0,33
BRDA:98,1,0,33
BRDA:116,2,0,4
BRDA:116,2,1,4
BRDA:122,3,0,4
BRDA:122,3,1,0
BRDA:123,4,0,0
BRDA:123,4,1,0
BRDA:125,5,0,4
BRDA:125,5,1,0
BRDA:125,6,0,4
BRDA:125,6,1,0
BRDA:126,7,0,4
BRDA:126,7,1,0
BRDA:126,8,0,4
BRDA:126,8,1,0
BRDA:140,9,0,4
BRDA:165,10,0,3
BRDA:165,11,0,36
BRDA:165,11,1,33
BRDA:172,12,0,3
BRDA:172,12,1,0
BRDA:175,13,0,3
BRDA:175,13,1,0
BRDA:181,14,0,0
BRDA:195,15,0,0
BRDA:213,16,0,0
BRDA:213,17,0,33
BRDA:213,17,1,31
BRDA:247,18,0,0
BRDA:247,18,1,33
BRDA:266,19,0,33
BRDA:266,19,1,0
BRDA:269,20,0,33
BRDA:269,20,1,0
BRDA:274,21,0,33
BRDA:274,21,1,0
BRDA:285,22,0,0
BRDA:285,22,1,0
BRDA:301,23,0,33
BRDA:301,23,1,33
BRDA:304,24,0,33
BRDA:360,25,0,4
BRDA:393,26,0,0
BRDA:393,27,0,40
BRDA:393,27,1,40
BRDA:397,28,0,0
BRDA:397,29,0,40
BRDA:397,29,1,40
BRDA:401,30,0,0
BRDA:405,31,0,0
BRDA:416,32,0,0
BRDA:448,33,0,36
BRDA:448,33,1,34
BRF:54
BRH:31
end_of_record
TN:
SF:src\application\use-cases\CancelStaffInvitationUseCase.ts
FN:28,(anonymous_0)
FN:33,(anonymous_1)
FNF:2
FNH:1
FNDA:9,(anonymous_0)
FNDA:0,(anonymous_1)
DA:13,9
DA:27,9
DA:29,9
DA:30,9
DA:34,0
DA:35,0
DA:42,0
DA:43,0
DA:44,0
DA:51,0
DA:53,0
DA:54,0
DA:59,0
DA:65,0
DA:66,0
DA:72,0
DA:79,0
DA:81,0
DA:88,0
DA:93,0
DA:99,0
LF:21
LH:4
BRDA:43,0,0,0
BRDA:53,1,0,0
BRDA:65,2,0,0
BRF:3
BRH:0
end_of_record
TN:
SF:src\application\use-cases\ChangePasswordUseCase.ts
FN:42,(anonymous_0)
FN:51,(anonymous_1)
FN:53,(anonymous_2)
FN:54,(anonymous_3)
FN:65,(anonymous_4)
FN:167,(anonymous_5)
FNF:6
FNH:5
FNDA:9,(anonymous_0)
FNDA:4,(anonymous_1)
FNDA:4,(anonymous_2)
FNDA:0,(anonymous_3)
FNDA:4,(anonymous_4)
FNDA:4,(anonymous_5)
DA:16,9
DA:39,9
DA:43,9
DA:44,9
DA:45,9
DA:46,9
DA:47,9
DA:48,9
DA:52,4
DA:53,4
DA:55,0
DA:56,0
DA:66,4
DA:67,4
DA:72,4
DA:73,4
DA:74,2
DA:82,2
DA:83,2
DA:84,2
DA:85,0
DA:93,2
DA:98,2
DA:99,1
DA:102,1
DA:110,1
DA:111,1
DA:113,1
DA:114,0
DA:122,1
DA:123,0
DA:131,1
DA:134,1
DA:135,1
DA:136,1
DA:137,1
DA:142,1
DA:147,1
DA:154,0
DA:159,0
DA:168,4
DA:169,0
DA:172,4
DA:173,0
DA:176,4
DA:177,0
DA:180,4
DA:181,0
DA:184,4
DA:185,1
DA:188,3
DA:189,1
DA:192,2
LF:53
LH:42
BRDA:73,0,0,2
BRDA:84,1,0,0
BRDA:98,2,0,1
BRDA:113,3,0,0
BRDA:122,4,0,0
BRDA:135,5,0,1
BRDA:149,6,0,1
BRDA:149,6,1,0
BRDA:168,7,0,0
BRDA:168,8,0,4
BRDA:168,8,1,4
BRDA:172,9,0,0
BRDA:172,10,0,4
BRDA:172,10,1,4
BRDA:176,11,0,0
BRDA:176,12,0,4
BRDA:176,12,1,4
BRDA:180,13,0,0
BRDA:180,14,0,4
BRDA:180,14,1,4
BRDA:184,15,0,1
BRDA:188,16,0,1
BRF:22
BRH:14
end_of_record
TN:
SF:src\application\use-cases\CheckPermissionUseCase.ts
FN:27,(anonymous_0)
FN:32,(anonymous_1)
FNF:2
FNH:1
FNDA:9,(anonymous_0)
FNDA:0,(anonymous_1)
DA:12,9
DA:26,9
DA:28,9
DA:29,9
DA:33,0
DA:34,0
DA:39,0
DA:40,0
DA:42,0
DA:48,0
DA:55,0
DA:61,0
LF:12
LH:4
BRDA:51,0,0,0
BRDA:51,0,1,0
BRDA:58,1,0,0
BRDA:58,1,1,0
BRF:4
BRH:0
end_of_record
TN:
SF:src\application\use-cases\CheckPermissionsUseCase.ts
FN:28,(anonymous_0)
FN:33,(anonymous_1)
FNF:2
FNH:1
FNDA:9,(anonymous_0)
FNDA:0,(anonymous_1)
DA:12,9
DA:27,9
DA:29,9
DA:30,9
DA:34,0
DA:35,0
DA:41,0
DA:45,0
DA:46,0
DA:48,0
DA:51,0
DA:58,0
DA:69,0
DA:75,0
LF:14
LH:4
BRDA:45,0,0,0
BRDA:45,0,1,0
BRDA:61,1,0,0
BRDA:61,1,1,0
BRDA:63,2,0,0
BRDA:63,2,1,0
BRDA:72,3,0,0
BRDA:72,3,1,0
BRF:8
BRH:0
end_of_record
TN:
SF:src\application\use-cases\CheckRoleUseCase.ts
FN:27,(anonymous_0)
FN:32,(anonymous_1)
FNF:2
FNH:1
FNDA:9,(anonymous_0)
FNDA:0,(anonymous_1)
DA:12,9
DA:26,9
DA:28,9
DA:29,9
DA:33,0
DA:34,0
DA:39,0
DA:40,0
DA:42,0
DA:48,0
DA:55,0
DA:61,0
LF:12
LH:4
BRDA:51,0,0,0
BRDA:51,0,1,0
BRDA:58,1,0,0
BRDA:58,1,1,0
BRF:4
BRH:0
end_of_record
TN:
SF:src\application\use-cases\CheckRolesUseCase.ts
FN:28,(anonymous_0)
FN:33,(anonymous_1)
FNF:2
FNH:1
FNDA:9,(anonymous_0)
FNDA:0,(anonymous_1)
DA:12,9
DA:27,9
DA:29,9
DA:30,9
DA:34,0
DA:35,0
DA:41,0
DA:45,0
DA:46,0
DA:48,0
DA:51,0
DA:58,0
DA:69,0
DA:75,0
LF:14
LH:4
BRDA:45,0,0,0
BRDA:45,0,1,0
BRDA:61,1,0,0
BRDA:61,1,1,0
BRDA:63,2,0,0
BRDA:63,2,1,0
BRDA:72,3,0,0
BRDA:72,3,1,0
BRF:8
BRH:0
end_of_record
TN:
SF:src\application\use-cases\DeleteUserUseCase.ts
FN:39,(anonymous_0)
FN:45,(anonymous_1)
FN:47,(anonymous_2)
FN:65,(anonymous_3)
FNF:4
FNH:4
FNDA:9,(anonymous_0)
FNDA:1,(anonymous_1)
FNDA:1,(anonymous_2)
FNDA:1,(anonymous_3)
DA:12,9
DA:14,9
DA:38,9
DA:40,9
DA:41,9
DA:42,9
DA:46,1
DA:47,1
DA:48,1
DA:51,0
DA:57,0
DA:66,1
DA:69,1
DA:70,0
DA:78,1
DA:79,0
DA:80,0
DA:87,1
DA:89,1
DA:90,1
DA:92,1
DA:93,0
DA:94,0
DA:102,1
DA:103,0
DA:110,1
DA:112,0
DA:115,0
DA:124,0
DA:132,1
DA:133,1
DA:136,1
DA:144,1
DA:152,0
DA:159,0
LF:35
LH:22
BRDA:66,0,0,0
BRDA:69,1,0,0
BRDA:69,2,0,1
BRDA:69,2,1,1
BRDA:78,3,0,0
BRDA:92,4,0,0
BRDA:102,5,0,0
BRDA:102,6,0,1
BRDA:102,6,1,0
BRDA:110,7,0,0
BRDA:110,7,1,1
BRDA:118,8,0,0
BRDA:118,8,1,0
BRDA:139,9,0,1
BRDA:139,9,1,0
BRF:15
BRH:5
end_of_record
TN:
SF:src\application\use-cases\DisableMFAUseCase.ts
FN:38,(anonymous_0)
FN:46,(anonymous_1)
FN:48,(anonymous_2)
FN:49,(anonymous_3)
FN:60,(anonymous_4)
FN:129,(anonymous_5)
FNF:6
FNH:1
FNDA:9,(anonymous_0)
FNDA:0,(anonymous_1)
FNDA:0,(anonymous_2)
FNDA:0,(anonymous_3)
FNDA:0,(anonymous_4)
FNDA:0,(anonymous_5)
DA:1,9
DA:16,9
DA:37,9
DA:39,9
DA:40,9
DA:41,9
DA:42,9
DA:43,9
DA:47,0
DA:48,0
DA:50,0
DA:51,0
DA:61,0
DA:62,0
DA:65,0
DA:66,0
DA:67,0
DA:75,0
DA:76,0
DA:77,0
DA:78,0
DA:86,0
DA:94,0
DA:95,0
DA:103,0
DA:105,0
DA:107,0
DA:113,0
DA:118,0
DA:130,0
DA:131,0
DA:134,0
DA:135,0
DA:138,0
DA:139,0
DA:142,0
LF:36
LH:8
BRDA:66,0,0,0
BRDA:77,1,0,0
BRDA:94,2,0,0
BRDA:130,3,0,0
BRDA:134,4,0,0
BRDA:138,5,0,0
BRDA:138,6,0,0
BRDA:138,6,1,0
BRF:8
BRH:0
end_of_record
TN:
SF:src\application\use-cases\EnableMFAUseCase.ts
FN:40,(anonymous_0)
FN:47,(anonymous_1)
FN:49,(anonymous_2)
FN:50,(anonymous_3)
FN:61,(anonymous_4)
FN:131,(anonymous_5)
FNF:6
FNH:1
FNDA:9,(anonymous_0)
FNDA:0,(anonymous_1)
FNDA:0,(anonymous_2)
FNDA:0,(anonymous_3)
FNDA:0,(anonymous_4)
FNDA:0,(anonymous_5)
DA:1,9
DA:15,9
DA:39,9
DA:41,9
DA:42,9
DA:43,9
DA:44,9
DA:48,0
DA:49,0
DA:51,0
DA:52,0
DA:62,0
DA:63,0
DA:66,0
DA:67,0
DA:68,0
DA:76,0
DA:77,0
DA:78,0
DA:79,0
DA:87,0
DA:88,0
DA:89,0
DA:97,0
DA:104,0
DA:106,0
DA:115,0
DA:120,0
DA:132,0
DA:133,0
DA:136,0
DA:137,0
DA:140,0
DA:141,0
DA:144,0
DA:145,0
DA:148,0
DA:149,0
DA:152,0
LF:39
LH:7
BRDA:67,0,0,0
BRDA:78,1,0,0
BRDA:88,2,0,0
BRDA:132,3,0,0
BRDA:136,4,0,0
BRDA:140,5,0,0
BRDA:144,6,0,0
BRDA:144,7,0,0
BRDA:144,7,1,0
BRDA:148,8,0,0
BRDA:148,9,0,0
BRDA:148,9,1,0
BRF:12
BRH:0
end_of_record
TN:
SF:src\application\use-cases\ForgotPasswordUseCase.ts
FN:28,(anonymous_0)
FN:35,(anonymous_1)
FN:37,(anonymous_2)
FN:38,(anonymous_3)
FN:49,(anonymous_4)
FNF:5
FNH:4
FNDA:9,(anonymous_0)
FNDA:11,(anonymous_1)
FNDA:11,(anonymous_2)
FNDA:0,(anonymous_3)
FNDA:11,(anonymous_4)
DA:1,9
DA:14,9
DA:27,9
DA:29,9
DA:30,9
DA:31,9
DA:32,9
DA:36,11
DA:37,11
DA:39,0
DA:40,0
DA:50,11
DA:51,11
DA:53,11
DA:54,3
DA:61,8
DA:62,8
DA:63,8
DA:64,1
DA:65,1
DA:71,7
DA:72,1
DA:73,1
DA:80,6
DA:82,5
DA:84,5
DA:90,1
DA:95,1
LF:28
LH:26
BRDA:53,0,0,3
BRDA:53,1,0,11
BRDA:53,1,1,9
BRDA:63,2,0,1
BRDA:71,3,0,1
BRF:5
BRH:5
end_of_record
TN:
SF:src\application\use-cases\GetPasswordPolicyUseCase.ts
FN:21,(anonymous_0)
FN:26,(anonymous_1)
FNF:2
FNH:1
FNDA:9,(anonymous_0)
FNDA:0,(anonymous_1)
DA:12,9
DA:20,9
DA:22,9
DA:23,9
DA:27,0
DA:28,0
DA:30,0
DA:31,0
DA:33,0
DA:39,0
DA:40,0
LF:11
LH:4
BRDA:39,0,0,0
BRDA:39,0,1,0
BRF:2
BRH:0
end_of_record
TN:
SF:src\application\use-cases\GetRecoveryHistoryUseCase.ts
FN:60,(anonymous_0)
FN:66,(anonymous_1)
FN:68,(anonymous_2)
FN:69,(anonymous_3)
FN:80,(anonymous_4)
FN:110,(anonymous_5)
FN:161,(anonymous_6)
FN:176,(anonymous_7)
FN:200,(anonymous_8)
FNF:9
FNH:1
FNDA:9,(anonymous_0)
FNDA:0,(anonymous_1)
FNDA:0,(anonymous_2)
FNDA:0,(anonymous_3)
FNDA:0,(anonymous_4)
FNDA:0,(anonymous_5)
FNDA:0,(anonymous_6)
FNDA:0,(anonymous_7)
FNDA:0,(anonymous_8)
DA:13,9
DA:53,9
DA:56,9
DA:57,9
DA:58,9
DA:61,9
DA:62,9
DA:63,9
DA:67,0
DA:68,0
DA:70,0
DA:71,0
DA:81,0
DA:82,0
DA:89,0
DA:90,0
DA:98,0
DA:107,0
DA:110,0
DA:111,0
DA:112,0
DA:127,0
DA:133,0
DA:144,0
DA:145,0
DA:150,0
DA:162,0
DA:163,0
DA:166,0
DA:167,0
DA:170,0
DA:177,0
DA:178,0
DA:179,0
DA:180,0
DA:181,0
DA:184,0
DA:192,0
DA:193,0
DA:194,0
DA:201,0
DA:202,0
DA:203,0
DA:204,0
DA:205,0
DA:208,0
DA:216,0
LF:47
LH:8
BRDA:89,0,0,0
BRDA:89,1,0,0
BRDA:89,1,1,0
BRDA:100,2,0,0
BRDA:100,2,1,0
BRDA:162,3,0,0
BRDA:162,4,0,0
BRDA:162,4,1,0
BRDA:166,5,0,0
BRDA:177,6,0,0
BRDA:180,7,0,0
BRDA:201,8,0,0
BRDA:204,9,0,0
BRF:13
BRH:0
end_of_record
TN:
SF:src\application\use-cases\GetRecoveryMethodsUseCase.ts
FN:38,(anonymous_0)
FN:44,(anonymous_1)
FN:46,(anonymous_2)
FN:47,(anonymous_3)
FN:58,(anonymous_4)
FNF:5
FNH:1
FNDA:9,(anonymous_0)
FNDA:0,(anonymous_1)
FNDA:0,(anonymous_2)
FNDA:0,(anonymous_3)
FNDA:0,(anonymous_4)
DA:35,9
DA:39,9
DA:40,9
DA:41,9
DA:45,0
DA:46,0
DA:48,0
DA:49,0
DA:61,0
DA:62,0
DA:65,0
DA:66,0
DA:74,0
DA:77,0
DA:78,0
DA:79,0
DA:91,0
DA:93,0
DA:99,0
DA:109,0
DA:114,0
LF:21
LH:4
BRDA:65,0,0,0
BRDA:65,1,0,0
BRDA:65,1,1,0
BRDA:77,2,0,0
BRF:4
BRH:0
end_of_record
TN:
SF:src\application\use-cases\GetStaffInvitationUseCase.ts
FN:41,(anonymous_0)
FN:46,(anonymous_1)
FNF:2
FNH:1
FNDA:9,(anonymous_0)
FNDA:0,(anonymous_1)
DA:13,9
DA:40,9
DA:42,9
DA:43,9
DA:47,0
DA:48,0
DA:54,0
DA:55,0
DA:56,0
DA:63,0
DA:65,0
DA:66,0
DA:71,0
DA:78,0
DA:79,0
DA:81,0
DA:88,0
DA:96,0
DA:102,0
LF:19
LH:4
BRDA:55,0,0,0
BRDA:65,1,0,0
BRDA:79,2,0,0
BRDA:79,2,1,0
BRF:4
BRH:0
end_of_record
TN:
SF:src\application\use-cases\GetUserUseCase.ts
FN:49,(anonymous_0)
FN:55,(anonymous_1)
FN:57,(anonymous_2)
FN:75,(anonymous_3)
FNF:4
FNH:4
FNDA:9,(anonymous_0)
FNDA:3,(anonymous_1)
FNDA:3,(anonymous_2)
FNDA:3,(anonymous_3)
DA:12,9
DA:14,9
DA:48,9
DA:50,9
DA:51,9
DA:52,9
DA:56,3
DA:57,3
DA:58,3
DA:61,0
DA:67,0
DA:76,3
DA:79,3
DA:80,0
DA:87,3
DA:89,3
DA:90,3
DA:92,3
DA:93,1
DA:94,1
DA:102,2
DA:109,2
DA:131,0
DA:137,0
LF:24
LH:19
BRDA:79,0,0,0
BRDA:79,1,0,3
BRDA:79,1,1,3
BRDA:92,2,0,1
BRF:4
BRH:3
end_of_record
TN:
SF:src\application\use-cases\ListActiveSessionsUseCase.ts
FN:40,(anonymous_0)
FN:45,(anonymous_1)
FN:56,(anonymous_2)
FN:83,(anonymous_3)
FN:105,(anonymous_4)
FN:148,(anonymous_5)
FNF:6
FNH:6
FNDA:9,(anonymous_0)
FNDA:4,(anonymous_1)
FNDA:6,(anonymous_2)
FNDA:6,(anonymous_3)
FNDA:6,(anonymous_4)
FNDA:6,(anonymous_5)
DA:39,9
DA:41,9
DA:42,9
DA:46,4
DA:48,4
DA:49,0
DA:53,4
DA:56,6
DA:67,4
DA:74,0
DA:75,0
DA:76,0
DA:85,6
DA:87,0
DA:88,0
DA:89,0
DA:99,6
DA:106,6
DA:107,0
DA:116,6
DA:117,6
DA:118,6
DA:119,6
DA:120,6
DA:121,6
DA:124,6
DA:125,6
DA:126,6
DA:127,6
DA:128,6
DA:129,6
DA:132,6
DA:133,6
DA:134,6
DA:136,6
DA:151,6
DA:152,0
DA:154,6
LF:38
LH:29
BRDA:48,0,0,0
BRDA:74,1,0,0
BRDA:74,1,1,0
BRDA:85,2,0,0
BRDA:85,3,0,6
BRDA:85,3,1,6
BRDA:85,3,2,6
BRDA:87,4,0,0
BRDA:87,4,1,0
BRDA:87,4,2,0
BRDA:87,4,3,0
BRDA:88,5,0,0
BRDA:90,6,0,0
BRDA:90,6,1,0
BRDA:91,7,0,0
BRDA:91,7,1,0
BRDA:92,8,0,0
BRDA:92,8,1,0
BRDA:93,9,0,0
BRDA:93,9,1,0
BRDA:106,10,0,0
BRDA:117,11,0,0
BRDA:117,11,1,6
BRDA:118,12,0,0
BRDA:118,12,1,6
BRDA:119,13,0,0
BRDA:119,13,1,6
BRDA:119,14,0,6
BRDA:119,14,1,6
BRDA:119,14,2,6
BRDA:120,15,0,0
BRDA:120,15,1,6
BRDA:121,16,0,0
BRDA:125,17,0,0
BRDA:125,17,1,6
BRDA:126,18,0,0
BRDA:126,18,1,6
BRDA:127,19,0,0
BRDA:127,19,1,6
BRDA:128,20,0,0
BRDA:128,20,1,6
BRDA:129,21,0,0
BRDA:133,22,0,0
BRDA:133,22,1,6
BRDA:134,23,0,0
BRDA:151,24,0,0
BRDA:151,25,0,6
BRDA:151,25,1,6
BRF:48
BRH:17
end_of_record
TN:
SF:src\application\use-cases\ListStaffInvitationsUseCase.ts
FN:51,(anonymous_0)
FN:56,(anonymous_1)
FN:100,(anonymous_2)
FNF:3
FNH:1
FNDA:9,(anonymous_0)
FNDA:0,(anonymous_1)
FNDA:0,(anonymous_2)
DA:13,9
DA:50,9
DA:52,9
DA:53,9
DA:57,0
DA:58,0
DA:70,0
DA:71,0
DA:72,0
DA:75,0
DA:76,0
DA:82,0
DA:83,0
DA:90,0
DA:99,0
DA:100,0
DA:105,0
DA:107,0
DA:115,0
DA:124,0
DA:129,0
LF:21
LH:4
BRDA:70,0,0,0
BRDA:70,0,1,0
BRDA:71,1,0,0
BRDA:71,1,1,0
BRDA:75,2,0,0
BRDA:75,3,0,0
BRDA:75,3,1,0
BRDA:82,4,0,0
BRDA:82,5,0,0
BRDA:82,5,1,0
BRDA:102,6,0,0
BRDA:102,6,1,0
BRF:12
BRH:0
end_of_record
TN:
SF:src\application\use-cases\ListUsersUseCase.ts
FN:58,(anonymous_0)
FN:64,(anonymous_1)
FN:66,(anonymous_2)
FN:83,(anonymous_3)
FN:145,(anonymous_4)
FN:151,(anonymous_5)
FNF:6
FNH:6
FNDA:9,(anonymous_0)
FNDA:3,(anonymous_1)
FNDA:3,(anonymous_2)
FNDA:3,(anonymous_3)
FNDA:45,(anonymous_4)
FNDA:45,(anonymous_5)
DA:13,9
DA:53,9
DA:54,9
DA:55,9
DA:56,9
DA:59,9
DA:60,9
DA:61,9
DA:65,3
DA:66,3
DA:67,3
DA:70,0
DA:75,0
DA:84,3
DA:87,3
DA:88,0
DA:96,3
DA:97,3
DA:101,3
DA:103,3
DA:105,3
DA:107,3
DA:110,1
DA:113,3
DA:114,0
DA:119,3
DA:120,0
DA:123,3
DA:130,3
DA:132,3
DA:135,3
DA:145,45
DA:151,45
DA:158,3
DA:171,0
DA:176,0
LF:36
LH:29
BRDA:87,0,0,0
BRDA:96,1,0,3
BRDA:96,1,1,0
BRDA:99,2,0,3
BRDA:99,2,1,0
BRDA:107,3,0,1
BRDA:113,4,0,0
BRDA:119,5,0,0
BRDA:150,6,0,45
BRDA:150,6,1,0
BRF:10
BRH:4
end_of_record
TN:
SF:src\application\use-cases\LockAccountUseCase.ts
FN:39,(anonymous_0)
FN:46,(anonymous_1)
FN:48,(anonymous_2)
FN:49,(anonymous_3)
FN:60,(anonymous_4)
FN:149,(anonymous_5)
FNF:6
FNH:5
FNDA:9,(anonymous_0)
FNDA:1,(anonymous_1)
FNDA:1,(anonymous_2)
FNDA:0,(anonymous_3)
FNDA:1,(anonymous_4)
FNDA:1,(anonymous_5)
DA:14,9
DA:36,9
DA:40,9
DA:41,9
DA:42,9
DA:43,9
DA:47,1
DA:48,1
DA:50,0
DA:51,0
DA:61,1
DA:62,1
DA:69,1
DA:70,1
DA:71,0
DA:79,1
DA:82,1
DA:83,1
DA:84,0
DA:92,1
DA:93,0
DA:101,1
DA:102,0
DA:110,1
DA:111,1
DA:114,1
DA:115,1
DA:116,1
DA:117,1
DA:123,1
DA:130,1
DA:135,0
DA:141,0
DA:150,1
DA:151,0
DA:154,1
DA:155,0
DA:158,1
DA:159,0
DA:162,1
DA:163,0
DA:166,1
LF:42
LH:30
BRDA:70,0,0,0
BRDA:83,1,0,0
BRDA:92,2,0,0
BRDA:101,3,0,0
BRDA:115,4,0,1
BRDA:150,5,0,0
BRDA:150,6,0,1
BRDA:150,6,1,1
BRDA:154,7,0,0
BRDA:154,8,0,1
BRDA:154,8,1,1
BRDA:158,9,0,0
BRDA:158,10,0,1
BRDA:158,10,1,1
BRDA:162,11,0,0
BRF:15
BRH:7
end_of_record
TN:
SF:src\application\use-cases\LogoutUserUseCase.ts
FN:40,(anonymous_1)
FN:42,(anonymous_2)
FN:43,(anonymous_3)
FN:54,(anonymous_4)
FNF:4
FNH:3
FNDA:1,(anonymous_1)
FNDA:1,(anonymous_2)
FNDA:0,(anonymous_3)
FNDA:1,(anonymous_4)
DA:1,9
DA:15,9
DA:17,9
DA:31,9
DA:33,9
DA:34,9
DA:35,9
DA:36,9
DA:37,9
DA:41,1
DA:42,1
DA:44,0
DA:45,0
DA:55,1
DA:61,1
DA:62,1
DA:63,1
DA:66,0
DA:73,1
DA:74,0
DA:75,0
DA:76,0
DA:77,0
DA:83,0
DA:92,1
DA:93,1
DA:94,1
DA:100,1
DA:102,1
DA:107,0
DA:116,1
LF:31
LH:22
BRDA:73,0,0,0
BRDA:92,1,0,1
BRDA:96,2,0,1
BRDA:96,2,1,1
BRF:4
BRH:3
end_of_record
TN:
SF:src\application\use-cases\ProvisionStaffUseCase.ts
FN:50,(anonymous_10)
FN:194,(anonymous_11)
FNF:2
FNH:0
FNDA:0,(anonymous_10)
FNDA:0,(anonymous_11)
DA:18,9
DA:19,9
DA:21,9
DA:41,9
DA:43,9
DA:44,9
DA:45,9
DA:46,9
DA:47,9
DA:51,0
DA:52,0
DA:59,0
DA:60,0
DA:69,0
DA:70,0
DA:72,0
DA:73,0
DA:81,0
DA:84,0
DA:85,0
DA:86,0
DA:87,0
DA:90,0
DA:98,0
DA:99,0
DA:103,0
DA:116,0
DA:118,0
DA:125,0
DA:126,0
DA:134,0
DA:138,0
DA:147,0
DA:148,0
DA:149,0
DA:157,0
DA:159,0
DA:163,0
DA:171,0
DA:178,0
DA:183,0
DA:196,0
DA:197,0
LF:43
LH:9
BRDA:59,0,0,0
BRDA:59,1,0,0
BRDA:59,1,1,0
BRDA:59,1,2,0
BRDA:72,2,0,0
BRDA:86,3,0,0
BRDA:140,4,0,0
BRDA:140,4,1,0
BRDA:147,5,0,0
BRDA:165,6,0,0
BRDA:165,6,1,0
BRDA:179,7,0,0
BRDA:179,7,1,0
BRDA:180,8,0,0
BRDA:180,8,1,0
BRF:15
BRH:0
end_of_record
TN:
SF:src\application\use-cases\RefreshTokenUseCase.ts
FN:33,(anonymous_0)
FN:38,(anonymous_1)
FNF:2
FNH:2
FNDA:9,(anonymous_0)
FNDA:3,(anonymous_1)
DA:32,9
DA:34,9
DA:35,9
DA:39,3
DA:40,3
DA:46,3
DA:47,1
DA:48,1
DA:56,2
DA:59,2
DA:60,1
DA:63,1
DA:71,1
DA:73,1
DA:79,1
DA:81,1
DA:93,0
DA:98,0
LF:18
LH:16
BRDA:46,0,0,1
BRDA:46,1,0,3
BRDA:46,1,1,2
BRDA:59,2,0,1
BRDA:59,3,0,2
BRDA:59,3,1,1
BRDA:65,4,0,1
BRDA:65,4,1,0
BRDA:79,5,0,1
BRDA:79,5,1,0
BRDA:84,6,0,1
BRDA:84,6,1,0
BRDA:86,7,0,1
BRDA:86,7,1,0
BRDA:94,8,0,0
BRDA:94,8,1,0
BRDA:95,9,0,0
BRDA:95,9,1,0
BRF:18
BRH:10
end_of_record
TN:
SF:src\application\use-cases\RegisterUserUseCase.ts
FN:72,(anonymous_10)
FN:74,(anonymous_11)
FN:75,(anonymous_12)
FN:87,(anonymous_13)
FN:282,(anonymous_14)
FNF:5
FNH:4
FNDA:14,(anonymous_10)
FNDA:14,(anonymous_11)
FNDA:0,(anonymous_12)
FNDA:14,(anonymous_13)
FNDA:14,(anonymous_14)
DA:1,10
DA:19,10
DA:24,10
DA:25,10
DA:26,10
DA:27,10
DA:58,10
DA:59,10
DA:62,10
DA:63,10
DA:64,10
DA:65,10
DA:66,10
DA:67,10
DA:68,10
DA:69,10
DA:73,14
DA:74,14
DA:76,0
DA:77,0
DA:88,14
DA:92,14
DA:94,14
DA:100,14
DA:101,14
DA:102,2
DA:111,12
DA:112,12
DA:113,12
DA:114,1
DA:115,1
DA:124,11
DA:125,11
DA:126,1
DA:127,1
DA:136,10
DA:139,10
DA:147,10
DA:164,10
DA:166,10
DA:173,10
DA:174,10
DA:175,10
DA:182,10
DA:184,10
DA:189,0
DA:196,0
DA:197,0
DA:198,0
DA:202,0
DA:210,0
DA:211,0
DA:212,0
DA:216,0
DA:225,0
DA:234,10
DA:235,7
DA:236,7
DA:244,7
DA:246,7
DA:250,0
DA:259,10
DA:268,0
DA:273,0
DA:284,14
DA:285,14
DA:286,1
DA:289,13
DA:290,1
DA:293,12
DA:294,0
DA:300,12
DA:301,0
DA:304,12
DA:305,0
DA:308,12
LF:76
LH:58
BRDA:101,0,0,2
BRDA:113,1,0,1
BRDA:125,2,0,1
BRDA:154,3,0,6
BRDA:154,3,1,4
BRDA:234,4,0,7
BRDA:285,5,0,1
BRDA:285,6,0,14
BRDA:285,6,1,14
BRDA:289,7,0,1
BRDA:289,8,0,13
BRDA:289,8,1,13
BRDA:293,9,0,0
BRDA:293,10,0,12
BRDA:293,10,1,12
BRDA:300,11,0,0
BRDA:300,12,0,12
BRDA:300,12,1,12
BRDA:304,13,0,0
BRDA:304,14,0,12
BRDA:304,14,1,7
BRF:21
BRH:18
end_of_record
TN:
SF:src\application\use-cases\RequestPasswordResetUseCase.ts
FN:45,(anonymous_0)
FN:54,(anonymous_1)
FN:56,(anonymous_2)
FN:57,(anonymous_3)
FN:68,(anonymous_4)
FN:185,(anonymous_5)
FN:219,(anonymous_6)
FN:239,(anonymous_7)
FNF:8
FNH:1
FNDA:9,(anonymous_0)
FNDA:0,(anonymous_1)
FNDA:0,(anonymous_2)
FNDA:0,(anonymous_3)
FNDA:0,(anonymous_4)
FNDA:0,(anonymous_5)
FNDA:0,(anonymous_6)
FNDA:0,(anonymous_7)
DA:15,9
DA:16,9
DA:17,9
DA:39,9
DA:42,9
DA:43,9
DA:46,9
DA:47,9
DA:48,9
DA:49,9
DA:50,9
DA:51,9
DA:55,0
DA:56,0
DA:58,0
DA:59,0
DA:71,0
DA:72,0
DA:78,0
DA:79,0
DA:86,0
DA:89,0
DA:91,0
DA:93,0
DA:96,0
DA:103,0
DA:104,0
DA:106,0
DA:115,0
DA:123,0
DA:124,0
DA:125,0
DA:127,0
DA:136,0
DA:137,0
DA:145,0
DA:148,0
DA:157,0
DA:163,0
DA:168,0
DA:173,0
DA:190,0
DA:191,0
DA:192,0
DA:193,0
DA:194,0
DA:199,0
DA:200,0
DA:201,0
DA:205,0
DA:206,0
DA:207,0
DA:208,0
DA:212,0
DA:220,0
DA:221,0
DA:223,0
DA:229,0
DA:230,0
DA:233,0
DA:247,0
DA:248,0
DA:265,0
DA:268,0
LF:64
LH:12
BRDA:74,0,0,0
BRDA:74,0,1,0
BRDA:78,1,0,0
BRDA:78,2,0,0
BRDA:78,2,1,0
BRDA:91,3,0,0
BRDA:104,4,0,0
BRDA:125,5,0,0
BRDA:125,6,0,0
BRDA:125,6,1,0
BRDA:190,7,0,0
BRDA:193,8,0,0
BRDA:200,9,0,0
BRDA:205,10,0,0
BRDA:207,11,0,0
BRDA:229,12,0,0
BRDA:248,13,0,0
BRDA:248,13,1,0
BRF:18
BRH:0
end_of_record
TN:
SF:src\application\use-cases\ResendStaffInvitationUseCase.ts
FN:30,(anonymous_0)
FN:37,(anonymous_1)
FNF:2
FNH:1
FNDA:9,(anonymous_0)
FNDA:0,(anonymous_1)
DA:14,9
DA:29,9
DA:31,9
DA:32,9
DA:33,9
DA:34,9
DA:38,0
DA:39,0
DA:45,0
DA:46,0
DA:47,0
DA:54,0
DA:56,0
DA:57,0
DA:62,0
DA:68,0
DA:69,0
DA:75,0
DA:82,0
DA:85,0
DA:88,0
DA:89,0
DA:97,0
DA:103,0
DA:113,0
DA:121,0
DA:128,0
DA:134,0
LF:28
LH:6
BRDA:46,0,0,0
BRDA:56,1,0,0
BRDA:68,2,0,0
BRDA:91,3,0,0
BRDA:91,3,1,0
BRF:5
BRH:0
end_of_record
TN:
SF:src\application\use-cases\ResendVerificationEmailUseCase.ts
FN:32,(anonymous_1)
FN:43,(anonymous_2)
FN:45,(anonymous_3)
FN:46,(anonymous_4)
FN:57,(anonymous_5)
FNF:5
FNH:4
FNDA:9,(anonymous_1)
FNDA:8,(anonymous_2)
FNDA:8,(anonymous_3)
FNDA:0,(anonymous_4)
FNDA:8,(anonymous_5)
DA:1,9
DA:16,9
DA:17,9
DA:19,9
DA:31,9
DA:33,9
DA:34,9
DA:35,9
DA:36,9
DA:37,9
DA:38,9
DA:39,9
DA:40,9
DA:44,8
DA:45,8
DA:47,0
DA:48,0
DA:58,8
DA:59,8
DA:62,8
DA:63,1
DA:70,7
DA:73,7
DA:75,7
DA:76,0
DA:82,0
DA:83,0
DA:86,0
DA:94,0
DA:95,0
DA:97,0
DA:103,0
DA:108,0
DA:115,0
DA:116,0
DA:122,0
DA:127,0
DA:134,7
DA:136,7
DA:138,7
DA:139,7
DA:146,0
DA:147,0
DA:148,0
DA:156,0
DA:157,0
DA:158,0
DA:159,0
DA:167,0
DA:170,0
DA:178,0
DA:186,0
DA:187,0
DA:193,0
DA:198,0
DA:204,0
DA:209,0
LF:57
LH:26
BRDA:62,0,0,1
BRDA:62,1,0,8
BRDA:62,1,1,8
BRDA:75,2,0,0
BRDA:82,3,0,0
BRDA:136,4,0,7
BRDA:146,5,0,0
BRDA:157,6,0,0
BRF:8
BRH:4
end_of_record
TN:
SF:src\application\use-cases\ResetPasswordUseCase.ts
FN:29,(anonymous_0)
FN:35,(anonymous_1)
FN:37,(anonymous_2)
FN:38,(anonymous_3)
FN:49,(anonymous_4)
FN:82,(anonymous_5)
FNF:6
FNH:5
FNDA:9,(anonymous_0)
FNDA:13,(anonymous_1)
FNDA:13,(anonymous_2)
FNDA:0,(anonymous_3)
FNDA:13,(anonymous_4)
FNDA:13,(anonymous_5)
DA:1,9
DA:28,9
DA:30,9
DA:31,9
DA:32,9
DA:36,13
DA:37,13
DA:39,0
DA:40,0
DA:50,13
DA:51,13
DA:53,13
DA:54,13
DA:55,7
DA:62,6
DA:64,0
DA:66,0
DA:72,6
DA:74,6
DA:83,13
DA:84,2
DA:87,11
DA:88,1
DA:91,10
DA:92,1
DA:95,9
DA:96,1
DA:99,8
DA:100,1
DA:103,7
DA:104,1
DA:107,6
LF:32
LH:28
BRDA:54,0,0,7
BRDA:83,1,0,2
BRDA:83,2,0,13
BRDA:83,2,1,11
BRDA:87,3,0,1
BRDA:87,4,0,11
BRDA:87,4,1,11
BRDA:91,5,0,1
BRDA:95,6,0,1
BRDA:99,7,0,1
BRDA:103,8,0,1
BRF:11
BRH:11
end_of_record
TN:
SF:src\application\use-cases\ResetPasswordWithTokenUseCase.ts
FN:40,(anonymous_0)
FN:49,(anonymous_1)
FN:53,(anonymous_2)
FN:54,(anonymous_3)
FN:65,(anonymous_4)
FN:164,(anonymous_5)
FN:188,(anonymous_6)
FNF:7
FNH:1
FNDA:9,(anonymous_0)
FNDA:0,(anonymous_1)
FNDA:0,(anonymous_2)
FNDA:0,(anonymous_3)
FNDA:0,(anonymous_4)
FNDA:0,(anonymous_5)
FNDA:0,(anonymous_6)
DA:15,9
DA:37,9
DA:41,9
DA:42,9
DA:43,9
DA:44,9
DA:45,9
DA:46,9
DA:52,0
DA:53,0
DA:55,0
DA:56,0
DA:70,0
DA:71,0
DA:74,0
DA:75,0
DA:76,0
DA:84,0
DA:85,0
DA:86,0
DA:87,0
DA:94,0
DA:97,0
DA:98,0
DA:100,0
DA:102,0
DA:110,0
DA:118,0
DA:121,0
DA:124,0
DA:126,0
DA:131,0
DA:137,0
DA:143,0
DA:144,0
DA:153,0
DA:168,0
DA:169,0
DA:173,0
DA:174,0
DA:178,0
DA:179,0
DA:182,0
DA:195,0
DA:198,0
DA:215,0
DA:218,0
LF:47
LH:8
BRDA:75,0,0,0
BRDA:85,1,0,0
BRDA:85,2,0,0
BRDA:85,2,1,0
BRDA:100,3,0,0
BRDA:143,4,0,0
BRDA:168,5,0,0
BRDA:168,6,0,0
BRDA:168,6,1,0
BRDA:173,7,0,0
BRDA:173,8,0,0
BRDA:173,8,1,0
BRDA:178,9,0,0
BRDA:198,10,0,0
BRDA:198,10,1,0
BRF:15
BRH:0
end_of_record
TN:
SF:src\application\use-cases\TerminateAllSessionsUseCase.ts
FN:24,(anonymous_0)
FN:29,(anonymous_1)
FNF:2
FNH:2
FNDA:9,(anonymous_0)
FNDA:4,(anonymous_1)
DA:23,9
DA:25,9
DA:26,9
DA:30,4
DA:32,4
DA:33,0
DA:38,4
DA:40,4
DA:46,0
DA:49,4
DA:56,0
DA:61,0
LF:12
LH:8
BRDA:32,0,0,0
BRDA:38,1,0,4
BRDA:38,1,1,0
BRF:3
BRH:1
end_of_record
TN:
SF:src\application\use-cases\TerminateSessionUseCase.ts
FN:23,(anonymous_0)
FN:28,(anonymous_1)
FNF:2
FNH:2
FNDA:9,(anonymous_0)
FNDA:4,(anonymous_1)
DA:22,9
DA:24,9
DA:25,9
DA:29,4
DA:31,4
DA:32,0
DA:35,4
DA:36,0
DA:40,4
DA:42,4
DA:43,2
DA:47,2
DA:48,0
DA:52,2
DA:54,2
DA:60,2
DA:67,2
DA:68,2
DA:71,0
LF:19
LH:15
BRDA:31,0,0,0
BRDA:35,1,0,0
BRDA:42,2,0,2
BRDA:47,3,0,0
BRDA:67,4,0,2
BRDA:67,5,0,2
BRDA:67,5,1,0
BRF:7
BRH:3
end_of_record
TN:
SF:src\application\use-cases\UnlockAccountUseCase.ts
FN:36,(anonymous_0)
FN:42,(anonymous_1)
FN:44,(anonymous_2)
FN:45,(anonymous_3)
FN:56,(anonymous_4)
FN:126,(anonymous_5)
FNF:6
FNH:5
FNDA:9,(anonymous_0)
FNDA:1,(anonymous_1)
FNDA:1,(anonymous_2)
FNDA:0,(anonymous_3)
FNDA:1,(anonymous_4)
FNDA:1,(anonymous_5)
DA:13,9
DA:33,9
DA:37,9
DA:38,9
DA:39,9
DA:43,1
DA:44,1
DA:46,0
DA:47,0
DA:57,1
DA:58,1
DA:65,1
DA:66,1
DA:67,0
DA:75,1
DA:78,1
DA:79,1
DA:80,0
DA:88,1
DA:89,0
DA:97,1
DA:98,1
DA:101,1
DA:107,1
DA:112,0
DA:118,0
DA:127,1
DA:128,0
DA:131,1
DA:132,0
DA:135,1
DA:136,0
DA:139,1
DA:140,0
DA:143,1
LF:35
LH:24
BRDA:66,0,0,0
BRDA:79,1,0,0
BRDA:88,2,0,0
BRDA:127,3,0,0
BRDA:127,4,0,1
BRDA:127,4,1,1
BRDA:131,5,0,0
BRDA:131,6,0,1
BRDA:131,6,1,1
BRDA:135,7,0,0
BRDA:135,8,0,1
BRDA:135,8,1,1
BRDA:139,9,0,0
BRF:13
BRH:6
end_of_record
TN:
SF:src\application\use-cases\UpdatePasswordPolicyUseCase.ts
FN:32,(anonymous_0)
FN:37,(anonymous_1)
FNF:2
FNH:1
FNDA:9,(anonymous_0)
FNDA:0,(anonymous_1)
DA:10,9
DA:12,9
DA:31,9
DA:33,9
DA:34,9
DA:38,0
DA:40,0
DA:41,0
DA:44,0
DA:47,0
DA:58,0
DA:60,0
DA:62,0
DA:68,0
DA:69,0
LF:15
LH:5
BRDA:40,0,0,0
BRDA:68,1,0,0
BRDA:68,1,1,0
BRF:3
BRH:0
end_of_record
TN:
SF:src\application\use-cases\UpdateRecoveryMethodsUseCase.ts
FN:43,(anonymous_0)
FN:50,(anonymous_1)
FN:52,(anonymous_2)
FN:53,(anonymous_3)
FN:64,(anonymous_4)
FN:144,(anonymous_5)
FNF:6
FNH:1
FNDA:9,(anonymous_0)
FNDA:0,(anonymous_1)
FNDA:0,(anonymous_2)
FNDA:0,(anonymous_3)
FNDA:0,(anonymous_4)
FNDA:0,(anonymous_5)
DA:13,9
DA:14,9
DA:15,9
DA:40,9
DA:44,9
DA:45,9
DA:46,9
DA:47,9
DA:51,0
DA:52,0
DA:54,0
DA:55,0
DA:67,0
DA:68,0
DA:74,0
DA:75,0
DA:76,0
DA:84,0
DA:85,0
DA:86,0
DA:92,0
DA:94,0
DA:95,0
DA:98,0
DA:102,0
DA:109,0
DA:112,0
DA:118,0
DA:131,0
DA:136,0
DA:146,0
DA:147,0
DA:151,0
DA:152,0
DA:156,0
DA:157,0
DA:159,0
DA:163,0
DA:164,0
DA:165,0
DA:166,0
DA:170,0
DA:171,0
DA:175,0
DA:179,0
DA:180,0
DA:183,0
LF:47
LH:8
BRDA:75,0,0,0
BRDA:85,1,0,0
BRDA:92,2,0,0
BRDA:92,2,1,0
BRDA:126,3,0,0
BRDA:126,3,1,0
BRDA:146,4,0,0
BRDA:146,5,0,0
BRDA:146,5,1,0
BRDA:151,6,0,0
BRDA:165,7,0,0
BRDA:170,8,0,0
BRDA:179,9,0,0
BRF:13
BRH:0
end_of_record
TN:
SF:src\application\use-cases\UpdateUserUseCase.ts
FN:51,(anonymous_0)
FN:57,(anonymous_1)
FN:59,(anonymous_2)
FN:77,(anonymous_3)
FNF:4
FNH:4
FNDA:9,(anonymous_0)
FNDA:3,(anonymous_1)
FNDA:3,(anonymous_2)
FNDA:3,(anonymous_3)
DA:12,9
DA:13,9
DA:15,9
DA:50,9
DA:52,9
DA:53,9
DA:54,9
DA:58,3
DA:59,3
DA:60,3
DA:63,0
DA:69,0
DA:78,3
DA:81,3
DA:82,0
DA:89,3
DA:90,0
DA:97,3
DA:99,3
DA:100,3
DA:102,3
DA:103,0
DA:104,0
DA:113,3
DA:114,1
DA:122,2
DA:123,2
DA:125,2
DA:126,2
DA:127,2
DA:129,2
DA:130,1
DA:131,1
DA:133,2
DA:134,0
DA:135,0
DA:137,2
DA:138,0
DA:139,0
DA:141,2
DA:142,0
DA:143,0
DA:145,2
DA:146,0
DA:147,0
DA:150,2
DA:151,2
DA:153,2
DA:172,2
DA:174,0
DA:183,2
DA:184,0
DA:185,0
DA:187,0
DA:193,2
DA:196,2
DA:203,2
DA:216,0
DA:222,0
LF:59
LH:39
BRDA:81,0,0,0
BRDA:81,1,0,3
BRDA:81,1,1,3
BRDA:89,2,0,0
BRDA:89,3,0,3
BRDA:89,3,1,3
BRDA:102,4,0,0
BRDA:113,5,0,1
BRDA:113,6,0,3
BRDA:113,6,1,1
BRDA:125,7,0,2
BRDA:129,8,0,1
BRDA:133,9,0,0
BRDA:137,10,0,0
BRDA:138,11,0,0
BRDA:138,11,1,0
BRDA:141,12,0,0
BRDA:145,13,0,0
BRDA:150,14,0,2
BRDA:154,15,0,2
BRDA:154,15,1,0
BRDA:155,16,0,1
BRDA:155,16,1,1
BRDA:158,17,0,0
BRDA:158,17,1,2
BRDA:161,18,0,0
BRDA:161,18,1,2
BRDA:164,19,0,0
BRDA:164,19,1,2
BRDA:167,20,0,0
BRDA:167,20,1,2
BRDA:183,21,0,0
BRDA:184,22,0,0
BRDA:184,22,1,0
BRF:34
BRH:17
end_of_record
TN:
SF:src\application\use-cases\ValidatePasswordUseCase.ts
FN:24,(anonymous_0)
FN:29,(anonymous_1)
FN:62,(anonymous_2)
FNF:3
FNH:1
FNDA:9,(anonymous_0)
FNDA:0,(anonymous_1)
FNDA:0,(anonymous_2)
DA:11,9
DA:23,9
DA:25,9
DA:26,9
DA:30,0
DA:32,0
DA:33,0
DA:40,0
DA:43,0
DA:46,0
DA:48,0
DA:54,0
DA:55,0
DA:63,0
DA:66,0
DA:67,0
DA:68,0
DA:71,0
DA:72,0
DA:73,0
DA:74,0
DA:77,0
DA:78,0
DA:79,0
DA:82,0
DA:83,0
DA:84,0
LF:27
LH:4
BRDA:32,0,0,0
BRDA:54,1,0,0
BRDA:54,1,1,0
BRDA:66,2,0,0
BRDA:67,3,0,0
BRDA:68,4,0,0
BRDA:71,5,0,0
BRDA:72,6,0,0
BRDA:73,7,0,0
BRDA:74,8,0,0
BRDA:77,9,0,0
BRDA:78,10,0,0
BRDA:79,11,0,0
BRDA:82,12,0,0
BRDA:83,13,0,0
BRF:15
BRH:0
end_of_record
TN:
SF:src\application\use-cases\VerifyEmailUseCase.ts
FN:50,(anonymous_1)
FN:52,(anonymous_2)
FN:53,(anonymous_3)
FN:64,(anonymous_4)
FNF:4
FNH:3
FNDA:23,(anonymous_1)
FNDA:23,(anonymous_2)
FNDA:0,(anonymous_3)
FNDA:23,(anonymous_4)
DA:1,10
DA:21,10
DA:22,10
DA:24,10
DA:39,10
DA:41,10
DA:42,10
DA:43,10
DA:44,10
DA:45,10
DA:46,10
DA:47,10
DA:51,23
DA:52,23
DA:54,0
DA:55,0
DA:65,23
DA:66,23
DA:69,23
DA:70,0
DA:79,23
DA:80,23
DA:82,15
DA:83,15
DA:91,8
DA:93,8
DA:94,3
DA:97,3
DA:105,5
DA:106,2
DA:107,2
DA:111,2
DA:118,0
DA:119,0
DA:122,0
DA:131,3
DA:132,3
DA:133,3
DA:134,0
DA:139,0
DA:141,0
DA:149,3
DA:150,3
DA:163,3
DA:170,3
DA:171,3
DA:173,0
DA:181,3
DA:182,3
DA:183,3
DA:187,0
DA:195,3
DA:196,3
DA:201,0
DA:209,3
DA:210,2
DA:212,2
DA:213,2
DA:214,0
DA:215,0
DA:219,2
DA:224,2
DA:226,2
DA:231,0
DA:239,3
DA:247,0
DA:251,0
LF:67
LH:50
BRDA:69,0,0,0
BRDA:69,1,0,23
BRDA:69,1,1,23
BRDA:93,2,0,3
BRDA:105,3,0,2
BRDA:106,4,0,2
BRDA:118,5,0,0
BRDA:133,6,0,0
BRDA:209,7,0,2
BRDA:213,8,0,0
BRF:10
BRH:6
end_of_record
TN:
SF:src\application\use-cases\VerifyMFAUseCase.ts
FN:39,(anonymous_0)
FN:45,(anonymous_1)
FN:47,(anonymous_2)
FN:48,(anonymous_3)
FN:60,(anonymous_4)
FN:166,(anonymous_5)
FNF:6
FNH:1
FNDA:9,(anonymous_0)
FNDA:0,(anonymous_1)
FNDA:0,(anonymous_2)
FNDA:0,(anonymous_3)
FNDA:0,(anonymous_4)
FNDA:0,(anonymous_5)
DA:1,9
DA:38,9
DA:40,9
DA:41,9
DA:42,9
DA:46,0
DA:47,0
DA:49,0
DA:50,0
DA:61,0
DA:62,0
DA:68,0
DA:69,0
DA:70,0
DA:79,0
DA:80,0
DA:81,0
DA:90,0
DA:91,0
DA:92,0
DA:101,0
DA:102,0
DA:104,0
DA:106,0
DA:109,0
DA:113,0
DA:115,0
DA:118,0
DA:119,0
DA:122,0
DA:124,0
DA:131,0
DA:138,0
DA:140,0
DA:149,0
DA:154,0
DA:167,0
DA:168,0
DA:171,0
DA:172,0
DA:175,0
DA:176,0
DA:179,0
DA:180,0
DA:183,0
LF:45
LH:5
BRDA:69,0,0,0
BRDA:80,1,0,0
BRDA:91,2,0,0
BRDA:102,3,0,0
BRDA:102,3,1,0
BRDA:104,4,0,0
BRDA:104,4,1,0
BRDA:113,5,0,0
BRDA:113,5,1,0
BRDA:118,6,0,0
BRDA:167,7,0,0
BRDA:171,8,0,0
BRDA:175,9,0,0
BRDA:175,10,0,0
BRDA:175,10,1,0
BRDA:179,11,0,0
BRF:16
BRH:0
end_of_record
TN:
SF:src\application\use-cases\VerifyResetTokenUseCase.ts
FN:39,(anonymous_0)
FN:46,(anonymous_1)
FN:48,(anonymous_2)
FN:49,(anonymous_3)
FN:61,(anonymous_4)
FN:126,(anonymous_5)
FNF:6
FNH:1
FNDA:9,(anonymous_0)
FNDA:0,(anonymous_1)
FNDA:0,(anonymous_2)
FNDA:0,(anonymous_3)
FNDA:0,(anonymous_4)
FNDA:0,(anonymous_5)
DA:13,9
DA:36,9
DA:40,9
DA:41,9
DA:42,9
DA:43,9
DA:47,0
DA:48,0
DA:50,0
DA:51,0
DA:62,0
DA:63,0
DA:66,0
DA:67,0
DA:76,0
DA:78,0
DA:81,0
DA:83,0
DA:91,0
DA:99,0
DA:103,0
DA:111,0
DA:115,0
DA:133,0
DA:136,0
DA:153,0
DA:156,0
LF:27
LH:6
BRDA:66,0,0,0
BRDA:66,1,0,0
BRDA:66,1,1,0
BRDA:78,2,0,0
BRDA:78,3,0,0
BRDA:78,3,1,0
BRDA:136,4,0,0
BRDA:136,4,1,0
BRF:8
BRH:0
end_of_record
TN:
SF:src\application\utils\error-utils.ts
FN:12,isError
FN:22,getErrorMessage
FN:37,getErrorStack
FNF:3
FNH:0
FNDA:0,isError
FNDA:0,getErrorMessage
FNDA:0,getErrorStack
DA:12,9
DA:13,0
DA:22,9
DA:23,0
DA:24,0
DA:26,0
DA:27,0
DA:29,0
DA:37,9
DA:38,0
DA:39,0
DA:41,0
LF:12
LH:3
BRDA:22,0,0,0
BRDA:23,1,0,0
BRDA:26,2,0,0
BRDA:38,3,0,0
BRF:4
BRH:0
end_of_record
TN:
SF:src\domain\aggregates\User.ts
FN:43,(anonymous_0)
FN:58,(anonymous_1)
FN:105,(anonymous_2)
FN:139,(anonymous_3)
FN:143,(anonymous_4)
FN:147,(anonymous_5)
FN:151,(anonymous_6)
FN:159,(anonymous_7)
FN:169,(anonymous_8)
FN:173,(anonymous_9)
FN:177,(anonymous_10)
FN:181,(anonymous_11)
FN:189,(anonymous_12)
FN:213,(anonymous_13)
FN:214,(anonymous_14)
FN:223,(anonymous_15)
FN:224,(anonymous_16)
FN:236,(anonymous_17)
FN:239,(anonymous_18)
FN:268,(anonymous_19)
FN:274,(anonymous_20)
FN:301,(anonymous_21)
FN:318,(anonymous_22)
FN:319,(anonymous_23)
FN:325,(anonymous_24)
FN:340,(anonymous_25)
FN:370,(anonymous_26)
FN:395,(anonymous_27)
FN:412,(anonymous_28)
FN:436,(anonymous_29)
FN:443,(anonymous_30)
FN:469,(anonymous_31)
FN:481,(anonymous_32)
FN:493,(anonymous_33)
FN:508,(anonymous_34)
FN:515,(anonymous_35)
FN:522,(anonymous_36)
FN:530,(anonymous_37)
FN:542,(anonymous_38)
FN:557,(anonymous_39)
FN:571,getErrorMessage
FNF:41
FNH:22
FNDA:100,(anonymous_0)
FNDA:0,(anonymous_1)
FNDA:100,(anonymous_2)
FNDA:265,(anonymous_3)
FNDA:66,(anonymous_4)
FNDA:72,(anonymous_5)
FNDA:158,(anonymous_6)
FNDA:0,(anonymous_7)
FNDA:52,(anonymous_8)
FNDA:95,(anonymous_9)
FNDA:83,(anonymous_10)
FNDA:47,(anonymous_11)
FNDA:33,(anonymous_12)
FNDA:1,(anonymous_13)
FNDA:1,(anonymous_14)
FNDA:34,(anonymous_15)
FNDA:34,(anonymous_16)
FNDA:0,(anonymous_17)
FNDA:0,(anonymous_18)
FNDA:0,(anonymous_19)
FNDA:0,(anonymous_20)
FNDA:0,(anonymous_21)
FNDA:45,(anonymous_22)
FNDA:45,(anonymous_23)
FNDA:2,(anonymous_24)
FNDA:3,(anonymous_25)
FNDA:100,(anonymous_26)
FNDA:0,(anonymous_27)
FNDA:0,(anonymous_28)
FNDA:0,(anonymous_29)
FNDA:0,(anonymous_30)
FNDA:0,(anonymous_31)
FNDA:2,(anonymous_32)
FNDA:1,(anonymous_33)
FNDA:0,(anonymous_34)
FNDA:0,(anonymous_35)
FNDA:0,(anonymous_36)
FNDA:0,(anonymous_37)
FNDA:0,(anonymous_38)
FNDA:0,(anonymous_39)
FNDA:0,getErrorMessage
DA:15,10
DA:17,10
DA:21,10
DA:22,10
DA:23,10
DA:42,10
DA:44,100
DA:63,0
DA:65,0
DA:66,0
DA:69,0
DA:70,0
DA:72,0
DA:84,0
DA:87,0
DA:89,0
DA:91,0
DA:116,100
DA:128,100
DA:130,100
DA:131,100
DA:140,265
DA:144,66
DA:148,72
DA:152,158
DA:160,0
DA:170,52
DA:174,95
DA:178,83
DA:182,47
DA:190,33
DA:191,0
DA:195,33
DA:196,33
DA:199,33
DA:214,1
DA:224,34
DA:237,0
DA:239,0
DA:240,0
DA:241,0
DA:244,0
DA:245,0
DA:248,0
DA:255,0
DA:269,0
DA:270,0
DA:271,0
DA:274,0
DA:275,0
DA:276,0
DA:279,0
DA:280,0
DA:281,0
DA:284,0
DA:291,0
DA:302,0
DA:303,0
DA:304,0
DA:305,0
DA:308,0
DA:310,0
DA:319,45
DA:326,2
DA:327,2
DA:328,2
DA:331,2
DA:333,0
DA:341,3
DA:344,3
DA:345,0
DA:349,3
DA:350,0
DA:354,3
DA:355,0
DA:360,3
DA:361,0
DA:371,100
DA:374,100
DA:375,0
DA:379,100
DA:380,0
DA:387,100
DA:388,0
DA:396,0
DA:397,0
DA:398,0
DA:405,0
DA:413,0
DA:414,0
DA:421,0
DA:437,0
DA:444,0
DA:445,0
DA:454,0
DA:470,0
DA:471,0
DA:472,0
DA:474,0
DA:482,2
DA:483,2
DA:484,2
DA:486,0
DA:494,1
DA:495,1
DA:496,1
DA:499,1
DA:501,0
DA:509,0
DA:516,0
DA:531,0
DA:543,0
DA:544,0
DA:557,0
DA:572,0
DA:573,0
LF:116
LH:46
BRDA:65,0,0,0
BRDA:65,1,0,0
BRDA:65,1,1,0
BRDA:190,2,0,0
BRDA:240,3,0,0
BRDA:270,4,0,0
BRDA:275,5,0,0
BRDA:344,6,0,0
BRDA:344,7,0,3
BRDA:344,7,1,3
BRDA:349,8,0,0
BRDA:349,9,0,3
BRDA:349,9,1,3
BRDA:354,10,0,0
BRDA:354,11,0,3
BRDA:354,11,1,3
BRDA:360,12,0,0
BRDA:374,13,0,0
BRDA:374,14,0,100
BRDA:374,14,1,100
BRDA:379,15,0,0
BRDA:379,16,0,100
BRDA:379,16,1,100
BRDA:387,17,0,0
BRDA:399,18,0,0
BRDA:399,18,1,0
BRDA:399,18,2,0
BRDA:399,18,3,0
BRDA:415,19,0,0
BRDA:415,19,1,0
BRDA:415,19,2,0
BRDA:415,19,3,0
BRDA:572,20,0,0
BRF:33
BRH:10
end_of_record
TN:
SF:src\domain\entities\HealthcareRole.ts
FN:63,(anonymous_0)
FN:67,(anonymous_1)
FN:100,(anonymous_2)
FN:150,(anonymous_3)
FN:154,(anonymous_4)
FN:158,(anonymous_5)
FN:162,(anonymous_6)
FN:166,(anonymous_7)
FN:170,(anonymous_8)
FN:177,(anonymous_9)
FN:184,(anonymous_10)
FN:191,(anonymous_11)
FN:198,(anonymous_12)
FN:213,(anonymous_13)
FNF:14
FNH:3
FNDA:100,(anonymous_0)
FNDA:0,(anonymous_1)
FNDA:100,(anonymous_2)
FNDA:132,(anonymous_3)
FNDA:0,(anonymous_4)
FNDA:0,(anonymous_5)
FNDA:0,(anonymous_6)
FNDA:0,(anonymous_7)
FNDA:0,(anonymous_8)
FNDA:0,(anonymous_9)
FNDA:0,(anonymous_10)
FNDA:0,(anonymous_11)
FNDA:0,(anonymous_12)
FNDA:0,(anonymous_13)
DA:14,10
DA:62,10
DA:64,100
DA:74,0
DA:101,100
DA:134,100
DA:135,100
DA:136,0
DA:139,100
DA:151,132
DA:155,0
DA:159,0
DA:163,0
DA:167,0
DA:171,0
DA:178,0
DA:185,0
DA:192,0
DA:199,0
DA:200,0
DA:202,0
DA:203,0
DA:205,0
DA:206,0
DA:214,0
LF:25
LH:8
BRDA:72,0,0,0
BRDA:135,1,0,0
BRDA:192,2,0,0
BRDA:192,2,1,0
BRDA:199,3,0,0
BRDA:202,4,0,0
BRDA:202,5,0,0
BRDA:202,5,1,0
BRDA:205,6,0,0
BRDA:205,7,0,0
BRDA:205,7,1,0
BRF:11
BRH:0
end_of_record
TN:
SF:src\domain\entities\PendingRegistration.ts
FN:49,(anonymous_0)
FN:57,(anonymous_1)
FN:87,(anonymous_2)
FN:113,(anonymous_3)
FN:138,(anonymous_4)
FN:145,(anonymous_5)
FN:158,(anonymous_6)
FN:162,(anonymous_7)
FN:166,(anonymous_8)
FN:170,(anonymous_9)
FN:174,(anonymous_10)
FN:178,(anonymous_11)
FN:182,(anonymous_12)
FN:186,(anonymous_13)
FN:193,(anonymous_14)
FN:203,(anonymous_15)
FN:213,(anonymous_16)
FN:224,(anonymous_17)
FN:231,(anonymous_18)
FN:239,(anonymous_19)
FN:246,(anonymous_20)
FN:253,(anonymous_21)
FNF:22
FNH:13
FNDA:40,(anonymous_0)
FNDA:34,(anonymous_1)
FNDA:6,(anonymous_2)
FNDA:40,(anonymous_3)
FNDA:7,(anonymous_4)
FNDA:0,(anonymous_5)
FNDA:135,(anonymous_6)
FNDA:37,(anonymous_7)
FNDA:69,(anonymous_8)
FNDA:34,(anonymous_9)
FNDA:119,(anonymous_10)
FNDA:34,(anonymous_11)
FNDA:0,(anonymous_12)
FNDA:35,(anonymous_13)
FNDA:0,(anonymous_14)
FNDA:0,(anonymous_15)
FNDA:0,(anonymous_16)
FNDA:0,(anonymous_17)
FNDA:0,(anonymous_18)
FNDA:5,(anonymous_19)
FNDA:0,(anonymous_20)
FNDA:0,(anonymous_21)
DA:15,11
DA:16,11
DA:17,11
DA:48,11
DA:50,40
DA:51,40
DA:65,34
DA:66,0
DA:69,34
DA:70,34
DA:72,34
DA:98,6
DA:114,40
DA:115,0
DA:118,40
DA:119,0
DA:122,40
DA:123,0
DA:126,40
DA:127,0
DA:130,40
DA:131,0
DA:139,7
DA:146,0
DA:147,0
DA:150,0
DA:151,0
DA:154,0
DA:159,135
DA:163,37
DA:167,69
DA:171,34
DA:175,119
DA:179,34
DA:183,0
DA:187,35
DA:194,0
DA:195,0
DA:197,0
DA:204,0
DA:205,0
DA:207,0
DA:214,0
DA:215,0
DA:217,0
DA:218,0
DA:225,0
DA:232,0
DA:233,0
DA:240,5
DA:247,0
DA:254,0
LF:52
LH:25
BRDA:62,0,0,0
BRDA:65,1,0,0
BRDA:106,2,0,6
BRDA:106,2,1,0
BRDA:114,3,0,0
BRDA:118,4,0,0
BRDA:118,5,0,40
BRDA:118,5,1,40
BRDA:122,6,0,0
BRDA:122,7,0,40
BRDA:122,7,1,40
BRDA:126,8,0,0
BRDA:126,9,0,40
BRDA:126,9,1,40
BRDA:130,10,0,0
BRDA:130,11,0,40
BRDA:130,11,1,40
BRDA:146,12,0,0
BRDA:150,13,0,0
BRDA:187,14,0,35
BRDA:187,14,1,0
BRDA:194,15,0,0
BRDA:204,16,0,0
BRDA:214,17,0,0
BRDA:240,18,0,5
BRDA:240,18,1,3
BRF:26
BRH:12
end_of_record
TN:
SF:src\domain\entities\UserSession.ts
FN:33,(anonymous_0)
FN:37,(anonymous_1)
FN:62,(anonymous_2)
FN:88,(anonymous_3)
FN:92,(anonymous_4)
FN:96,(anonymous_5)
FN:100,(anonymous_6)
FN:104,(anonymous_7)
FN:108,(anonymous_8)
FN:112,(anonymous_9)
FN:116,(anonymous_10)
FN:120,(anonymous_11)
FN:127,(anonymous_12)
FN:134,(anonymous_13)
FN:141,(anonymous_14)
FN:148,(anonymous_15)
FN:163,(anonymous_16)
FNF:17
FNH:11
FNDA:41,(anonymous_0)
FNDA:0,(anonymous_1)
FNDA:41,(anonymous_2)
FNDA:68,(anonymous_3)
FNDA:33,(anonymous_4)
FNDA:39,(anonymous_5)
FNDA:78,(anonymous_6)
FNDA:72,(anonymous_7)
FNDA:39,(anonymous_8)
FNDA:33,(anonymous_9)
FNDA:6,(anonymous_10)
FNDA:6,(anonymous_11)
FNDA:0,(anonymous_12)
FNDA:0,(anonymous_13)
FNDA:0,(anonymous_14)
FNDA:0,(anonymous_15)
FNDA:0,(anonymous_16)
DA:9,10
DA:10,10
DA:32,10
DA:34,41
DA:45,0
DA:46,0
DA:74,41
DA:89,68
DA:93,33
DA:97,39
DA:101,78
DA:105,72
DA:109,39
DA:113,33
DA:117,6
DA:121,6
DA:128,0
DA:135,0
DA:142,0
DA:149,0
DA:150,0
DA:152,0
DA:153,0
DA:155,0
DA:156,0
DA:164,0
LF:26
LH:14
BRDA:149,0,0,0
BRDA:152,1,0,0
BRDA:155,2,0,0
BRF:3
BRH:0
end_of_record
TN:
SF:src\domain\events\PendingRegistrationCreatedEvent.ts
FN:24,(anonymous_0)
FN:65,(anonymous_1)
FN:72,(anonymous_2)
FN:79,(anonymous_3)
FN:93,(anonymous_4)
FNF:5
FNH:1
FNDA:7,(anonymous_0)
FNDA:0,(anonymous_1)
FNDA:0,(anonymous_2)
FNDA:0,(anonymous_3)
FNDA:0,(anonymous_4)
DA:10,10
DA:20,10
DA:21,7
DA:31,7
DA:53,7
DA:66,0
DA:73,0
DA:80,0
DA:87,0
DA:94,0
LF:10
LH:5
BRF:0
BRH:0
end_of_record
TN:
SF:src\domain\events\StaffInvitationCreatedEvent.ts
FN:12,(anonymous_0)
FN:27,(anonymous_1)
FN:37,(anonymous_2)
FN:41,(anonymous_3)
FNF:4
FNH:0
FNDA:0,(anonymous_0)
FNDA:0,(anonymous_1)
FNDA:0,(anonymous_2)
FNDA:0,(anonymous_3)
DA:9,9
DA:11,9
DA:13,0
DA:14,0
DA:15,0
DA:16,0
DA:17,0
DA:19,0
DA:28,0
DA:38,0
DA:42,0
LF:11
LH:2
BRF:0
BRH:0
end_of_record
TN:
SF:src\domain\events\UserActivatedEvent.ts
FN:12,(anonymous_0)
FN:25,(anonymous_1)
FN:33,(anonymous_2)
FN:37,(anonymous_3)
FNF:4
FNH:1
FNDA:2,(anonymous_0)
FNDA:0,(anonymous_1)
FNDA:0,(anonymous_2)
FNDA:0,(anonymous_3)
DA:9,10
DA:11,10
DA:13,2
DA:14,2
DA:15,2
DA:17,2
DA:26,0
DA:34,0
DA:38,0
LF:9
LH:6
BRF:0
BRH:0
end_of_record
TN:
SF:src\domain\events\UserAuthenticatedEvent.ts
FN:13,(anonymous_0)
FN:31,(anonymous_1)
FN:40,(anonymous_2)
FN:44,(anonymous_3)
FNF:4
FNH:1
FNDA:33,(anonymous_0)
FNDA:0,(anonymous_1)
FNDA:0,(anonymous_2)
FNDA:0,(anonymous_3)
DA:9,10
DA:12,10
DA:14,33
DA:15,33
DA:16,33
DA:17,33
DA:19,33
DA:32,0
DA:41,0
DA:45,0
LF:10
LH:7
BRF:0
BRH:0
end_of_record
TN:
SF:src\domain\events\UserCreatedEvent.ts
FN:15,(anonymous_0)
FN:32,(anonymous_1)
FN:40,(anonymous_2)
FN:44,(anonymous_3)
FNF:4
FNH:0
FNDA:0,(anonymous_0)
FNDA:0,(anonymous_1)
FNDA:0,(anonymous_2)
FNDA:0,(anonymous_3)
DA:9,10
DA:14,10
DA:16,0
DA:17,0
DA:18,0
DA:20,0
DA:33,0
DA:41,0
DA:45,0
LF:9
LH:2
BRF:0
BRH:0
end_of_record
TN:
SF:src\domain\events\UserLoggedOutEvent.ts
FN:12,(anonymous_0)
FN:25,(anonymous_1)
FN:33,(anonymous_2)
FN:37,(anonymous_3)
FNF:4
FNH:1
FNDA:1,(anonymous_0)
FNDA:0,(anonymous_1)
FNDA:0,(anonymous_2)
FNDA:0,(anonymous_3)
DA:9,9
DA:11,9
DA:13,1
DA:14,1
DA:15,1
DA:17,1
DA:26,0
DA:34,0
DA:38,0
LF:9
LH:6
BRF:0
BRH:0
end_of_record
TN:
SF:src\domain\events\UserRoleChangedEvent.ts
FN:14,(anonymous_0)
FN:32,(anonymous_1)
FN:41,(anonymous_2)
FN:45,(anonymous_3)
FNF:4
FNH:0
FNDA:0,(anonymous_0)
FNDA:0,(anonymous_1)
FNDA:0,(anonymous_2)
FNDA:0,(anonymous_3)
DA:9,10
DA:13,10
DA:15,0
DA:16,0
DA:17,0
DA:18,0
DA:20,0
DA:33,0
DA:42,0
DA:46,0
LF:10
LH:2
BRF:0
BRH:0
end_of_record
TN:
SF:src\domain\value-objects\Email.ts
FN:17,(anonymous_0)
FN:24,(anonymous_1)
FN:32,(anonymous_2)
FN:59,(anonymous_3)
FN:67,(anonymous_4)
FN:71,(anonymous_5)
FN:75,(anonymous_6)
FN:80,(anonymous_7)
FN:88,(anonymous_8)
FN:97,(anonymous_9)
FN:113,(anonymous_10)
FN:119,(anonymous_11)
FN:123,(anonymous_12)
FN:131,(anonymous_13)
FN:156,(anonymous_14)
FN:171,(anonymous_15)
FN:181,(anonymous_16)
FNF:17
FNH:10
FNDA:296,(anonymous_0)
FNDA:296,(anonymous_1)
FNDA:296,(anonymous_2)
FNDA:100,(anonymous_3)
FNDA:103,(anonymous_4)
FNDA:363,(anonymous_5)
FNDA:177,(anonymous_6)
FNDA:177,(anonymous_7)
FNDA:399,(anonymous_8)
FNDA:0,(anonymous_9)
FNDA:0,(anonymous_10)
FNDA:0,(anonymous_11)
FNDA:0,(anonymous_12)
FNDA:0,(anonymous_13)
FNDA:177,(anonymous_14)
FNDA:0,(anonymous_15)
FNDA:0,(anonymous_16)
DA:10,11
DA:16,11
DA:18,296
DA:33,296
DA:34,296
DA:35,0
DA:38,296
DA:40,296
DA:41,0
DA:44,296
DA:45,0
DA:48,296
DA:50,0
DA:51,0
DA:61,100
DA:68,103
DA:72,363
DA:76,177
DA:77,177
DA:81,177
DA:82,177
DA:90,399
DA:91,399
DA:98,0
DA:107,0
DA:114,0
DA:115,0
DA:118,0
DA:119,0
DA:122,0
DA:123,0
DA:125,0
DA:132,0
DA:134,0
DA:135,0
DA:138,0
DA:139,0
DA:142,0
DA:143,0
DA:146,0
DA:147,0
DA:150,0
DA:157,177
DA:158,177
DA:160,177
DA:161,0
DA:164,177
DA:165,177
DA:172,0
DA:173,0
DA:175,0
DA:182,0
LF:52
LH:23
BRDA:34,0,0,0
BRDA:34,1,0,296
BRDA:34,1,1,296
BRDA:40,2,0,0
BRDA:44,3,0,0
BRDA:50,4,0,0
BRDA:50,4,1,0
BRDA:77,5,0,177
BRDA:77,5,1,0
BRDA:82,6,0,177
BRDA:82,6,1,0
BRDA:125,7,0,0
BRDA:125,7,1,0
BRDA:125,7,2,0
BRDA:134,8,0,0
BRDA:134,9,0,0
BRDA:134,9,1,0
BRDA:138,10,0,0
BRDA:138,11,0,0
BRDA:138,11,1,0
BRDA:138,11,2,0
BRDA:142,12,0,0
BRDA:142,13,0,0
BRDA:142,13,1,0
BRDA:146,14,0,0
BRDA:160,15,0,0
BRDA:172,16,0,0
BRDA:172,17,0,0
BRDA:172,17,1,0
BRF:29
BRH:4
end_of_record
TN:
SF:src\domain\value-objects\EmailVerificationToken.ts
FN:28,(anonymous_9)
FN:35,(anonymous_10)
FN:43,(anonymous_11)
FN:72,(anonymous_12)
FN:122,(anonymous_13)
FN:157,(anonymous_14)
FN:164,(anonymous_15)
FN:171,(anonymous_16)
FN:178,(anonymous_17)
FN:185,(anonymous_18)
FN:194,(anonymous_19)
FN:203,(anonymous_20)
FNF:12
FNH:5
FNDA:12,(anonymous_9)
FNDA:12,(anonymous_10)
FNDA:0,(anonymous_11)
FNDA:12,(anonymous_12)
FNDA:23,(anonymous_13)
FNDA:0,(anonymous_14)
FNDA:22,(anonymous_15)
FNDA:0,(anonymous_16)
FNDA:0,(anonymous_17)
FNDA:0,(anonymous_18)
FNDA:0,(anonymous_19)
FNDA:0,(anonymous_20)
DA:10,10
DA:12,10
DA:27,10
DA:29,12
DA:44,0
DA:45,0
DA:46,0
DA:49,0
DA:50,0
DA:53,0
DA:54,0
DA:57,0
DA:63,0
DA:64,0
DA:78,12
DA:79,12
DA:80,0
DA:83,12
DA:84,0
DA:87,12
DA:88,0
DA:91,12
DA:92,0
DA:95,12
DA:96,12
DA:98,12
DA:105,12
DA:107,12
DA:113,0
DA:114,0
DA:123,23
DA:124,23
DA:125,0
DA:128,23
DA:129,0
DA:132,23
DA:134,8
DA:135,0
DA:138,8
DA:143,15
DA:144,0
DA:146,15
DA:147,15
DA:149,0
DA:150,0
DA:158,0
DA:165,22
DA:172,0
DA:179,0
DA:186,0
DA:187,0
DA:188,0
DA:195,0
DA:196,0
DA:197,0
DA:204,0
DA:205,0
DA:207,0
LF:58
LH:24
BRDA:45,0,0,0
BRDA:45,1,0,0
BRDA:45,1,1,0
BRDA:49,2,0,0
BRDA:53,3,0,0
BRDA:53,4,0,0
BRDA:53,4,1,0
BRDA:63,5,0,0
BRDA:63,5,1,0
BRDA:76,6,0,0
BRDA:79,7,0,0
BRDA:79,8,0,12
BRDA:79,8,1,12
BRDA:83,9,0,0
BRDA:87,10,0,0
BRDA:87,11,0,12
BRDA:87,11,1,12
BRDA:91,12,0,0
BRDA:91,13,0,12
BRDA:91,13,1,12
BRDA:113,14,0,0
BRDA:113,14,1,0
BRDA:124,15,0,0
BRDA:124,16,0,23
BRDA:124,16,1,23
BRDA:128,17,0,0
BRDA:128,18,0,23
BRDA:128,18,1,23
BRDA:134,19,0,0
BRDA:143,20,0,0
BRDA:146,21,0,15
BRDA:149,22,0,0
BRDA:149,22,1,0
BRDA:204,23,0,0
BRF:34
BRH:11
end_of_record
TN:
SF:src\domain\value-objects\PasswordPolicy.ts
FN:37,(anonymous_0)
FN:52,(anonymous_1)
FN:85,(anonymous_2)
FN:102,(anonymous_3)
FN:139,(anonymous_4)
FN:153,(anonymous_5)
FN:157,(anonymous_6)
FN:161,(anonymous_7)
FN:165,(anonymous_8)
FN:169,(anonymous_9)
FN:173,(anonymous_10)
FN:177,(anonymous_11)
FN:181,(anonymous_12)
FN:185,(anonymous_13)
FN:192,(anonymous_14)
FN:209,(anonymous_15)
FNF:16
FNH:3
FNDA:1,(anonymous_0)
FNDA:1,(anonymous_1)
FNDA:0,(anonymous_2)
FNDA:1,(anonymous_3)
FNDA:0,(anonymous_4)
FNDA:0,(anonymous_5)
FNDA:0,(anonymous_6)
FNDA:0,(anonymous_7)
FNDA:0,(anonymous_8)
FNDA:0,(anonymous_9)
FNDA:0,(anonymous_10)
FNDA:0,(anonymous_11)
FNDA:0,(anonymous_12)
FNDA:0,(anonymous_13)
FNDA:0,(anonymous_14)
FNDA:0,(anonymous_15)
DA:26,9
DA:38,1
DA:39,1
DA:40,1
DA:41,1
DA:42,1
DA:43,1
DA:44,1
DA:45,1
DA:46,1
DA:54,1
DA:55,0
DA:57,1
DA:58,0
DA:62,1
DA:63,0
DA:64,0
DA:66,0
DA:67,0
DA:72,1
DA:73,0
DA:75,1
DA:76,0
DA:79,1
DA:86,0
DA:103,1
DA:106,1
DA:107,0
DA:111,1
DA:112,0
DA:116,1
DA:117,0
DA:121,1
DA:122,0
DA:126,1
DA:127,0
DA:130,1
DA:140,0
DA:142,0
DA:144,0
DA:145,0
DA:146,0
DA:147,0
DA:149,0
DA:154,0
DA:158,0
DA:162,0
DA:166,0
DA:170,0
DA:174,0
DA:178,0
DA:182,0
DA:186,0
DA:193,0
DA:210,0
LF:55
LH:23
BRDA:45,0,0,1
BRDA:45,0,1,0
BRDA:46,1,0,1
BRDA:46,1,1,0
BRDA:54,2,0,0
BRDA:57,3,0,0
BRDA:62,4,0,0
BRDA:63,5,0,0
BRDA:66,6,0,0
BRDA:72,7,0,0
BRDA:75,8,0,0
BRDA:106,9,0,0
BRDA:111,10,0,0
BRDA:111,11,0,1
BRDA:111,11,1,1
BRDA:116,12,0,0
BRDA:116,13,0,1
BRDA:116,13,1,1
BRDA:121,14,0,0
BRDA:121,15,0,1
BRDA:121,15,1,1
BRDA:126,16,0,0
BRDA:126,17,0,1
BRDA:126,17,1,0
BRDA:144,18,0,0
BRDA:145,19,0,0
BRDA:146,20,0,0
BRDA:147,21,0,0
BRDA:202,22,0,0
BRDA:202,22,1,0
BRDA:211,23,0,0
BRDA:211,23,1,0
BRDA:211,23,2,0
BRDA:211,23,3,0
BRDA:211,23,4,0
BRDA:211,23,5,0
BRDA:211,23,6,0
BRF:37
BRH:9
end_of_record
TN:
SF:src\domain\value-objects\Permission.ts
FN:31,(anonymous_0)
FN:54,(anonymous_1)
FN:110,(anonymous_2)
FN:134,(anonymous_3)
FN:154,(anonymous_4)
FN:155,(anonymous_5)
FN:167,(anonymous_6)
FN:180,(anonymous_7)
FN:193,(anonymous_8)
FN:208,(anonymous_9)
FN:229,(anonymous_10)
FN:250,(anonymous_11)
FN:274,(anonymous_12)
FN:293,(anonymous_13)
FN:309,(anonymous_14)
FNF:15
FNH:0
FNDA:0,(anonymous_0)
FNDA:0,(anonymous_1)
FNDA:0,(anonymous_2)
FNDA:0,(anonymous_3)
FNDA:0,(anonymous_4)
FNDA:0,(anonymous_5)
FNDA:0,(anonymous_6)
FNDA:0,(anonymous_7)
FNDA:0,(anonymous_8)
FNDA:0,(anonymous_9)
FNDA:0,(anonymous_10)
FNDA:0,(anonymous_11)
FNDA:0,(anonymous_12)
FNDA:0,(anonymous_13)
FNDA:0,(anonymous_14)
DA:26,9
DA:28,9
DA:29,9
DA:32,0
DA:33,0
DA:34,0
DA:36,0
DA:55,0
DA:56,0
DA:59,0
DA:62,0
DA:63,0
DA:67,0
DA:68,0
DA:76,0
DA:77,0
DA:78,0
DA:84,0
DA:86,0
DA:87,0
DA:93,0
DA:111,0
DA:112,0
DA:115,0
DA:116,0
DA:119,0
DA:120,0
DA:135,0
DA:155,0
DA:168,0
DA:181,0
DA:194,0
DA:209,0
DA:230,0
DA:231,0
DA:234,0
DA:251,0
DA:252,0
DA:255,0
DA:275,0
DA:276,0
DA:279,0
DA:294,0
DA:310,0
LF:44
LH:3
BRDA:55,0,0,0
BRDA:55,1,0,0
BRDA:55,1,1,0
BRDA:62,2,0,0
BRDA:67,3,0,0
BRDA:77,4,0,0
BRDA:86,5,0,0
BRDA:86,6,0,0
BRDA:86,6,1,0
BRDA:111,7,0,0
BRDA:111,8,0,0
BRDA:111,8,1,0
BRDA:115,9,0,0
BRDA:115,10,0,0
BRDA:115,10,1,0
BRDA:230,11,0,0
BRDA:234,12,0,0
BRDA:234,12,1,0
BRDA:251,13,0,0
BRDA:275,14,0,0
BRF:20
BRH:0
end_of_record
TN:
SF:src\domain\value-objects\PersonalInfo.ts
FN:23,(anonymous_0)
FN:30,(anonymous_1)
FN:51,(anonymous_2)
FN:68,(anonymous_3)
FN:74,(anonymous_4)
FN:81,(anonymous_5)
FN:85,(anonymous_6)
FN:89,(anonymous_7)
FN:93,(anonymous_8)
FN:97,(anonymous_9)
FN:101,(anonymous_10)
FN:105,(anonymous_11)
FN:109,(anonymous_12)
FN:116,(anonymous_13)
FN:130,(anonymous_14)
FN:137,(anonymous_15)
FN:144,(anonymous_16)
FNF:17
FNH:14
FNDA:102,(anonymous_0)
FNDA:102,(anonymous_1)
FNDA:102,(anonymous_2)
FNDA:102,(anonymous_3)
FNDA:64,(anonymous_4)
FNDA:57,(anonymous_5)
FNDA:55,(anonymous_6)
FNDA:9,(anonymous_7)
FNDA:9,(anonymous_8)
FNDA:9,(anonymous_9)
FNDA:9,(anonymous_10)
FNDA:5,(anonymous_11)
FNDA:5,(anonymous_12)
FNDA:3,(anonymous_13)
FNDA:0,(anonymous_14)
FNDA:0,(anonymous_15)
FNDA:0,(anonymous_16)
DA:9,10
DA:22,10
DA:24,102
DA:32,102
DA:33,0
DA:36,102
DA:37,0
DA:41,102
DA:42,0
DA:46,102
DA:47,0
DA:52,102
DA:70,102
DA:71,102
DA:76,64
DA:77,64
DA:82,57
DA:86,55
DA:90,9
DA:94,9
DA:98,9
DA:102,9
DA:106,5
DA:110,5
DA:117,3
DA:131,0
DA:138,0
DA:145,0
DA:146,0
DA:149,0
DA:150,0
DA:151,0
DA:152,0
DA:154,0
DA:155,0
DA:158,0
LF:36
LH:21
BRDA:32,0,0,0
BRDA:32,1,0,102
BRDA:32,1,1,102
BRDA:36,2,0,0
BRDA:41,3,0,0
BRDA:41,4,0,102
BRDA:41,4,1,102
BRDA:46,5,0,0
BRDA:46,6,0,102
BRDA:46,6,1,64
BRDA:118,7,0,3
BRDA:118,7,1,3
BRDA:118,7,2,3
BRDA:118,7,3,3
BRDA:118,7,4,3
BRDA:118,7,5,3
BRDA:131,8,0,0
BRDA:131,8,1,0
BRDA:138,9,0,0
BRDA:138,9,1,0
BRDA:145,10,0,0
BRDA:154,11,0,0
BRDA:154,12,0,0
BRDA:154,12,1,0
BRDA:154,12,2,0
BRF:25
BRH:12
end_of_record
TN:
SF:src\domain\value-objects\RecoveryAttempt.ts
FN:40,(anonymous_0)
FN:56,(anonymous_1)
FN:104,(anonymous_2)
FN:126,(anonymous_3)
FN:149,(anonymous_4)
FN:156,(anonymous_5)
FN:163,(anonymous_6)
FN:170,(anonymous_7)
FN:177,(anonymous_8)
FN:184,(anonymous_9)
FN:189,(anonymous_10)
FN:193,(anonymous_11)
FN:197,(anonymous_12)
FN:201,(anonymous_13)
FN:205,(anonymous_14)
FN:209,(anonymous_15)
FN:213,(anonymous_16)
FN:217,(anonymous_17)
FN:221,(anonymous_18)
FN:228,(anonymous_19)
FN:255,(anonymous_20)
FN:276,(anonymous_21)
FN:292,(anonymous_22)
FNF:23
FNH:0
FNDA:0,(anonymous_0)
FNDA:0,(anonymous_1)
FNDA:0,(anonymous_2)
FNDA:0,(anonymous_3)
FNDA:0,(anonymous_4)
FNDA:0,(anonymous_5)
FNDA:0,(anonymous_6)
FNDA:0,(anonymous_7)
FNDA:0,(anonymous_8)
FNDA:0,(anonymous_9)
FNDA:0,(anonymous_10)
FNDA:0,(anonymous_11)
FNDA:0,(anonymous_12)
FNDA:0,(anonymous_13)
FNDA:0,(anonymous_14)
FNDA:0,(anonymous_15)
FNDA:0,(anonymous_16)
FNDA:0,(anonymous_17)
FNDA:0,(anonymous_18)
FNDA:0,(anonymous_19)
FNDA:0,(anonymous_20)
FNDA:0,(anonymous_21)
FNDA:0,(anonymous_22)
DA:29,9
DA:41,0
DA:42,0
DA:43,0
DA:44,0
DA:45,0
DA:46,0
DA:47,0
DA:48,0
DA:49,0
DA:58,0
DA:59,0
DA:63,0
DA:64,0
DA:65,0
DA:69,0
DA:70,0
DA:71,0
DA:75,0
DA:76,0
DA:79,0
DA:80,0
DA:84,0
DA:85,0
DA:89,0
DA:90,0
DA:94,0
DA:95,0
DA:98,0
DA:111,0
DA:134,0
DA:150,0
DA:157,0
DA:164,0
DA:171,0
DA:178,0
DA:185,0
DA:190,0
DA:194,0
DA:198,0
DA:202,0
DA:206,0
DA:210,0
DA:214,0
DA:218,0
DA:222,0
DA:239,0
DA:256,0
DA:257,0
DA:262,0
DA:264,0
DA:266,0
DA:267,0
DA:270,0
DA:277,0
DA:279,0
DA:281,0
DA:283,0
DA:285,0
DA:293,0
DA:295,0
DA:297,0
DA:299,0
LF:63
LH:1
BRDA:46,0,0,0
BRDA:46,0,1,0
BRDA:47,1,0,0
BRDA:47,1,1,0
BRDA:48,2,0,0
BRDA:48,2,1,0
BRDA:58,3,0,0
BRDA:58,4,0,0
BRDA:58,4,1,0
BRDA:64,5,0,0
BRDA:70,6,0,0
BRDA:75,7,0,0
BRDA:75,8,0,0
BRDA:75,8,1,0
BRDA:79,9,0,0
BRDA:79,10,0,0
BRDA:79,10,1,0
BRDA:84,11,0,0
BRDA:89,12,0,0
BRDA:89,13,0,0
BRDA:89,13,1,0
BRDA:94,14,0,0
BRDA:94,15,0,0
BRDA:94,15,1,0
BRDA:117,16,0,0
BRDA:117,16,1,0
BRDA:118,17,0,0
BRDA:118,17,1,0
BRDA:140,18,0,0
BRDA:140,18,1,0
BRDA:141,19,0,0
BRDA:141,19,1,0
BRDA:256,20,0,0
BRDA:256,20,1,0
BRDA:257,21,0,0
BRDA:257,21,1,0
BRDA:259,22,0,0
BRDA:259,22,1,0
BRDA:262,23,0,0
BRDA:262,23,1,0
BRDA:266,24,0,0
BRDA:266,25,0,0
BRDA:266,25,1,0
BRDA:277,26,0,0
BRDA:277,26,1,0
BRDA:277,26,2,0
BRDA:277,26,3,0
BRDA:293,27,0,0
BRDA:293,27,1,0
BRDA:293,27,2,0
BRF:50
BRH:0
end_of_record
TN:
SF:src\domain\value-objects\RecoveryMethod.ts
FN:35,(anonymous_0)
FN:49,(anonymous_1)
FN:90,(anonymous_2)
FN:106,(anonymous_3)
FN:122,(anonymous_4)
FN:146,(anonymous_5)
FN:161,(anonymous_6)
FN:168,(anonymous_7)
FN:175,(anonymous_8)
FN:180,(anonymous_9)
FN:184,(anonymous_10)
FN:188,(anonymous_11)
FN:192,(anonymous_12)
FN:196,(anonymous_13)
FN:200,(anonymous_14)
FN:204,(anonymous_15)
FN:211,(anonymous_16)
FN:236,(anonymous_17)
FN:250,(anonymous_18)
FNF:19
FNH:0
FNDA:0,(anonymous_0)
FNDA:0,(anonymous_1)
FNDA:0,(anonymous_2)
FNDA:0,(anonymous_3)
FNDA:0,(anonymous_4)
FNDA:0,(anonymous_5)
FNDA:0,(anonymous_6)
FNDA:0,(anonymous_7)
FNDA:0,(anonymous_8)
FNDA:0,(anonymous_9)
FNDA:0,(anonymous_10)
FNDA:0,(anonymous_11)
FNDA:0,(anonymous_12)
FNDA:0,(anonymous_13)
FNDA:0,(anonymous_14)
FNDA:0,(anonymous_15)
FNDA:0,(anonymous_16)
FNDA:0,(anonymous_17)
FNDA:0,(anonymous_18)
DA:10,9
DA:26,9
DA:36,0
DA:37,0
DA:38,0
DA:39,0
DA:40,0
DA:41,0
DA:42,0
DA:51,0
DA:52,0
DA:56,0
DA:63,0
DA:64,0
DA:67,0
DA:68,0
DA:72,0
DA:73,0
DA:76,0
DA:77,0
DA:80,0
DA:81,0
DA:84,0
DA:91,0
DA:107,0
DA:123,0
DA:124,0
DA:127,0
DA:128,0
DA:131,0
DA:147,0
DA:162,0
DA:169,0
DA:176,0
DA:181,0
DA:185,0
DA:189,0
DA:193,0
DA:197,0
DA:201,0
DA:205,0
DA:220,0
DA:237,0
DA:239,0
DA:251,0
DA:252,0
DA:255,0
DA:256,0
DA:259,0
LF:49
LH:2
BRDA:37,0,0,0
BRDA:37,0,1,0
BRDA:39,1,0,0
BRDA:39,1,1,0
BRDA:41,2,0,0
BRDA:41,2,1,0
BRDA:51,3,0,0
BRDA:51,4,0,0
BRDA:51,4,1,0
BRDA:56,5,0,0
BRDA:63,6,0,0
BRDA:63,7,0,0
BRDA:63,7,1,0
BRDA:67,8,0,0
BRDA:67,9,0,0
BRDA:67,9,1,0
BRDA:72,10,0,0
BRDA:76,11,0,0
BRDA:80,12,0,0
BRDA:123,13,0,0
BRDA:127,14,0,0
BRDA:176,15,0,0
BRDA:176,15,1,0
BRDA:222,16,0,0
BRDA:222,16,1,0
BRDA:224,17,0,0
BRDA:224,17,1,0
BRDA:237,18,0,0
BRDA:240,19,0,0
BRDA:240,19,1,0
BRDA:240,19,2,0
BRDA:240,19,3,0
BRDA:251,20,0,0
BRDA:255,21,0,0
BRF:34
BRH:0
end_of_record
TN:
SF:src\domain\value-objects\UserId.ts
FN:17,(anonymous_0)
FN:24,(anonymous_1)
FN:30,(anonymous_2)
FN:34,(anonymous_3)
FN:47,(anonymous_4)
FN:55,(anonymous_5)
FN:59,(anonymous_6)
FN:63,(anonymous_7)
FNF:8
FNH:4
FNDA:291,(anonymous_0)
FNDA:291,(anonymous_1)
FNDA:0,(anonymous_2)
FNDA:0,(anonymous_3)
FNDA:0,(anonymous_4)
FNDA:291,(anonymous_5)
FNDA:742,(anonymous_6)
FNDA:0,(anonymous_7)
DA:9,10
DA:10,10
DA:16,10
DA:18,291
DA:25,291
DA:26,0
DA:31,0
DA:35,0
DA:36,0
DA:37,0
DA:39,0
DA:40,0
DA:41,0
DA:43,0
DA:44,0
DA:48,0
DA:56,291
DA:60,742
DA:64,0
LF:19
LH:7
BRDA:25,0,0,0
BRDA:25,1,0,291
BRDA:25,1,1,291
BRF:3
BRH:2
end_of_record
TN:
SF:src\infrastructure\config.ts
FNF:0
FNH:0
DA:9,9
LF:1
LH:1
BRDA:10,0,0,9
BRDA:10,0,1,9
BRDA:11,1,0,9
BRDA:11,1,1,0
BRDA:12,2,0,9
BRDA:12,2,1,0
BRDA:13,3,0,9
BRDA:13,3,1,0
BRDA:13,3,2,0
BRDA:14,4,0,9
BRDA:14,4,1,0
BRDA:17,5,0,9
BRDA:17,5,1,9
BRF:13
BRH:8
end_of_record
TN:
SF:src\infrastructure\auth\SupabaseAuthClient.ts
FN:29,(anonymous_0)
FN:49,(anonymous_1)
FN:140,(anonymous_2)
FN:169,(anonymous_3)
FN:182,(anonymous_4)
FN:211,(anonymous_5)
FN:228,(anonymous_6)
FN:276,(anonymous_7)
FNF:8
FNH:3
FNDA:18,(anonymous_0)
FNDA:3,(anonymous_1)
FNDA:0,(anonymous_2)
FNDA:0,(anonymous_3)
FNDA:0,(anonymous_4)
FNDA:0,(anonymous_5)
FNDA:0,(anonymous_6)
FNDA:43,(anonymous_7)
DA:10,9
DA:11,9
DA:12,9
DA:26,9
DA:31,18
DA:33,18
DA:50,3
DA:52,3
DA:53,0
DA:60,3
DA:65,3
DA:70,3
DA:71,3
DA:75,3
DA:82,0
DA:83,0
DA:91,0
DA:94,0
DA:114,0
DA:116,0
DA:122,0
DA:125,0
DA:129,0
DA:143,0
DA:149,0
DA:150,0
DA:153,0
DA:154,0
DA:157,0
DA:170,0
DA:174,0
DA:183,0
DA:185,0
DA:189,0
DA:199,0
DA:212,0
DA:213,0
DA:214,0
DA:215,0
DA:218,0
DA:221,0
DA:229,0
DA:230,0
DA:234,0
DA:235,0
DA:242,0
DA:244,0
DA:262,0
DA:265,0
DA:277,43
DA:278,43
DA:280,43
DA:281,1
DA:284,42
DA:290,0
DA:293,0
LF:56
LH:18
BRDA:52,0,0,0
BRDA:52,1,0,3
BRDA:52,1,1,3
BRDA:70,2,0,3
BRDA:82,3,0,0
BRDA:82,4,0,0
BRDA:82,4,1,0
BRDA:114,5,0,0
BRDA:114,5,1,0
BRDA:149,6,0,0
BRDA:153,7,0,0
BRDA:193,8,0,0
BRDA:193,8,1,0
BRDA:214,9,0,0
BRDA:234,10,0,0
BRDA:234,11,0,0
BRDA:234,11,1,0
BRDA:238,12,0,0
BRDA:238,12,1,0
BRDA:280,13,0,1
BRDA:280,14,0,43
BRDA:280,14,1,42
BRDA:286,15,0,42
BRDA:286,15,1,0
BRF:24
BRH:7
end_of_record
TN:
SF:src\infrastructure\auth\SupabaseAuthService.ts
FN:81,(anonymous_1)
FN:103,(anonymous_2)
FN:137,(anonymous_3)
FN:192,(anonymous_4)
FN:224,(anonymous_5)
FN:256,(anonymous_6)
FN:279,(anonymous_7)
FN:324,(anonymous_8)
FN:361,(anonymous_9)
FN:380,(anonymous_10)
FN:388,(anonymous_11)
FN:416,(anonymous_12)
FN:441,(anonymous_13)
FN:465,(anonymous_14)
FN:484,(anonymous_15)
FN:502,(anonymous_16)
FN:511,(anonymous_17)
FNF:17
FNH:7
FNDA:0,(anonymous_1)
FNDA:38,(anonymous_2)
FNDA:0,(anonymous_3)
FNDA:0,(anonymous_4)
FNDA:1,(anonymous_5)
FNDA:6,(anonymous_6)
FNDA:0,(anonymous_7)
FNDA:2,(anonymous_8)
FNDA:0,(anonymous_9)
FNDA:6,(anonymous_10)
FNDA:6,(anonymous_11)
FNDA:1,(anonymous_12)
FNDA:0,(anonymous_13)
FNDA:0,(anonymous_14)
FNDA:0,(anonymous_15)
FNDA:0,(anonymous_16)
FNDA:0,(anonymous_17)
DA:17,9
DA:18,9
DA:42,9
DA:49,9
DA:52,9
DA:58,9
DA:83,0
DA:90,0
DA:104,38
DA:105,38
DA:107,38
DA:108,38
DA:109,38
DA:114,38
DA:119,38
DA:120,4
DA:123,4
DA:128,4
DA:129,0
DA:130,0
DA:137,0
DA:138,0
DA:142,4
DA:143,4
DA:150,34
DA:151,0
DA:158,34
DA:164,34
DA:176,0
DA:177,0
DA:180,0
DA:184,0
DA:185,0
DA:192,0
DA:193,0
DA:197,0
DA:198,0
DA:207,0
DA:208,0
DA:214,0
DA:225,1
DA:226,1
DA:229,1
DA:230,1
DA:234,1
DA:235,1
DA:239,1
DA:241,1
DA:242,0
DA:243,0
DA:246,1
DA:248,0
DA:249,0
DA:257,6
DA:258,6
DA:260,6
DA:264,6
DA:265,1
DA:266,1
DA:269,5
DA:271,1
DA:272,1
DA:280,0
DA:281,0
DA:283,0
DA:289,0
DA:290,0
DA:291,0
DA:294,0
DA:295,0
DA:298,0
DA:300,0
DA:312,0
DA:313,0
DA:325,2
DA:326,2
DA:330,2
DA:331,1
DA:338,1
DA:350,0
DA:362,0
DA:364,0
DA:365,0
DA:368,0
DA:381,6
DA:389,6
DA:391,6
DA:396,6
DA:397,6
DA:401,0
DA:405,0
DA:406,0
DA:409,6
DA:417,1
DA:418,1
DA:421,1
DA:425,1
DA:426,0
DA:427,0
DA:430,1
DA:432,0
DA:433,0
DA:442,0
DA:443,0
DA:446,0
DA:450,0
DA:451,0
DA:452,0
DA:455,0
DA:457,0
DA:458,0
DA:466,0
DA:467,0
DA:473,0
DA:474,0
DA:477,0
DA:485,0
DA:486,0
DA:491,0
DA:492,0
DA:495,0
DA:505,0
DA:516,0
DA:517,0
DA:519,0
DA:520,0
DA:523,0
DA:529,0
LF:128
LH:55
BRDA:50,0,0,0
BRDA:111,1,0,0
BRDA:111,1,1,38
BRDA:119,2,0,4
BRDA:123,3,0,4
BRDA:123,3,1,4
BRDA:123,3,2,4
BRDA:123,3,3,4
BRDA:128,4,0,0
BRDA:128,5,0,4
BRDA:128,5,1,0
BRDA:150,6,0,0
BRDA:150,7,0,34
BRDA:150,7,1,34
BRDA:161,8,0,0
BRDA:161,8,1,34
BRDA:169,9,0,34
BRDA:169,9,1,9
BRDA:180,10,0,0
BRDA:180,10,1,0
BRDA:180,10,2,0
BRDA:184,11,0,0
BRDA:184,12,0,0
BRDA:184,12,1,0
BRDA:229,13,0,1
BRDA:234,14,0,1
BRDA:241,15,0,0
BRDA:261,16,0,6
BRDA:261,16,1,6
BRDA:264,17,0,1
BRDA:289,18,0,0
BRDA:294,19,0,0
BRDA:294,20,0,0
BRDA:294,20,1,0
BRDA:305,21,0,0
BRDA:305,21,1,0
BRDA:330,22,0,1
BRDA:330,23,0,2
BRDA:330,23,1,1
BRDA:340,24,0,1
BRDA:340,24,1,0
BRDA:343,25,0,1
BRDA:343,25,1,0
BRDA:364,26,0,0
BRDA:364,27,0,0
BRDA:364,27,1,0
BRDA:371,28,0,0
BRDA:371,28,1,0
BRDA:396,29,0,6
BRDA:405,30,0,0
BRDA:425,31,0,0
BRDA:450,32,0,0
BRDA:473,33,0,0
BRDA:491,34,0,0
BRDA:519,35,0,0
BRDA:519,36,0,0
BRDA:519,36,1,0
BRDA:526,37,0,0
BRDA:526,37,1,0
BRF:59
BRH:23
end_of_record
TN:
SF:src\infrastructure\cache\PermissionCache.ts
FN:59,(anonymous_0)
FN:78,(anonymous_1)
FN:93,(anonymous_2)
FN:107,(anonymous_3)
FN:109,(anonymous_4)
FN:128,(anonymous_5)
FN:152,(anonymous_6)
FN:189,(anonymous_7)
FN:212,(anonymous_8)
FN:250,(anonymous_9)
FN:285,(anonymous_10)
FN:306,(anonymous_11)
FN:342,(anonymous_12)
FN:354,(anonymous_13)
FN:358,(anonymous_14)
FN:373,(anonymous_15)
FNF:16
FNH:0
FNDA:0,(anonymous_0)
FNDA:0,(anonymous_1)
FNDA:0,(anonymous_2)
FNDA:0,(anonymous_3)
FNDA:0,(anonymous_4)
FNDA:0,(anonymous_5)
FNDA:0,(anonymous_6)
FNDA:0,(anonymous_7)
FNDA:0,(anonymous_8)
FNDA:0,(anonymous_9)
FNDA:0,(anonymous_10)
FNDA:0,(anonymous_11)
FNDA:0,(anonymous_12)
FNDA:0,(anonymous_13)
FNDA:0,(anonymous_14)
FNDA:0,(anonymous_15)
DA:21,0
DA:37,0
DA:39,0
DA:46,0
DA:47,0
DA:48,0
DA:51,0
DA:67,0
DA:70,0
DA:73,0
DA:79,0
DA:80,0
DA:83,0
DA:84,0
DA:85,0
DA:86,0
DA:87,0
DA:94,0
DA:95,0
DA:98,0
DA:99,0
DA:100,0
DA:101,0
DA:109,0
DA:110,0
DA:111,0
DA:114,0
DA:116,0
DA:118,0
DA:123,0
DA:128,0
DA:129,0
DA:130,0
DA:133,0
DA:135,0
DA:137,0
DA:142,0
DA:153,0
DA:156,0
DA:157,0
DA:158,0
DA:159,0
DA:162,0
DA:165,0
DA:166,0
DA:167,0
DA:168,0
DA:171,0
DA:173,0
DA:174,0
DA:177,0
DA:180,0
DA:181,0
DA:190,0
DA:193,0
DA:196,0
DA:197,0
DA:203,0
DA:213,0
DA:216,0
DA:219,0
DA:220,0
DA:222,0
DA:226,0
DA:227,0
DA:235,0
DA:238,0
DA:240,0
DA:252,0
DA:253,0
DA:254,0
DA:257,0
DA:258,0
DA:262,0
DA:265,0
DA:273,0
DA:278,0
DA:287,0
DA:290,0
DA:291,0
DA:292,0
DA:293,0
DA:294,0
DA:297,0
DA:300,0
DA:315,0
DA:320,0
DA:321,0
DA:323,0
DA:343,0
DA:355,0
DA:360,0
DA:361,0
DA:362,0
DA:363,0
DA:367,0
DA:374,0
LF:97
LH:0
BRDA:67,0,0,0
BRDA:67,0,1,0
BRDA:70,1,0,0
BRDA:70,1,1,0
BRDA:79,2,0,0
BRDA:94,3,0,0
BRDA:157,4,0,0
BRDA:157,5,0,0
BRDA:157,5,1,0
BRDA:167,6,0,0
BRDA:257,7,0,0
BRDA:293,8,0,0
BRDA:324,9,0,0
BRDA:324,9,1,0
BRDA:325,10,0,0
BRDA:325,10,1,0
BRDA:328,11,0,0
BRDA:328,11,1,0
BRDA:332,12,0,0
BRDA:332,12,1,0
BRDA:360,13,0,0
BRDA:362,14,0,0
BRF:22
BRH:0
end_of_record
TN:
SF:src\infrastructure\cache\RedisCacheService.ts
FN:43,(anonymous_0)
FN:52,(anonymous_1)
FN:68,(anonymous_2)
FN:69,(anonymous_3)
FN:73,(anonymous_4)
FN:78,(anonymous_5)
FN:83,(anonymous_6)
FN:88,(anonymous_7)
FN:96,(anonymous_8)
FN:112,(anonymous_9)
FN:128,(anonymous_10)
FN:158,(anonymous_11)
FN:183,(anonymous_12)
FN:205,(anonymous_13)
FN:240,(anonymous_14)
FN:260,(anonymous_15)
FN:279,(anonymous_16)
FN:286,(anonymous_17)
FN:293,(anonymous_18)
FN:307,(anonymous_19)
FN:314,(anonymous_20)
FN:321,(anonymous_21)
FNF:22
FNH:0
FNDA:0,(anonymous_0)
FNDA:0,(anonymous_1)
FNDA:0,(anonymous_2)
FNDA:0,(anonymous_3)
FNDA:0,(anonymous_4)
FNDA:0,(anonymous_5)
FNDA:0,(anonymous_6)
FNDA:0,(anonymous_7)
FNDA:0,(anonymous_8)
FNDA:0,(anonymous_9)
FNDA:0,(anonymous_10)
FNDA:0,(anonymous_11)
FNDA:0,(anonymous_12)
FNDA:0,(anonymous_13)
FNDA:0,(anonymous_14)
FNDA:0,(anonymous_15)
FNDA:0,(anonymous_16)
FNDA:0,(anonymous_17)
FNDA:0,(anonymous_18)
FNDA:0,(anonymous_19)
FNDA:0,(anonymous_20)
FNDA:0,(anonymous_21)
DA:9,0
DA:30,0
DA:32,0
DA:34,0
DA:45,0
DA:48,0
DA:49,0
DA:53,0
DA:54,0
DA:55,0
DA:57,0
DA:62,0
DA:69,0
DA:70,0
DA:73,0
DA:74,0
DA:75,0
DA:78,0
DA:79,0
DA:80,0
DA:83,0
DA:84,0
DA:85,0
DA:88,0
DA:89,0
DA:97,0
DA:98,0
DA:99,0
DA:100,0
DA:103,0
DA:104,0
DA:105,0
DA:113,0
DA:114,0
DA:115,0
DA:116,0
DA:117,0
DA:120,0
DA:121,0
DA:129,0
DA:130,0
DA:131,0
DA:134,0
DA:135,0
DA:136,0
DA:138,0
DA:139,0
DA:140,0
DA:141,0
DA:144,0
DA:145,0
DA:146,0
DA:148,0
DA:149,0
DA:150,0
DA:151,0
DA:159,0
DA:160,0
DA:161,0
DA:164,0
DA:165,0
DA:166,0
DA:167,0
DA:169,0
DA:170,0
DA:171,0
DA:173,0
DA:174,0
DA:175,0
DA:176,0
DA:184,0
DA:185,0
DA:186,0
DA:189,0
DA:190,0
DA:191,0
DA:192,0
DA:193,0
DA:195,0
DA:196,0
DA:197,0
DA:198,0
DA:206,0
DA:207,0
DA:208,0
DA:211,0
DA:212,0
DA:213,0
DA:215,0
DA:216,0
DA:221,0
DA:222,0
DA:223,0
DA:224,0
DA:227,0
DA:228,0
DA:230,0
DA:231,0
DA:232,0
DA:233,0
DA:241,0
DA:242,0
DA:245,0
DA:246,0
DA:247,0
DA:248,0
DA:250,0
DA:251,0
DA:252,0
DA:253,0
DA:261,0
DA:262,0
DA:265,0
DA:266,0
DA:267,0
DA:269,0
DA:270,0
DA:271,0
DA:272,0
DA:280,0
DA:287,0
DA:294,0
DA:308,0
DA:315,0
DA:322,0
DA:323,0
LF:126
LH:0
BRDA:46,0,0,0
BRDA:53,1,0,0
BRDA:98,2,0,0
BRDA:103,3,0,0
BRDA:103,3,1,0
BRDA:114,4,0,0
BRDA:120,5,0,0
BRDA:120,5,1,0
BRDA:129,6,0,0
BRDA:138,7,0,0
BRDA:149,8,0,0
BRDA:149,8,1,0
BRDA:159,9,0,0
BRDA:167,10,0,0
BRDA:167,10,1,0
BRDA:174,11,0,0
BRDA:174,11,1,0
BRDA:184,12,0,0
BRDA:196,13,0,0
BRDA:196,13,1,0
BRDA:206,14,0,0
BRDA:215,15,0,0
BRDA:231,16,0,0
BRDA:231,16,1,0
BRDA:241,17,0,0
BRDA:251,18,0,0
BRDA:251,18,1,0
BRDA:261,19,0,0
BRDA:270,20,0,0
BRDA:270,20,1,0
BRDA:323,21,0,0
BRDA:323,21,1,0
BRF:32
BRH:0
end_of_record
TN:
SF:src\infrastructure\email\SendGridEmailService.ts
FN:32,(anonymous_1)
FN:52,(anonymous_2)
FN:93,(anonymous_3)
FN:131,(anonymous_4)
FN:171,(anonymous_5)
FN:208,(anonymous_6)
FN:250,(anonymous_7)
FN:306,(anonymous_8)
FN:355,(anonymous_9)
FN:428,(anonymous_10)
FN:518,(anonymous_11)
FNF:11
FNH:1
FNDA:9,(anonymous_1)
FNDA:0,(anonymous_2)
FNDA:0,(anonymous_3)
FNDA:0,(anonymous_4)
FNDA:0,(anonymous_5)
FNDA:0,(anonymous_6)
FNDA:0,(anonymous_7)
FNDA:0,(anonymous_8)
FNDA:0,(anonymous_9)
FNDA:0,(anonymous_10)
FNDA:0,(anonymous_11)
DA:10,9
DA:18,9
DA:27,9
DA:34,9
DA:37,9
DA:39,9
DA:40,9
DA:41,9
DA:43,9
DA:53,0
DA:54,0
DA:59,0
DA:64,0
DA:74,0
DA:76,0
DA:82,0
DA:86,0
DA:94,0
DA:95,0
DA:100,0
DA:102,0
DA:112,0
DA:114,0
DA:119,0
DA:136,0
DA:137,0
DA:142,0
DA:144,0
DA:154,0
DA:156,0
DA:160,0
DA:164,0
DA:172,0
DA:173,0
DA:178,0
DA:180,0
DA:190,0
DA:192,0
DA:196,0
DA:209,0
DA:210,0
DA:216,0
DA:223,0
DA:233,0
DA:235,0
DA:239,0
DA:243,0
DA:251,0
DA:307,0
DA:356,0
DA:429,0
DA:525,0
DA:532,0
DA:539,0
DA:541,0
LF:55
LH:9
BRDA:539,0,0,0
BRDA:539,0,1,0
BRF:2
BRH:0
end_of_record
TN:
SF:src\infrastructure\events\DomainEventMapper.ts
FN:22,(anonymous_0)
FN:115,(anonymous_1)
FN:116,(anonymous_2)
FNF:3
FNH:0
FNDA:0,(anonymous_0)
FNDA:0,(anonymous_1)
FNDA:0,(anonymous_2)
DA:11,0
DA:12,0
DA:13,0
DA:14,0
DA:15,0
DA:16,0
DA:18,0
DA:23,0
DA:34,0
DA:35,0
DA:45,0
DA:46,0
DA:57,0
DA:58,0
DA:69,0
DA:70,0
DA:80,0
DA:81,0
DA:91,0
DA:92,0
DA:106,0
DA:116,0
LF:22
LH:0
BRDA:34,0,0,0
BRDA:45,1,0,0
BRDA:57,2,0,0
BRDA:69,3,0,0
BRDA:80,4,0,0
BRDA:91,5,0,0
BRF:6
BRH:0
end_of_record
TN:
SF:src\infrastructure\events\RabbitMQEventPublisher.ts
FN:25,(anonymous_9)
FN:33,(anonymous_10)
FN:46,(anonymous_11)
FN:51,(anonymous_12)
FN:83,(anonymous_13)
FN:115,(anonymous_14)
FN:135,(anonymous_15)
FN:149,(anonymous_16)
FN:176,(anonymous_17)
FN:194,(anonymous_18)
FN:196,(anonymous_19)
FN:200,(anonymous_20)
FN:204,(anonymous_21)
FN:212,(anonymous_22)
FN:219,(anonymous_23)
FN:223,(anonymous_24)
FN:227,(anonymous_25)
FNF:17
FNH:0
FNDA:0,(anonymous_9)
FNDA:0,(anonymous_10)
FNDA:0,(anonymous_11)
FNDA:0,(anonymous_12)
FNDA:0,(anonymous_13)
FNDA:0,(anonymous_14)
FNDA:0,(anonymous_15)
FNDA:0,(anonymous_16)
FNDA:0,(anonymous_17)
FNDA:0,(anonymous_18)
FNDA:0,(anonymous_19)
FNDA:0,(anonymous_20)
FNDA:0,(anonymous_21)
FNDA:0,(anonymous_22)
FNDA:0,(anonymous_23)
FNDA:0,(anonymous_24)
FNDA:0,(anonymous_25)
DA:9,0
DA:17,0
DA:19,0
DA:20,0
DA:21,0
DA:22,0
DA:23,0
DA:26,0
DA:27,0
DA:34,0
DA:35,0
DA:41,0
DA:42,0
DA:45,0
DA:46,0
DA:47,0
DA:48,0
DA:51,0
DA:52,0
DA:53,0
DA:58,0
DA:62,0
DA:63,0
DA:68,0
DA:69,0
DA:73,0
DA:76,0
DA:84,0
DA:85,0
DA:88,0
DA:91,0
DA:92,0
DA:93,0
DA:98,0
DA:111,0
DA:112,0
DA:115,0
DA:118,0
DA:124,0
DA:128,0
DA:136,0
DA:137,0
DA:140,0
DA:141,0
DA:142,0
DA:150,0
DA:151,0
DA:152,0
DA:153,0
DA:156,0
DA:158,0
DA:159,0
DA:162,0
DA:163,0
DA:165,0
DA:177,0
DA:178,0
DA:183,0
DA:190,0
DA:191,0
DA:192,0
DA:194,0
DA:197,0
DA:201,0
DA:205,0
DA:206,0
DA:213,0
DA:214,0
DA:220,0
DA:224,0
DA:228,0
DA:229,0
LF:72
LH:0
BRDA:45,0,0,0
BRDA:62,1,0,0
BRDA:74,2,0,0
BRDA:74,2,1,0
BRDA:84,3,0,0
BRDA:84,4,0,0
BRDA:84,4,1,0
BRDA:111,5,0,0
BRDA:126,6,0,0
BRDA:126,6,1,0
BRDA:136,7,0,0
BRDA:151,8,0,0
BRDA:156,9,0,0
BRDA:166,10,0,0
BRDA:166,10,1,0
BRF:15
BRH:0
end_of_record
TN:
SF:src\infrastructure\jobs\PendingRegistrationCleanupJob.ts
FN:26,(anonymous_0)
FN:33,(anonymous_1)
FN:47,(anonymous_2)
FN:55,(anonymous_3)
FN:66,(anonymous_4)
FN:99,(anonymous_5)
FN:106,(anonymous_6)
FNF:7
FNH:0
FNDA:0,(anonymous_0)
FNDA:0,(anonymous_1)
FNDA:0,(anonymous_2)
FNDA:0,(anonymous_3)
FNDA:0,(anonymous_4)
FNDA:0,(anonymous_5)
FNDA:0,(anonymous_6)
DA:21,0
DA:22,0
DA:23,0
DA:26,0
DA:27,0
DA:34,0
DA:35,0
DA:36,0
DA:39,0
DA:44,0
DA:47,0
DA:48,0
DA:56,0
DA:57,0
DA:58,0
DA:59,0
DA:67,0
DA:68,0
DA:69,0
DA:72,0
DA:74,0
DA:75,0
DA:77,0
DA:79,0
DA:80,0
DA:84,0
DA:88,0
DA:92,0
DA:100,0
DA:111,0
LF:30
LH:0
BRDA:27,0,0,0
BRDA:27,0,1,0
BRDA:34,1,0,0
BRDA:56,2,0,0
BRDA:67,3,0,0
BRDA:79,4,0,0
BRDA:79,4,1,0
BRDA:89,5,0,0
BRDA:89,5,1,0
BRF:9
BRH:0
end_of_record
TN:
SF:src\infrastructure\logging\Logger.ts
FN:12,(anonymous_0)
FN:15,(anonymous_1)
FN:18,(anonymous_2)
FN:21,(anonymous_3)
FN:24,(anonymous_4)
FNF:5
FNH:4
FNDA:119,(anonymous_0)
FNDA:479,(anonymous_1)
FNDA:81,(anonymous_2)
FNDA:20,(anonymous_3)
FNDA:0,(anonymous_4)
DA:11,9
DA:13,119
DA:16,479
DA:19,81
DA:22,20
DA:25,0
LF:6
LH:5
BRDA:13,0,0,119
BRDA:13,0,1,0
BRDA:16,1,0,479
BRDA:16,1,1,55
BRDA:19,2,0,81
BRDA:19,2,1,1
BRDA:22,3,0,20
BRDA:22,3,1,0
BRDA:25,4,0,0
BRDA:25,4,1,0
BRF:10
BRH:6
end_of_record
TN:
SF:src\infrastructure\mappers\UserMapper.ts
FN:66,(anonymous_0)
FN:84,(anonymous_1)
FN:109,(anonymous_2)
FN:116,(anonymous_3)
FN:139,(anonymous_4)
FN:163,(anonymous_5)
FNF:6
FNH:4
FNDA:100,(anonymous_0)
FNDA:63,(anonymous_1)
FNDA:0,(anonymous_2)
FNDA:5,(anonymous_3)
FNDA:0,(anonymous_4)
FNDA:3,(anonymous_5)
DA:13,10
DA:14,10
DA:15,10
DA:16,10
DA:17,10
DA:50,10
DA:67,100
DA:68,100
DA:71,100
DA:83,100
DA:84,63
DA:87,100
DA:99,0
DA:110,0
DA:117,5
DA:140,0
DA:141,0
DA:164,3
DA:166,3
DA:167,3
LF:20
LH:16
BRDA:74,0,0,62
BRDA:74,0,1,38
BRDA:83,1,0,63
BRDA:83,1,1,37
BRDA:92,2,0,100
BRDA:92,2,1,0
BRDA:93,3,0,100
BRDA:93,3,1,0
BRF:8
BRH:6
end_of_record
TN:
SF:src\infrastructure\monitoring\HealthChecks.ts
FN:15,(anonymous_0)
FN:56,(anonymous_1)
FN:70,(anonymous_2)
FN:137,(anonymous_3)
FN:185,(anonymous_4)
FN:227,(anonymous_5)
FN:266,(anonymous_6)
FN:305,(anonymous_7)
FN:349,(anonymous_8)
FN:358,(anonymous_9)
FN:389,(anonymous_10)
FN:397,(anonymous_11)
FN:406,(anonymous_12)
FN:407,(anonymous_13)
FN:409,(anonymous_14)
FN:413,(anonymous_15)
FN:417,(anonymous_16)
FNF:17
FNH:16
FNDA:10,(anonymous_0)
FNDA:23,(anonymous_1)
FNDA:8,(anonymous_2)
FNDA:9,(anonymous_3)
FNDA:9,(anonymous_4)
FNDA:9,(anonymous_5)
FNDA:9,(anonymous_6)
FNDA:9,(anonymous_7)
FNDA:10,(anonymous_8)
FNDA:30,(anonymous_9)
FNDA:48,(anonymous_10)
FNDA:0,(anonymous_11)
FNDA:8,(anonymous_12)
FNDA:48,(anonymous_13)
FNDA:14,(anonymous_14)
FNDA:18,(anonymous_15)
FNDA:2,(anonymous_16)
DA:10,10
DA:11,10
DA:12,10
DA:15,10
DA:16,10
DA:17,10
DA:18,10
DA:19,10
DA:52,10
DA:59,23
DA:61,23
DA:64,23
DA:73,8
DA:81,8
DA:90,8
DA:99,8
DA:101,8
DA:112,0
DA:114,0
DA:138,9
DA:140,9
DA:142,9
DA:147,7
DA:148,2
DA:151,5
DA:154,5
DA:155,5
DA:156,2
DA:158,5
DA:159,0
DA:162,5
DA:173,4
DA:186,9
DA:188,9
DA:191,9
DA:197,4
DA:198,0
DA:201,4
DA:204,4
DA:215,5
DA:228,9
DA:230,9
DA:232,9
DA:237,7
DA:238,2
DA:241,5
DA:244,5
DA:254,4
DA:267,9
DA:269,9
DA:271,9
DA:276,7
DA:277,2
DA:280,5
DA:282,5
DA:292,4
DA:306,9
DA:308,9
DA:311,9
DA:318,4
DA:319,0
DA:322,4
DA:326,4
DA:337,5
DA:350,10
DA:352,10
DA:353,10
DA:354,10
DA:357,10
DA:358,30
DA:361,10
DA:362,10
DA:363,2
DA:366,10
DA:377,0
DA:390,48
DA:391,48
DA:393,0
DA:398,0
DA:407,48
DA:409,14
DA:410,1
DA:413,18
DA:414,5
DA:417,2
DA:418,2
DA:421,0
LF:87
LH:78
BRDA:15,0,0,10
BRDA:15,0,1,10
BRDA:107,1,0,8
BRDA:107,1,1,0
BRDA:127,2,0,0
BRDA:127,2,1,0
BRDA:147,3,0,2
BRDA:155,4,0,2
BRDA:158,5,0,0
BRDA:197,6,0,0
BRDA:205,7,0,3
BRDA:205,7,1,1
BRDA:237,8,0,2
BRDA:245,9,0,4
BRDA:245,9,1,1
BRDA:276,10,0,2
BRDA:283,11,0,4
BRDA:283,11,1,1
BRDA:318,12,0,0
BRDA:327,13,0,3
BRDA:327,13,1,1
BRDA:362,14,0,2
BRDA:390,15,0,48
BRDA:390,15,1,0
BRDA:402,16,0,0
BRDA:402,16,1,0
BRDA:409,17,0,1
BRDA:413,18,0,5
BRDA:417,19,0,2
BRF:29
BRH:20
end_of_record
TN:
SF:src\infrastructure\repositories\SupabaseEmailVerificationTokenRepository.ts
FN:30,(anonymous_0)
FN:39,(anonymous_1)
FN:86,(anonymous_2)
FN:142,(anonymous_3)
FN:193,(anonymous_4)
FN:244,(anonymous_5)
FN:277,(anonymous_6)
FN:315,(anonymous_7)
FN:353,(anonymous_8)
FN:408,(anonymous_9)
FN:451,(anonymous_10)
FNF:11
FNH:0
FNDA:0,(anonymous_0)
FNDA:0,(anonymous_1)
FNDA:0,(anonymous_2)
FNDA:0,(anonymous_3)
FNDA:0,(anonymous_4)
FNDA:0,(anonymous_5)
FNDA:0,(anonymous_6)
FNDA:0,(anonymous_7)
FNDA:0,(anonymous_8)
FNDA:0,(anonymous_9)
FNDA:0,(anonymous_10)
DA:16,0
DA:25,0
DA:31,0
DA:32,0
DA:33,0
DA:45,0
DA:46,0
DA:52,0
DA:63,0
DA:64,0
DA:68,0
DA:71,0
DA:75,0
DA:79,0
DA:87,0
DA:88,0
DA:92,0
DA:98,0
DA:99,0
DA:101,0
DA:102,0
DA:105,0
DA:108,0
DA:111,0
DA:112,0
DA:115,0
DA:124,0
DA:130,0
DA:132,0
DA:135,0
DA:143,0
DA:144,0
DA:148,0
DA:156,0
DA:157,0
DA:158,0
DA:159,0
DA:162,0
DA:166,0
DA:169,0
DA:170,0
DA:173,0
DA:182,0
DA:186,0
DA:194,0
DA:195,0
DA:199,0
DA:207,0
DA:208,0
DA:209,0
DA:210,0
DA:213,0
DA:217,0
DA:220,0
DA:221,0
DA:224,0
DA:233,0
DA:237,0
DA:245,0
DA:246,0
DA:250,0
DA:258,0
DA:259,0
DA:262,0
DA:265,0
DA:267,0
DA:270,0
DA:278,0
DA:279,0
DA:283,0
DA:292,0
DA:293,0
DA:297,0
DA:300,0
DA:304,0
DA:308,0
DA:316,0
DA:317,0
DA:321,0
DA:330,0
DA:331,0
DA:335,0
DA:338,0
DA:342,0
DA:346,0
DA:354,0
DA:355,0
DA:357,0
DA:360,0
DA:365,0
DA:366,0
DA:369,0
DA:372,0
DA:374,0
DA:375,0
DA:376,0
DA:380,0
DA:385,0
DA:386,0
DA:389,0
DA:392,0
DA:396,0
DA:398,0
DA:401,0
DA:409,0
DA:410,0
DA:414,0
DA:416,0
DA:423,0
DA:424,0
DA:428,0
DA:431,0
DA:433,0
DA:438,0
DA:440,0
DA:444,0
DA:452,0
DA:453,0
DA:457,0
DA:459,0
DA:466,0
DA:467,0
DA:471,0
DA:474,0
DA:476,0
DA:481,0
DA:483,0
DA:487,0
LF:128
LH:0
BRDA:33,0,0,0
BRDA:33,0,1,0
BRDA:63,1,0,0
BRDA:98,2,0,0
BRDA:99,3,0,0
BRDA:111,4,0,0
BRDA:121,5,0,0
BRDA:121,5,1,0
BRDA:156,6,0,0
BRDA:157,7,0,0
BRDA:169,8,0,0
BRDA:179,9,0,0
BRDA:179,9,1,0
BRDA:207,10,0,0
BRDA:208,11,0,0
BRDA:220,12,0,0
BRDA:230,13,0,0
BRDA:230,13,1,0
BRDA:258,14,0,0
BRDA:292,15,0,0
BRDA:330,16,0,0
BRDA:365,17,0,0
BRDA:372,18,0,0
BRDA:372,18,1,0
BRDA:374,19,0,0
BRDA:385,20,0,0
BRDA:423,21,0,0
BRDA:431,22,0,0
BRDA:431,22,1,0
BRDA:466,23,0,0
BRDA:474,24,0,0
BRDA:474,24,1,0
BRF:32
BRH:0
end_of_record
TN:
SF:src\infrastructure\repositories\SupabasePasswordPolicyRepository.ts
FN:34,(anonymous_0)
FN:42,(anonymous_1)
FN:76,(anonymous_2)
FN:130,(anonymous_3)
FN:146,(anonymous_4)
FN:156,(anonymous_5)
FNF:6
FNH:3
FNDA:9,(anonymous_0)
FNDA:1,(anonymous_1)
FNDA:0,(anonymous_2)
FNDA:0,(anonymous_3)
FNDA:0,(anonymous_4)
FNDA:1,(anonymous_5)
DA:11,9
DA:29,9
DA:30,9
DA:35,9
DA:36,9
DA:43,1
DA:44,1
DA:52,1
DA:54,0
DA:55,0
DA:56,0
DA:58,0
DA:61,1
DA:62,0
DA:65,1
DA:67,0
DA:69,0
DA:77,0
DA:81,0
DA:86,0
DA:87,0
DA:91,0
DA:92,0
DA:105,0
DA:111,0
DA:112,0
DA:115,0
DA:116,0
DA:119,0
DA:120,0
DA:122,0
DA:123,0
DA:131,0
DA:132,0
DA:138,0
DA:139,0
DA:142,0
DA:143,0
DA:146,0
DA:148,0
DA:149,0
DA:157,1
DA:169,1
LF:43
LH:12
BRDA:52,0,0,0
BRDA:54,1,0,0
BRDA:61,2,0,0
BRDA:67,3,0,0
BRDA:67,3,1,0
BRDA:86,4,0,0
BRDA:111,5,0,0
BRDA:115,6,0,0
BRDA:122,7,0,0
BRDA:122,7,1,0
BRDA:123,8,0,0
BRDA:123,8,1,0
BRDA:130,9,0,0
BRDA:138,10,0,0
BRDA:142,11,0,0
BRDA:142,12,0,0
BRDA:142,12,1,0
BRDA:148,13,0,0
BRDA:148,13,1,0
BRDA:149,14,0,0
BRDA:149,14,1,0
BRF:21
BRH:0
end_of_record
TN:
SF:src\infrastructure\repositories\SupabasePendingRegistrationRepository.ts
FN:44,(anonymous_0)
FN:54,(anonymous_1)
FN:56,(anonymous_2)
FN:108,(anonymous_3)
FN:118,(anonymous_4)
FN:120,(anonymous_5)
FN:156,(anonymous_6)
FN:166,(anonymous_7)
FN:168,(anonymous_8)
FN:208,(anonymous_9)
FN:218,(anonymous_10)
FN:220,(anonymous_11)
FN:251,(anonymous_12)
FN:261,(anonymous_13)
FN:263,(anonymous_14)
FN:298,(anonymous_15)
FN:308,(anonymous_16)
FN:333,(anonymous_17)
FN:335,(anonymous_18)
FN:392,(anonymous_19)
FN:402,(anonymous_20)
FN:404,(anonymous_21)
FN:438,(anonymous_22)
FN:448,(anonymous_23)
FN:450,(anonymous_24)
FN:484,(anonymous_25)
FN:495,(anonymous_26)
FN:497,(anonymous_27)
FN:536,(anonymous_28)
FN:545,(anonymous_29)
FN:547,(anonymous_30)
FN:576,(anonymous_31)
FN:586,(anonymous_32)
FN:594,(anonymous_33)
FNF:34
FNH:18
FNDA:11,(anonymous_0)
FNDA:34,(anonymous_1)
FNDA:34,(anonymous_2)
FNDA:0,(anonymous_3)
FNDA:8,(anonymous_4)
FNDA:8,(anonymous_5)
FNDA:0,(anonymous_6)
FNDA:8,(anonymous_7)
FNDA:8,(anonymous_8)
FNDA:0,(anonymous_9)
FNDA:3,(anonymous_10)
FNDA:3,(anonymous_11)
FNDA:0,(anonymous_12)
FNDA:0,(anonymous_13)
FNDA:0,(anonymous_14)
FNDA:0,(anonymous_15)
FNDA:6,(anonymous_16)
FNDA:0,(anonymous_17)
FNDA:0,(anonymous_18)
FNDA:0,(anonymous_19)
FNDA:1,(anonymous_20)
FNDA:1,(anonymous_21)
FNDA:0,(anonymous_22)
FNDA:26,(anonymous_23)
FNDA:26,(anonymous_24)
FNDA:0,(anonymous_25)
FNDA:0,(anonymous_26)
FNDA:0,(anonymous_27)
FNDA:0,(anonymous_28)
FNDA:11,(anonymous_29)
FNDA:11,(anonymous_30)
FNDA:0,(anonymous_31)
FNDA:11,(anonymous_32)
FNDA:62,(anonymous_33)
DA:12,11
DA:16,11
DA:38,11
DA:45,11
DA:46,11
DA:47,11
DA:48,11
DA:55,34
DA:57,34
DA:58,34
DA:63,34
DA:77,34
DA:79,2
DA:80,2
DA:83,0
DA:87,0
DA:91,32
DA:97,32
DA:102,2
DA:105,2
DA:109,0
DA:110,0
DA:119,8
DA:121,8
DA:122,8
DA:126,8
DA:132,8
DA:133,3
DA:134,3
DA:135,3
DA:138,0
DA:141,0
DA:144,5
DA:145,0
DA:148,5
DA:150,0
DA:153,0
DA:157,0
DA:158,0
DA:167,8
DA:169,8
DA:170,8
DA:174,8
DA:184,8
DA:185,7
DA:186,7
DA:187,7
DA:190,0
DA:193,0
DA:196,1
DA:197,0
DA:200,1
DA:202,0
DA:205,0
DA:209,0
DA:210,0
DA:219,3
DA:221,3
DA:222,3
DA:224,3
DA:229,3
DA:230,0
DA:234,0
DA:238,3
DA:242,3
DA:244,0
DA:248,0
DA:252,0
DA:253,0
DA:262,0
DA:264,0
DA:265,0
DA:269,0
DA:274,0
DA:275,0
DA:279,0
DA:283,0
DA:288,0
DA:292,0
DA:295,0
DA:299,0
DA:300,0
DA:310,6
DA:317,6
DA:334,0
DA:336,0
DA:337,0
DA:339,0
DA:342,0
DA:347,0
DA:348,0
DA:351,0
DA:354,0
DA:356,0
DA:357,0
DA:358,0
DA:362,0
DA:367,0
DA:368,0
DA:371,0
DA:375,0
DA:380,0
DA:384,0
DA:386,0
DA:389,0
DA:393,0
DA:394,0
DA:403,1
DA:405,1
DA:406,1
DA:408,1
DA:416,1
DA:417,0
DA:421,0
DA:425,1
DA:429,1
DA:431,0
DA:435,0
DA:439,0
DA:440,0
DA:449,26
DA:451,26
DA:452,26
DA:454,26
DA:459,26
DA:460,0
DA:465,0
DA:469,26
DA:474,26
[...]
DA:158,0
DA:161,0
DA:169,0
DA:176,0
DA:177,0
DA:178,0
DA:184,0
DA:203,0
DA:210,0
DA:212,0
DA:214,0
DA:220,0
DA:224,0
DA:225,0
DA:227,0
DA:228,0
DA:234,0
DA:238,0
DA:239,0
DA:243,0
DA:247,0
DA:255,0
DA:270,33
DA:271,33
DA:277,33
DA:278,0
DA:287,0
DA:288,0
DA:291,0
DA:292,0
DA:293,0
DA:294,0
DA:297,0
DA:304,0
DA:305,0
DA:306,0
DA:308,0
DA:319,0
DA:320,0
DA:322,0
DA:323,0
DA:324,0
DA:326,0
DA:334,0
DA:338,0
DA:347,0
DA:348,0
DA:349,0
DA:356,0
DA:368,0
DA:369,0
DA:370,0
DA:377,9
DA:378,9
DA:379,9
DA:380,9
LF:105
LH:29
BRDA:61,0,0,0
BRDA:61,1,0,0
BRDA:61,1,1,0
BRDA:68,2,0,0
BRDA:77,3,0,0
BRDA:106,4,0,0
BRDA:128,5,0,0
BRDA:141,6,0,0
BRDA:143,7,0,0
BRDA:157,8,0,0
BRDA:177,9,0,0
BRDA:212,10,0,0
BRDA:224,11,0,0
BRDA:224,11,1,0
BRDA:227,12,0,0
BRDA:238,13,0,0
BRDA:270,14,0,33
BRDA:270,15,0,33
BRDA:270,15,1,33
BRDA:288,16,0,0
BRDA:292,17,0,0
BRDA:304,18,0,0
BRDA:319,19,0,0
BRDA:319,20,0,0
BRDA:319,20,1,0
BRDA:322,21,0,0
BRDA:349,22,0,0
BRDA:349,22,1,0
BRDA:349,22,2,0
BRDA:377,23,0,9
BRF:30
BRH:4
end_of_record
TN:
SF:src\infrastructure\services\PermissionService.ts
FN:25,(anonymous_0)
FN:37,(anonymous_1)
FN:95,(anonymous_2)
FN:137,(anonymous_3)
FN:175,(anonymous_4)
FN:190,(anonymous_5)
FN:200,(anonymous_6)
FN:213,(anonymous_7)
FN:216,(anonymous_8)
FN:226,(anonymous_9)
FN:233,(anonymous_10)
FN:240,(anonymous_11)
FN:247,(anonymous_12)
FN:265,(anonymous_13)
FN:297,(anonymous_14)
FN:309,(anonymous_15)
FN:333,(anonymous_16)
FN:345,(anonymous_17)
FN:358,(anonymous_18)
FN:361,(anonymous_19)
FN:371,(anonymous_20)
FN:374,(anonymous_21)
FNF:22
FNH:5
FNDA:9,(anonymous_0)
FNDA:0,(anonymous_1)
FNDA:11,(anonymous_2)
FNDA:13,(anonymous_3)
FNDA:0,(anonymous_4)
FNDA:0,(anonymous_5)
FNDA:66,(anonymous_6)
FNDA:0,(anonymous_7)
FNDA:0,(anonymous_8)
FNDA:0,(anonymous_9)
FNDA:0,(anonymous_10)
FNDA:0,(anonymous_11)
FNDA:0,(anonymous_12)
FNDA:0,(anonymous_13)
FNDA:0,(anonymous_14)
FNDA:0,(anonymous_15)
FNDA:42,(anonymous_16)
FNDA:0,(anonymous_17)
FNDA:0,(anonymous_18)
FNDA:0,(anonymous_19)
FNDA:0,(anonymous_20)
FNDA:0,(anonymous_21)
DA:21,9
DA:24,9
DA:26,9
DA:27,9
DA:42,0
DA:44,0
DA:49,0
DA:54,0
DA:55,0
DA:60,0
DA:61,0
DA:65,0
DA:66,0
DA:70,0
DA:71,0
DA:72,0
DA:75,0
DA:77,0
DA:78,0
DA:100,11
DA:102,11
DA:103,0
DA:107,11
DA:110,11
DA:111,6
DA:115,5
DA:116,0
DA:120,5
DA:122,0
DA:127,5
DA:129,0
DA:130,0
DA:138,13
DA:139,13
DA:142,13
DA:143,8
DA:147,5
DA:148,0
DA:152,5
DA:154,5
DA:155,0
DA:159,5
DA:160,5
DA:161,0
DA:165,5
DA:167,0
DA:168,0
DA:176,0
DA:177,0
DA:180,0
DA:181,0
DA:185,0
DA:186,0
DA:190,0
DA:192,0
DA:193,0
DA:201,66
DA:203,66
DA:205,0
DA:206,0
DA:214,0
DA:215,0
DA:216,0
DA:218,0
DA:219,0
DA:227,0
DA:234,0
DA:241,0
DA:248,0
DA:249,0
DA:251,0
DA:252,0
DA:255,0
DA:257,0
DA:258,0
DA:266,0
DA:267,0
DA:268,0
DA:270,0
DA:271,0
DA:273,0
DA:274,0
DA:277,0
DA:278,0
DA:280,0
DA:281,0
DA:284,0
DA:287,0
DA:289,0
DA:290,0
DA:298,0
DA:300,0
DA:302,0
DA:316,0
DA:317,0
DA:334,42
DA:335,42
DA:337,0
DA:338,0
DA:346,0
DA:347,0
DA:348,0
DA:350,0
DA:351,0
DA:359,0
DA:360,0
DA:361,0
DA:363,0
DA:364,0
DA:372,0
DA:373,0
DA:374,0
DA:376,0
DA:377,0
LF:114
LH:26
BRDA:44,0,0,0
BRDA:44,0,1,0
BRDA:54,1,0,0
BRDA:60,2,0,0
BRDA:65,3,0,0
BRDA:71,4,0,0
BRDA:71,5,0,0
BRDA:71,5,1,0
BRDA:102,6,0,0
BRDA:110,7,0,6
BRDA:115,8,0,0
BRDA:120,9,0,0
BRDA:142,10,0,8
BRDA:147,11,0,0
BRDA:154,12,0,0
BRDA:160,13,0,0
BRDA:160,14,0,5
BRDA:160,14,1,5
BRDA:180,15,0,0
BRDA:185,16,0,0
BRDA:251,17,0,0
BRDA:271,18,0,0
BRDA:280,19,0,0
BRF:23
BRH:4
end_of_record
TN:
SF:src\infrastructure\services\SupabaseMFAService.ts
FN:21,(anonymous_0)
FN:29,(anonymous_1)
FN:75,(anonymous_2)
FN:95,(anonymous_3)
FN:114,(anonymous_4)
FN:135,(anonymous_5)
FN:159,(anonymous_6)
FN:181,(anonymous_7)
FN:213,(anonymous_8)
FN:244,(anonymous_9)
FN:270,(anonymous_10)
FN:295,(anonymous_11)
FN:313,(anonymous_12)
FN:326,(anonymous_13)
FN:343,(anonymous_14)
FN:358,(anonymous_15)
FN:382,(anonymous_16)
FN:405,(anonymous_17)
FNF:18
FNH:1
FNDA:9,(anonymous_0)
FNDA:0,(anonymous_1)
FNDA:0,(anonymous_2)
FNDA:0,(anonymous_3)
FNDA:0,(anonymous_4)
FNDA:0,(anonymous_5)
FNDA:0,(anonymous_6)
FNDA:0,(anonymous_7)
FNDA:0,(anonymous_8)
FNDA:0,(anonymous_9)
FNDA:0,(anonymous_10)
FNDA:0,(anonymous_11)
FNDA:0,(anonymous_12)
FNDA:0,(anonymous_13)
FNDA:0,(anonymous_14)
FNDA:0,(anonymous_15)
FNDA:0,(anonymous_16)
FNDA:0,(anonymous_17)
DA:12,9
DA:13,9
DA:20,9
DA:22,9
DA:23,9
DA:35,0
DA:37,0
DA:40,0
DA:43,0
DA:46,0
DA:60,0
DA:61,0
DA:62,0
DA:65,0
DA:67,0
DA:68,0
DA:76,0
DA:77,0
DA:82,0
DA:83,0
DA:84,0
DA:87,0
DA:88,0
DA:96,0
DA:98,0
DA:99,0
DA:100,0
DA:104,0
DA:106,0
DA:107,0
DA:115,0
DA:117,0
DA:120,0
DA:121,0
DA:122,0
DA:125,0
DA:127,0
DA:128,0
DA:136,0
DA:138,0
DA:144,0
DA:145,0
DA:146,0
DA:149,0
DA:151,0
DA:152,0
DA:160,0
DA:161,0
DA:167,0
DA:168,0
DA:171,0
DA:173,0
DA:174,0
DA:182,0
DA:183,0
DA:189,0
DA:190,0
DA:193,0
DA:205,0
DA:206,0
DA:214,0
DA:215,0
DA:219,0
DA:220,0
DA:221,0
DA:222,0
DA:223,0
DA:224,0
DA:226,0
DA:231,0
DA:232,0
DA:233,0
DA:236,0
DA:237,0
DA:245,0
DA:246,0
DA:254,0
DA:255,0
DA:256,0
DA:260,0
DA:262,0
DA:263,0
DA:276,0
DA:277,0
DA:288,0
DA:296,0
DA:297,0
DA:303,0
DA:314,0
DA:315,0
DA:316,0
DA:317,0
DA:318,0
DA:320,0
DA:327,0
DA:328,0
DA:336,0
DA:344,0
DA:345,0
DA:347,0
DA:348,0
DA:349,0
DA:351,0
DA:359,0
DA:360,0
DA:361,0
DA:362,0
DA:364,0
DA:365,0
DA:366,0
DA:367,0
DA:368,0
DA:372,0
DA:374,0
DA:375,0
DA:383,0
DA:384,0
DA:385,0
DA:387,0
DA:388,0
DA:389,0
DA:391,0
DA:393,0
DA:398,0
DA:399,0
DA:406,0
DA:407,0
DA:408,0
DA:410,0
DA:411,0
DA:412,0
DA:413,0
DA:416,0
DA:417,0
DA:418,0
DA:421,0
LF:136
LH:5
BRDA:51,0,0,0
BRDA:51,0,1,0
BRDA:60,1,0,0
BRDA:82,2,0,0
BRDA:99,3,0,0
BRDA:99,4,0,0
BRDA:99,4,1,0
BRDA:120,5,0,0
BRDA:125,6,0,0
BRDA:125,6,1,0
BRDA:144,7,0,0
BRDA:149,8,0,0
BRDA:149,8,1,0
BRDA:167,9,0,0
BRDA:171,10,0,0
BRDA:171,10,1,0
BRDA:189,11,0,0
BRDA:189,12,0,0
BRDA:189,12,1,0
BRDA:219,13,0,0
BRDA:220,14,0,0
BRDA:221,15,0,0
BRDA:222,16,0,0
BRDA:223,17,0,0
BRDA:224,18,0,0
BRDA:231,19,0,0
BRDA:254,20,0,0
BRDA:260,21,0,0
BRDA:260,21,1,0
BRDA:326,22,0,0
BRDA:367,23,0,0
BRDA:412,24,0,0
BRF:32
BRH:0
end_of_record
TN:
SF:src\presentation\middleware\AuthenticationMiddleware.ts
FN:35,(anonymous_1)
FN:44,(anonymous_2)
FN:45,(anonymous_3)
FN:144,(anonymous_4)
FN:145,(anonymous_5)
FN:199,(anonymous_6)
FN:200,(anonymous_7)
FN:210,(anonymous_8)
FN:235,(anonymous_9)
FN:242,(anonymous_10)
FN:249,(anonymous_11)
FNF:11
FNH:3
FNDA:9,(anonymous_1)
FNDA:180,(anonymous_2)
FNDA:48,(anonymous_3)
FNDA:0,(anonymous_4)
FNDA:0,(anonymous_5)
FNDA:0,(anonymous_6)
FNDA:0,(anonymous_7)
FNDA:0,(anonymous_8)
FNDA:0,(anonymous_9)
FNDA:0,(anonymous_10)
FNDA:0,(anonymous_11)
DA:11,9
DA:13,9
DA:14,9
DA:34,9
DA:36,9
DA:37,9
DA:38,9
DA:45,180
DA:46,48
DA:48,48
DA:49,48
DA:50,5
DA:55,5
DA:58,43
DA:61,43
DA:62,43
DA:63,1
DA:68,1
DA:72,42
DA:73,42
DA:77,42
DA:82,42
DA:83,42
DA:84,42
DA:86,42
DA:87,42
DA:92,0
DA:98,0
DA:106,42
DA:115,42
DA:123,42
DA:126,0
DA:132,0
DA:145,0
DA:146,0
DA:147,0
DA:148,0
DA:150,0
DA:153,0
DA:154,0
DA:156,0
DA:157,0
DA:158,0
DA:161,0
DA:165,0
DA:166,0
DA:167,0
DA:169,0
DA:174,0
DA:183,0
DA:187,0
DA:191,0
DA:200,0
DA:201,0
DA:202,0
DA:207,0
DA:210,0
DA:211,0
DA:212,0
DA:219,0
DA:225,0
DA:228,0
DA:236,0
DA:243,0
DA:250,0
LF:65
LH:29
BRDA:49,0,0,5
BRDA:49,1,0,48
BRDA:49,1,1,43
BRDA:62,2,0,1
BRDA:84,3,0,42
BRDA:84,3,1,0
BRDA:84,3,2,0
BRDA:86,4,0,42
BRDA:86,4,1,0
BRDA:94,5,0,0
BRDA:94,5,1,0
BRDA:148,6,0,0
BRDA:148,7,0,0
BRDA:148,7,1,0
BRDA:156,8,0,0
BRDA:201,9,0,0
BRDA:211,10,0,0
BRF:17
BRH:6
end_of_record
TN:
SF:src\presentation\middleware\PermissionMiddleware.ts
FN:25,(anonymous_0)
FN:38,(anonymous_1)
FN:51,buildPermission
FN:108,(anonymous_3)
FN:116,(anonymous_4)
FN:117,(anonymous_5)
FN:251,(anonymous_6)
FN:258,(anonymous_7)
FN:268,(anonymous_8)
FN:275,(anonymous_9)
FN:285,(anonymous_10)
FN:298,getUserIdFromParams
FN:305,getPatientIdFromParams
FN:312,getOwnerIdFromBody
FNF:14
FNH:6
FNDA:9,(anonymous_0)
FNDA:9,(anonymous_1)
FNDA:0,buildPermission
FNDA:9,(anonymous_3)
FNDA:126,(anonymous_4)
FNDA:36,(anonymous_5)
FNDA:0,(anonymous_6)
FNDA:0,(anonymous_7)
FNDA:0,(anonymous_8)
FNDA:63,(anonymous_9)
FNDA:0,(anonymous_10)
FNDA:0,getUserIdFromParams
FNDA:0,getPatientIdFromParams
FNDA:0,getOwnerIdFromBody
DA:12,9
DA:13,9
DA:25,9
DA:26,9
DA:27,9
DA:28,9
DA:29,9
DA:30,9
DA:31,9
DA:32,9
DA:38,9
DA:39,9
DA:40,9
DA:41,9
DA:42,9
DA:43,9
DA:44,9
DA:45,9
DA:51,9
DA:52,0
DA:107,9
DA:109,9
DA:110,9
DA:117,126
DA:118,36
DA:120,36
DA:121,0
DA:126,0
DA:130,36
DA:133,36
DA:135,36
DA:136,36
DA:137,0
DA:138,0
DA:140,0
DA:141,0
DA:146,0
DA:151,36
DA:152,23
DA:156,23
DA:161,23
DA:163,12
DA:164,12
DA:169,11
DA:175,11
DA:176,5
DA:182,5
DA:187,5
DA:192,6
DA:193,6
DA:199,13
DA:200,0
DA:205,13
DA:211,13
DA:212,5
DA:220,5
DA:226,5
DA:230,8
DA:233,0
DA:239,0
DA:252,0
DA:259,0
DA:269,0
DA:276,63
DA:286,0
DA:298,9
DA:299,0
DA:305,9
DA:306,0
DA:312,9
DA:313,0
LF:71
LH:53
BRDA:25,0,0,9
BRDA:25,0,1,9
BRDA:38,1,0,9
BRDA:38,1,1,9
BRDA:120,2,0,0
BRDA:120,3,0,36
BRDA:120,3,1,36
BRDA:135,4,0,36
BRDA:135,4,1,0
BRDA:137,5,0,0
BRDA:137,5,1,0
BRDA:137,6,0,0
BRDA:137,6,1,0
BRDA:151,7,0,23
BRDA:151,8,0,36
BRDA:151,8,1,23
BRDA:156,9,0,0
BRDA:156,9,1,23
BRDA:161,10,0,12
BRDA:175,11,0,5
BRDA:199,12,0,0
BRDA:199,12,1,13
BRDA:211,13,0,5
BRDA:223,14,0,5
BRDA:223,14,1,0
BRDA:299,15,0,0
BRDA:299,15,1,0
BRDA:313,16,0,0
BRDA:313,16,1,0
BRF:29
BRH:16
end_of_record
TN:
SF:src\presentation\routes\account-recovery.routes.ts
FN:14,getErrorMessage
FN:19,createAccountRecoveryRoutes
FN:25,(anonymous_2)
FN:45,(anonymous_3)
FN:64,(anonymous_4)
FN:84,(anonymous_5)
FN:103,(anonymous_6)
FN:126,(anonymous_7)
FNF:8
FNH:1
FNDA:0,getErrorMessage
FNDA:9,createAccountRecoveryRoutes
FNDA:0,(anonymous_2)
FNDA:0,(anonymous_3)
FNDA:0,(anonymous_4)
FNDA:0,(anonymous_5)
FNDA:0,(anonymous_6)
FNDA:0,(anonymous_7)
DA:9,9
DA:12,9
DA:15,0
DA:16,0
DA:19,9
DA:20,9
DA:23,9
DA:26,0
DA:27,0
DA:31,0
DA:33,0
DA:34,0
DA:43,9
DA:46,0
DA:47,0
DA:52,0
DA:54,0
DA:55,0
DA:64,9
DA:65,0
DA:66,0
DA:73,0
DA:75,0
DA:76,0
DA:84,9
DA:85,0
DA:86,0
DA:92,0
DA:94,0
DA:95,0
DA:103,9
DA:104,0
DA:105,0
DA:113,0
DA:115,0
DA:116,0
DA:124,9
DA:127,0
DA:128,0
DA:136,0
DA:138,0
DA:139,0
DA:147,9
LF:43
LH:11
BRDA:15,0,0,0
BRDA:57,1,0,0
BRDA:57,1,1,0
BRDA:118,2,0,0
BRDA:118,2,1,0
BRDA:130,3,0,0
BRDA:130,3,1,0
BRDA:131,4,0,0
BRDA:131,4,1,0
BRF:9
BRH:0
end_of_record
TN:
SF:src\presentation\routes\admin.routes.ts
FN:15,getErrorMessage
FN:20,createAdminRoutes
FN:28,(anonymous_2)
FN:51,(anonymous_3)
FN:75,(anonymous_4)
FN:95,(anonymous_5)
FN:116,(anonymous_6)
FN:136,(anonymous_7)
FN:146,(anonymous_8)
FN:165,(anonymous_9)
FNF:10
FNH:1
FNDA:0,getErrorMessage
FNDA:9,createAdminRoutes
FNDA:0,(anonymous_2)
FNDA:0,(anonymous_3)
FNDA:0,(anonymous_4)
FNDA:0,(anonymous_5)
FNDA:0,(anonymous_6)
FNDA:0,(anonymous_7)
FNDA:0,(anonymous_8)
FNDA:0,(anonymous_9)
DA:9,9
DA:12,9
DA:13,9
DA:16,0
DA:17,0
DA:20,9
DA:21,9
DA:24,9
DA:25,9
DA:28,9
DA:29,0
DA:30,0
DA:38,0
DA:39,0
DA:40,0
DA:42,0
DA:43,0
DA:51,9
DA:52,0
DA:53,0
DA:62,0
DA:63,0
DA:64,0
DA:66,0
DA:67,0
DA:75,9
DA:76,0
DA:77,0
DA:82,0
DA:83,0
DA:84,0
DA:86,0
DA:87,0
DA:95,9
DA:96,0
DA:97,0
DA:103,0
DA:104,0
DA:105,0
DA:107,0
DA:108,0
DA:116,9
DA:117,0
DA:118,0
DA:123,0
DA:124,0
DA:125,0
DA:127,0
DA:128,0
DA:136,9
DA:137,0
DA:138,0
DA:139,0
DA:141,0
DA:146,9
DA:147,0
DA:148,0
DA:149,0
DA:150,0
DA:151,0
DA:156,0
DA:157,0
DA:165,9
DA:166,0
DA:167,0
DA:168,0
DA:169,0
DA:174,0
DA:175,0
DA:182,9
LF:70
LH:16
BRDA:16,0,0,0
BRDA:35,1,0,0
BRDA:35,1,1,0
BRDA:39,2,0,0
BRDA:39,2,1,0
BRDA:54,3,0,0
BRDA:54,3,1,0
BRDA:55,4,0,0
BRDA:55,4,1,0
BRDA:59,5,0,0
BRDA:59,5,1,0
BRDA:63,6,0,0
BRDA:63,6,1,0
BRDA:79,7,0,0
BRDA:79,7,1,0
BRDA:83,8,0,0
BRDA:83,8,1,0
BRDA:99,9,0,0
BRDA:99,9,1,0
BRDA:104,10,0,0
BRDA:104,10,1,0
BRDA:120,11,0,0
BRDA:120,11,1,0
BRDA:124,12,0,0
BRDA:124,12,1,0
BRF:25
BRH:0
end_of_record
TN:
SF:src\presentation\routes\auth.routes.ts
FN:14,getErrorMessage
FN:19,createAuthRoutes
FN:23,(anonymous_2)
FN:53,(anonymous_3)
FN:80,(anonymous_4)
FN:99,(anonymous_5)
FN:122,(anonymous_6)
FN:153,(anonymous_7)
FN:202,(anonymous_8)
FN:232,(anonymous_9)
FN:257,(anonymous_10)
FN:288,(anonymous_11)
FN:309,(anonymous_12)
FN:331,(anonymous_13)
FN:355,(anonymous_14)
FNF:15
FNH:10
FNDA:0,getErrorMessage
FNDA:9,createAuthRoutes
FNDA:40,(anonymous_2)
FNDA:10,(anonymous_3)
FNDA:11,(anonymous_4)
FNDA:13,(anonymous_5)
FNDA:9,(anonymous_6)
FNDA:21,(anonymous_7)
FNDA:9,(anonymous_8)
FNDA:0,(anonymous_9)
FNDA:1,(anonymous_10)
FNDA:3,(anonymous_11)
FNDA:0,(anonymous_12)
FNDA:0,(anonymous_13)
FNDA:0,(anonymous_14)
DA:9,9
DA:12,9
DA:15,0
DA:16,0
DA:19,9
DA:20,9
DA:23,9
DA:24,40
DA:25,40
DA:38,40
DA:40,40
DA:41,40
DA:43,0
DA:44,0
DA:53,9
DA:54,10
DA:55,10
DA:67,10
DA:68,10
DA:69,10
DA:71,0
DA:72,0
DA:80,9
DA:81,11
DA:82,11
DA:86,11
DA:87,11
DA:88,11
DA:90,0
DA:91,0
DA:99,9
DA:100,13
DA:101,13
DA:108,13
DA:109,13
DA:110,13
DA:112,0
DA:113,0
DA:122,9
DA:123,9
DA:125,9
DA:127,9
DA:128,2
DA:135,7
DA:139,7
DA:140,7
DA:141,7
DA:143,0
DA:144,0
DA:153,9
DA:154,21
DA:156,21
DA:157,21
DA:158,2
DA:166,19
DA:167,19
DA:168,2
DA:176,17
DA:177,17
DA:178,3
DA:185,14
DA:189,14
DA:190,14
DA:191,14
DA:193,0
DA:194,0
DA:202,9
DA:203,9
DA:204,9
DA:206,9
DA:207,1
DA:214,8
DA:218,8
DA:219,8
DA:220,8
DA:222,0
DA:223,0
DA:232,9
DA:233,0
DA:234,0
DA:242,0
DA:243,0
DA:244,0
DA:246,0
DA:247,0
DA:255,9
DA:258,1
DA:259,1
DA:260,0
DA:265,0
DA:268,1
DA:270,1
DA:276,1
DA:277,1
DA:279,0
DA:280,0
DA:288,9
DA:289,3
DA:290,3
DA:296,3
DA:297,3
DA:298,3
DA:300,0
DA:301,0
DA:309,9
DA:310,0
DA:311,0
DA:318,0
DA:319,0
DA:320,0
DA:322,0
DA:323,0
DA:331,9
DA:332,0
DA:333,0
DA:342,0
DA:343,0
DA:344,0
DA:346,0
DA:347,0
DA:355,9
DA:356,0
DA:357,0
DA:362,0
DA:363,0
DA:364,0
DA:366,0
DA:367,0
DA:374,9
LF:129
LH:79
BRDA:15,0,0,0
BRDA:29,1,0,40
BRDA:29,1,1,0
BRDA:29,1,2,0
BRDA:30,2,0,40
BRDA:30,2,1,39
BRDA:40,3,0,33
BRDA:40,3,1,7
BRDA:68,4,0,7
BRDA:68,4,1,3
BRDA:87,5,0,6
BRDA:87,5,1,5
BRDA:109,6,0,0
BRDA:109,6,1,13
BRDA:127,7,0,2
BRDA:127,8,0,9
BRDA:127,8,1,7
BRDA:127,8,2,7
BRDA:140,9,0,2
BRDA:140,9,1,5
BRDA:157,10,0,2
BRDA:157,11,0,21
BRDA:157,11,1,19
BRDA:157,11,2,19
BRDA:167,12,0,2
BRDA:177,13,0,3
BRDA:177,14,0,17
BRDA:177,14,1,15
BRDA:177,14,2,15
BRDA:190,15,0,0
BRDA:190,15,1,14
BRDA:206,16,0,1
BRDA:206,17,0,9
BRDA:206,17,1,8
BRDA:206,17,2,8
BRDA:219,18,0,7
BRDA:219,18,1,1
BRDA:243,19,0,0
BRDA:243,19,1,0
BRDA:259,20,0,0
BRDA:268,21,0,1
BRDA:268,21,1,0
BRDA:273,22,0,0
BRDA:273,22,1,1
BRDA:292,23,0,3
BRDA:292,23,1,0
BRDA:292,23,2,0
BRDA:293,24,0,3
BRDA:293,24,1,3
BRDA:297,25,0,1
BRDA:297,25,1,2
BRDA:319,26,0,0
BRDA:319,26,1,0
BRDA:336,27,0,0
BRDA:336,27,1,0
BRDA:337,28,0,0
BRDA:337,28,1,0
BRDA:338,29,0,0
BRDA:338,29,1,0
BRDA:338,29,2,0
BRDA:339,30,0,0
BRDA:339,30,1,0
BRDA:343,31,0,0
BRDA:343,31,1,0
BRDA:363,32,0,0
BRDA:363,32,1,0
BRF:66
BRH:39
end_of_record
TN:
SF:src\presentation\routes\health.routes.ts
FN:15,getErrorMessage
FN:20,createHealthRoutes
FN:24,(anonymous_2)
FN:58,(anonymous_3)
FN:70,(anonymous_4)
FNF:5
FNH:2
FNDA:0,getErrorMessage
FNDA:9,createHealthRoutes
FNDA:1,(anonymous_2)
FNDA:0,(anonymous_3)
FNDA:0,(anonymous_4)
DA:9,9
DA:11,9
DA:12,9
DA:13,9
DA:16,0
DA:17,0
DA:20,9
DA:21,9
DA:24,9
DA:25,1
DA:26,1
DA:32,1
DA:34,0
DA:35,0
DA:37,1
DA:38,1
DA:40,0
DA:41,0
DA:43,0
DA:46,1
DA:48,0
DA:49,0
DA:58,9
DA:59,0
DA:70,9
DA:71,0
DA:72,0
DA:73,0
DA:75,0
DA:76,0
DA:80,9
LF:31
LH:16
BRDA:16,0,0,0
BRDA:32,1,0,0
BRDA:32,1,1,1
BRDA:32,1,2,0
BRDA:32,1,3,0
BRF:5
BRH:1
end_of_record
TN:
SF:src\presentation\routes\password-policy.routes.ts
FN:14,getErrorMessage
FN:19,createPasswordPolicyRoutes
FN:23,(anonymous_2)
FN:40,(anonymous_3)
FN:65,(anonymous_4)
FNF:5
FNH:1
FNDA:0,getErrorMessage
FNDA:9,createPasswordPolicyRoutes
FNDA:0,(anonymous_2)
FNDA:0,(anonymous_3)
FNDA:0,(anonymous_4)
DA:9,9
DA:12,9
DA:15,0
DA:16,0
DA:19,9
DA:20,9
DA:23,9
DA:24,0
DA:25,0
DA:26,0
DA:28,0
DA:29,0
DA:37,9
DA:41,0
DA:42,0
DA:53,0
DA:55,0
DA:56,0
DA:65,9
DA:66,0
DA:67,0
DA:71,0
DA:73,0
DA:74,0
DA:81,9
LF:25
LH:8
BRDA:15,0,0,0
BRDA:58,1,0,0
BRDA:58,1,1,0
BRF:3
BRH:0
end_of_record
TN:
SF:src\presentation\routes\permission.routes.ts
FN:15,getErrorMessage
FN:20,createPermissionRoutes
FN:29,(anonymous_2)
FN:31,(anonymous_3)
FN:57,(anonymous_4)
FN:75,(anonymous_5)
FN:94,(anonymous_6)
FN:112,(anonymous_7)
FNF:8
FNH:1
FNDA:0,getErrorMessage
FNDA:18,createPermissionRoutes
FNDA:0,(anonymous_2)
FNDA:0,(anonymous_3)
FNDA:0,(anonymous_4)
FNDA:0,(anonymous_5)
FNDA:0,(anonymous_6)
FNDA:0,(anonymous_7)
DA:9,9
DA:12,9
DA:13,9
DA:16,0
DA:17,0
DA:20,9
DA:21,18
DA:24,18
DA:29,0
DA:32,0
DA:33,0
DA:34,0
DA:35,0
DA:37,0
DA:47,0
DA:48,0
DA:57,18
DA:58,0
DA:59,0
DA:63,0
DA:65,0
DA:66,0
DA:75,18
DA:76,0
DA:77,0
DA:82,0
DA:84,0
DA:85,0
DA:94,18
DA:95,0
DA:96,0
DA:100,0
DA:102,0
DA:103,0
DA:112,18
DA:113,0
DA:114,0
DA:119,0
DA:121,0
DA:122,0
DA:130,18
LF:41
LH:11
BRDA:16,0,0,0
BRF:1
BRH:0
end_of_record
TN:
SF:src\presentation\routes\session.routes.ts
FN:14,getErrorMessage
FN:19,createSessionRoutes
FN:28,(anonymous_2)
FN:30,(anonymous_3)
FN:116,(anonymous_4)
FN:118,(anonymous_5)
FN:158,(anonymous_6)
FN:160,(anonymous_7)
FNF:8
FNH:8
FNDA:2,getErrorMessage
FNDA:9,createSessionRoutes
FNDA:5,(anonymous_2)
FNDA:4,(anonymous_3)
FNDA:5,(anonymous_4)
FNDA:4,(anonymous_5)
FNDA:5,(anonymous_6)
FNDA:4,(anonymous_7)
DA:9,9
DA:12,9
DA:15,2
DA:16,0
DA:19,9
DA:20,9
DA:23,9
DA:28,5
DA:31,4
DA:33,4
DA:35,4
DA:42,4
DA:43,0
DA:44,0
DA:50,0
DA:51,0
DA:52,0
DA:59,0
DA:60,0
DA:61,0
DA:67,0
DA:68,0
DA:69,0
DA:74,0
DA:80,0
DA:88,4
DA:94,4
DA:99,4
DA:101,0
DA:102,0
DA:111,9
DA:116,5
DA:119,4
DA:120,4
DA:125,2
DA:127,2
DA:129,2
DA:130,2
DA:131,2
DA:136,0
DA:137,0
DA:144,0
DA:153,9
DA:158,5
DA:161,4
DA:163,4
DA:165,4
DA:172,4
DA:173,0
DA:174,0
DA:180,0
DA:181,0
DA:182,0
DA:189,0
DA:190,0
DA:191,0
DA:197,0
DA:198,0
DA:199,0
DA:204,0
DA:210,0
DA:218,4
DA:224,4
DA:229,4
DA:231,0
DA:232,0
DA:240,9
LF:67
LH:33
BRDA:15,0,0,2
BRDA:42,1,0,0
BRDA:50,2,0,0
BRDA:50,3,0,0
BRDA:50,3,1,0
BRDA:67,4,0,0
BRDA:67,4,1,0
BRDA:129,5,0,2
BRDA:130,6,0,2
BRDA:136,7,0,0
BRDA:172,8,0,0
BRDA:180,9,0,0
BRDA:180,10,0,0
BRDA:180,10,1,0
BRDA:197,11,0,0
BRDA:197,11,1,0
BRF:16
BRH:3
end_of_record
TN:
SF:src\presentation\routes\user.routes.ts
FN:14,getErrorMessage
FN:19,createUserRoutes
FN:25,(anonymous_2)
FN:47,(anonymous_3)
FN:49,(anonymous_4)
FN:72,(anonymous_5)
FN:100,(anonymous_6)
FN:102,(anonymous_7)
FN:126,(anonymous_8)
FN:150,(anonymous_9)
FN:168,(anonymous_10)
FN:193,(anonymous_11)
FN:218,(anonymous_12)
FN:242,(anonymous_13)
FNF:14
FNH:13
FNDA:0,getErrorMessage
FNDA:9,createUserRoutes
FNDA:1,(anonymous_2)
FNDA:4,(anonymous_3)
FNDA:3,(anonymous_4)
FNDA:3,(anonymous_5)
FNDA:4,(anonymous_6)
FNDA:3,(anonymous_7)
FNDA:1,(anonymous_8)
FNDA:4,(anonymous_9)
FNDA:4,(anonymous_10)
FNDA:1,(anonymous_11)
FNDA:1,(anonymous_12)
FNDA:2,(anonymous_13)
DA:9,9
DA:12,9
DA:15,0
DA:16,0
DA:19,9
DA:20,9
DA:23,9
DA:26,1
DA:27,1
DA:32,0
DA:33,0
DA:42,9
DA:47,4
DA:50,3
DA:51,3
DA:56,3
DA:57,3
DA:59,0
DA:60,0
DA:69,9
DA:73,3
DA:74,3
DA:83,3
DA:85,0
DA:86,0
DA:95,9
DA:100,4
DA:103,3
DA:104,3
DA:110,3
DA:111,3
DA:113,0
DA:114,0
DA:123,9
DA:127,1
DA:128,1
DA:135,1
DA:136,1
DA:138,0
DA:139,0
DA:148,9
DA:151,4
DA:152,4
DA:153,4
DA:156,0
DA:159,0
DA:161,0
DA:162,0
DA:169,4
DA:170,4
DA:177,4
DA:178,4
DA:180,0
DA:181,0
DA:190,9
DA:194,1
DA:195,1
DA:202,1
DA:203,1
DA:205,0
DA:206,0
DA:215,9
DA:219,1
DA:220,1
DA:226,1
DA:227,1
DA:229,0
DA:230,0
DA:239,9
DA:243,2
DA:244,2
DA:251,2
DA:252,2
DA:254,0
DA:255,0
DA:263,9
LF:76
LH:52
BRDA:15,0,0,0
BRDA:56,1,0,2
BRDA:56,1,1,1
BRDA:76,2,0,3
BRDA:76,2,1,2
BRDA:77,3,0,3
BRDA:77,3,1,2
BRDA:79,4,0,0
BRDA:79,4,1,3
BRDA:79,5,0,0
BRDA:79,5,1,3
BRDA:110,6,0,2
BRDA:110,6,1,1
BRDA:135,7,0,1
BRDA:135,7,1,0
BRDA:152,8,0,4
BRDA:152,9,0,4
BRDA:152,9,1,4
BRDA:177,10,0,1
BRDA:177,10,1,3
BRDA:198,11,0,1
BRDA:198,11,1,0
BRDA:202,12,0,1
BRDA:202,12,1,0
BRDA:223,13,0,1
BRDA:223,13,1,0
BRDA:226,14,0,1
BRDA:226,14,1,0
BRDA:248,15,0,2
BRDA:248,15,1,1
BRDA:251,16,0,1
BRDA:251,16,1,1
BRF:32
BRH:24
end_of_record
TN:
SF:src\utils\error-helper.ts
FN:9,getErrorMessage
FNF:1
FNH:1
FNDA:88,getErrorMessage
DA:9,12
DA:10,88
DA:13,7
DA:14,7
DA:15,7
DA:17,0
DA:21,0
LF:7
LH:5
BRDA:10,0,0,81
BRDA:13,1,0,7
BRDA:13,2,0,7
BRDA:13,2,1,7
BRF:4
BRH:4
end_of_record
