TN:
SF:src\application\handlers\PatientCommandHandlers.ts
FN:106,(anonymous_0)
FN:118,(anonymous_1)
FN:161,(anonymous_2)
FN:204,(anonymous_3)
FN:251,(anonymous_4)
FN:304,(anonymous_5)
FN:361,(anonymous_6)
FN:389,(anonymous_7)
FN:401,(anonymous_8)
FN:411,(anonymous_9)
FN:422,(anonymous_10)
FN:433,(anonymous_11)
FN:449,(anonymous_12)
FNF:13
FNH:0
FNDA:0,(anonymous_0)
FNDA:0,(anonymous_1)
FNDA:0,(anonymous_2)
FNDA:0,(anonymous_3)
FNDA:0,(anonymous_4)
FNDA:0,(anonymous_5)
FNDA:0,(anonymous_6)
FNDA:0,(anonymous_7)
FNDA:0,(anonymous_8)
FNDA:0,(anonymous_9)
FNDA:0,(anonymous_10)
FNDA:0,(anonymous_11)
FNDA:0,(anonymous_12)
DA:105,0
DA:107,0
DA:108,0
DA:109,0
DA:110,0
DA:111,0
DA:112,0
DA:119,0
DA:120,0
DA:127,0
DA:128,0
DA:135,0
DA:137,0
DA:143,0
DA:146,0
DA:151,0
DA:162,0
DA:163,0
DA:170,0
DA:171,0
DA:178,0
DA:180,0
DA:186,0
DA:189,0
DA:194,0
DA:205,0
DA:206,0
DA:213,0
DA:214,0
DA:221,0
DA:227,0
DA:233,0
DA:236,0
DA:241,0
DA:252,0
DA:253,0
DA:260,0
DA:261,0
DA:268,0
DA:276,0
DA:283,0
DA:289,0
DA:294,0
DA:305,0
DA:306,0
DA:313,0
DA:314,0
DA:321,0
DA:333,0
DA:340,0
DA:346,0
DA:351,0
DA:362,0
DA:364,0
DA:367,0
DA:370,0
DA:373,0
DA:376,0
DA:379,0
DA:381,0
DA:390,0
DA:402,0
DA:412,0
DA:423,0
DA:434,0
DA:455,0
LF:66
LH:0
BRDA:127,0,0,0
BRDA:148,1,0,0
BRDA:148,1,1,0
BRDA:170,2,0,0
BRDA:191,3,0,0
BRDA:191,3,1,0
BRDA:213,4,0,0
BRDA:238,5,0,0
BRDA:238,5,1,0
BRDA:260,6,0,0
BRDA:291,7,0,0
BRDA:291,7,1,0
BRDA:313,8,0,0
BRDA:348,9,0,0
BRDA:348,9,1,0
BRDA:362,10,0,0
BRDA:362,10,1,0
BRDA:362,10,2,0
BRDA:362,10,3,0
BRDA:362,10,4,0
BRDA:362,10,5,0
BRDA:391,11,0,0
BRDA:391,11,1,0
BRDA:391,11,2,0
BRDA:391,11,3,0
BRDA:391,11,4,0
BRDA:391,11,5,0
BRDA:391,11,6,0
BRDA:403,12,0,0
BRDA:403,12,1,0
BRDA:403,12,2,0
BRDA:403,12,3,0
BRDA:403,12,4,0
BRDA:413,13,0,0
BRDA:413,13,1,0
BRDA:413,13,2,0
BRDA:413,13,3,0
BRDA:413,13,4,0
BRDA:413,13,5,0
BRDA:424,14,0,0
BRDA:424,14,1,0
BRDA:424,14,2,0
BRDA:424,14,3,0
BRDA:424,14,4,0
BRDA:424,14,5,0
BRDA:435,15,0,0
BRDA:435,15,1,0
BRDA:435,15,2,0
BRDA:435,15,3,0
BRDA:435,15,4,0
BRDA:435,15,5,0
BRDA:435,15,6,0
BRDA:435,15,7,0
BRF:53
BRH:0
end_of_record
TN:
SF:src\application\handlers\PatientQueryHandlers.ts
FN:195,(anonymous_0)
FN:205,(anonymous_1)
FN:250,(anonymous_2)
FN:292,(anonymous_3)
FN:333,(anonymous_4)
FN:380,(anonymous_5)
FN:437,(anonymous_6)
FN:465,(anonymous_7)
FN:466,(anonymous_8)
FN:510,(anonymous_9)
FN:530,(anonymous_10)
FN:540,(anonymous_11)
FN:550,(anonymous_12)
FN:561,(anonymous_13)
FN:572,(anonymous_14)
FN:576,(anonymous_15)
FN:580,(anonymous_16)
FN:587,(anonymous_17)
FN:601,(anonymous_18)
FN:641,(anonymous_19)
FN:653,(anonymous_20)
FN:668,(anonymous_21)
FN:671,(anonymous_22)
FN:692,(anonymous_23)
FN:702,(anonymous_24)
FN:712,(anonymous_25)
FN:713,(anonymous_26)
FN:716,(anonymous_27)
FN:738,(anonymous_28)
FN:777,(anonymous_29)
FN:785,(anonymous_30)
FNF:31
FNH:0
FNDA:0,(anonymous_0)
FNDA:0,(anonymous_1)
FNDA:0,(anonymous_2)
FNDA:0,(anonymous_3)
FNDA:0,(anonymous_4)
FNDA:0,(anonymous_5)
FNDA:0,(anonymous_6)
FNDA:0,(anonymous_7)
FNDA:0,(anonymous_8)
FNDA:0,(anonymous_9)
FNDA:0,(anonymous_10)
FNDA:0,(anonymous_11)
FNDA:0,(anonymous_12)
FNDA:0,(anonymous_13)
FNDA:0,(anonymous_14)
FNDA:0,(anonymous_15)
FNDA:0,(anonymous_16)
FNDA:0,(anonymous_17)
FNDA:0,(anonymous_18)
FNDA:0,(anonymous_19)
FNDA:0,(anonymous_20)
FNDA:0,(anonymous_21)
FNDA:0,(anonymous_22)
FNDA:0,(anonymous_23)
FNDA:0,(anonymous_24)
FNDA:0,(anonymous_25)
FNDA:0,(anonymous_26)
FNDA:0,(anonymous_27)
FNDA:0,(anonymous_28)
FNDA:0,(anonymous_29)
FNDA:0,(anonymous_30)
DA:25,0
DA:194,0
DA:196,0
DA:197,0
DA:198,0
DA:199,0
DA:206,0
DA:207,0
DA:216,0
DA:217,0
DA:223,0
DA:225,0
DA:232,0
DA:235,0
DA:240,0
DA:251,0
DA:252,0
DA:258,0
DA:259,0
DA:265,0
DA:266,0
DA:272,0
DA:273,0
DA:274,0
DA:276,0
DA:292,0
DA:293,0
DA:295,0
DA:309,0
DA:315,0
DA:318,0
DA:323,0
DA:334,0
DA:335,0
DA:341,0
DA:342,0
DA:348,0
DA:349,0
DA:355,0
DA:356,0
DA:358,0
DA:371,0
DA:373,0
DA:374,0
DA:380,0
DA:397,0
DA:413,0
DA:419,0
DA:422,0
DA:427,0
DA:438,0
DA:439,0
DA:445,0
DA:446,0
DA:452,0
DA:453,0
DA:459,0
DA:464,0
DA:465,0
DA:466,0
DA:467,0
DA:469,0
DA:470,0
DA:471,0
DA:473,0
DA:486,0
DA:492,0
DA:495,0
DA:500,0
DA:511,0
DA:513,0
DA:515,0
DA:517,0
DA:519,0
DA:521,0
DA:522,0
DA:531,0
DA:541,0
DA:551,0
DA:562,0
DA:573,0
DA:577,0
DA:581,0
DA:588,0
DA:605,0
DA:606,0
DA:607,0
DA:610,0
DA:611,0
DA:612,0
DA:614,0
DA:615,0
DA:621,0
DA:622,0
DA:625,0
DA:626,0
DA:629,0
DA:631,0
DA:632,0
DA:635,0
DA:638,0
DA:645,0
DA:646,0
DA:649,0
DA:650,0
DA:651,0
DA:653,0
DA:654,0
DA:655,0
DA:656,0
DA:658,0
DA:659,0
DA:661,0
DA:665,0
DA:666,0
DA:668,0
DA:672,0
DA:673,0
DA:674,0
DA:693,0
DA:694,0
DA:696,0
DA:697,0
DA:699,0
DA:703,0
DA:705,0
DA:706,0
DA:707,0
DA:708,0
DA:711,0
DA:712,0
DA:713,0
DA:717,0
DA:718,0
DA:719,0
DA:721,0
DA:723,0
DA:725,0
DA:726,0
DA:727,0
DA:728,0
DA:731,0
DA:734,0
DA:739,0
DA:740,0
DA:746,0
DA:748,0
DA:749,0
DA:750,0
DA:752,0
DA:754,0
DA:755,0
DA:757,0
DA:758,0
DA:760,0
DA:763,0
DA:764,0
DA:766,0
DA:767,0
DA:770,0
DA:778,0
DA:779,0
DA:780,0
DA:781,0
DA:782,0
DA:786,0
DA:787,0
DA:788,0
DA:789,0
DA:790,0
DA:792,0
LF:171
LH:0
BRDA:216,0,0,0
BRDA:237,1,0,0
BRDA:237,1,1,0
BRDA:258,2,0,0
BRDA:265,3,0,0
BRDA:272,4,0,0
BRDA:272,4,1,0
BRDA:273,5,0,0
BRDA:273,5,1,0
BRDA:274,6,0,0
BRDA:274,6,1,0
BRDA:320,7,0,0
BRDA:320,7,1,0
BRDA:341,8,0,0
BRDA:348,9,0,0
BRDA:355,10,0,0
BRDA:355,10,1,0
BRDA:356,11,0,0
BRDA:356,11,1,0
BRDA:373,12,0,0
BRDA:373,13,0,0
BRDA:373,13,1,0
BRDA:376,14,0,0
BRDA:376,14,1,0
BRDA:424,15,0,0
BRDA:424,15,1,0
BRDA:445,16,0,0
BRDA:452,17,0,0
BRDA:469,18,0,0
BRDA:469,18,1,0
BRDA:497,19,0,0
BRDA:497,19,1,0
BRDA:511,20,0,0
BRDA:511,20,1,0
BRDA:511,20,2,0
BRDA:511,20,3,0
BRDA:511,20,4,0
BRDA:532,21,0,0
BRDA:532,21,1,0
BRDA:532,21,2,0
BRDA:532,21,3,0
BRDA:532,21,4,0
BRDA:532,21,5,0
BRDA:532,21,6,0
BRDA:532,21,7,0
BRDA:542,22,0,0
BRDA:542,22,1,0
BRDA:542,22,2,0
BRDA:542,22,3,0
BRDA:542,22,4,0
BRDA:552,23,0,0
BRDA:552,23,1,0
BRDA:552,23,2,0
BRDA:552,23,3,0
BRDA:552,23,4,0
BRDA:552,23,5,0
BRDA:563,24,0,0
BRDA:563,24,1,0
BRDA:563,24,2,0
BRDA:563,24,3,0
BRDA:563,24,4,0
BRDA:606,25,0,0
BRDA:621,26,0,0
BRDA:625,27,0,0
BRDA:631,28,0,0
BRDA:645,29,0,0
BRDA:649,30,0,0
BRDA:649,31,0,0
BRDA:649,31,1,0
BRDA:650,32,0,0
BRDA:650,32,1,0
BRDA:651,33,0,0
BRDA:651,33,1,0
BRDA:655,34,0,0
BRDA:655,35,0,0
BRDA:655,35,1,0
BRDA:658,36,0,0
BRDA:658,37,0,0
BRDA:658,37,1,0
BRDA:675,38,0,0
BRDA:675,38,1,0
BRDA:693,39,0,0
BRDA:696,40,0,0
BRDA:708,41,0,0
BRDA:708,41,1,0
BRDA:721,42,0,0
BRDA:721,42,1,0
BRDA:721,42,2,0
BRDA:721,42,3,0
BRDA:721,42,4,0
BRDA:752,43,0,0
BRDA:752,43,1,0
BRDA:752,43,2,0
BRDA:766,44,0,0
BRDA:766,44,1,0
BRDA:767,45,0,0
BRDA:767,45,1,0
BRDA:779,46,0,0
BRDA:780,47,0,0
BRDA:781,48,0,0
BRDA:789,49,0,0
BRDA:789,50,0,0
BRDA:789,50,1,0
BRDA:789,50,2,0
BRF:104
BRH:0
end_of_record
TN:
SF:src\application\services\IDegradationService.ts
FN:11,(anonymous_0)
FNF:1
FNH:0
FNDA:0,(anonymous_0)
DA:11,0
DA:12,0
DA:13,0
DA:14,0
DA:15,0
LF:5
LH:0
BRDA:11,0,0,0
BRDA:11,0,1,0
BRF:2
BRH:0
end_of_record
TN:
SF:src\application\services\InsuranceValidationService.ts
FN:42,(anonymous_0)
FN:56,(anonymous_1)
FN:146,(anonymous_2)
FN:209,(anonymous_3)
FN:223,(anonymous_4)
FN:243,(anonymous_5)
FN:284,(anonymous_6)
FNF:7
FNH:0
FNDA:0,(anonymous_0)
FNDA:0,(anonymous_1)
FNDA:0,(anonymous_2)
FNDA:0,(anonymous_3)
FNDA:0,(anonymous_4)
FNDA:0,(anonymous_5)
FNDA:0,(anonymous_6)
DA:23,0
DA:25,0
DA:34,0
DA:37,0
DA:42,0
DA:57,0
DA:58,0
DA:59,0
DA:61,0
DA:63,0
DA:66,0
DA:67,0
DA:69,0
DA:70,0
DA:71,0
DA:74,0
DA:77,0
DA:78,0
DA:80,0
DA:83,0
DA:84,0
DA:86,0
DA:89,0
DA:90,0
DA:92,0
DA:95,0
DA:96,0
DA:97,0
DA:98,0
DA:100,0
DA:103,0
DA:104,0
DA:108,0
DA:109,0
DA:113,0
DA:114,0
DA:117,0
DA:125,0
DA:130,0
DA:147,0
DA:148,0
DA:149,0
DA:151,0
DA:153,0
DA:156,0
DA:157,0
DA:159,0
DA:160,0
DA:161,0
DA:164,0
DA:167,0
DA:168,0
DA:169,0
DA:170,0
DA:172,0
DA:175,0
DA:176,0
DA:178,0
DA:181,0
DA:182,0
DA:185,0
DA:193,0
DA:198,0
DA:210,0
DA:211,0
DA:213,0
DA:230,0
DA:231,0
DA:232,0
DA:233,0
DA:236,0
DA:244,0
DA:245,0
DA:248,0
DA:249,0
DA:253,0
DA:254,0
DA:255,0
DA:256,0
DA:260,0
DA:261,0
DA:262,0
DA:263,0
DA:267,0
DA:268,0
DA:269,0
DA:270,0
DA:271,0
DA:274,0
DA:285,0
LF:90
LH:0
BRDA:69,0,0,0
BRDA:77,1,0,0
BRDA:83,2,0,0
BRDA:89,3,0,0
BRDA:97,4,0,0
BRDA:97,5,0,0
BRDA:97,5,1,0
BRDA:103,6,0,0
BRDA:108,7,0,0
BRDA:113,8,0,0
BRDA:127,9,0,0
BRDA:127,9,1,0
BRDA:159,10,0,0
BRDA:169,11,0,0
BRDA:169,12,0,0
BRDA:169,12,1,0
BRDA:175,13,0,0
BRDA:181,14,0,0
BRDA:195,15,0,0
BRDA:195,15,1,0
BRDA:215,16,0,0
BRDA:215,16,1,0
BRDA:230,17,0,0
BRDA:230,17,1,0
BRDA:232,18,0,0
BRDA:232,18,1,0
BRDA:248,19,0,0
BRDA:255,20,0,0
BRDA:262,21,0,0
BRDA:268,22,0,0
BRDA:268,22,1,0
BRDA:270,23,0,0
BRF:32
BRH:0
end_of_record
TN:
SF:src\application\services\PatientMatchingService.ts
FN:44,(anonymous_0)
FN:49,(anonymous_1)
FN:57,(anonymous_2)
FN:73,(anonymous_3)
FN:76,(anonymous_4)
FN:80,(anonymous_5)
FN:104,(anonymous_6)
FN:151,(anonymous_7)
FN:166,(anonymous_8)
FN:218,(anonymous_9)
FN:230,(anonymous_10)
FN:237,(anonymous_11)
FN:247,(anonymous_12)
FN:262,(anonymous_13)
FNF:14
FNH:0
FNDA:0,(anonymous_0)
FNDA:0,(anonymous_1)
FNDA:0,(anonymous_2)
FNDA:0,(anonymous_3)
FNDA:0,(anonymous_4)
FNDA:0,(anonymous_5)
FNDA:0,(anonymous_6)
FNDA:0,(anonymous_7)
FNDA:0,(anonymous_8)
FNDA:0,(anonymous_9)
FNDA:0,(anonymous_10)
FNDA:0,(anonymous_11)
FNDA:0,(anonymous_12)
FNDA:0,(anonymous_13)
DA:26,0
DA:28,0
DA:37,0
DA:44,0
DA:55,0
DA:57,0
DA:58,0
DA:59,0
DA:60,0
DA:62,0
DA:71,0
DA:72,0
DA:73,0
DA:76,0
DA:80,0
DA:83,0
DA:85,0
DA:91,0
DA:94,0
DA:97,0
DA:105,0
DA:106,0
DA:109,0
DA:110,0
DA:111,0
DA:116,0
DA:117,0
DA:121,0
DA:125,0
DA:126,0
DA:127,0
DA:132,0
DA:133,0
DA:134,0
DA:139,0
DA:140,0
DA:141,0
DA:145,0
DA:152,0
DA:153,0
DA:154,0
DA:155,0
DA:156,0
DA:157,0
DA:159,0
DA:167,0
DA:168,0
DA:169,0
DA:171,0
DA:172,0
DA:173,0
DA:174,0
DA:178,0
DA:179,0
DA:183,0
DA:184,0
DA:185,0
DA:189,0
DA:190,0
DA:191,0
DA:192,0
DA:196,0
DA:197,0
DA:198,0
DA:199,0
DA:203,0
DA:204,0
DA:205,0
DA:206,0
DA:210,0
DA:219,0
DA:231,0
DA:238,0
DA:248,0
DA:249,0
DA:251,0
DA:252,0
DA:255,0
DA:256,0
DA:263,0
DA:265,0
DA:266,0
DA:269,0
DA:270,0
DA:273,0
DA:274,0
DA:275,0
DA:276,0
DA:278,0
DA:287,0
LF:90
LH:0
BRDA:52,0,0,0
BRDA:53,1,0,0
BRDA:72,2,0,0
BRDA:72,2,1,0
BRDA:95,3,0,0
BRDA:95,3,1,0
BRDA:109,4,0,0
BRDA:109,5,0,0
BRDA:109,5,1,0
BRDA:110,6,0,0
BRDA:116,7,0,0
BRDA:116,8,0,0
BRDA:116,8,1,0
BRDA:125,9,0,0
BRDA:125,10,0,0
BRDA:125,10,1,0
BRDA:126,11,0,0
BRDA:132,12,0,0
BRDA:132,13,0,0
BRDA:132,13,1,0
BRDA:133,14,0,0
BRDA:139,15,0,0
BRDA:139,16,0,0
BRDA:139,16,1,0
BRDA:140,17,0,0
BRDA:152,18,0,0
BRDA:152,18,1,0
BRDA:154,19,0,0
BRDA:154,19,1,0
BRDA:156,20,0,0
BRDA:156,20,1,0
BRDA:171,21,0,0
BRDA:171,22,0,0
BRDA:171,22,1,0
BRDA:172,23,0,0
BRDA:178,24,0,0
BRDA:178,25,0,0
BRDA:178,25,1,0
BRDA:183,26,0,0
BRDA:189,27,0,0
BRDA:189,28,0,0
BRDA:189,28,1,0
BRDA:190,29,0,0
BRDA:196,30,0,0
BRDA:196,31,0,0
BRDA:196,31,1,0
BRDA:197,32,0,0
BRDA:203,33,0,0
BRDA:203,34,0,0
BRDA:203,34,1,0
BRDA:204,35,0,0
BRDA:238,36,0,0
BRDA:238,36,1,0
BRDA:238,36,2,0
BRDA:248,37,0,0
BRDA:248,37,1,0
BRDA:249,38,0,0
BRDA:249,38,1,0
BRDA:251,39,0,0
BRDA:275,40,0,0
BRDA:275,40,1,0
BRF:61
BRH:0
end_of_record
TN:
SF:src\application\use-cases\AddEmergencyContactUseCase.ts
FN:39,(anonymous_0)
FN:45,(anonymous_1)
FN:119,(anonymous_2)
FN:139,(anonymous_3)
FNF:4
FNH:4
FNDA:5,(anonymous_0)
FNDA:5,(anonymous_1)
FNDA:1,(anonymous_2)
FNDA:1,(anonymous_3)
DA:11,1
DA:12,1
DA:38,1
DA:40,5
DA:41,5
DA:42,5
DA:46,5
DA:52,5
DA:53,0
DA:56,5
DA:57,1
DA:60,4
DA:61,1
DA:64,3
DA:65,1
DA:68,2
DA:69,0
DA:73,2
DA:74,2
DA:76,2
DA:77,1
DA:81,1
DA:92,1
DA:95,1
DA:98,1
DA:101,1
DA:103,1
DA:109,1
DA:120,1
DA:121,1
DA:123,1
DA:124,2
DA:127,1
DA:129,0
DA:144,1
LF:35
LH:32
BRDA:52,0,0,0
BRDA:52,1,0,5
BRDA:52,1,1,5
BRDA:56,2,0,1
BRDA:56,3,0,5
BRDA:56,3,1,4
BRDA:60,4,0,1
BRDA:60,5,0,4
BRDA:60,5,1,3
BRDA:64,6,0,1
BRDA:64,7,0,3
BRDA:64,7,1,2
BRDA:68,8,0,0
BRDA:68,9,0,2
BRDA:68,9,1,2
BRDA:76,10,0,1
BRDA:88,11,0,1
BRDA:88,11,1,0
BRDA:131,12,0,0
BRDA:131,12,1,0
BRF:20
BRH:15
end_of_record
TN:
SF:src\application\use-cases\DeactivatePatientUseCase.ts
FN:34,(anonymous_0)
FN:40,(anonymous_1)
FN:148,(anonymous_2)
FN:168,(anonymous_3)
FNF:4
FNH:4
FNDA:5,(anonymous_0)
FNDA:5,(anonymous_1)
FNDA:3,(anonymous_2)
FNDA:3,(anonymous_3)
DA:12,1
DA:33,1
DA:35,5
DA:36,5
DA:37,5
DA:41,5
DA:42,5
DA:49,5
DA:50,5
DA:52,5
DA:53,1
DA:56,1
DA:64,4
DA:65,1
DA:73,3
DA:74,0
DA:82,3
DA:83,0
DA:91,3
DA:94,3
DA:97,3
DA:100,3
DA:102,3
DA:108,3
DA:119,0
DA:120,0
DA:125,0
DA:133,0
DA:137,0
DA:149,3
DA:150,3
DA:152,3
DA:153,5
DA:156,2
DA:158,1
DA:172,3
LF:36
LH:29
BRDA:52,0,0,1
BRDA:64,1,0,1
BRDA:73,2,0,0
BRDA:82,3,0,0
BRDA:119,4,0,0
BRDA:160,5,0,1
BRDA:160,5,1,0
BRF:7
BRH:3
end_of_record
TN:
SF:src\application\use-cases\GetPatientProfileUseCase.ts
FN:104,(anonymous_0)
FN:109,(anonymous_1)
FN:213,(anonymous_2)
FN:223,(anonymous_3)
FN:233,(anonymous_4)
FN:277,(anonymous_5)
FNF:6
FNH:3
FNDA:4,(anonymous_0)
FNDA:4,(anonymous_1)
FNDA:0,(anonymous_2)
FNDA:0,(anonymous_3)
FNDA:0,(anonymous_4)
FNDA:2,(anonymous_5)
DA:12,1
DA:103,1
DA:105,4
DA:106,4
DA:110,4
DA:111,4
DA:118,4
DA:120,4
DA:121,3
DA:122,3
DA:123,1
DA:124,0
DA:125,1
DA:126,0
DA:127,1
DA:128,0
DA:130,1
DA:137,3
DA:138,1
DA:142,1
DA:150,2
DA:153,2
DA:154,2
DA:155,2
DA:156,2
DA:157,2
DA:158,2
DA:159,2
DA:161,2
DA:166,2
DA:213,0
DA:223,0
DA:233,0
DA:246,0
DA:247,0
DA:253,0
DA:261,0
DA:266,0
DA:281,2
LF:39
LH:28
BRDA:120,0,0,3
BRDA:120,0,1,1
BRDA:123,1,0,0
BRDA:123,1,1,1
BRDA:125,2,0,0
BRDA:125,2,1,1
BRDA:127,3,0,0
BRDA:127,3,1,1
BRDA:137,4,0,1
BRDA:170,5,0,2
BRDA:170,5,1,0
BRDA:201,6,0,0
BRDA:201,6,1,2
BRDA:246,7,0,0
BRF:14
BRH:8
end_of_record
TN:
SF:src\application\use-cases\GrantConsentUseCase.ts
FN:33,(anonymous_0)
FN:35,(anonymous_1)
FNF:2
FNH:2
FNDA:2,(anonymous_0)
FNDA:2,(anonymous_1)
DA:11,1
DA:12,1
DA:32,1
DA:33,2
DA:37,2
DA:38,0
DA:41,2
DA:42,0
DA:45,2
DA:46,0
DA:49,2
DA:50,0
DA:54,2
DA:55,2
DA:57,2
DA:58,1
DA:62,1
DA:71,1
DA:74,1
DA:76,1
LF:20
LH:16
BRDA:37,0,0,0
BRDA:37,1,0,2
BRDA:37,1,1,2
BRDA:41,2,0,0
BRDA:41,3,0,2
BRDA:41,3,1,2
BRDA:45,4,0,0
BRDA:45,5,0,2
BRDA:45,5,1,2
BRDA:49,6,0,0
BRDA:49,7,0,2
BRDA:49,7,1,2
BRDA:57,8,0,1
BRF:13
BRH:9
end_of_record
TN:
SF:src\application\use-cases\LinkPatientsUseCase.ts
FN:34,(anonymous_0)
FN:38,(anonymous_1)
FNF:2
FNH:2
FNDA:2,(anonymous_0)
FNDA:2,(anonymous_1)
DA:12,1
DA:33,1
DA:35,2
DA:39,2
DA:41,2
DA:42,1
DA:50,1
DA:51,1
DA:53,1
DA:54,0
DA:62,1
DA:63,1
DA:65,1
DA:66,0
DA:74,1
DA:75,0
DA:82,1
DA:83,0
DA:91,1
DA:94,1
DA:97,1
DA:110,0
DA:111,0
DA:119,0
LF:24
LH:17
BRDA:41,0,0,1
BRDA:53,1,0,0
BRDA:65,2,0,0
BRDA:74,3,0,0
BRDA:82,4,0,0
BRDA:110,5,0,0
BRF:6
BRH:1
end_of_record
TN:
SF:src\application\use-cases\MarkAsDeceasedUseCase.ts
FN:27,(anonymous_0)
FN:29,(anonymous_1)
FNF:2
FNH:2
FNDA:2,(anonymous_0)
FNDA:2,(anonymous_1)
DA:11,1
DA:26,1
DA:27,2
DA:31,2
DA:32,0
DA:35,2
DA:36,0
DA:40,2
DA:41,2
DA:43,2
DA:44,1
DA:48,1
DA:51,1
DA:53,1
LF:14
LH:12
BRDA:31,0,0,0
BRDA:31,1,0,2
BRDA:31,1,1,2
BRDA:35,2,0,0
BRDA:35,3,0,2
BRDA:35,3,1,2
BRDA:43,4,0,1
BRF:7
BRH:5
end_of_record
TN:
SF:src\application\use-cases\MatchPatientsUseCase.ts
FN:54,(anonymous_0)
FN:58,(anonymous_1)
FN:87,(anonymous_2)
FNF:3
FNH:3
FNDA:3,(anonymous_0)
FNDA:3,(anonymous_1)
FNDA:1,(anonymous_2)
DA:53,1
DA:55,3
DA:59,3
DA:61,3
DA:62,1
DA:70,2
DA:71,2
DA:74,2
DA:87,2
DA:88,1
DA:89,1
DA:90,1
DA:93,1
DA:94,1
DA:95,1
DA:96,1
DA:97,1
DA:99,1
DA:100,1
DA:102,1
DA:103,1
DA:105,1
DA:106,0
DA:108,1
DA:109,0
DA:112,1
DA:132,2
DA:143,0
DA:144,0
DA:152,0
LF:30
LH:25
BRDA:61,0,0,1
BRDA:61,1,0,3
BRDA:61,1,1,1
BRDA:61,1,2,1
BRDA:70,2,0,2
BRDA:70,2,1,2
BRDA:71,3,0,2
BRDA:71,3,1,2
BRDA:77,4,0,1
BRDA:77,4,1,1
BRDA:96,5,0,1
BRDA:96,6,0,1
BRDA:96,6,1,1
BRDA:99,7,0,1
BRDA:99,8,0,1
BRDA:99,8,1,1
BRDA:102,9,0,1
BRDA:102,10,0,1
BRDA:102,10,1,1
BRDA:105,11,0,0
BRDA:105,12,0,1
BRDA:105,12,1,0
BRDA:108,13,0,0
BRDA:108,14,0,1
BRDA:108,14,1,0
BRDA:114,15,0,1
BRDA:114,15,1,0
BRDA:143,16,0,0
BRF:28
BRH:22
end_of_record
TN:
SF:src\application\use-cases\MergePatientsUseCase.ts
FN:33,(anonymous_0)
FN:37,(anonymous_1)
FNF:2
FNH:2
FNDA:2,(anonymous_0)
FNDA:2,(anonymous_1)
DA:12,1
DA:32,1
DA:34,2
DA:38,2
DA:40,2
DA:41,1
DA:49,1
DA:50,1
DA:52,1
DA:53,0
DA:61,1
DA:62,1
DA:64,1
DA:65,0
DA:73,1
DA:74,0
DA:81,1
DA:82,0
DA:90,1
DA:91,0
DA:99,1
DA:102,1
DA:105,1
DA:117,0
DA:118,0
DA:126,0
LF:26
LH:18
BRDA:40,0,0,1
BRDA:52,1,0,0
BRDA:64,2,0,0
BRDA:73,3,0,0
BRDA:81,4,0,0
BRDA:90,5,0,0
BRDA:117,6,0,0
BRF:7
BRH:1
end_of_record
TN:
SF:src\application\use-cases\ReactivatePatientUseCase.ts
FN:28,(anonymous_0)
FN:30,(anonymous_1)
FNF:2
FNH:2
FNDA:3,(anonymous_0)
FNDA:3,(anonymous_1)
DA:11,1
DA:27,1
DA:28,3
DA:32,3
DA:33,0
DA:36,3
DA:37,0
DA:40,3
DA:41,0
DA:45,3
DA:46,3
DA:48,3
DA:49,1
DA:53,2
DA:56,1
DA:58,1
LF:16
LH:13
BRDA:32,0,0,0
BRDA:32,1,0,3
BRDA:32,1,1,3
BRDA:36,2,0,0
BRDA:36,3,0,3
BRDA:36,3,1,3
BRDA:40,4,0,0
BRDA:40,5,0,3
BRDA:40,5,1,3
BRDA:48,6,0,1
BRF:10
BRH:7
end_of_record
TN:
SF:src\application\use-cases\RegisterPatientUseCase.ts
FN:83,(anonymous_0)
FN:89,(anonymous_1)
FN:183,(anonymous_2)
FN:259,(anonymous_3)
FN:279,(anonymous_4)
FNF:5
FNH:4
FNDA:4,(anonymous_0)
FNDA:4,(anonymous_1)
FNDA:0,(anonymous_2)
FNDA:3,(anonymous_3)
FNDA:3,(anonymous_4)
DA:12,1
DA:13,1
DA:14,1
DA:15,1
DA:16,1
DA:17,1
DA:82,1
DA:84,4
DA:85,4
DA:86,4
DA:90,4
DA:91,4
DA:99,4
DA:100,4
DA:101,1
DA:104,1
DA:112,3
DA:115,3
DA:116,0
DA:124,3
DA:125,0
DA:128,0
DA:129,0
DA:138,3
DA:149,3
DA:157,3
DA:167,3
DA:168,0
DA:183,3
DA:184,0
DA:196,3
DA:207,3
DA:210,3
DA:213,3
DA:215,3
DA:222,3
DA:230,0
DA:231,0
DA:236,0
DA:244,0
DA:248,0
DA:260,3
DA:261,3
DA:263,3
DA:264,3
DA:267,2
DA:269,1
DA:283,3
LF:48
LH:37
BRDA:100,0,0,1
BRDA:115,1,0,0
BRDA:124,2,0,0
BRDA:128,3,0,0
BRDA:157,4,0,0
BRDA:157,4,1,3
BRDA:160,5,0,0
BRDA:160,5,1,0
BRDA:167,6,0,0
BRDA:224,7,0,3
BRDA:224,7,1,0
BRDA:230,8,0,0
BRDA:271,9,0,1
BRDA:271,9,1,0
BRF:14
BRH:4
end_of_record
TN:
SF:src\application\use-cases\SearchPatientsUseCase.ts
FN:65,(anonymous_0)
FN:69,(anonymous_1)
FN:101,(anonymous_2)
FN:107,(anonymous_3)
FN:113,(anonymous_4)
FN:119,(anonymous_5)
FN:128,(anonymous_6)
FN:163,(anonymous_7)
FNF:8
FNH:3
FNDA:5,(anonymous_0)
FNDA:5,(anonymous_1)
FNDA:0,(anonymous_2)
FNDA:0,(anonymous_3)
FNDA:0,(anonymous_4)
FNDA:0,(anonymous_5)
FNDA:0,(anonymous_6)
FNDA:11,(anonymous_7)
DA:64,1
DA:66,5
DA:70,5
DA:72,5
DA:73,1
DA:81,4
DA:82,4
DA:85,4
DA:98,3
DA:100,3
DA:101,0
DA:102,0
DA:106,3
DA:107,0
DA:108,0
DA:112,3
DA:113,0
DA:114,0
DA:118,3
DA:119,0
DA:120,0
DA:121,0
DA:126,3
DA:127,0
DA:128,0
DA:132,0
DA:134,0
DA:135,0
DA:136,0
DA:138,0
DA:139,0
DA:140,0
DA:142,0
DA:143,0
DA:144,0
DA:146,0
DA:147,0
DA:148,0
DA:150,0
DA:151,0
DA:154,0
DA:155,0
DA:157,0
DA:163,3
DA:164,11
DA:165,11
DA:166,11
DA:168,11
DA:188,3
DA:189,3
DA:191,3
DA:207,1
DA:208,1
DA:216,0
LF:54
LH:24
BRDA:72,0,0,1
BRDA:72,1,0,5
BRDA:72,1,1,5
BRDA:81,2,0,4
BRDA:81,2,1,3
BRDA:82,3,0,4
BRDA:82,3,1,3
BRDA:100,4,0,0
BRDA:106,5,0,0
BRDA:112,6,0,0
BRDA:114,7,0,0
BRDA:114,7,1,0
BRDA:118,8,0,0
BRDA:126,9,0,0
BRDA:132,10,0,0
BRDA:132,10,1,0
BRDA:132,10,2,0
BRDA:132,10,3,0
BRDA:132,10,4,0
BRDA:154,11,0,0
BRDA:154,11,1,0
BRDA:155,12,0,0
BRDA:155,12,1,0
BRDA:157,13,0,0
BRDA:157,13,1,0
BRDA:169,14,0,11
BRDA:169,14,1,0
BRDA:207,15,0,1
BRF:28
BRH:9
end_of_record
TN:
SF:src\application\use-cases\UpdatePatientInfoUseCase.ts
FN:73,(anonymous_0)
FN:79,(anonymous_1)
FN:230,(anonymous_2)
FN:250,(anonymous_3)
FNF:4
FNH:4
FNDA:5,(anonymous_0)
FNDA:5,(anonymous_1)
FNDA:3,(anonymous_2)
FNDA:3,(anonymous_3)
DA:12,1
DA:13,1
DA:14,1
DA:15,1
DA:16,1
DA:72,1
DA:74,5
DA:75,5
DA:76,5
DA:80,5
DA:81,5
DA:87,5
DA:88,5
DA:90,5
DA:91,1
DA:94,1
DA:102,4
DA:103,1
DA:106,1
DA:114,3
DA:117,3
DA:118,2
DA:119,2
DA:130,2
DA:134,3
DA:135,1
DA:136,1
DA:144,1
DA:148,3
DA:149,0
DA:150,0
DA:156,0
DA:160,3
DA:161,0
DA:162,0
DA:175,0
DA:179,3
DA:182,3
DA:185,3
DA:187,3
DA:194,3
DA:201,0
DA:202,0
DA:207,0
DA:215,0
DA:219,0
DA:231,3
DA:232,3
DA:234,3
DA:235,5
DA:238,2
DA:240,1
DA:255,3
LF:53
LH:42
BRDA:90,0,0,1
BRDA:102,1,0,1
BRDA:117,2,0,2
BRDA:134,3,0,1
BRDA:148,4,0,0
BRDA:152,5,0,0
BRDA:152,5,1,0
BRDA:160,6,0,0
BRDA:201,7,0,0
BRDA:242,8,0,1
BRDA:242,8,1,0
BRF:11
BRH:5
end_of_record
TN:
SF:src\application\use-cases\ValidateInsuranceUseCase.ts
FN:48,(anonymous_0)
FN:54,(anonymous_1)
FN:206,(anonymous_2)
FNF:3
FNH:3
FNDA:3,(anonymous_0)
FNDA:3,(anonymous_1)
FNDA:1,(anonymous_2)
DA:12,1
DA:47,1
DA:49,3
DA:50,3
DA:51,3
DA:55,3
DA:56,3
DA:62,3
DA:63,3
DA:65,3
DA:66,1
DA:69,1
DA:77,2
DA:79,2
DA:80,1
DA:95,1
DA:96,1
DA:99,1
DA:107,1
DA:108,1
DA:109,1
DA:112,1
DA:113,1
DA:116,1
DA:117,0
DA:118,0
DA:122,1
DA:123,0
DA:124,0
DA:128,1
DA:129,0
DA:130,0
DA:131,1
DA:132,0
DA:136,1
DA:137,1
DA:141,1
DA:143,1
DA:150,1
DA:177,0
DA:178,0
DA:183,0
DA:191,0
DA:195,0
DA:211,1
LF:45
LH:33
BRDA:65,0,0,1
BRDA:79,1,0,1
BRDA:116,2,0,0
BRDA:122,3,0,0
BRDA:128,4,0,0
BRDA:128,4,1,1
BRDA:131,5,0,0
BRDA:136,6,0,1
BRDA:152,7,0,1
BRDA:152,7,1,0
BRDA:166,8,0,1
BRDA:166,8,1,0
BRDA:177,9,0,0
BRDA:215,10,0,1
BRDA:215,10,1,0
BRF:15
BRH:7
end_of_record
TN:
SF:src\domain\aggregates\Patient.ts
FN:66,(anonymous_0)
FN:73,(anonymous_1)
FN:118,(anonymous_2)
FN:127,(anonymous_3)
FN:141,(anonymous_4)
FN:155,(anonymous_5)
FN:169,(anonymous_6)
FN:183,(anonymous_7)
FN:197,(anonymous_8)
FN:201,(anonymous_9)
FN:213,(anonymous_10)
FN:232,(anonymous_11)
FN:266,(anonymous_12)
FN:273,(anonymous_13)
FN:297,(anonymous_14)
FN:321,(anonymous_15)
FN:337,(anonymous_16)
FN:352,(anonymous_17)
FN:356,(anonymous_18)
FN:360,(anonymous_19)
FN:364,(anonymous_20)
FN:368,(anonymous_21)
FN:372,(anonymous_22)
FN:376,(anonymous_23)
FN:380,(anonymous_24)
FN:384,(anonymous_25)
FN:388,(anonymous_26)
FN:392,(anonymous_27)
FN:396,(anonymous_28)
FN:400,(anonymous_29)
FN:415,(anonymous_30)
FN:423,(anonymous_31)
FN:433,(anonymous_32)
FN:441,(anonymous_33)
FN:445,(anonymous_34)
FN:449,(anonymous_35)
FN:453,(anonymous_36)
FN:457,(anonymous_37)
FN:461,(anonymous_38)
FN:465,(anonymous_39)
FN:469,(anonymous_40)
FN:470,(anonymous_41)
FN:473,(anonymous_42)
FN:479,(anonymous_43)
FN:497,(anonymous_44)
FNF:45
FNH:25
FNDA:47,(anonymous_0)
FNDA:47,(anonymous_1)
FNDA:0,(anonymous_2)
FNDA:4,(anonymous_3)
FNDA:2,(anonymous_4)
FNDA:0,(anonymous_5)
FNDA:0,(anonymous_6)
FNDA:2,(anonymous_7)
FNDA:0,(anonymous_8)
FNDA:0,(anonymous_9)
FNDA:1,(anonymous_10)
FNDA:1,(anonymous_11)
FNDA:1,(anonymous_12)
FNDA:0,(anonymous_13)
FNDA:11,(anonymous_14)
FNDA:1,(anonymous_15)
FNDA:3,(anonymous_16)
FNDA:59,(anonymous_17)
FNDA:0,(anonymous_18)
FNDA:13,(anonymous_19)
FNDA:13,(anonymous_20)
FNDA:13,(anonymous_21)
FNDA:0,(anonymous_22)
FNDA:14,(anonymous_23)
FNDA:2,(anonymous_24)
FNDA:0,(anonymous_25)
FNDA:15,(anonymous_26)
FNDA:0,(anonymous_27)
FNDA:0,(anonymous_28)
FNDA:22,(anonymous_29)
FNDA:0,(anonymous_30)
FNDA:0,(anonymous_31)
FNDA:0,(anonymous_32)
FNDA:9,(anonymous_33)
FNDA:4,(anonymous_34)
FNDA:4,(anonymous_35)
FNDA:3,(anonymous_36)
FNDA:0,(anonymous_37)
FNDA:11,(anonymous_38)
FNDA:0,(anonymous_39)
FNDA:0,(anonymous_40)
FNDA:0,(anonymous_41)
FNDA:0,(anonymous_42)
FNDA:0,(anonymous_43)
FNDA:9,(anonymous_44)
DA:12,13
DA:14,13
DA:18,13
DA:19,13
DA:23,13
DA:24,13
DA:25,13
DA:26,13
DA:27,13
DA:28,13
DA:65,13
DA:67,47
DA:82,47
DA:83,47
DA:85,47
DA:103,47
DA:112,47
DA:119,0
DA:128,4
DA:130,4
DA:131,4
DA:132,4
DA:134,4
DA:135,4
DA:142,2
DA:144,2
DA:145,2
DA:146,2
DA:148,2
DA:149,2
DA:156,0
DA:158,0
DA:159,0
DA:160,0
DA:162,0
DA:163,0
DA:170,0
DA:172,0
DA:173,0
DA:174,0
DA:176,0
DA:177,0
DA:184,2
DA:186,2
DA:187,2
DA:188,2
DA:190,2
DA:191,2
DA:198,0
DA:200,0
DA:201,0
DA:203,0
DA:204,0
DA:206,0
DA:207,0
DA:214,1
DA:216,1
DA:217,1
DA:218,1
DA:220,1
DA:221,1
DA:233,1
DA:234,0
DA:237,1
DA:238,0
DA:241,1
DA:242,0
DA:245,1
DA:246,1
DA:247,1
DA:248,1
DA:251,1
DA:252,1
DA:254,1
DA:255,1
DA:267,1
DA:268,0
DA:272,1
DA:273,0
DA:276,1
DA:277,0
DA:280,1
DA:281,1
DA:282,1
DA:283,1
DA:285,1
DA:286,1
DA:298,11
DA:299,1
DA:302,10
DA:303,0
DA:306,10
DA:307,0
DA:310,10
DA:311,10
DA:312,10
DA:314,10
DA:315,10
DA:322,1
DA:323,0
DA:326,1
DA:327,1
DA:328,1
DA:330,1
DA:331,1
DA:338,3
DA:339,1
DA:342,2
DA:343,2
DA:344,2
DA:346,2
DA:347,2
DA:353,59
DA:357,0
DA:361,13
DA:365,13
DA:369,13
DA:373,0
DA:377,14
DA:381,2
DA:385,0
DA:389,15
DA:393,0
DA:397,0
DA:402,22
DA:416,0
DA:424,0
DA:442,9
DA:446,4
DA:450,4
DA:454,3
DA:458,0
DA:462,11
DA:466,0
DA:470,0
DA:474,0
DA:480,0
DA:481,0
DA:484,0
DA:485,0
DA:488,0
DA:489,0
DA:492,0
DA:493,0
DA:498,9
DA:499,0
LF:146
LH:97
BRDA:233,0,0,0
BRDA:237,1,0,0
BRDA:241,2,0,0
BRDA:267,3,0,0
BRDA:273,4,0,0
BRDA:273,4,1,0
BRDA:276,5,0,0
BRDA:298,6,0,1
BRDA:302,7,0,0
BRDA:306,8,0,0
BRDA:322,9,0,0
BRDA:338,10,0,1
BRDA:458,11,0,0
BRDA:458,11,1,0
BRDA:462,12,0,11
BRDA:462,12,1,11
BRDA:480,13,0,0
BRDA:484,14,0,0
BRDA:488,15,0,0
BRDA:492,16,0,0
BRDA:492,17,0,0
BRDA:492,17,1,0
BRDA:498,18,0,0
BRF:23
BRH:4
end_of_record
TN:
SF:src\domain\entities\EmergencyContact.ts
FN:28,(anonymous_9)
FN:35,(anonymous_10)
FN:65,(anonymous_11)
FN:70,(anonymous_12)
FN:74,(anonymous_13)
FN:78,(anonymous_14)
FN:82,(anonymous_15)
FN:86,(anonymous_16)
FN:90,(anonymous_17)
FN:94,(anonymous_18)
FN:98,(anonymous_19)
FN:102,(anonymous_20)
FN:107,(anonymous_21)
FN:112,(anonymous_22)
FN:117,(anonymous_23)
FN:122,(anonymous_24)
FN:127,(anonymous_25)
FN:153,(anonymous_26)
FN:159,(anonymous_27)
FN:168,(anonymous_28)
FN:175,(anonymous_29)
FN:204,(anonymous_30)
FN:214,(anonymous_31)
FNF:23
FNH:3
FNDA:2,(anonymous_9)
FNDA:2,(anonymous_10)
FNDA:0,(anonymous_11)
FNDA:3,(anonymous_12)
FNDA:0,(anonymous_13)
FNDA:0,(anonymous_14)
FNDA:0,(anonymous_15)
FNDA:0,(anonymous_16)
FNDA:0,(anonymous_17)
FNDA:0,(anonymous_18)
FNDA:0,(anonymous_19)
FNDA:0,(anonymous_20)
FNDA:0,(anonymous_21)
FNDA:0,(anonymous_22)
FNDA:0,(anonymous_23)
FNDA:0,(anonymous_24)
FNDA:0,(anonymous_25)
FNDA:0,(anonymous_26)
FNDA:0,(anonymous_27)
FNDA:0,(anonymous_28)
FNDA:0,(anonymous_29)
FNDA:0,(anonymous_30)
FNDA:0,(anonymous_31)
DA:10,3
DA:11,3
DA:27,3
DA:29,2
DA:44,2
DA:45,2
DA:47,2
DA:66,0
DA:71,3
DA:75,0
DA:79,0
DA:83,0
DA:87,0
DA:91,0
DA:95,0
DA:99,0
DA:103,0
DA:108,0
DA:109,0
DA:113,0
DA:114,0
DA:118,0
DA:119,0
DA:123,0
DA:124,0
DA:134,0
DA:135,0
DA:137,0
DA:138,0
DA:140,0
DA:141,0
DA:143,0
DA:144,0
DA:146,0
DA:147,0
DA:149,0
DA:154,0
DA:155,0
DA:160,0
DA:170,0
DA:171,0
DA:188,0
DA:205,0
DA:215,0
DA:216,0
DA:217,0
DA:219,0
LF:47
LH:8
BRDA:42,0,0,0
BRDA:134,1,0,0
BRDA:137,2,0,0
BRDA:140,3,0,0
BRDA:143,4,0,0
BRDA:146,5,0,0
BRDA:154,6,0,0
BRDA:161,7,0,0
BRDA:161,7,1,0
BRDA:161,7,2,0
BRDA:161,7,3,0
BRDA:216,8,0,0
BRF:12
BRH:0
end_of_record
TN:
SF:src\domain\entities\InsuranceInfo.ts
FN:30,(anonymous_0)
FN:37,(anonymous_1)
FN:52,(anonymous_2)
FN:57,(anonymous_3)
FN:61,(anonymous_4)
FN:65,(anonymous_5)
FN:69,(anonymous_6)
FN:73,(anonymous_7)
FN:77,(anonymous_8)
FN:81,(anonymous_9)
FN:85,(anonymous_10)
FN:89,(anonymous_11)
FN:93,(anonymous_12)
FN:97,(anonymous_13)
FN:102,(anonymous_14)
FN:106,(anonymous_15)
FN:110,(anonymous_16)
FN:114,(anonymous_17)
FN:120,(anonymous_18)
FN:125,(anonymous_19)
FN:130,(anonymous_20)
FN:135,(anonymous_21)
FN:140,(anonymous_22)
FN:146,(anonymous_23)
FN:150,(anonymous_24)
FN:154,(anonymous_25)
FN:158,(anonymous_26)
FN:162,(anonymous_27)
FN:170,(anonymous_28)
FN:179,(anonymous_29)
FN:190,(anonymous_30)
FN:199,(anonymous_31)
FN:205,(anonymous_32)
FN:214,(anonymous_33)
FN:247,(anonymous_34)
FN:259,(anonymous_35)
FNF:36
FNH:10
FNDA:2,(anonymous_0)
FNDA:2,(anonymous_1)
FNDA:0,(anonymous_2)
FNDA:0,(anonymous_3)
FNDA:1,(anonymous_4)
FNDA:2,(anonymous_5)
FNDA:0,(anonymous_6)
FNDA:2,(anonymous_7)
FNDA:2,(anonymous_8)
FNDA:2,(anonymous_9)
FNDA:2,(anonymous_10)
FNDA:0,(anonymous_11)
FNDA:1,(anonymous_12)
FNDA:1,(anonymous_13)
FNDA:0,(anonymous_14)
FNDA:0,(anonymous_15)
FNDA:0,(anonymous_16)
FNDA:0,(anonymous_17)
FNDA:0,(anonymous_18)
FNDA:0,(anonymous_19)
FNDA:0,(anonymous_20)
FNDA:0,(anonymous_21)
FNDA:0,(anonymous_22)
FNDA:0,(anonymous_23)
FNDA:0,(anonymous_24)
FNDA:0,(anonymous_25)
FNDA:0,(anonymous_26)
FNDA:0,(anonymous_27)
FNDA:0,(anonymous_28)
FNDA:0,(anonymous_29)
FNDA:0,(anonymous_30)
FNDA:0,(anonymous_31)
FNDA:0,(anonymous_32)
FNDA:0,(anonymous_33)
FNDA:0,(anonymous_34)
FNDA:0,(anonymous_35)
DA:10,4
DA:11,4
DA:29,4
DA:31,2
DA:38,2
DA:39,2
DA:41,2
DA:53,0
DA:58,0
DA:62,1
DA:66,2
DA:70,0
DA:74,2
DA:78,2
DA:82,2
DA:86,2
DA:90,0
DA:94,1
DA:98,1
DA:103,0
DA:107,0
DA:111,0
DA:115,0
DA:116,0
DA:117,0
DA:121,0
DA:122,0
DA:126,0
DA:127,0
DA:131,0
DA:132,0
DA:136,0
DA:137,0
DA:141,0
DA:142,0
DA:147,0
DA:151,0
DA:155,0
DA:159,0
DA:163,0
DA:164,0
DA:166,0
DA:171,0
DA:180,0
DA:181,0
DA:187,0
DA:191,0
DA:200,0
DA:201,0
DA:206,0
DA:229,0
DA:248,0
DA:260,0
DA:261,0
DA:262,0
DA:264,0
LF:56
LH:15
BRDA:111,0,0,0
BRDA:111,0,1,0
BRDA:122,1,0,0
BRDA:122,1,1,0
BRDA:163,2,0,0
BRDA:163,3,0,0
BRDA:163,3,1,0
BRDA:172,4,0,0
BRDA:172,4,1,0
BRDA:172,4,2,0
BRDA:172,4,3,0
BRDA:180,5,0,0
BRDA:182,6,0,0
BRDA:182,6,1,0
BRDA:182,6,2,0
BRDA:182,6,3,0
BRDA:192,7,0,0
BRDA:192,7,1,0
BRDA:192,7,2,0
BRDA:200,8,0,0
BRDA:207,9,0,0
BRDA:207,9,1,0
BRDA:207,9,2,0
BRDA:261,10,0,0
BRF:24
BRH:0
end_of_record
TN:
SF:src\domain\entities\PatientConsent.ts
FN:29,(anonymous_9)
FN:36,(anonymous_10)
FN:63,(anonymous_11)
FN:68,(anonymous_12)
FN:72,(anonymous_13)
FN:76,(anonymous_14)
FN:80,(anonymous_15)
FN:84,(anonymous_16)
FN:88,(anonymous_17)
FN:92,(anonymous_18)
FN:96,(anonymous_19)
FN:100,(anonymous_20)
FN:104,(anonymous_21)
FN:108,(anonymous_22)
FN:113,(anonymous_23)
FN:119,(anonymous_24)
FN:126,(anonymous_25)
FN:130,(anonymous_26)
FN:140,(anonymous_27)
FN:149,(anonymous_28)
FN:153,(anonymous_29)
FN:157,(anonymous_30)
FN:162,(anonymous_31)
FN:168,(anonymous_32)
FN:177,(anonymous_33)
FN:206,(anonymous_34)
FNF:26
FNH:4
FNDA:1,(anonymous_9)
FNDA:1,(anonymous_10)
FNDA:0,(anonymous_11)
FNDA:2,(anonymous_12)
FNDA:0,(anonymous_13)
FNDA:0,(anonymous_14)
FNDA:0,(anonymous_15)
FNDA:1,(anonymous_16)
FNDA:0,(anonymous_17)
FNDA:0,(anonymous_18)
FNDA:0,(anonymous_19)
FNDA:0,(anonymous_20)
FNDA:0,(anonymous_21)
FNDA:0,(anonymous_22)
FNDA:0,(anonymous_23)
FNDA:0,(anonymous_24)
FNDA:0,(anonymous_25)
FNDA:0,(anonymous_26)
FNDA:0,(anonymous_27)
FNDA:0,(anonymous_28)
FNDA:0,(anonymous_29)
FNDA:0,(anonymous_30)
FNDA:0,(anonymous_31)
FNDA:0,(anonymous_32)
FNDA:0,(anonymous_33)
FNDA:0,(anonymous_34)
DA:10,1
DA:12,1
DA:28,1
DA:30,1
DA:43,1
DA:44,1
DA:46,1
DA:64,0
DA:69,2
DA:73,0
DA:77,0
DA:81,0
DA:85,1
DA:89,0
DA:93,0
DA:97,0
DA:101,0
DA:105,0
DA:109,0
DA:114,0
DA:115,0
DA:116,0
DA:120,0
DA:121,0
DA:123,0
DA:127,0
DA:131,0
DA:132,0
DA:135,0
DA:136,0
DA:137,0
DA:141,0
DA:142,0
DA:143,0
DA:145,0
DA:150,0
DA:154,0
DA:158,0
DA:163,0
DA:164,0
DA:169,0
DA:190,0
DA:207,0
LF:43
LH:9
BRDA:73,0,0,0
BRDA:73,0,1,0
BRDA:120,1,0,0
BRDA:127,2,0,0
BRDA:127,2,1,0
BRDA:131,3,0,0
BRDA:142,4,0,0
BRDA:145,5,0,0
BRDA:145,5,1,0
BRDA:150,6,0,0
BRDA:150,6,1,0
BRDA:163,7,0,0
BRDA:170,8,0,0
BRDA:170,8,1,0
BRDA:170,8,2,0
BRDA:170,8,3,0
BRF:16
BRH:0
end_of_record
TN:
SF:src\domain\events\PatientConsentGrantedEvent.ts
FN:21,(anonymous_0)
FN:49,(anonymous_1)
FN:59,(anonymous_2)
FN:63,(anonymous_3)
FN:67,(anonymous_4)
FNF:5
FNH:1
FNDA:1,(anonymous_0)
FNDA:0,(anonymous_1)
FNDA:0,(anonymous_2)
FNDA:0,(anonymous_3)
FNDA:0,(anonymous_4)
DA:10,13
DA:20,13
DA:22,1
DA:23,1
DA:24,1
DA:25,1
DA:30,1
DA:37,1
DA:50,0
DA:60,0
DA:64,0
DA:68,0
LF:12
LH:8
BRF:0
BRH:0
end_of_record
TN:
SF:src\domain\events\PatientDeactivatedEvent.ts
FN:17,(anonymous_0)
FN:43,(anonymous_1)
FN:52,(anonymous_2)
FN:56,(anonymous_3)
FN:60,(anonymous_4)
FNF:5
FNH:1
FNDA:10,(anonymous_0)
FNDA:0,(anonymous_1)
FNDA:0,(anonymous_2)
FNDA:0,(anonymous_3)
FNDA:0,(anonymous_4)
DA:7,13
DA:16,13
DA:18,10
DA:19,10
DA:20,10
DA:25,10
DA:31,10
DA:44,0
DA:53,0
DA:57,0
DA:61,0
LF:11
LH:7
BRF:0
BRH:0
end_of_record
TN:
SF:src\domain\events\PatientLinkedEvent.ts
FN:18,(anonymous_0)
FN:46,(anonymous_1)
FN:56,(anonymous_2)
FN:60,(anonymous_3)
FN:64,(anonymous_4)
FNF:5
FNH:1
FNDA:1,(anonymous_0)
FNDA:0,(anonymous_1)
FNDA:0,(anonymous_2)
FNDA:0,(anonymous_3)
FNDA:0,(anonymous_4)
DA:7,13
DA:17,13
DA:19,1
DA:20,1
DA:21,1
DA:22,1
DA:27,1
DA:34,1
DA:47,0
DA:57,0
DA:61,0
DA:65,0
LF:12
LH:8
BRF:0
BRH:0
end_of_record
TN:
SF:src\domain\events\PatientMergedEvent.ts
FN:18,(anonymous_0)
FN:46,(anonymous_1)
FN:56,(anonymous_2)
FN:60,(anonymous_3)
FN:64,(anonymous_4)
FNF:5
FNH:1
FNDA:1,(anonymous_0)
FNDA:0,(anonymous_1)
FNDA:0,(anonymous_2)
FNDA:0,(anonymous_3)
FNDA:0,(anonymous_4)
DA:7,13
DA:17,13
DA:19,1
DA:20,1
DA:21,1
DA:22,1
DA:27,1
DA:34,1
DA:47,0
DA:57,0
DA:61,0
DA:65,0
LF:12
LH:8
BRF:0
BRH:0
end_of_record
TN:
SF:src\domain\events\PatientRegisteredEvent.ts
FN:28,(anonymous_0)
FN:65,(anonymous_1)
FN:79,(anonymous_2)
FN:83,(anonymous_3)
FN:87,(anonymous_4)
FNF:5
FNH:1
FNDA:47,(anonymous_0)
FNDA:0,(anonymous_1)
FNDA:0,(anonymous_2)
FNDA:0,(anonymous_3)
FNDA:0,(anonymous_4)
DA:10,13
DA:25,13
DA:29,47
DA:31,47
DA:32,47
DA:33,47
DA:34,47
DA:39,47
DA:51,47
DA:62,47
DA:66,0
DA:80,0
DA:84,0
DA:88,0
LF:14
LH:10
BRF:0
BRH:0
end_of_record
TN:
SF:src\domain\events\PatientUpdatedEvent.ts
FN:20,(anonymous_0)
FN:46,(anonymous_1)
FN:55,(anonymous_2)
FN:59,(anonymous_3)
FN:63,(anonymous_4)
FNF:5
FNH:1
FNDA:11,(anonymous_0)
FNDA:0,(anonymous_1)
FNDA:0,(anonymous_2)
FNDA:0,(anonymous_3)
FNDA:0,(anonymous_4)
DA:10,13
DA:19,13
DA:21,11
DA:22,11
DA:23,11
DA:28,11
DA:34,11
DA:47,0
DA:56,0
DA:60,0
DA:64,0
LF:11
LH:7
BRF:0
BRH:0
end_of_record
TN:
SF:src\domain\value-objects\BasicMedicalInfo.ts
FN:21,(anonymous_0)
FN:25,(anonymous_1)
FN:35,(anonymous_2)
FN:38,(anonymous_3)
FN:39,(anonymous_4)
FN:51,(anonymous_5)
FN:58,(anonymous_6)
FN:62,(anonymous_7)
FN:66,(anonymous_8)
FN:71,(anonymous_9)
FN:75,(anonymous_10)
FN:79,(anonymous_11)
FN:84,(anonymous_12)
FN:87,(anonymous_13)
FN:94,(anonymous_14)
FN:115,(anonymous_15)
FNF:16
FNH:11
FNDA:58,(anonymous_0)
FNDA:58,(anonymous_1)
FNDA:23,(anonymous_2)
FNDA:37,(anonymous_3)
FNDA:37,(anonymous_4)
FNDA:35,(anonymous_5)
FNDA:12,(anonymous_6)
FNDA:5,(anonymous_7)
FNDA:2,(anonymous_8)
FNDA:2,(anonymous_9)
FNDA:2,(anonymous_10)
FNDA:0,(anonymous_11)
FNDA:0,(anonymous_12)
FNDA:0,(anonymous_13)
FNDA:0,(anonymous_14)
FNDA:0,(anonymous_15)
DA:10,14
DA:20,14
DA:22,58
DA:27,58
DA:28,0
DA:37,23
DA:38,37
DA:39,37
DA:41,23
DA:52,35
DA:59,12
DA:63,5
DA:67,2
DA:72,2
DA:76,2
DA:80,0
DA:85,0
DA:86,0
DA:87,0
DA:95,0
DA:97,0
DA:98,0
DA:101,0
DA:102,0
DA:105,0
DA:106,0
DA:109,0
DA:116,0
LF:28
LH:14
BRDA:27,0,0,0
BRDA:80,1,0,0
BRDA:80,1,1,0
BRDA:97,2,0,0
BRDA:101,3,0,0
BRDA:105,4,0,0
BRDA:109,5,0,0
BRDA:109,5,1,0
BRF:8
BRH:0
end_of_record
TN:
SF:src\domain\value-objects\ContactInfo.ts
FN:27,(anonymous_0)
FN:31,(anonymous_1)
FN:40,(anonymous_2)
FN:97,(anonymous_3)
FN:101,(anonymous_4)
FN:105,(anonymous_5)
FN:109,(anonymous_6)
FN:113,(anonymous_7)
FN:118,(anonymous_8)
FN:123,(anonymous_9)
FN:131,(anonymous_10)
FN:136,(anonymous_11)
FN:141,(anonymous_12)
FN:145,(anonymous_13)
FN:149,(anonymous_14)
FN:155,(anonymous_15)
FN:159,(anonymous_16)
FN:163,(anonymous_17)
FN:172,(anonymous_18)
FN:178,(anonymous_19)
FN:183,(anonymous_20)
FN:192,(anonymous_21)
FN:198,(anonymous_22)
FN:206,(anonymous_23)
FN:213,(anonymous_24)
FN:220,(anonymous_25)
FN:227,(anonymous_26)
FN:234,(anonymous_27)
FN:241,(anonymous_28)
FNF:29
FNH:11
FNDA:58,(anonymous_0)
FNDA:58,(anonymous_1)
FNDA:70,(anonymous_2)
FNDA:17,(anonymous_3)
FNDA:1,(anonymous_4)
FNDA:17,(anonymous_5)
FNDA:26,(anonymous_6)
FNDA:4,(anonymous_7)
FNDA:0,(anonymous_8)
FNDA:0,(anonymous_9)
FNDA:0,(anonymous_10)
FNDA:0,(anonymous_11)
FNDA:0,(anonymous_12)
FNDA:0,(anonymous_13)
FNDA:0,(anonymous_14)
FNDA:0,(anonymous_15)
FNDA:0,(anonymous_16)
FNDA:0,(anonymous_17)
FNDA:0,(anonymous_18)
FNDA:0,(anonymous_19)
FNDA:0,(anonymous_20)
FNDA:128,(anonymous_21)
FNDA:124,(anonymous_22)
FNDA:0,(anonymous_23)
FNDA:0,(anonymous_24)
FNDA:0,(anonymous_25)
FNDA:0,(anonymous_26)
FNDA:0,(anonymous_27)
FNDA:2,(anonymous_28)
DA:6,14
DA:26,14
DA:28,58
DA:32,58
DA:33,0
DA:35,58
DA:36,0
DA:42,70
DA:43,1
DA:46,69
DA:47,3
DA:50,66
DA:51,0
DA:54,66
DA:55,4
DA:59,62
DA:60,1
DA:63,61
DA:64,1
DA:67,60
DA:68,1
DA:71,59
DA:72,1
DA:75,58
DA:76,0
DA:79,58
DA:98,17
DA:102,1
DA:106,17
DA:110,26
DA:114,4
DA:119,0
DA:120,0
DA:124,0
DA:125,0
DA:127,0
DA:128,0
DA:132,0
DA:133,0
DA:137,0
DA:138,0
DA:142,0
DA:146,0
DA:150,0
DA:156,0
DA:160,0
DA:164,0
DA:165,0
DA:166,0
DA:168,0
DA:173,0
DA:179,0
DA:184,0
DA:194,128
DA:195,128
DA:200,124
DA:202,124
DA:207,0
DA:214,0
DA:221,0
DA:228,0
DA:235,0
DA:242,2
LF:63
LH:32
BRDA:32,0,0,0
BRDA:35,1,0,0
BRDA:35,2,0,58
BRDA:35,2,1,58
BRDA:42,3,0,1
BRDA:42,4,0,70
BRDA:42,4,1,69
BRDA:46,5,0,3
BRDA:50,6,0,0
BRDA:50,7,0,66
BRDA:50,7,1,1
BRDA:54,8,0,4
BRDA:54,9,0,66
BRDA:54,9,1,66
BRDA:59,10,0,1
BRDA:59,11,0,62
BRDA:59,11,1,61
BRDA:63,12,0,1
BRDA:63,13,0,61
BRDA:63,13,1,60
BRDA:67,14,0,1
BRDA:67,15,0,60
BRDA:67,15,1,59
BRDA:71,16,0,1
BRDA:71,17,0,59
BRDA:71,17,1,58
BRDA:75,18,0,0
BRDA:75,19,0,58
BRDA:75,19,1,58
BRDA:90,20,0,58
BRDA:90,20,1,0
BRDA:124,21,0,0
BRDA:150,22,0,0
BRDA:150,22,1,0
BRDA:150,22,2,0
BRDA:165,23,0,0
BRDA:173,24,0,0
BRDA:173,24,1,0
BRDA:173,24,2,0
BRDA:179,25,0,0
BRDA:179,25,1,0
BRDA:184,26,0,0
BRDA:184,26,1,0
BRDA:184,26,2,0
BRDA:184,26,3,0
BRDA:184,26,4,0
BRDA:243,27,0,2
BRDA:243,27,1,1
BRDA:243,27,2,1
BRDA:243,27,3,1
BRDA:243,27,4,1
BRDA:243,27,5,1
BRDA:243,27,6,1
BRDA:243,27,7,1
BRDA:243,27,8,1
BRDA:243,27,9,1
BRF:56
BRH:36
end_of_record
TN:
SF:src\domain\value-objects\PatientId.ts
FN:13,(anonymous_0)
FN:17,(anonymous_1)
FN:23,(anonymous_2)
FN:37,(anonymous_3)
FN:51,(anonymous_4)
FN:55,(anonymous_5)
FN:59,(anonymous_6)
FN:63,(anonymous_7)
FN:68,(anonymous_8)
FN:73,(anonymous_9)
FN:78,(anonymous_10)
FN:82,(anonymous_11)
FN:110,(anonymous_12)
FN:114,(anonymous_13)
FNF:14
FNH:9
FNDA:90,(anonymous_0)
FNDA:90,(anonymous_1)
FNDA:44,(anonymous_2)
FNDA:54,(anonymous_3)
FNDA:15,(anonymous_4)
FNDA:141,(anonymous_5)
FNDA:0,(anonymous_6)
FNDA:0,(anonymous_7)
FNDA:0,(anonymous_8)
FNDA:0,(anonymous_9)
FNDA:0,(anonymous_10)
FNDA:131,(anonymous_11)
FNDA:4,(anonymous_12)
FNDA:7,(anonymous_13)
DA:6,15
DA:12,15
DA:14,90
DA:18,90
DA:19,0
DA:24,44
DA:25,3
DA:28,41
DA:30,41
DA:31,5
DA:34,36
DA:38,54
DA:39,54
DA:40,54
DA:41,54
DA:42,54
DA:44,54
DA:45,54
DA:52,15
DA:56,141
DA:60,0
DA:64,0
DA:65,0
DA:69,0
DA:70,0
DA:74,0
DA:75,0
DA:79,0
DA:84,131
DA:86,131
DA:87,5
DA:91,126
DA:92,126
DA:93,126
DA:95,126
DA:98,126
DA:99,0
DA:103,126
DA:104,0
DA:107,126
DA:111,4
DA:115,7
LF:42
LH:31
BRDA:18,0,0,0
BRDA:24,1,0,3
BRDA:24,2,0,44
BRDA:24,2,1,41
BRDA:30,3,0,5
BRDA:86,4,0,5
BRDA:98,5,0,0
BRDA:98,6,0,126
BRDA:98,6,1,126
BRDA:103,7,0,0
BRDA:103,8,0,126
BRDA:103,8,1,126
BRF:12
BRH:9
end_of_record
TN:
SF:src\domain\value-objects\PatientLink.ts
FN:21,(anonymous_0)
FN:25,(anonymous_1)
FN:35,(anonymous_2)
FN:51,(anonymous_3)
FN:58,(anonymous_4)
FN:65,(anonymous_5)
FN:72,(anonymous_6)
FN:77,(anonymous_7)
FN:81,(anonymous_8)
FN:85,(anonymous_9)
FN:89,(anonymous_10)
FN:94,(anonymous_11)
FN:98,(anonymous_12)
FN:102,(anonymous_13)
FN:106,(anonymous_14)
FN:113,(anonymous_15)
FN:131,(anonymous_16)
FNF:17
FNH:4
FNDA:2,(anonymous_0)
FNDA:2,(anonymous_1)
FNDA:2,(anonymous_2)
FNDA:1,(anonymous_3)
FNDA:0,(anonymous_4)
FNDA:0,(anonymous_5)
FNDA:0,(anonymous_6)
FNDA:0,(anonymous_7)
FNDA:0,(anonymous_8)
FNDA:0,(anonymous_9)
FNDA:0,(anonymous_10)
FNDA:0,(anonymous_11)
FNDA:0,(anonymous_12)
FNDA:0,(anonymous_13)
FNDA:0,(anonymous_14)
FNDA:0,(anonymous_15)
FNDA:0,(anonymous_16)
DA:8,13
DA:20,13
DA:22,2
DA:27,2
DA:28,0
DA:40,2
DA:52,1
DA:59,0
DA:66,0
DA:73,0
DA:78,0
DA:82,0
DA:86,0
DA:90,0
DA:95,0
DA:99,0
DA:103,0
DA:107,0
DA:114,0
DA:116,0
DA:118,0
DA:120,0
DA:122,0
DA:124,0
DA:137,0
LF:25
LH:6
BRDA:27,0,0,0
BRDA:38,1,0,0
BRDA:114,2,0,0
BRDA:114,2,1,0
BRDA:114,2,2,0
BRDA:114,2,3,0
BRDA:114,2,4,0
BRF:7
BRH:0
end_of_record
TN:
SF:src\domain\value-objects\PatientStatus.ts
FN:7,(anonymous_0)
FN:18,(anonymous_1)
FN:36,(anonymous_2)
FN:43,(anonymous_3)
FN:53,(anonymous_4)
FN:60,(anonymous_5)
FN:67,(anonymous_6)
FNF:7
FNH:1
FNDA:13,(anonymous_0)
FNDA:0,(anonymous_1)
FNDA:0,(anonymous_2)
FNDA:0,(anonymous_3)
FNDA:0,(anonymous_4)
FNDA:0,(anonymous_5)
FNDA:0,(anonymous_6)
DA:7,13
DA:8,13
DA:9,13
DA:10,13
DA:11,13
DA:14,13
DA:19,0
DA:21,0
DA:23,0
DA:25,0
DA:27,0
DA:29,0
DA:37,0
DA:44,0
DA:45,0
DA:47,0
DA:54,0
DA:61,0
DA:68,0
LF:19
LH:6
BRDA:7,0,0,13
BRDA:7,0,1,13
BRDA:19,1,0,0
BRDA:19,1,1,0
BRDA:19,1,2,0
BRDA:19,1,3,0
BRDA:19,1,4,0
BRDA:44,2,0,0
BRDA:61,3,0,0
BRDA:61,3,1,0
BRF:10
BRH:2
end_of_record
TN:
SF:src\domain\value-objects\PersonalInfo.ts
FN:24,(anonymous_0)
FN:31,(anonymous_1)
FN:83,(anonymous_2)
FN:99,(anonymous_3)
FN:106,(anonymous_4)
FN:110,(anonymous_5)
FN:114,(anonymous_6)
FN:118,(anonymous_7)
FN:122,(anonymous_8)
FN:126,(anonymous_9)
FN:130,(anonymous_10)
FN:134,(anonymous_11)
FN:141,(anonymous_12)
FN:157,(anonymous_13)
FN:164,(anonymous_14)
FN:171,(anonymous_15)
FN:182,(anonymous_16)
FN:194,(anonymous_17)
FN:206,(anonymous_18)
FN:231,(anonymous_19)
FN:256,(anonymous_20)
FN:263,(anonymous_21)
FN:274,(anonymous_22)
FNF:23
FNH:11
FNDA:75,(anonymous_0)
FNDA:75,(anonymous_1)
FNDA:75,(anonymous_2)
FNDA:69,(anonymous_3)
FNDA:66,(anonymous_4)
FNDA:60,(anonymous_5)
FNDA:60,(anonymous_6)
FNDA:63,(anonymous_7)
FNDA:0,(anonymous_8)
FNDA:6,(anonymous_9)
FNDA:0,(anonymous_10)
FNDA:4,(anonymous_11)
FNDA:6,(anonymous_12)
FNDA:0,(anonymous_13)
FNDA:0,(anonymous_14)
FNDA:0,(anonymous_15)
FNDA:0,(anonymous_16)
FNDA:0,(anonymous_17)
FNDA:0,(anonymous_18)
FNDA:0,(anonymous_19)
FNDA:0,(anonymous_20)
FNDA:0,(anonymous_21)
FNDA:0,(anonymous_22)
DA:10,14
DA:23,14
DA:25,75
DA:33,75
DA:34,2
DA:37,73
DA:38,0
DA:42,73
DA:43,0
DA:46,73
DA:47,73
DA:48,1
DA:51,72
DA:52,72
DA:53,1
DA:57,71
DA:58,0
DA:61,71
DA:62,1
DA:66,70
DA:67,1
DA:70,69
DA:71,3
DA:75,66
DA:76,0
DA:84,75
DA:101,69
DA:102,69
DA:107,66
DA:111,60
DA:115,60
DA:119,63
DA:123,0
DA:127,6
DA:131,0
DA:135,4
DA:142,6
DA:143,6
DA:144,6
DA:145,6
DA:147,6
DA:148,1
DA:151,6
DA:158,0
DA:165,0
DA:172,0
DA:184,0
DA:195,0
DA:196,0
DA:197,0
DA:199,0
DA:216,0
DA:241,0
DA:257,0
DA:264,0
DA:265,0
DA:266,0
DA:268,0
DA:275,0
LF:59
LH:37
BRDA:33,0,0,2
BRDA:33,1,0,75
BRDA:33,1,1,73
BRDA:37,2,0,0
BRDA:42,3,0,0
BRDA:47,4,0,1
BRDA:52,5,0,1
BRDA:57,6,0,0
BRDA:61,7,0,1
BRDA:66,8,0,1
BRDA:66,9,0,70
BRDA:66,9,1,69
BRDA:70,10,0,3
BRDA:75,11,0,0
BRDA:75,12,0,66
BRDA:75,12,1,66
BRDA:147,13,0,1
BRDA:147,14,0,6
BRDA:147,14,1,5
BRDA:147,14,2,5
BRDA:173,15,0,0
BRDA:173,15,1,0
BRDA:173,15,2,0
BRDA:185,16,0,0
BRDA:185,16,1,0
BRDA:185,16,2,0
BRDA:265,17,0,0
BRF:27
BRH:16
end_of_record
TN:
SF:src\infrastructure\cache\PatientCache.ts
FN:48,(anonymous_0)
FN:56,(anonymous_1)
FN:66,(anonymous_2)
FN:88,(anonymous_3)
FN:103,(anonymous_4)
FN:110,(anonymous_5)
FN:117,(anonymous_6)
FN:134,(anonymous_7)
FN:164,(anonymous_8)
FN:194,(anonymous_9)
FN:213,(anonymous_10)
FN:232,(anonymous_11)
FN:264,(anonymous_12)
FN:283,(anonymous_13)
FN:290,(anonymous_14)
FNF:15
FNH:0
FNDA:0,(anonymous_0)
FNDA:0,(anonymous_1)
FNDA:0,(anonymous_2)
FNDA:0,(anonymous_3)
FNDA:0,(anonymous_4)
FNDA:0,(anonymous_5)
FNDA:0,(anonymous_6)
FNDA:0,(anonymous_7)
FNDA:0,(anonymous_8)
FNDA:0,(anonymous_9)
FNDA:0,(anonymous_10)
FNDA:0,(anonymous_11)
FNDA:0,(anonymous_12)
FNDA:0,(anonymous_13)
FNDA:0,(anonymous_14)
DA:10,0
DA:29,0
DA:30,0
DA:34,0
DA:35,0
DA:36,0
DA:38,0
DA:46,0
DA:49,0
DA:50,0
DA:57,0
DA:58,0
DA:59,0
DA:62,0
DA:63,0
DA:64,0
DA:66,0
DA:67,0
DA:68,0
DA:69,0
DA:70,0
DA:71,0
DA:73,0
DA:77,0
DA:78,0
DA:80,0
DA:81,0
DA:89,0
DA:90,0
DA:91,0
DA:92,0
DA:93,0
DA:94,0
DA:96,0
DA:104,0
DA:111,0
DA:118,0
DA:119,0
DA:120,0
DA:121,0
DA:125,0
DA:135,0
DA:137,0
DA:138,0
DA:139,0
DA:140,0
DA:143,0
DA:145,0
DA:146,0
DA:147,0
DA:148,0
DA:149,0
DA:150,0
DA:151,0
DA:154,0
DA:157,0
DA:158,0
DA:165,0
DA:167,0
DA:168,0
DA:169,0
DA:170,0
DA:173,0
DA:175,0
DA:176,0
DA:177,0
DA:178,0
DA:179,0
DA:180,0
DA:181,0
DA:184,0
DA:187,0
DA:188,0
DA:195,0
DA:197,0
DA:199,0
DA:200,0
DA:206,0
DA:214,0
DA:216,0
DA:218,0
DA:219,0
DA:225,0
DA:233,0
DA:235,0
DA:237,0
DA:238,0
DA:240,0
DA:243,0
DA:244,0
DA:252,0
DA:255,0
DA:256,0
DA:265,0
DA:267,0
DA:268,0
DA:269,0
DA:270,0
DA:273,0
DA:276,0
DA:277,0
DA:284,0
DA:291,0
LF:103
LH:0
BRDA:57,0,0,0
BRDA:118,1,0,0
BRDA:120,2,0,0
BRDA:138,3,0,0
BRDA:138,4,0,0
BRDA:138,4,1,0
BRDA:147,5,0,0
BRDA:168,6,0,0
BRDA:168,7,0,0
BRDA:168,7,1,0
BRDA:177,8,0,0
BRDA:269,9,0,0
BRF:12
BRH:0
end_of_record
TN:
SF:src\infrastructure\cache\RedisCacheService.ts
FN:43,(anonymous_0)
FN:52,(anonymous_1)
FN:68,(anonymous_2)
FN:69,(anonymous_3)
FN:73,(anonymous_4)
FN:78,(anonymous_5)
FN:82,(anonymous_6)
FN:91,(anonymous_7)
FN:105,(anonymous_8)
FN:119,(anonymous_9)
FN:126,(anonymous_10)
FN:156,(anonymous_11)
FN:181,(anonymous_12)
FN:203,(anonymous_13)
FN:231,(anonymous_14)
FN:250,(anonymous_15)
FN:258,(anonymous_16)
FN:265,(anonymous_17)
FN:279,(anonymous_18)
FNF:19
FNH:0
FNDA:0,(anonymous_0)
FNDA:0,(anonymous_1)
FNDA:0,(anonymous_2)
FNDA:0,(anonymous_3)
FNDA:0,(anonymous_4)
FNDA:0,(anonymous_5)
FNDA:0,(anonymous_6)
FNDA:0,(anonymous_7)
FNDA:0,(anonymous_8)
FNDA:0,(anonymous_9)
FNDA:0,(anonymous_10)
FNDA:0,(anonymous_11)
FNDA:0,(anonymous_12)
FNDA:0,(anonymous_13)
FNDA:0,(anonymous_14)
FNDA:0,(anonymous_15)
FNDA:0,(anonymous_16)
FNDA:0,(anonymous_17)
FNDA:0,(anonymous_18)
DA:9,0
DA:30,0
DA:33,0
DA:34,0
DA:45,0
DA:48,0
DA:49,0
DA:53,0
DA:54,0
DA:55,0
DA:57,0
DA:62,0
DA:69,0
DA:70,0
DA:73,0
DA:74,0
DA:75,0
DA:78,0
DA:79,0
DA:82,0
DA:83,0
DA:84,0
DA:92,0
DA:93,0
DA:94,0
DA:96,0
DA:97,0
DA:98,0
DA:106,0
DA:107,0
DA:108,0
DA:109,0
DA:111,0
DA:112,0
DA:120,0
DA:127,0
DA:128,0
DA:129,0
DA:132,0
DA:133,0
DA:134,0
DA:136,0
DA:137,0
DA:138,0
DA:139,0
DA:142,0
DA:143,0
DA:144,0
DA:146,0
DA:147,0
DA:148,0
DA:149,0
DA:157,0
DA:158,0
DA:159,0
DA:162,0
DA:163,0
DA:164,0
DA:165,0
DA:167,0
DA:168,0
DA:169,0
DA:171,0
DA:172,0
DA:173,0
DA:174,0
DA:182,0
DA:183,0
DA:184,0
DA:187,0
DA:188,0
DA:189,0
DA:190,0
DA:191,0
DA:193,0
DA:194,0
DA:195,0
DA:196,0
DA:204,0
DA:205,0
DA:206,0
DA:209,0
DA:210,0
DA:211,0
DA:213,0
DA:214,0
DA:217,0
DA:218,0
DA:219,0
DA:221,0
DA:222,0
DA:223,0
DA:224,0
DA:232,0
DA:233,0
DA:236,0
DA:237,0
DA:238,0
DA:239,0
DA:241,0
DA:242,0
DA:243,0
DA:251,0
DA:252,0
DA:259,0
DA:266,0
DA:280,0
LF:107
LH:0
BRDA:46,0,0,0
BRDA:53,1,0,0
BRDA:96,2,0,0
BRDA:96,2,1,0
BRDA:111,3,0,0
BRDA:111,3,1,0
BRDA:127,4,0,0
BRDA:136,5,0,0
BRDA:147,6,0,0
BRDA:147,6,1,0
BRDA:157,7,0,0
BRDA:165,8,0,0
BRDA:165,8,1,0
BRDA:172,9,0,0
BRDA:172,9,1,0
BRDA:182,10,0,0
BRDA:194,11,0,0
BRDA:194,11,1,0
BRDA:204,12,0,0
BRDA:213,13,0,0
BRDA:222,14,0,0
BRDA:222,14,1,0
BRDA:232,15,0,0
BRDA:241,16,0,0
BRDA:241,16,1,0
BRDA:252,17,0,0
BRDA:252,17,1,0
BRF:27
BRH:0
end_of_record
TN:
SF:src\infrastructure\events\RabbitMQEventPublisher.ts
FN:37,(anonymous_1)
FN:46,(anonymous_2)
FN:60,(anonymous_3)
FN:65,(anonymous_4)
FN:109,(anonymous_5)
FN:124,(anonymous_6)
FN:138,(anonymous_7)
FN:187,(anonymous_8)
FN:213,(anonymous_9)
FN:230,(anonymous_10)
FN:241,(anonymous_11)
FN:251,(anonymous_12)
FN:272,(anonymous_13)
FN:279,(anonymous_14)
FN:312,(anonymous_15)
FN:321,(anonymous_16)
FNF:16
FNH:0
FNDA:0,(anonymous_1)
FNDA:0,(anonymous_2)
FNDA:0,(anonymous_3)
FNDA:0,(anonymous_4)
FNDA:0,(anonymous_5)
FNDA:0,(anonymous_6)
FNDA:0,(anonymous_7)
FNDA:0,(anonymous_8)
FNDA:0,(anonymous_9)
FNDA:0,(anonymous_10)
FNDA:0,(anonymous_11)
FNDA:0,(anonymous_12)
FNDA:0,(anonymous_13)
FNDA:0,(anonymous_14)
FNDA:0,(anonymous_15)
FNDA:0,(anonymous_16)
DA:10,0
DA:27,0
DA:28,0
DA:29,0
DA:30,0
DA:31,0
DA:32,0
DA:33,0
DA:34,0
DA:35,0
DA:38,0
DA:39,0
DA:40,0
DA:47,0
DA:48,0
DA:54,0
DA:57,0
DA:60,0
DA:61,0
DA:62,0
DA:65,0
DA:66,0
DA:67,0
DA:70,0
DA:71,0
DA:76,0
DA:77,0
DA:80,0
DA:83,0
DA:92,0
DA:93,0
DA:95,0
DA:99,0
DA:102,0
DA:111,0
DA:112,0
DA:113,0
DA:116,0
DA:117,0
DA:118,0
DA:121,0
DA:122,0
DA:124,0
DA:125,0
DA:126,0
DA:128,0
DA:139,0
DA:140,0
DA:143,0
DA:144,0
DA:145,0
DA:147,0
DA:164,0
DA:165,0
DA:168,0
DA:169,0
DA:176,0
DA:180,0
DA:188,0
DA:189,0
DA:192,0
DA:193,0
DA:194,0
DA:197,0
DA:198,0
DA:203,0
DA:206,0
DA:214,0
DA:216,0
DA:217,0
DA:218,0
DA:219,0
DA:221,0
DA:222,0
DA:227,0
DA:229,0
DA:230,0
DA:235,0
DA:242,0
DA:244,0
DA:246,0
DA:247,0
DA:251,0
DA:252,0
DA:253,0
DA:255,0
DA:262,0
DA:273,0
DA:280,0
DA:282,0
DA:285,0
DA:286,0
DA:287,0
DA:290,0
DA:291,0
DA:292,0
DA:295,0
DA:296,0
DA:297,0
DA:300,0
DA:301,0
DA:303,0
DA:315,0
DA:323,0
LF:104
LH:0
BRDA:70,0,0,0
BRDA:76,1,0,0
BRDA:100,2,0,0
BRDA:100,2,1,0
BRDA:111,3,0,0
BRDA:116,4,0,0
BRDA:129,5,0,0
BRDA:129,5,1,0
BRDA:139,6,0,0
BRDA:139,7,0,0
BRDA:139,7,1,0
BRDA:164,8,0,0
BRDA:168,9,0,0
BRDA:178,10,0,0
BRDA:178,10,1,0
BRDA:188,11,0,0
BRDA:188,12,0,0
BRDA:188,12,1,0
BRDA:197,13,0,0
BRDA:204,14,0,0
BRDA:204,14,1,0
BRDA:213,15,0,0
BRDA:221,16,0,0
BRDA:221,16,1,0
BRDA:227,17,0,0
BRDA:229,18,0,0
BRDA:229,18,1,0
BRDA:244,19,0,0
BRDA:257,20,0,0
BRDA:257,20,1,0
BRDA:273,21,0,0
BRDA:273,21,1,0
BRDA:285,22,0,0
BRDA:290,23,0,0
BRDA:295,24,0,0
BRDA:304,25,0,0
BRDA:304,25,1,0
BRF:37
BRH:0
end_of_record
TN:
SF:src\infrastructure\mappers\PatientMapper.ts
FN:154,(anonymous_0)
FN:211,(anonymous_1)
FN:228,(anonymous_2)
FN:243,(anonymous_3)
FN:280,(anonymous_4)
FN:344,(anonymous_5)
FN:357,(anonymous_6)
FN:369,(anonymous_7)
FNF:8
FNH:0
FNDA:0,(anonymous_0)
FNDA:0,(anonymous_1)
FNDA:0,(anonymous_2)
FNDA:0,(anonymous_3)
FNDA:0,(anonymous_4)
FNDA:0,(anonymous_5)
FNDA:0,(anonymous_6)
FNDA:0,(anonymous_7)
DA:10,0
DA:11,0
DA:12,0
DA:13,0
DA:14,0
DA:16,0
DA:17,0
DA:18,0
DA:19,0
DA:150,0
DA:161,0
DA:163,0
DA:175,0
DA:184,0
DA:192,0
DA:193,0
DA:211,0
DA:212,0
DA:228,0
DA:229,0
DA:243,0
DA:244,0
DA:252,0
DA:270,0
DA:273,0
DA:287,0
DA:290,0
DA:326,0
DA:327,0
DA:344,0
DA:357,0
DA:369,0
DA:377,0
LF:33
LH:0
BRDA:186,0,0,0
BRDA:186,0,1,0
BRDA:192,1,0,0
BRDA:197,2,0,0
BRDA:197,2,1,0
BRDA:202,3,0,0
BRDA:202,3,1,0
BRDA:211,4,0,0
BRDA:211,4,1,0
BRDA:217,5,0,0
BRDA:217,5,1,0
BRDA:218,6,0,0
BRDA:218,6,1,0
BRDA:219,7,0,0
BRDA:219,7,1,0
BRDA:221,8,0,0
BRDA:221,8,1,0
BRDA:228,9,0,0
BRDA:228,9,1,0
BRDA:233,10,0,0
BRDA:233,10,1,0
BRDA:234,11,0,0
BRDA:234,11,1,0
BRDA:235,12,0,0
BRDA:235,12,1,0
BRDA:236,13,0,0
BRDA:236,13,1,0
BRDA:243,14,0,0
BRDA:243,14,1,0
BRDA:262,15,0,0
BRDA:262,15,1,0
BRDA:273,16,0,0
BRDA:273,16,1,0
BRDA:317,17,0,0
BRDA:317,17,1,0
BRDA:326,18,0,0
BRDA:332,19,0,0
BRDA:332,19,1,0
BRDA:337,20,0,0
BRDA:337,20,1,0
BRDA:350,21,0,0
BRDA:350,21,1,0
BRDA:351,22,0,0
BRDA:351,22,1,0
BRDA:352,23,0,0
BRDA:352,23,1,0
BRDA:364,24,0,0
BRDA:364,24,1,0
BRDA:365,25,0,0
BRDA:365,25,1,0
BRF:50
BRH:0
end_of_record
TN:
SF:src\infrastructure\monitoring\HealthChecks.ts
FN:14,(anonymous_0)
FN:56,(anonymous_1)
FN:71,(anonymous_2)
FN:134,(anonymous_3)
FN:182,(anonymous_4)
FN:212,(anonymous_5)
FN:241,(anonymous_6)
FN:270,(anonymous_7)
FN:308,(anonymous_8)
FN:354,(anonymous_9)
FN:372,(anonymous_10)
FN:384,(anonymous_11)
FN:385,(anonymous_12)
FN:387,(anonymous_13)
FN:391,(anonymous_14)
FN:395,(anonymous_15)
FNF:16
FNH:0
FNDA:0,(anonymous_0)
FNDA:0,(anonymous_1)
FNDA:0,(anonymous_2)
FNDA:0,(anonymous_3)
FNDA:0,(anonymous_4)
FNDA:0,(anonymous_5)
FNDA:0,(anonymous_6)
FNDA:0,(anonymous_7)
FNDA:0,(anonymous_8)
FNDA:0,(anonymous_9)
FNDA:0,(anonymous_10)
FNDA:0,(anonymous_11)
FNDA:0,(anonymous_12)
FNDA:0,(anonymous_13)
FNDA:0,(anonymous_14)
FNDA:0,(anonymous_15)
DA:10,0
DA:11,0
DA:14,0
DA:15,0
DA:16,0
DA:17,0
DA:18,0
DA:51,0
DA:61,0
DA:64,0
DA:65,0
DA:72,0
DA:80,0
DA:89,0
DA:98,0
DA:100,0
DA:111,0
DA:135,0
DA:137,0
DA:139,0
DA:144,0
DA:145,0
DA:148,0
DA:151,0
DA:152,0
DA:153,0
DA:155,0
DA:156,0
DA:159,0
DA:170,0
DA:183,0
DA:185,0
DA:188,0
DA:190,0
DA:200,0
DA:213,0
DA:215,0
DA:217,0
DA:219,0
DA:229,0
DA:242,0
DA:244,0
DA:246,0
DA:248,0
DA:258,0
DA:271,0
DA:273,0
DA:274,0
DA:275,0
DA:278,0
DA:279,0
DA:280,0
DA:282,0
DA:283,0
DA:284,0
DA:285,0
DA:289,0
DA:296,0
DA:309,0
DA:311,0
DA:312,0
DA:313,0
DA:323,0
DA:324,0
DA:325,0
DA:328,0
DA:330,0
DA:342,0
DA:357,0
DA:358,0
DA:361,0
DA:373,0
DA:385,0
DA:387,0
DA:388,0
DA:391,0
DA:392,0
DA:395,0
DA:396,0
DA:399,0
LF:80
LH:0
BRDA:14,0,0,0
BRDA:14,0,1,0
BRDA:106,1,0,0
BRDA:106,1,1,0
BRDA:124,2,0,0
BRDA:124,2,1,0
BRDA:144,3,0,0
BRDA:152,4,0,0
BRDA:155,5,0,0
BRDA:174,6,0,0
BRDA:174,6,1,0
BRDA:204,7,0,0
BRDA:204,7,1,0
BRDA:233,8,0,0
BRDA:233,8,1,0
BRDA:262,9,0,0
BRDA:262,9,1,0
BRDA:279,10,0,0
BRDA:279,11,0,0
BRDA:279,11,1,0
BRDA:282,12,0,0
BRDA:282,12,1,0
BRDA:284,13,0,0
BRDA:300,14,0,0
BRDA:300,14,1,0
BRDA:312,15,0,0
BRDA:331,16,0,0
BRDA:331,16,1,0
BRDA:346,17,0,0
BRDA:346,17,1,0
BRDA:357,18,0,0
BRDA:365,19,0,0
BRDA:365,19,1,0
BRDA:377,20,0,0
BRDA:377,20,1,0
BRDA:387,21,0,0
BRDA:391,22,0,0
BRDA:395,23,0,0
BRF:38
BRH:0
end_of_record
TN:
SF:src\infrastructure\repositories\SupabasePatientRepository.ts
FN:28,(anonymous_0)
FN:54,(anonymous_1)
FN:56,(anonymous_2)
FN:90,(anonymous_3)
FN:100,(anonymous_4)
FN:102,(anonymous_5)
FN:133,(anonymous_6)
FN:143,(anonymous_7)
FN:145,(anonymous_8)
FN:176,(anonymous_9)
FN:186,(anonymous_10)
FN:188,(anonymous_11)
FN:206,(anonymous_12)
FN:217,(anonymous_13)
FN:219,(anonymous_14)
FN:255,(anonymous_15)
FN:257,(anonymous_16)
FN:275,(anonymous_17)
FN:294,(anonymous_18)
FN:344,(anonymous_19)
FN:354,(anonymous_20)
FN:370,(anonymous_21)
FN:380,(anonymous_22)
FN:386,(anonymous_23)
FN:426,(anonymous_24)
FN:436,(anonymous_25)
FN:449,(anonymous_26)
FN:460,(anonymous_27)
FN:472,(anonymous_28)
FN:497,(anonymous_29)
FN:507,(anonymous_30)
FN:528,(anonymous_31)
FN:538,(anonymous_32)
FN:566,(anonymous_33)
FN:585,(anonymous_34)
FN:602,(anonymous_35)
FN:619,(anonymous_36)
FN:636,(anonymous_37)
FN:653,(anonymous_38)
FN:654,(anonymous_39)
FN:664,(anonymous_40)
FN:681,(anonymous_41)
FN:682,(anonymous_42)
FN:694,(anonymous_43)
FN:711,(anonymous_44)
FN:712,(anonymous_45)
FN:724,(anonymous_46)
FN:741,(anonymous_47)
FN:742,(anonymous_48)
FN:751,(anonymous_49)
FN:752,(anonymous_50)
FN:755,(anonymous_51)
FN:765,(anonymous_52)
FN:773,(anonymous_53)
FN:794,(anonymous_54)
FN:805,(anonymous_55)
FN:817,(anonymous_56)
FN:828,(anonymous_57)
FN:840,(anonymous_58)
FN:851,(anonymous_59)
FN:862,(anonymous_60)
FN:883,(anonymous_61)
FNF:62
FNH:0
FNDA:0,(anonymous_0)
FNDA:0,(anonymous_1)
FNDA:0,(anonymous_2)
FNDA:0,(anonymous_3)
FNDA:0,(anonymous_4)
FNDA:0,(anonymous_5)
FNDA:0,(anonymous_6)
FNDA:0,(anonymous_7)
FNDA:0,(anonymous_8)
FNDA:0,(anonymous_9)
FNDA:0,(anonymous_10)
FNDA:0,(anonymous_11)
FNDA:0,(anonymous_12)
FNDA:0,(anonymous_13)
FNDA:0,(anonymous_14)
FNDA:0,(anonymous_15)
FNDA:0,(anonymous_16)
FNDA:0,(anonymous_17)
FNDA:0,(anonymous_18)
FNDA:0,(anonymous_19)
FNDA:0,(anonymous_20)
FNDA:0,(anonymous_21)
FNDA:0,(anonymous_22)
FNDA:0,(anonymous_23)
FNDA:0,(anonymous_24)
FNDA:0,(anonymous_25)
FNDA:0,(anonymous_26)
FNDA:0,(anonymous_27)
FNDA:0,(anonymous_28)
FNDA:0,(anonymous_29)
FNDA:0,(anonymous_30)
FNDA:0,(anonymous_31)
FNDA:0,(anonymous_32)
FNDA:0,(anonymous_33)
FNDA:0,(anonymous_34)
FNDA:0,(anonymous_35)
FNDA:0,(anonymous_36)
FNDA:0,(anonymous_37)
FNDA:0,(anonymous_38)
FNDA:0,(anonymous_39)
FNDA:0,(anonymous_40)
FNDA:0,(anonymous_41)
FNDA:0,(anonymous_42)
FNDA:0,(anonymous_43)
FNDA:0,(anonymous_44)
FNDA:0,(anonymous_45)
FNDA:0,(anonymous_46)
FNDA:0,(anonymous_47)
FNDA:0,(anonymous_48)
FNDA:0,(anonymous_49)
FNDA:0,(anonymous_50)
FNDA:0,(anonymous_51)
FNDA:0,(anonymous_52)
FNDA:0,(anonymous_53)
FNDA:0,(anonymous_54)
FNDA:0,(anonymous_55)
FNDA:0,(anonymous_56)
FNDA:0,(anonymous_57)
FNDA:0,(anonymous_58)
FNDA:0,(anonymous_59)
FNDA:0,(anonymous_60)
FNDA:0,(anonymous_61)
DA:10,0
DA:13,0
DA:14,0
DA:15,0
DA:24,0
DA:26,0
DA:31,0
DA:32,0
DA:33,0
DA:35,0
DA:55,0
DA:57,0
DA:60,0
DA:66,0
DA:67,0
DA:68,0
DA:70,0
DA:74,0
DA:82,0
DA:91,0
DA:92,0
DA:101,0
DA:103,0
DA:109,0
DA:110,0
DA:111,0
DA:113,0
DA:116,0
DA:118,0
DA:125,0
DA:134,0
DA:135,0
DA:144,0
DA:146,0
DA:152,0
DA:153,0
DA:154,0
DA:156,0
DA:159,0
DA:161,0
DA:168,0
DA:177,0
DA:178,0
DA:187,0
DA:189,0
DA:196,0
DA:197,0
DA:198,0
DA:200,0
DA:204,0
DA:207,0
DA:208,0
DA:218,0
DA:221,0
DA:223,0
DA:224,0
DA:225,0
DA:229,0
DA:237,0
DA:238,0
DA:241,0
DA:247,0
DA:256,0
DA:258,0
DA:263,0
DA:264,0
DA:267,0
DA:293,0
DA:295,0
DA:298,0
DA:299,0
DA:302,0
DA:303,0
DA:306,0
DA:307,0
DA:310,0
DA:311,0
DA:314,0
DA:315,0
DA:317,0
DA:318,0
DA:319,0
DA:321,0
DA:322,0
DA:323,0
DA:328,0
DA:329,0
DA:330,0
DA:332,0
DA:333,0
DA:337,0
DA:339,0
DA:340,0
DA:344,0
DA:346,0
DA:354,0
DA:355,0
DA:356,0
DA:365,0
DA:371,0
DA:372,0
DA:385,0
DA:387,0
DA:397,0
DA:398,0
DA:401,0
DA:402,0
DA:404,0
DA:405,0
DA:406,0
DA:408,0
DA:409,0
DA:410,0
DA:414,0
DA:415,0
DA:416,0
DA:419,0
DA:421,0
DA:422,0
DA:426,0
DA:428,0
DA:436,0
DA:437,0
DA:438,0
DA:447,0
DA:450,0
DA:451,0
DA:471,0
DA:474,0
DA:477,0
DA:478,0
DA:479,0
DA:480,0
DA:481,0
DA:482,0
DA:483,0
DA:484,0
DA:488,0
DA:490,0
DA:492,0
DA:493,0
DA:497,0
DA:499,0
DA:507,0
DA:508,0
DA:509,0
DA:519,0
DA:526,0
DA:529,0
DA:530,0
DA:539,0
DA:540,0
DA:541,0
DA:546,0
DA:553,0
DA:567,0
DA:575,0
DA:576,0
DA:579,0
DA:586,0
DA:591,0
DA:592,0
DA:593,0
DA:596,0
DA:603,0
DA:608,0
DA:609,0
DA:610,0
DA:613,0
DA:620,0
DA:625,0
DA:626,0
DA:627,0
DA:630,0
DA:637,0
DA:638,0
DA:641,0
DA:646,0
DA:647,0
DA:648,0
DA:652,0
DA:653,0
DA:654,0
DA:655,0
DA:658,0
DA:665,0
DA:666,0
DA:669,0
DA:674,0
DA:675,0
DA:676,0
DA:680,0
DA:681,0
DA:682,0
DA:683,0
DA:684,0
DA:685,0
DA:688,0
DA:695,0
DA:696,0
DA:699,0
DA:704,0
DA:705,0
DA:706,0
DA:710,0
DA:711,0
DA:712,0
DA:713,0
DA:714,0
DA:715,0
DA:718,0
DA:725,0
DA:726,0
DA:729,0
DA:734,0
DA:735,0
DA:736,0
DA:740,0
DA:741,0
DA:742,0
DA:743,0
DA:744,0
DA:745,0
DA:748,0
DA:752,0
DA:756,0
DA:761,0
DA:762,0
DA:765,0
DA:766,0
DA:775,0
DA:781,0
DA:785,0
DA:786,0
DA:796,0
DA:801,0
DA:803,0
DA:805,0
DA:807,0
DA:808,0
DA:819,0
DA:824,0
DA:826,0
DA:828,0
DA:830,0
DA:831,0
DA:842,0
DA:847,0
DA:849,0
DA:851,0
DA:853,0
DA:854,0
DA:863,0
DA:864,0
DA:865,0
DA:868,0
DA:869,0
DA:870,0
DA:873,0
DA:875,0
DA:878,0
DA:880,0
DA:883,0
DA:886,0
LF:264
LH:0
BRDA:66,0,0,0
BRDA:67,1,0,0
BRDA:109,2,0,0
BRDA:110,3,0,0
BRDA:152,4,0,0
BRDA:153,5,0,0
BRDA:196,6,0,0
BRDA:197,7,0,0
BRDA:224,8,0,0
BRDA:231,9,0,0
BRDA:231,9,1,0
BRDA:232,10,0,0
BRDA:232,10,1,0
BRDA:233,11,0,0
BRDA:233,11,1,0
BRDA:234,12,0,0
BRDA:234,12,1,0
BRDA:237,13,0,0
BRDA:263,14,0,0
BRDA:298,15,0,0
BRDA:299,16,0,0
BRDA:299,16,1,0
BRDA:302,17,0,0
BRDA:306,18,0,0
BRDA:310,19,0,0
BRDA:314,20,0,0
BRDA:317,21,0,0
BRDA:317,21,1,0
BRDA:318,22,0,0
BRDA:322,23,0,0
BRDA:328,24,0,0
BRDA:332,25,0,0
BRDA:339,26,0,0
BRDA:344,27,0,0
BRDA:344,27,1,0
BRDA:354,28,0,0
BRDA:354,28,1,0
BRDA:358,29,0,0
BRDA:358,29,1,0
BRDA:359,30,0,0
BRDA:359,30,1,0
BRDA:360,31,0,0
BRDA:360,31,1,0
BRDA:361,32,0,0
BRDA:361,32,1,0
BRDA:367,33,0,0
BRDA:367,33,1,0
BRDA:397,34,0,0
BRDA:398,35,0,0
BRDA:398,35,1,0
BRDA:401,36,0,0
BRDA:404,37,0,0
BRDA:404,37,1,0
BRDA:405,38,0,0
BRDA:409,39,0,0
BRDA:414,40,0,0
BRDA:421,41,0,0
BRDA:426,42,0,0
BRDA:426,42,1,0
BRDA:436,43,0,0
BRDA:436,43,1,0
BRDA:440,44,0,0
BRDA:440,44,1,0
BRDA:441,45,0,0
BRDA:441,45,1,0
BRDA:442,46,0,0
BRDA:442,46,1,0
BRDA:443,47,0,0
BRDA:443,47,1,0
BRDA:447,48,0,0
BRDA:447,48,1,0
BRDA:477,49,0,0
BRDA:477,49,1,0
BRDA:479,50,0,0
BRDA:479,50,1,0
BRDA:481,51,0,0
BRDA:481,51,1,0
BRDA:483,52,0,0
BRDA:492,53,0,0
BRDA:497,54,0,0
BRDA:497,54,1,0
BRDA:507,55,0,0
BRDA:507,55,1,0
BRDA:511,56,0,0
BRDA:511,56,1,0
BRDA:512,57,0,0
BRDA:512,57,1,0
BRDA:513,58,0,0
BRDA:513,58,1,0
BRDA:514,59,0,0
BRDA:514,59,1,0
BRDA:522,60,0,0
BRDA:522,60,1,0
BRDA:523,61,0,0
BRDA:523,61,1,0
BRDA:547,62,0,0
BRDA:547,62,1,0
BRDA:555,63,0,0
BRDA:555,63,1,0
BRDA:575,64,0,0
BRDA:575,65,0,0
BRDA:575,65,1,0
BRDA:591,66,0,0
BRDA:596,67,0,0
BRDA:596,67,1,0
BRDA:608,68,0,0
BRDA:613,69,0,0
BRDA:613,69,1,0
BRDA:625,70,0,0
BRDA:630,71,0,0
BRDA:630,71,1,0
BRDA:637,72,0,0
BRDA:646,73,0,0
BRDA:654,74,0,0
BRDA:654,74,1,0
BRDA:665,75,0,0
BRDA:674,76,0,0
BRDA:682,77,0,0
BRDA:682,77,1,0
BRDA:683,78,0,0
BRDA:683,78,1,0
BRDA:695,79,0,0
BRDA:704,80,0,0
BRDA:712,81,0,0
BRDA:712,81,1,0
BRDA:713,82,0,0
BRDA:713,82,1,0
BRDA:725,83,0,0
BRDA:734,84,0,0
BRDA:742,85,0,0
BRDA:742,85,1,0
BRDA:743,86,0,0
BRDA:743,86,1,0
BRDA:761,87,0,0
BRDA:765,88,0,0
BRDA:765,88,1,0
BRDA:785,89,0,0
BRDA:801,90,0,0
BRDA:807,91,0,0
BRDA:824,92,0,0
BRDA:830,93,0,0
BRDA:847,94,0,0
BRDA:853,95,0,0
BRDA:863,96,0,0
BRDA:869,97,0,0
BRDA:888,98,0,0
BRDA:888,98,1,0
BRF:147
BRH:0
end_of_record
TN:
SF:src\infrastructure\resilience\CircuitBreaker.ts
FN:10,(anonymous_0)
FN:48,(anonymous_1)
FN:63,(anonymous_2)
FN:106,(anonymous_3)
FN:124,(anonymous_4)
FN:143,(anonymous_5)
FN:155,(anonymous_6)
FN:170,(anonymous_7)
FN:177,(anonymous_8)
FN:184,(anonymous_9)
FN:197,(anonymous_10)
FN:212,(anonymous_11)
FN:231,(anonymous_12)
FN:235,(anonymous_13)
FN:253,(anonymous_14)
FNF:15
FNH:0
FNDA:0,(anonymous_0)
FNDA:0,(anonymous_1)
FNDA:0,(anonymous_2)
FNDA:0,(anonymous_3)
FNDA:0,(anonymous_4)
FNDA:0,(anonymous_5)
FNDA:0,(anonymous_6)
FNDA:0,(anonymous_7)
FNDA:0,(anonymous_8)
FNDA:0,(anonymous_9)
FNDA:0,(anonymous_10)
FNDA:0,(anonymous_11)
FNDA:0,(anonymous_12)
FNDA:0,(anonymous_13)
FNDA:0,(anonymous_14)
DA:10,0
DA:11,0
DA:12,0
DA:13,0
DA:41,0
DA:42,0
DA:43,0
DA:45,0
DA:49,0
DA:50,0
DA:52,0
DA:67,0
DA:70,0
DA:71,0
DA:72,0
DA:74,0
DA:75,0
DA:77,0
DA:82,0
DA:83,0
DA:84,0
DA:86,0
DA:89,0
DA:90,0
DA:91,0
DA:92,0
DA:94,0
DA:96,0
DA:97,0
DA:99,0
DA:107,0
DA:108,0
DA:110,0
DA:111,0
DA:112,0
DA:113,0
DA:116,0
DA:117,0
DA:125,0
DA:126,0
DA:127,0
DA:128,0
DA:130,0
DA:131,0
DA:132,0
DA:135,0
DA:136,0
DA:144,0
DA:145,0
DA:148,0
DA:149,0
DA:156,0
DA:157,0
DA:159,0
DA:171,0
DA:178,0
DA:185,0
DA:198,0
DA:199,0
DA:200,0
DA:201,0
DA:209,0
DA:210,0
DA:216,0
DA:217,0
DA:224,0
DA:225,0
DA:228,0
DA:232,0
DA:236,0
DA:237,0
DA:239,0
DA:240,0
DA:241,0
DA:242,0
DA:246,0
DA:254,0
DA:255,0
DA:261,0
LF:79
LH:0
BRDA:10,0,0,0
BRDA:10,0,1,0
BRDA:70,1,0,0
BRDA:71,2,0,0
BRDA:71,2,1,0
BRDA:74,3,0,0
BRDA:82,4,0,0
BRDA:83,5,0,0
BRDA:96,6,0,0
BRDA:110,7,0,0
BRDA:116,8,0,0
BRDA:130,9,0,0
BRDA:135,10,0,0
BRDA:135,11,0,0
BRDA:135,11,1,0
BRDA:144,12,0,0
BRDA:216,13,0,0
BRDA:241,14,0,0
BRF:18
BRH:0
end_of_record
TN:
SF:src\infrastructure\resilience\GracefulDegradation.ts
FN:42,(anonymous_0)
FN:48,(anonymous_1)
FN:54,(anonymous_2)
FN:60,(anonymous_3)
FN:61,(anonymous_4)
FN:82,(anonymous_5)
FN:88,(anonymous_6)
FN:89,(anonymous_7)
FN:110,(anonymous_8)
FN:130,(anonymous_9)
FN:163,(anonymous_10)
FN:196,(anonymous_11)
FN:213,(anonymous_12)
FN:245,(anonymous_13)
FN:260,(anonymous_14)
FN:275,(anonymous_15)
FN:283,(anonymous_16)
FN:298,(anonymous_17)
FN:316,(anonymous_18)
FN:332,(anonymous_19)
FN:336,(anonymous_20)
FN:343,(anonymous_21)
FN:355,(anonymous_22)
FNF:23
FNH:0
FNDA:0,(anonymous_0)
FNDA:0,(anonymous_1)
FNDA:0,(anonymous_2)
FNDA:0,(anonymous_3)
FNDA:0,(anonymous_4)
FNDA:0,(anonymous_5)
FNDA:0,(anonymous_6)
FNDA:0,(anonymous_7)
FNDA:0,(anonymous_8)
FNDA:0,(anonymous_9)
FNDA:0,(anonymous_10)
FNDA:0,(anonymous_11)
FNDA:0,(anonymous_12)
FNDA:0,(anonymous_13)
FNDA:0,(anonymous_14)
FNDA:0,(anonymous_15)
FNDA:0,(anonymous_16)
FNDA:0,(anonymous_17)
FNDA:0,(anonymous_18)
FNDA:0,(anonymous_19)
FNDA:0,(anonymous_20)
FNDA:0,(anonymous_21)
FNDA:0,(anonymous_22)
DA:10,0
DA:12,0
DA:35,0
DA:36,0
DA:38,0
DA:39,0
DA:40,0
DA:43,0
DA:44,0
DA:45,0
DA:48,0
DA:55,0
DA:57,0
DA:59,0
DA:60,0
DA:61,0
DA:64,0
DA:71,0
DA:72,0
DA:75,0
DA:83,0
DA:85,0
DA:87,0
DA:88,0
DA:89,0
DA:92,0
DA:99,0
DA:100,0
DA:103,0
DA:113,0
DA:116,0
DA:117,0
DA:123,0
DA:124,0
DA:131,0
DA:132,0
DA:135,0
DA:137,0
DA:138,0
DA:140,0
DA:141,0
DA:143,0
DA:151,0
DA:164,0
DA:166,0
DA:167,0
DA:169,0
DA:170,0
DA:172,0
DA:184,0
DA:197,0
DA:199,0
DA:200,0
DA:206,0
DA:207,0
DA:214,0
DA:215,0
DA:218,0
DA:220,0
DA:221,0
DA:223,0
DA:224,0
DA:226,0
DA:233,0
DA:246,0
DA:248,0
DA:261,0
DA:262,0
DA:263,0
DA:265,0
DA:276,0
DA:277,0
DA:278,0
DA:279,0
DA:280,0
DA:285,0
DA:286,0
DA:287,0
DA:288,0
DA:292,0
DA:299,0
DA:300,0
DA:302,0
DA:303,0
DA:304,0
DA:308,0
DA:317,0
DA:318,0
DA:320,0
DA:321,0
DA:322,0
DA:324,0
DA:333,0
DA:337,0
DA:344,0
DA:356,0
DA:357,0
DA:358,0
LF:98
LH:0
BRDA:66,0,0,0
BRDA:66,0,1,0
BRDA:71,1,0,0
BRDA:94,2,0,0
BRDA:94,2,1,0
BRDA:99,3,0,0
BRDA:131,4,0,0
BRDA:131,5,0,0
BRDA:131,5,1,0
BRDA:140,6,0,0
BRDA:169,7,0,0
BRDA:214,8,0,0
BRDA:223,9,0,0
BRDA:261,10,0,0
BRDA:276,11,0,0
BRDA:277,12,0,0
BRDA:278,13,0,0
BRDA:279,14,0,0
BRDA:285,15,0,0
BRDA:287,16,0,0
BRDA:303,17,0,0
BRDA:303,18,0,0
BRDA:303,18,1,0
BRDA:317,19,0,0
BRDA:317,20,0,0
BRDA:317,20,1,0
BRDA:320,21,0,0
BRF:27
BRH:0
end_of_record
TN:
SF:src\infrastructure\resilience\UseCaseCircuitBreakerWrapper.ts
FN:27,(anonymous_0)
FN:29,(anonymous_1)
FN:31,(anonymous_2)
FN:32,(anonymous_3)
FN:47,(anonymous_4)
FN:49,(anonymous_5)
FN:51,(anonymous_6)
FN:52,(anonymous_7)
FN:67,(anonymous_8)
FN:69,(anonymous_9)
FN:71,(anonymous_10)
FN:72,(anonymous_11)
FN:87,(anonymous_12)
FN:89,(anonymous_13)
FN:91,(anonymous_14)
FN:92,(anonymous_15)
FN:109,(anonymous_16)
FN:111,(anonymous_17)
FN:113,(anonymous_18)
FN:114,(anonymous_19)
FN:130,(anonymous_20)
FN:132,(anonymous_21)
FN:134,(anonymous_22)
FN:135,(anonymous_23)
FN:150,(anonymous_24)
FN:152,(anonymous_25)
FN:154,(anonymous_26)
FN:155,(anonymous_27)
FN:170,(anonymous_28)
FN:172,(anonymous_29)
FN:174,(anonymous_30)
FN:175,(anonymous_31)
FN:190,(anonymous_32)
FN:192,(anonymous_33)
FN:194,(anonymous_34)
FN:195,(anonymous_35)
FNF:36
FNH:0
FNDA:0,(anonymous_0)
FNDA:0,(anonymous_1)
FNDA:0,(anonymous_2)
FNDA:0,(anonymous_3)
FNDA:0,(anonymous_4)
FNDA:0,(anonymous_5)
FNDA:0,(anonymous_6)
FNDA:0,(anonymous_7)
FNDA:0,(anonymous_8)
FNDA:0,(anonymous_9)
FNDA:0,(anonymous_10)
FNDA:0,(anonymous_11)
FNDA:0,(anonymous_12)
FNDA:0,(anonymous_13)
FNDA:0,(anonymous_14)
FNDA:0,(anonymous_15)
FNDA:0,(anonymous_16)
FNDA:0,(anonymous_17)
FNDA:0,(anonymous_18)
FNDA:0,(anonymous_19)
FNDA:0,(anonymous_20)
FNDA:0,(anonymous_21)
FNDA:0,(anonymous_22)
FNDA:0,(anonymous_23)
FNDA:0,(anonymous_24)
FNDA:0,(anonymous_25)
FNDA:0,(anonymous_26)
FNDA:0,(anonymous_27)
FNDA:0,(anonymous_28)
FNDA:0,(anonymous_29)
FNDA:0,(anonymous_30)
FNDA:0,(anonymous_31)
FNDA:0,(anonymous_32)
FNDA:0,(anonymous_33)
FNDA:0,(anonymous_34)
FNDA:0,(anonymous_35)
DA:10,0
DA:24,0
DA:25,0
DA:27,0
DA:30,0
DA:31,0
DA:32,0
DA:44,0
DA:45,0
DA:47,0
DA:50,0
DA:51,0
DA:52,0
DA:64,0
DA:65,0
DA:67,0
DA:70,0
DA:71,0
DA:72,0
DA:84,0
DA:85,0
DA:87,0
DA:90,0
DA:91,0
DA:92,0
DA:106,0
DA:107,0
DA:109,0
DA:112,0
DA:113,0
DA:114,0
DA:127,0
DA:128,0
DA:130,0
DA:133,0
DA:134,0
DA:135,0
DA:147,0
DA:148,0
DA:150,0
DA:153,0
DA:154,0
DA:155,0
DA:167,0
DA:168,0
DA:170,0
DA:173,0
DA:174,0
DA:175,0
DA:187,0
DA:188,0
DA:190,0
DA:193,0
DA:194,0
DA:195,0
LF:55
LH:0
BRF:0
BRH:0
end_of_record
TN:
SF:src\presentation\controllers\CommandController.ts
FN:20,(anonymous_0)
FN:29,(anonymous_1)
FN:53,(anonymous_2)
FNF:3
FNH:0
FNDA:0,(anonymous_0)
FNDA:0,(anonymous_1)
FNDA:0,(anonymous_2)
DA:13,0
DA:19,0
DA:21,0
DA:22,0
DA:30,0
DA:32,0
DA:37,0
DA:39,0
DA:40,0
DA:42,0
DA:54,0
DA:56,0
DA:58,0
LF:13
LH:0
BRDA:39,0,0,0
BRDA:39,0,1,0
BRF:2
BRH:0
end_of_record
TN:
SF:src\presentation\controllers\PatientController.ts
FN:47,getUserId
FN:51,getUserRole
FN:59,(anonymous_2)
FN:79,(anonymous_3)
FN:126,(anonymous_4)
FN:151,(anonymous_5)
FN:190,(anonymous_6)
FN:229,(anonymous_7)
FN:268,(anonymous_8)
FN:307,(anonymous_9)
FN:339,(anonymous_10)
FN:412,(anonymous_11)
FN:455,(anonymous_12)
FN:490,(anonymous_13)
FN:527,(anonymous_14)
FN:561,(anonymous_15)
FN:585,(anonymous_16)
FN:604,(anonymous_17)
FN:625,(anonymous_18)
FN:642,(anonymous_19)
FNF:20
FNH:0
FNDA:0,getUserId
FNDA:0,getUserRole
FNDA:0,(anonymous_2)
FNDA:0,(anonymous_3)
FNDA:0,(anonymous_4)
FNDA:0,(anonymous_5)
FNDA:0,(anonymous_6)
FNDA:0,(anonymous_7)
FNDA:0,(anonymous_8)
FNDA:0,(anonymous_9)
FNDA:0,(anonymous_10)
FNDA:0,(anonymous_11)
FNDA:0,(anonymous_12)
FNDA:0,(anonymous_13)
FNDA:0,(anonymous_14)
FNDA:0,(anonymous_15)
FNDA:0,(anonymous_16)
FNDA:0,(anonymous_17)
FNDA:0,(anonymous_18)
FNDA:0,(anonymous_19)
DA:11,0
DA:32,0
DA:48,0
DA:52,0
DA:58,0
DA:60,0
DA:61,0
DA:62,0
DA:63,0
DA:64,0
DA:65,0
DA:66,0
DA:67,0
DA:68,0
DA:69,0
DA:70,0
DA:71,0
DA:72,0
DA:80,0
DA:81,0
DA:83,0
DA:88,0
DA:126,0
DA:133,0
DA:134,0
DA:137,0
DA:140,0
DA:143,0
DA:152,0
DA:153,0
DA:154,0
DA:156,0
DA:158,0
DA:169,0
DA:171,0
DA:172,0
DA:175,0
DA:178,0
DA:182,0
DA:191,0
DA:192,0
DA:193,0
DA:195,0
DA:197,0
DA:208,0
DA:210,0
DA:211,0
DA:214,0
DA:217,0
DA:221,0
DA:230,0
DA:231,0
DA:232,0
DA:234,0
DA:236,0
DA:247,0
DA:249,0
DA:250,0
DA:253,0
DA:256,0
DA:260,0
DA:269,0
DA:270,0
DA:271,0
DA:273,0
DA:275,0
DA:286,0
DA:288,0
DA:289,0
DA:292,0
DA:295,0
DA:299,0
DA:308,0
DA:309,0
DA:310,0
DA:312,0
DA:314,0
DA:320,0
DA:321,0
DA:324,0
DA:327,0
DA:331,0
DA:340,0
DA:341,0
DA:342,0
DA:343,0
DA:345,0
DA:347,0
DA:348,0
DA:350,0
DA:358,0
DA:366,0
DA:386,0
DA:388,0
DA:389,0
DA:392,0
DA:401,0
DA:404,0
DA:413,0
DA:414,0
DA:416,0
DA:418,0
DA:431,0
DA:432,0
DA:435,0
DA:437,0
DA:444,0
DA:447,0
DA:456,0
DA:457,0
DA:459,0
DA:461,0
DA:468,0
DA:469,0
DA:472,0
DA:479,0
DA:482,0
DA:491,0
DA:492,0
DA:493,0
DA:495,0
DA:497,0
DA:504,0
DA:505,0
DA:508,0
DA:516,0
DA:519,0
DA:528,0
DA:529,0
DA:530,0
DA:532,0
DA:534,0
DA:540,0
DA:541,0
DA:544,0
DA:550,0
DA:553,0
DA:562,0
DA:563,0
DA:565,0
DA:567,0
DA:572,0
DA:575,0
DA:578,0
DA:586,0
DA:587,0
DA:588,0
DA:590,0
DA:592,0
DA:598,0
DA:605,0
DA:606,0
DA:607,0
DA:609,0
DA:611,0
DA:619,0
DA:626,0
DA:627,0
DA:629,0
DA:631,0
DA:636,0
DA:643,0
DA:644,0
DA:645,0
DA:647,0
DA:649,0
DA:655,0
LF:167
LH:0
BRDA:48,0,0,0
BRDA:48,0,1,0
BRDA:52,1,0,0
BRDA:52,1,1,0
BRDA:106,2,0,0
BRDA:106,2,1,0
BRDA:112,3,0,0
BRDA:112,3,1,0
BRDA:115,4,0,0
BRDA:115,4,1,0
BRDA:122,5,0,0
BRDA:122,5,1,0
BRDA:126,6,0,0
BRDA:126,6,1,0
BRDA:128,7,0,0
BRDA:128,7,1,0
BRDA:133,8,0,0
BRDA:134,9,0,0
BRDA:134,9,1,0
BRDA:141,10,0,0
BRDA:141,10,1,0
BRDA:171,11,0,0
BRDA:171,12,0,0
BRDA:171,12,1,0
BRDA:180,13,0,0
BRDA:180,13,1,0
BRDA:210,14,0,0
BRDA:210,15,0,0
BRDA:210,15,1,0
BRDA:219,16,0,0
BRDA:219,16,1,0
BRDA:249,17,0,0
BRDA:249,18,0,0
BRDA:249,18,1,0
BRDA:258,19,0,0
BRDA:258,19,1,0
BRDA:288,20,0,0
BRDA:288,21,0,0
BRDA:288,21,1,0
BRDA:297,22,0,0
BRDA:297,22,1,0
BRDA:320,23,0,0
BRDA:321,24,0,0
BRDA:321,24,1,0
BRDA:329,25,0,0
BRDA:329,25,1,0
BRDA:341,26,0,0
BRDA:341,27,0,0
BRDA:350,28,0,0
BRDA:350,28,1,0
BRDA:351,29,0,0
BRDA:351,29,1,0
BRDA:353,30,0,0
BRDA:353,30,1,0
BRDA:358,31,0,0
BRDA:358,31,1,0
BRDA:359,32,0,0
BRDA:359,32,1,0
BRDA:361,33,0,0
BRDA:361,33,1,0
BRDA:372,34,0,0
BRDA:372,34,1,0
BRDA:378,35,0,0
BRDA:378,35,1,0
BRDA:379,36,0,0
BRDA:379,36,1,0
BRDA:388,37,0,0
BRDA:402,38,0,0
BRDA:402,38,1,0
BRDA:426,39,0,0
BRDA:426,39,1,0
BRDA:427,40,0,0
BRDA:427,40,1,0
BRDA:431,41,0,0
BRDA:432,42,0,0
BRDA:432,42,1,0
BRDA:435,43,0,0
BRDA:435,43,1,0
BRDA:445,44,0,0
BRDA:445,44,1,0
BRDA:468,45,0,0
BRDA:469,46,0,0
BRDA:469,46,1,0
BRDA:480,47,0,0
BRDA:480,47,1,0
BRDA:504,48,0,0
BRDA:505,49,0,0
BRDA:505,49,1,0
BRDA:517,50,0,0
BRDA:517,50,1,0
BRDA:540,51,0,0
BRDA:541,52,0,0
BRDA:541,52,1,0
BRDA:551,53,0,0
BRDA:551,53,1,0
BRDA:576,54,0,0
BRDA:576,54,1,0
BRDA:615,55,0,0
BRDA:615,55,1,0
BRF:99
BRH:0
end_of_record
TN:
SF:src\presentation\middleware\ErrorHandlingMiddleware.ts
FN:19,(anonymous_0)
FN:36,(anonymous_1)
FN:46,(anonymous_2)
FN:59,(anonymous_3)
FN:69,(anonymous_4)
FN:79,(anonymous_5)
FN:89,(anonymous_6)
FN:99,(anonymous_7)
FN:104,(anonymous_8)
FN:105,(anonymous_9)
FN:190,(anonymous_10)
FN:191,(anonymous_11)
FN:204,(anonymous_12)
FN:205,(anonymous_13)
FN:218,(anonymous_14)
FN:229,(anonymous_15)
FN:236,(anonymous_16)
FN:243,(anonymous_17)
FNF:18
FNH:0
FNDA:0,(anonymous_0)
FNDA:0,(anonymous_1)
FNDA:0,(anonymous_2)
FNDA:0,(anonymous_3)
FNDA:0,(anonymous_4)
FNDA:0,(anonymous_5)
FNDA:0,(anonymous_6)
FNDA:0,(anonymous_7)
FNDA:0,(anonymous_8)
FNDA:0,(anonymous_9)
FNDA:0,(anonymous_10)
FNDA:0,(anonymous_11)
FNDA:0,(anonymous_12)
FNDA:0,(anonymous_13)
FNDA:0,(anonymous_14)
FNDA:0,(anonymous_15)
FNDA:0,(anonymous_16)
FNDA:0,(anonymous_17)
DA:16,0
DA:22,0
DA:23,0
DA:25,0
DA:26,0
DA:27,0
DA:28,0
DA:35,0
DA:37,0
DA:38,0
DA:45,0
DA:47,0
DA:50,0
DA:51,0
DA:58,0
DA:60,0
DA:61,0
DA:68,0
DA:70,0
DA:71,0
DA:78,0
DA:80,0
DA:81,0
DA:88,0
DA:90,0
DA:91,0
DA:98,0
DA:99,0
DA:105,0
DA:107,0
DA:118,0
DA:119,0
DA:125,0
DA:129,0
DA:130,0
DA:135,0
DA:139,0
DA:140,0
DA:145,0
DA:149,0
DA:150,0
DA:155,0
DA:159,0
DA:160,0
DA:165,0
DA:169,0
DA:170,0
DA:175,0
DA:179,0
DA:191,0
DA:192,0
DA:205,0
DA:206,0
DA:214,0
DA:219,0
DA:230,0
DA:237,0
DA:251,0
LF:58
LH:0
BRDA:47,0,0,0
BRDA:47,0,1,0
BRDA:69,1,0,0
BRDA:79,2,0,0
BRDA:118,3,0,0
BRDA:121,4,0,0
BRDA:121,4,1,0
BRDA:129,5,0,0
BRDA:129,6,0,0
BRDA:129,6,1,0
BRDA:139,7,0,0
BRDA:149,8,0,0
BRDA:149,9,0,0
BRDA:149,9,1,0
BRDA:159,10,0,0
BRDA:169,11,0,0
BRDA:218,12,0,0
BRF:17
BRH:0
end_of_record
TN:
SF:src\presentation\middleware\ValidationMiddleware.ts
FN:16,(anonymous_0)
FN:20,(anonymous_1)
FNF:2
FNH:0
FNDA:0,(anonymous_0)
FNDA:0,(anonymous_1)
DA:10,0
DA:16,0
DA:17,0
DA:19,0
DA:20,0
DA:25,0
DA:30,0
DA:33,0
DA:39,0
DA:117,0
DA:148,0
DA:159,0
DA:170,0
DA:181,0
DA:192,0
DA:211,0
DA:230,0
DA:261,0
DA:280,0
DA:299,0
DA:321,0
LF:21
LH:0
BRDA:19,0,0,0
BRDA:21,1,0,0
BRDA:21,1,1,0
BRF:3
BRH:0
end_of_record
TN:
SF:src\presentation\routes\commandRoutes.ts
FN:17,createCommandRoutes
FNF:1
FNH:0
FNDA:0,createCommandRoutes
DA:10,0
DA:12,0
DA:17,0
DA:18,0
DA:19,0
DA:25,0
DA:34,0
DA:39,0
LF:8
LH:0
BRF:0
BRH:0
end_of_record
TN:
SF:src\presentation\routes\patientRoutes.ts
FN:29,createPatientRoutes
FNF:1
FNH:0
FNDA:0,createPatientRoutes
DA:10,0
DA:12,0
DA:13,0
DA:29,0
DA:30,0
DA:31,0
DA:39,0
DA:49,0
DA:60,0
DA:70,0
DA:82,0
DA:94,0
DA:104,0
DA:114,0
DA:124,0
DA:136,0
DA:146,0
DA:156,0
DA:166,0
DA:176,0
DA:186,0
DA:196,0
DA:202,0
LF:23
LH:0
BRF:0
BRH:0
end_of_record
