TN:
SF:src\application\handlers\PatientCommandHandlers.ts
FN:106,(anonymous_0)
FN:118,(anonymous_1)
FN:161,(anonymous_2)
FN:204,(anonymous_3)
FN:251,(anonymous_4)
FN:304,(anonymous_5)
FN:361,(anonymous_6)
FN:389,(anonymous_7)
FN:401,(anonymous_8)
FN:411,(anonymous_9)
FN:422,(anonymous_10)
FN:433,(anonymous_11)
FN:449,(anonymous_12)
FNF:13
FNH:13
FNDA:14,(anonymous_0)
FNDA:5,(anonymous_1)
FNDA:3,(anonymous_2)
FNDA:2,(anonymous_3)
FNDA:1,(anonymous_4)
FNDA:1,(anonymous_5)
FNDA:2,(anonymous_6)
FNDA:5,(anonymous_7)
FNDA:3,(anonymous_8)
FNDA:2,(anonymous_9)
FNDA:1,(anonymous_10)
FNDA:1,(anonymous_11)
FNDA:1,(anonymous_12)
DA:105,1
DA:107,14
DA:108,14
DA:109,14
DA:110,14
DA:111,14
DA:112,14
DA:119,5
DA:120,5
DA:127,5
DA:128,1
DA:135,4
DA:137,3
DA:143,3
DA:146,1
DA:151,1
DA:162,3
DA:163,3
DA:170,3
DA:171,1
DA:178,2
DA:180,1
DA:186,1
DA:189,1
DA:194,1
DA:205,2
DA:206,2
DA:213,2
DA:214,1
DA:221,1
DA:227,1
DA:233,1
DA:236,0
DA:241,0
DA:252,1
DA:253,1
DA:260,1
DA:261,0
DA:268,1
DA:276,1
DA:283,1
DA:289,0
DA:294,0
DA:305,1
DA:306,1
DA:313,1
DA:314,0
DA:321,1
DA:333,1
DA:340,1
DA:346,0
DA:351,0
DA:362,2
DA:364,1
DA:367,0
DA:370,0
DA:373,0
DA:376,0
DA:379,1
DA:381,1
DA:390,5
DA:402,3
DA:412,2
DA:423,1
DA:434,1
DA:455,1
LF:66
LH:54
BRDA:127,0,0,1
BRDA:148,1,0,1
BRDA:148,1,1,0
BRDA:170,2,0,1
BRDA:191,3,0,1
BRDA:191,3,1,0
BRDA:213,4,0,1
BRDA:238,5,0,0
BRDA:238,5,1,0
BRDA:260,6,0,0
BRDA:291,7,0,0
BRDA:291,7,1,0
BRDA:313,8,0,0
BRDA:348,9,0,0
BRDA:348,9,1,0
BRDA:362,10,0,1
BRDA:362,10,1,0
BRDA:362,10,2,0
BRDA:362,10,3,0
BRDA:362,10,4,0
BRDA:362,10,5,1
BRDA:391,11,0,5
BRDA:391,11,1,5
BRDA:391,11,2,5
BRDA:391,11,3,5
BRDA:391,11,4,4
BRDA:391,11,5,4
BRDA:391,11,6,4
BRDA:403,12,0,3
BRDA:403,12,1,3
BRDA:403,12,2,3
BRDA:403,12,3,3
BRDA:403,12,4,2
BRDA:413,13,0,2
BRDA:413,13,1,2
BRDA:413,13,2,2
BRDA:413,13,3,2
BRDA:413,13,4,2
BRDA:413,13,5,1
BRDA:424,14,0,1
BRDA:424,14,1,1
BRDA:424,14,2,1
BRDA:424,14,3,1
BRDA:424,14,4,1
BRDA:424,14,5,1
BRDA:435,15,0,1
BRDA:435,15,1,1
BRDA:435,15,2,1
BRDA:435,15,3,1
BRDA:435,15,4,1
BRDA:435,15,5,1
BRDA:435,15,6,1
BRDA:435,15,7,1
BRF:53
BRH:39
end_of_record
TN:
SF:src\application\handlers\PatientQueryHandlers.ts
FN:195,(anonymous_0)
FN:205,(anonymous_1)
FN:250,(anonymous_2)
FN:292,(anonymous_3)
FN:333,(anonymous_4)
FN:380,(anonymous_5)
FN:437,(anonymous_6)
FN:465,(anonymous_7)
FN:466,(anonymous_8)
FN:510,(anonymous_9)
FN:530,(anonymous_10)
FN:540,(anonymous_11)
FN:550,(anonymous_12)
FN:561,(anonymous_13)
FN:572,(anonymous_14)
FN:576,(anonymous_15)
FN:580,(anonymous_16)
FN:587,(anonymous_17)
FN:601,(anonymous_18)
FN:641,(anonymous_19)
FN:653,(anonymous_20)
FN:668,(anonymous_21)
FN:671,(anonymous_22)
FN:692,(anonymous_23)
FN:702,(anonymous_24)
FN:712,(anonymous_25)
FN:713,(anonymous_26)
FN:716,(anonymous_27)
FN:738,(anonymous_28)
FN:777,(anonymous_29)
FN:785,(anonymous_30)
FNF:31
FNH:29
FNDA:18,(anonymous_0)
FNDA:5,(anonymous_1)
FNDA:4,(anonymous_2)
FNDA:1,(anonymous_3)
FNDA:4,(anonymous_4)
FNDA:1,(anonymous_5)
FNDA:3,(anonymous_6)
FNDA:1,(anonymous_7)
FNDA:1,(anonymous_8)
FNDA:2,(anonymous_9)
FNDA:5,(anonymous_10)
FNDA:4,(anonymous_11)
FNDA:4,(anonymous_12)
FNDA:3,(anonymous_13)
FNDA:4,(anonymous_14)
FNDA:3,(anonymous_15)
FNDA:3,(anonymous_16)
FNDA:1,(anonymous_17)
FNDA:2,(anonymous_18)
FNDA:2,(anonymous_19)
FNDA:1,(anonymous_20)
FNDA:0,(anonymous_21)
FNDA:1,(anonymous_22)
FNDA:2,(anonymous_23)
FNDA:2,(anonymous_24)
FNDA:0,(anonymous_25)
FNDA:1,(anonymous_26)
FNDA:1,(anonymous_27)
FNDA:2,(anonymous_28)
FNDA:1,(anonymous_29)
FNDA:1,(anonymous_30)
DA:25,1
DA:194,1
DA:196,18
DA:197,18
DA:198,18
DA:199,18
DA:206,5
DA:207,5
DA:216,5
DA:217,1
DA:223,4
DA:225,3
DA:232,3
DA:235,1
DA:240,1
DA:251,4
DA:252,4
DA:258,4
DA:259,0
DA:265,4
DA:266,1
DA:272,3
DA:273,3
DA:274,3
DA:276,3
DA:292,2
DA:293,2
DA:295,2
DA:309,2
DA:315,2
DA:318,1
DA:323,1
DA:334,4
DA:335,4
DA:341,4
DA:342,1
DA:348,3
DA:349,1
DA:355,2
DA:356,2
DA:358,2
DA:371,2
DA:373,2
DA:374,1
DA:380,1
DA:397,1
DA:413,1
DA:419,1
DA:422,0
DA:427,0
DA:438,3
DA:439,3
DA:445,3
DA:446,0
DA:452,3
DA:453,1
DA:459,2
DA:464,2
DA:465,2
DA:466,2
DA:467,2
DA:469,2
DA:470,2
DA:471,2
DA:473,2
DA:486,2
DA:492,2
DA:495,0
DA:500,0
DA:511,2
DA:513,1
DA:515,0
DA:517,0
DA:519,0
DA:521,1
DA:522,1
DA:531,5
DA:541,4
DA:551,4
DA:562,3
DA:573,4
DA:577,3
DA:581,3
DA:588,1
DA:605,2
DA:606,2
DA:607,0
DA:610,2
DA:611,2
DA:612,2
DA:614,2
DA:615,2
DA:621,2
DA:622,2
DA:625,2
DA:626,1
DA:629,1
DA:631,1
DA:632,1
DA:635,0
DA:638,2
DA:645,2
DA:646,1
DA:649,1
DA:650,1
DA:651,1
DA:653,1
DA:654,1
DA:655,1
DA:656,0
DA:658,1
DA:659,1
DA:661,0
DA:665,0
DA:666,0
DA:668,0
DA:672,1
DA:673,1
DA:674,1
DA:693,2
DA:694,0
DA:696,2
DA:697,1
DA:699,1
DA:703,2
DA:705,2
DA:706,1
DA:707,1
DA:708,1
DA:711,2
DA:712,0
DA:713,1
DA:717,1
DA:718,1
DA:719,1
DA:721,1
DA:723,0
DA:725,0
DA:726,0
DA:727,0
DA:728,0
DA:731,0
DA:734,1
DA:739,2
DA:740,2
DA:746,2
DA:748,2
DA:749,1
DA:750,1
DA:752,1
DA:754,1
DA:755,1
DA:757,0
DA:758,0
DA:760,0
DA:763,1
DA:764,1
DA:766,1
DA:767,1
DA:770,2
DA:778,1
DA:779,1
DA:780,1
DA:781,0
DA:782,0
DA:786,1
DA:787,1
DA:788,1
DA:789,1
DA:790,0
DA:792,1
LF:171
LH:141
BRDA:216,0,0,1
BRDA:237,1,0,1
BRDA:237,1,1,0
BRDA:258,2,0,0
BRDA:265,3,0,1
BRDA:272,4,0,3
BRDA:272,4,1,1
BRDA:273,5,0,3
BRDA:273,5,1,1
BRDA:274,6,0,3
BRDA:274,6,1,0
BRDA:320,7,0,1
BRDA:320,7,1,0
BRDA:341,8,0,1
BRDA:348,9,0,1
BRDA:355,10,0,2
BRDA:355,10,1,0
BRDA:356,11,0,2
BRDA:356,11,1,0
BRDA:373,12,0,1
BRDA:373,13,0,2
BRDA:373,13,1,1
BRDA:376,14,0,1
BRDA:376,14,1,0
BRDA:424,15,0,0
BRDA:424,15,1,0
BRDA:445,16,0,0
BRDA:452,17,0,1
BRDA:469,18,0,2
BRDA:469,18,1,1
BRDA:497,19,0,0
BRDA:497,19,1,0
BRDA:511,20,0,1
BRDA:511,20,1,0
BRDA:511,20,2,0
BRDA:511,20,3,0
BRDA:511,20,4,1
BRDA:532,21,0,5
BRDA:532,21,1,5
BRDA:532,21,2,5
BRDA:532,21,3,5
BRDA:532,21,4,1
BRDA:532,21,5,1
BRDA:532,21,6,1
BRDA:532,21,7,4
BRDA:542,22,0,4
BRDA:542,22,1,4
BRDA:542,22,2,4
BRDA:542,22,3,4
BRDA:542,22,4,4
BRDA:552,23,0,4
BRDA:552,23,1,4
BRDA:552,23,2,4
BRDA:552,23,3,4
BRDA:552,23,4,3
BRDA:552,23,5,3
BRDA:563,24,0,3
BRDA:563,24,1,3
BRDA:563,24,2,3
BRDA:563,24,3,3
BRDA:563,24,4,3
BRDA:606,25,0,0
BRDA:621,26,0,2
BRDA:625,27,0,1
BRDA:631,28,0,1
BRDA:645,29,0,1
BRDA:649,30,0,1
BRDA:649,31,0,1
BRDA:649,31,1,0
BRDA:650,32,0,1
BRDA:650,32,1,0
BRDA:651,33,0,1
BRDA:651,33,1,0
BRDA:655,34,0,0
BRDA:655,35,0,1
BRDA:655,35,1,1
BRDA:658,36,0,1
BRDA:658,37,0,1
BRDA:658,37,1,1
BRDA:675,38,0,1
BRDA:675,38,1,0
BRDA:693,39,0,0
BRDA:696,40,0,1
BRDA:708,41,0,1
BRDA:708,41,1,1
BRDA:721,42,0,0
BRDA:721,42,1,0
BRDA:721,42,2,0
BRDA:721,42,3,1
BRDA:721,42,4,1
BRDA:752,43,0,1
BRDA:752,43,1,0
BRDA:752,43,2,0
BRDA:766,44,0,1
BRDA:766,44,1,0
BRDA:767,45,0,1
BRDA:767,45,1,1
BRDA:779,46,0,0
BRDA:780,47,0,1
BRDA:781,48,0,0
BRDA:789,49,0,0
BRDA:789,50,0,1
BRDA:789,50,1,1
BRDA:789,50,2,0
BRF:104
BRH:72
end_of_record
TN:
SF:src\application\services\IDegradationService.ts
FN:11,(anonymous_0)
FNF:1
FNH:0
FNDA:0,(anonymous_0)
DA:11,0
DA:12,0
DA:13,0
DA:14,0
DA:15,0
LF:5
LH:0
BRDA:11,0,0,0
BRDA:11,0,1,0
BRF:2
BRH:0
end_of_record
TN:
SF:src\application\services\InsuranceValidationService.ts
FN:42,(anonymous_0)
FN:56,(anonymous_1)
FN:146,(anonymous_2)
FN:209,(anonymous_3)
FN:223,(anonymous_4)
FN:243,(anonymous_5)
FN:284,(anonymous_6)
FNF:7
FNH:7
FNDA:30,(anonymous_0)
FNDA:21,(anonymous_1)
FNDA:10,(anonymous_2)
FNDA:6,(anonymous_3)
FNDA:4,(anonymous_4)
FNDA:2,(anonymous_5)
FNDA:1,(anonymous_6)
DA:23,1
DA:25,30
DA:34,30
DA:37,30
DA:42,30
DA:57,21
DA:58,21
DA:59,21
DA:61,21
DA:63,21
DA:66,20
DA:67,20
DA:69,20
DA:70,1
DA:71,1
DA:74,19
DA:77,19
DA:78,1
DA:80,19
DA:83,19
DA:84,1
DA:86,19
DA:89,19
DA:90,1
DA:92,19
DA:95,19
DA:96,19
DA:97,19
DA:98,2
DA:100,19
DA:103,19
DA:104,0
DA:108,19
DA:109,0
DA:113,19
DA:114,18
DA:117,19
DA:125,1
DA:130,1
DA:147,10
DA:148,10
DA:149,10
DA:151,10
DA:153,10
DA:156,9
DA:157,9
DA:159,9
DA:160,2
DA:161,2
DA:164,7
DA:167,7
DA:168,7
DA:169,7
DA:170,2
DA:172,7
DA:175,7
DA:176,0
DA:178,7
DA:181,7
DA:182,6
DA:185,7
DA:193,1
DA:198,1
DA:210,6
DA:211,6
DA:213,6
DA:230,4
DA:231,1
DA:232,3
DA:233,1
DA:236,2
DA:244,2
DA:245,2
DA:248,2
DA:249,1
DA:253,2
DA:254,2
DA:255,2
DA:256,1
DA:260,2
DA:261,2
DA:262,2
DA:263,0
DA:267,2
DA:268,2
DA:269,1
DA:270,1
DA:271,0
DA:274,2
DA:285,1
LF:90
LH:85
BRDA:69,0,0,1
BRDA:77,1,0,1
BRDA:83,2,0,1
BRDA:89,3,0,1
BRDA:97,4,0,2
BRDA:97,5,0,19
BRDA:97,5,1,18
BRDA:103,6,0,0
BRDA:108,7,0,0
BRDA:113,8,0,18
BRDA:127,9,0,1
BRDA:127,9,1,0
BRDA:159,10,0,2
BRDA:169,11,0,2
BRDA:169,12,0,7
BRDA:169,12,1,6
BRDA:175,13,0,0
BRDA:181,14,0,6
BRDA:195,15,0,1
BRDA:195,15,1,0
BRDA:215,16,0,6
BRDA:215,16,1,4
BRDA:230,17,0,1
BRDA:230,17,1,3
BRDA:232,18,0,1
BRDA:232,18,1,2
BRDA:248,19,0,1
BRDA:255,20,0,1
BRDA:262,21,0,0
BRDA:268,22,0,1
BRDA:268,22,1,1
BRDA:270,23,0,0
BRF:32
BRH:25
end_of_record
TN:
SF:src\application\services\PatientMatchingService.ts
FN:44,(anonymous_0)
FN:49,(anonymous_1)
FN:57,(anonymous_2)
FN:73,(anonymous_3)
FN:76,(anonymous_4)
FN:80,(anonymous_5)
FN:104,(anonymous_6)
FN:152,(anonymous_7)
FN:167,(anonymous_8)
FN:220,(anonymous_9)
FN:232,(anonymous_10)
FN:239,(anonymous_11)
FN:249,(anonymous_12)
FN:264,(anonymous_13)
FNF:14
FNH:14
FNDA:22,(anonymous_0)
FNDA:21,(anonymous_1)
FNDA:28,(anonymous_2)
FNDA:2,(anonymous_3)
FNDA:25,(anonymous_4)
FNDA:2,(anonymous_5)
FNDA:28,(anonymous_6)
FNDA:27,(anonymous_7)
FNDA:27,(anonymous_8)
FNDA:184,(anonymous_9)
FNDA:52,(anonymous_10)
FNDA:26,(anonymous_11)
FNDA:48,(anonymous_12)
FNDA:48,(anonymous_13)
DA:26,2
DA:28,22
DA:37,22
DA:44,22
DA:55,21
DA:57,21
DA:58,28
DA:59,27
DA:60,27
DA:62,27
DA:71,20
DA:72,20
DA:73,2
DA:76,25
DA:80,20
DA:83,20
DA:85,20
DA:91,20
DA:94,1
DA:97,1
DA:105,28
DA:106,28
DA:107,27
DA:110,27
DA:111,19
DA:112,14
DA:117,27
DA:118,24
DA:122,24
DA:126,27
DA:127,13
DA:128,12
DA:133,27
DA:134,13
DA:135,12
DA:140,27
DA:141,3
DA:142,3
DA:146,27
DA:153,27
DA:154,3
DA:155,24
DA:156,1
DA:157,23
DA:158,17
DA:160,6
DA:168,27
DA:169,27
DA:170,27
DA:171,27
DA:173,27
DA:174,19
DA:175,14
DA:176,14
DA:180,27
DA:181,24
DA:185,24
DA:186,21
DA:187,21
DA:191,27
DA:192,13
DA:193,12
DA:194,12
DA:198,27
DA:199,13
DA:200,12
DA:201,12
DA:205,27
DA:206,3
DA:207,3
DA:208,3
DA:212,27
DA:221,184
DA:233,52
DA:240,26
DA:250,48
DA:251,48
DA:253,48
DA:254,0
DA:257,48
DA:258,48
DA:265,48
DA:267,48
DA:268,616
DA:271,48
DA:272,650
DA:275,48
DA:276,568
DA:277,7128
DA:278,992
DA:280,6136
DA:289,48
LF:92
LH:91
BRDA:52,0,0,18
BRDA:53,1,0,19
BRDA:72,2,0,1
BRDA:72,2,1,19
BRDA:95,3,0,1
BRDA:95,3,1,0
BRDA:110,4,0,19
BRDA:110,5,0,27
BRDA:110,5,1,19
BRDA:111,6,0,14
BRDA:117,7,0,24
BRDA:117,8,0,27
BRDA:117,8,1,24
BRDA:126,9,0,13
BRDA:126,10,0,27
BRDA:126,10,1,13
BRDA:127,11,0,12
BRDA:133,12,0,13
BRDA:133,13,0,27
BRDA:133,13,1,13
BRDA:134,14,0,12
BRDA:140,15,0,3
BRDA:140,16,0,27
BRDA:140,16,1,3
BRDA:141,17,0,3
BRDA:153,18,0,3
BRDA:153,18,1,24
BRDA:155,19,0,1
BRDA:155,19,1,23
BRDA:157,20,0,17
BRDA:157,20,1,6
BRDA:173,21,0,19
BRDA:173,22,0,27
BRDA:173,22,1,19
BRDA:174,23,0,14
BRDA:180,24,0,24
BRDA:180,25,0,27
BRDA:180,25,1,24
BRDA:185,26,0,21
BRDA:191,27,0,13
BRDA:191,28,0,27
BRDA:191,28,1,13
BRDA:192,29,0,12
BRDA:198,30,0,13
BRDA:198,31,0,27
BRDA:198,31,1,13
BRDA:199,32,0,12
BRDA:205,33,0,3
BRDA:205,34,0,27
BRDA:205,34,1,3
BRDA:206,35,0,3
BRDA:240,36,0,26
BRDA:240,36,1,24
BRDA:240,36,2,24
BRDA:250,37,0,6
BRDA:250,37,1,42
BRDA:251,38,0,6
BRDA:251,38,1,42
BRDA:253,39,0,0
BRDA:277,40,0,992
BRDA:277,40,1,6136
BRF:61
BRH:59
end_of_record
TN:
SF:src\application\use-cases\AddEmergencyContactUseCase.ts
FN:39,(anonymous_0)
FN:45,(anonymous_1)
FN:119,(anonymous_2)
FN:139,(anonymous_3)
FNF:4
FNH:4
FNDA:5,(anonymous_0)
FNDA:5,(anonymous_1)
FNDA:1,(anonymous_2)
FNDA:1,(anonymous_3)
DA:11,1
DA:12,1
DA:38,1
DA:40,5
DA:41,5
DA:42,5
DA:46,5
DA:52,5
DA:53,0
DA:56,5
DA:57,1
DA:60,4
DA:61,1
DA:64,3
DA:65,1
DA:68,2
DA:69,0
DA:73,2
DA:74,2
DA:76,2
DA:77,1
DA:81,1
DA:92,1
DA:95,1
DA:98,1
DA:101,1
DA:103,1
DA:109,1
DA:120,1
DA:121,1
DA:123,1
DA:124,2
DA:127,1
DA:129,0
DA:144,1
LF:35
LH:32
BRDA:52,0,0,0
BRDA:52,1,0,5
BRDA:52,1,1,5
BRDA:56,2,0,1
BRDA:56,3,0,5
BRDA:56,3,1,4
BRDA:60,4,0,1
BRDA:60,5,0,4
BRDA:60,5,1,3
BRDA:64,6,0,1
BRDA:64,7,0,3
BRDA:64,7,1,2
BRDA:68,8,0,0
BRDA:68,9,0,2
BRDA:68,9,1,2
BRDA:76,10,0,1
BRDA:88,11,0,1
BRDA:88,11,1,0
BRDA:131,12,0,0
BRDA:131,12,1,0
BRF:20
BRH:15
end_of_record
TN:
SF:src\application\use-cases\DeactivatePatientUseCase.ts
FN:34,(anonymous_0)
FN:40,(anonymous_1)
FN:148,(anonymous_2)
FN:168,(anonymous_3)
FNF:4
FNH:4
FNDA:5,(anonymous_0)
FNDA:5,(anonymous_1)
FNDA:3,(anonymous_2)
FNDA:3,(anonymous_3)
DA:12,1
DA:33,1
DA:35,5
DA:36,5
DA:37,5
DA:41,5
DA:42,5
DA:49,5
DA:50,5
DA:52,5
DA:53,1
DA:56,1
DA:64,4
DA:65,1
DA:73,3
DA:74,0
DA:82,3
DA:83,0
DA:91,3
DA:94,3
DA:97,3
DA:100,3
DA:102,3
DA:108,3
DA:119,0
DA:120,0
DA:125,0
DA:133,0
DA:137,0
DA:149,3
DA:150,3
DA:152,3
DA:153,5
DA:156,2
DA:158,1
DA:172,3
LF:36
LH:29
BRDA:52,0,0,1
BRDA:64,1,0,1
BRDA:73,2,0,0
BRDA:82,3,0,0
BRDA:119,4,0,0
BRDA:160,5,0,1
BRDA:160,5,1,0
BRF:7
BRH:3
end_of_record
TN:
SF:src\application\use-cases\DeletePatientPhotoUseCase.ts
FN:25,(anonymous_0)
FN:30,(anonymous_1)
FNF:2
FNH:0
FNDA:0,(anonymous_0)
FNDA:0,(anonymous_1)
DA:11,0
DA:24,0
DA:26,0
DA:27,0
DA:32,0
DA:33,0
DA:37,0
DA:38,0
DA:40,0
DA:41,0
DA:45,0
DA:47,0
DA:48,0
DA:55,0
DA:57,0
DA:58,0
DA:59,0
DA:60,0
DA:61,0
DA:65,0
DA:69,0
DA:72,0
DA:74,0
LF:23
LH:0
BRDA:32,0,0,0
BRDA:32,1,0,0
BRDA:32,1,1,0
BRDA:40,2,0,0
BRDA:47,3,0,0
BRDA:59,4,0,0
BRF:6
BRH:0
end_of_record
TN:
SF:src\application\use-cases\GetActiveConsentsUseCase.ts
FN:44,(anonymous_0)
FN:49,(anonymous_1)
FN:87,(anonymous_2)
FN:90,(anonymous_3)
FNF:4
FNH:4
FNDA:6,(anonymous_0)
FNDA:6,(anonymous_1)
FNDA:3,(anonymous_2)
FNDA:1,(anonymous_3)
DA:11,1
DA:43,1
DA:45,6
DA:46,6
DA:50,6
DA:55,6
DA:57,6
DA:58,1
DA:65,5
DA:66,1
DA:74,4
DA:75,4
DA:77,3
DA:78,1
DA:86,2
DA:87,3
DA:90,2
DA:100,2
DA:105,2
DA:115,1
DA:120,1
LF:21
LH:21
BRDA:57,0,0,1
BRDA:57,1,0,6
BRDA:57,1,1,5
BRDA:65,2,0,1
BRDA:65,3,0,5
BRDA:65,3,1,4
BRDA:77,4,0,1
BRDA:117,5,0,1
BRDA:117,5,1,0
BRDA:123,6,0,1
BRDA:123,6,1,0
BRF:11
BRH:9
end_of_record
TN:
SF:src\application\use-cases\GetCommunicationPreferencesUseCase.ts
FN:29,(anonymous_0)
FN:31,(anonymous_1)
FNF:2
FNH:0
FNDA:0,(anonymous_0)
FNDA:0,(anonymous_1)
DA:11,0
DA:28,0
DA:29,0
DA:35,0
DA:36,0
DA:40,0
DA:41,0
DA:43,0
DA:44,0
DA:48,0
DA:50,0
DA:51,0
DA:57,0
LF:13
LH:0
BRDA:35,0,0,0
BRDA:35,1,0,0
BRDA:35,1,1,0
BRDA:43,2,0,0
BRDA:50,3,0,0
BRF:5
BRH:0
end_of_record
TN:
SF:src\application\use-cases\GetConsentDetailsUseCase.ts
FN:48,(anonymous_0)
FN:53,(anonymous_1)
FN:100,(anonymous_2)
FNF:3
FNH:3
FNDA:6,(anonymous_0)
FNDA:6,(anonymous_1)
FNDA:1,(anonymous_2)
DA:11,1
DA:47,1
DA:49,6
DA:50,6
DA:54,6
DA:60,6
DA:62,6
DA:63,1
DA:70,5
DA:71,1
DA:78,4
DA:79,0
DA:87,4
DA:88,4
DA:90,3
DA:91,1
DA:99,2
DA:100,2
DA:102,2
DA:103,1
DA:111,1
DA:128,1
DA:133,1
DA:139,1
DA:145,1
LF:25
LH:24
BRDA:62,0,0,1
BRDA:62,1,0,6
BRDA:62,1,1,5
BRDA:70,2,0,1
BRDA:70,3,0,5
BRDA:70,3,1,4
BRDA:78,4,0,0
BRDA:78,5,0,4
BRDA:78,5,1,4
BRDA:90,6,0,1
BRDA:102,7,0,1
BRDA:142,8,0,1
BRDA:142,8,1,0
BRDA:148,9,0,1
BRDA:148,9,1,0
BRF:15
BRH:12
end_of_record
TN:
SF:src\application\use-cases\GetConsentsUseCase.ts
FN:48,(anonymous_0)
FN:53,(anonymous_1)
FN:93,(anonymous_2)
FNF:3
FNH:3
FNDA:7,(anonymous_0)
FNDA:7,(anonymous_1)
FNDA:3,(anonymous_2)
DA:11,1
DA:47,1
DA:49,7
DA:50,7
DA:54,7
DA:59,7
DA:61,7
DA:62,1
DA:69,6
DA:70,1
DA:78,5
DA:79,5
DA:81,4
DA:82,1
DA:90,3
DA:93,3
DA:107,3
DA:112,3
DA:122,1
DA:127,1
LF:20
LH:20
BRDA:61,0,0,1
BRDA:61,1,0,7
BRDA:61,1,1,6
BRDA:69,2,0,1
BRDA:69,3,0,6
BRDA:69,3,1,5
BRDA:81,4,0,1
BRDA:124,5,0,1
BRDA:124,5,1,0
BRDA:130,6,0,1
BRDA:130,6,1,0
BRF:11
BRH:9
end_of_record
TN:
SF:src\application\use-cases\GetEmergencyContactsUseCase.ts
FN:48,(anonymous_0)
FN:53,(anonymous_1)
FN:93,(anonymous_2)
FNF:3
FNH:3
FNDA:5,(anonymous_0)
FNDA:5,(anonymous_1)
FNDA:2,(anonymous_2)
DA:11,1
DA:47,1
DA:49,5
DA:50,5
DA:54,5
DA:59,5
DA:61,5
DA:62,1
DA:69,4
DA:70,0
DA:78,4
DA:79,4
DA:81,3
DA:82,1
DA:90,2
DA:93,2
DA:107,2
DA:112,2
DA:123,1
DA:128,1
LF:20
LH:19
BRDA:61,0,0,1
BRDA:61,1,0,5
BRDA:61,1,1,4
BRDA:69,2,0,0
BRDA:69,3,0,4
BRDA:69,3,1,4
BRDA:81,4,0,1
BRDA:125,5,0,1
BRDA:125,5,1,0
BRDA:131,6,0,1
BRDA:131,6,1,0
BRF:11
BRH:8
end_of_record
TN:
SF:src\application\use-cases\GetInsuranceInfoUseCase.ts
FN:40,(anonymous_0)
FN:45,(anonymous_1)
FNF:2
FNH:2
FNDA:6,(anonymous_0)
FNDA:6,(anonymous_1)
DA:11,1
DA:39,1
DA:41,6
DA:42,6
DA:46,6
DA:51,6
DA:52,6
DA:53,1
DA:60,5
DA:61,5
DA:63,4
DA:64,1
DA:71,3
DA:73,3
DA:74,1
DA:81,2
DA:94,2
DA:100,1
DA:105,1
LF:19
LH:19
BRDA:52,0,0,1
BRDA:52,1,0,6
BRDA:52,1,1,5
BRDA:63,2,0,1
BRDA:73,3,0,1
BRDA:102,4,0,1
BRDA:102,4,1,0
BRDA:108,5,0,1
BRDA:108,5,1,0
BRF:9
BRH:7
end_of_record
TN:
SF:src\application\use-cases\GetPatientHistoryUseCase.ts
FN:54,(anonymous_0)
FN:59,(anonymous_1)
FNF:2
FNH:2
FNDA:6,(anonymous_0)
FNDA:6,(anonymous_1)
DA:12,1
DA:53,1
DA:55,6
DA:56,6
DA:60,6
DA:61,6
DA:69,6
DA:72,6
DA:73,6
DA:74,1
DA:82,5
DA:90,5
DA:92,4
DA:98,4
DA:113,1
DA:119,1
LF:16
LH:16
BRDA:73,0,0,1
BRDA:83,1,0,5
BRDA:83,1,1,4
BRDA:84,2,0,5
BRDA:84,2,1,4
BRDA:85,3,0,1
BRDA:85,3,1,4
BRDA:86,4,0,1
BRDA:86,4,1,4
BRDA:115,5,0,1
BRDA:115,5,1,0
BRDA:116,6,0,1
BRDA:116,6,1,0
BRDA:122,7,0,1
BRDA:122,7,1,0
BRF:15
BRH:12
end_of_record
TN:
SF:src\application\use-cases\GetPatientPhotoUseCase.ts
FN:23,(anonymous_0)
FN:25,(anonymous_1)
FNF:2
FNH:0
FNDA:0,(anonymous_0)
FNDA:0,(anonymous_1)
DA:11,0
DA:22,0
DA:23,0
DA:27,0
DA:28,0
DA:32,0
DA:33,0
DA:35,0
DA:36,0
DA:40,0
DA:42,0
LF:11
LH:0
BRDA:27,0,0,0
BRDA:27,1,0,0
BRDA:27,1,1,0
BRDA:35,2,0,0
BRDA:43,3,0,0
BRDA:43,3,1,0
BRF:6
BRH:0
end_of_record
TN:
SF:src\application\use-cases\GetPatientProfileUseCase.ts
FN:104,(anonymous_0)
FN:109,(anonymous_1)
FN:213,(anonymous_2)
FN:223,(anonymous_3)
FN:233,(anonymous_4)
FN:277,(anonymous_5)
FNF:6
FNH:3
FNDA:4,(anonymous_0)
FNDA:4,(anonymous_1)
FNDA:0,(anonymous_2)
FNDA:0,(anonymous_3)
FNDA:0,(anonymous_4)
FNDA:2,(anonymous_5)
DA:12,1
DA:103,1
DA:105,4
DA:106,4
DA:110,4
DA:111,4
DA:118,4
DA:120,4
DA:121,3
DA:122,3
DA:123,1
DA:124,0
DA:125,1
DA:126,0
DA:127,1
DA:128,0
DA:130,1
DA:137,3
DA:138,1
DA:142,1
DA:150,2
DA:153,2
DA:154,2
DA:155,2
DA:156,2
DA:157,2
DA:158,2
DA:159,2
DA:161,2
DA:166,2
DA:213,0
DA:223,0
DA:233,0
DA:246,0
DA:247,0
DA:253,0
DA:261,0
DA:266,0
DA:281,2
LF:39
LH:28
BRDA:120,0,0,3
BRDA:120,0,1,1
BRDA:123,1,0,0
BRDA:123,1,1,1
BRDA:125,2,0,0
BRDA:125,2,1,1
BRDA:127,3,0,0
BRDA:127,3,1,1
BRDA:137,4,0,1
BRDA:170,5,0,2
BRDA:170,5,1,0
BRDA:201,6,0,0
BRDA:201,6,1,2
BRDA:246,7,0,0
BRF:14
BRH:8
end_of_record
TN:
SF:src\application\use-cases\GetPatientStatisticsUseCase.ts
FN:45,(anonymous_0)
FN:49,(anonymous_1)
FNF:2
FNH:0
FNDA:0,(anonymous_0)
FNDA:0,(anonymous_1)
DA:44,0
DA:46,0
DA:51,0
DA:53,0
LF:4
LH:0
BRF:0
BRH:0
end_of_record
TN:
SF:src\application\use-cases\GrantConsentUseCase.ts
FN:33,(anonymous_0)
FN:35,(anonymous_1)
FNF:2
FNH:2
FNDA:2,(anonymous_0)
FNDA:2,(anonymous_1)
DA:11,1
DA:12,1
DA:32,1
DA:33,2
DA:37,2
DA:38,0
DA:41,2
DA:42,0
DA:45,2
DA:46,0
DA:49,2
DA:50,0
DA:54,2
DA:55,2
DA:57,2
DA:58,1
DA:62,1
DA:71,1
DA:74,1
DA:76,1
LF:20
LH:16
BRDA:37,0,0,0
BRDA:37,1,0,2
BRDA:37,1,1,2
BRDA:41,2,0,0
BRDA:41,3,0,2
BRDA:41,3,1,2
BRDA:45,4,0,0
BRDA:45,5,0,2
BRDA:45,5,1,2
BRDA:49,6,0,0
BRDA:49,7,0,2
BRDA:49,7,1,2
BRDA:57,8,0,1
BRF:13
BRH:9
end_of_record
TN:
SF:src\application\use-cases\LinkPatientsUseCase.ts
FN:34,(anonymous_0)
FN:38,(anonymous_1)
FNF:2
FNH:2
FNDA:2,(anonymous_0)
FNDA:2,(anonymous_1)
DA:12,1
DA:33,1
DA:35,2
DA:39,2
DA:41,2
DA:42,1
DA:50,1
DA:51,1
DA:53,1
DA:54,0
DA:62,1
DA:63,1
DA:65,1
DA:66,0
DA:74,1
DA:75,0
DA:82,1
DA:83,0
DA:91,1
DA:94,1
DA:97,1
DA:110,0
DA:111,0
DA:119,0
LF:24
LH:17
BRDA:41,0,0,1
BRDA:53,1,0,0
BRDA:65,2,0,0
BRDA:74,3,0,0
BRDA:82,4,0,0
BRDA:110,5,0,0
BRF:6
BRH:1
end_of_record
TN:
SF:src\application\use-cases\MarkAsDeceasedUseCase.ts
FN:27,(anonymous_0)
FN:29,(anonymous_1)
FNF:2
FNH:2
FNDA:2,(anonymous_0)
FNDA:2,(anonymous_1)
DA:11,1
DA:26,1
DA:27,2
DA:31,2
DA:32,0
DA:35,2
DA:36,0
DA:40,2
DA:41,2
DA:43,2
DA:44,1
DA:48,1
DA:51,1
DA:53,1
LF:14
LH:12
BRDA:31,0,0,0
BRDA:31,1,0,2
BRDA:31,1,1,2
BRDA:35,2,0,0
BRDA:35,3,0,2
BRDA:35,3,1,2
BRDA:43,4,0,1
BRF:7
BRH:5
end_of_record
TN:
SF:src\application\use-cases\MatchPatientsUseCase.ts
FN:56,(anonymous_0)
FN:62,(anonymous_1)
FN:91,(anonymous_2)
FNF:3
FNH:3
FNDA:7,(anonymous_0)
FNDA:7,(anonymous_1)
FNDA:4,(anonymous_2)
DA:55,1
DA:57,7
DA:58,7
DA:59,7
DA:63,7
DA:65,7
DA:66,1
DA:74,6
DA:75,6
DA:78,6
DA:91,5
DA:92,4
DA:93,4
DA:94,4
DA:97,4
DA:98,4
DA:99,4
DA:100,4
DA:101,2
DA:103,4
DA:104,1
DA:106,4
DA:107,3
DA:109,4
DA:110,1
DA:112,4
DA:113,0
DA:116,4
DA:136,5
DA:147,1
DA:148,1
DA:149,1
DA:157,0
LF:33
LH:31
BRDA:65,0,0,1
BRDA:65,1,0,7
BRDA:65,1,1,3
BRDA:65,1,2,2
BRDA:74,2,0,6
BRDA:74,2,1,5
BRDA:75,3,0,6
BRDA:75,3,1,6
BRDA:81,4,0,2
BRDA:81,4,1,4
BRDA:100,5,0,2
BRDA:100,6,0,4
BRDA:100,6,1,2
BRDA:103,7,0,1
BRDA:103,8,0,4
BRDA:103,8,1,1
BRDA:106,9,0,3
BRDA:106,10,0,4
BRDA:106,10,1,3
BRDA:109,11,0,1
BRDA:109,12,0,4
BRDA:109,12,1,1
BRDA:112,13,0,0
BRDA:112,14,0,4
BRDA:112,14,1,0
BRDA:118,15,0,4
BRDA:118,15,1,0
BRDA:147,16,0,1
BRF:28
BRH:25
end_of_record
TN:
SF:src\application\use-cases\MergePatientsUseCase.ts
FN:33,(anonymous_0)
FN:37,(anonymous_1)
FNF:2
FNH:2
FNDA:7,(anonymous_0)
FNDA:7,(anonymous_1)
DA:12,1
DA:32,1
DA:34,7
DA:38,7
DA:40,7
DA:41,1
DA:49,6
DA:50,6
DA:52,6
DA:53,1
DA:61,5
DA:62,5
DA:64,5
DA:65,1
DA:73,4
DA:74,1
DA:82,3
DA:83,1
DA:91,2
DA:92,0
DA:99,2
DA:100,0
DA:108,2
DA:111,2
DA:114,1
DA:126,1
DA:127,1
DA:135,0
LF:28
LH:25
BRDA:40,0,0,1
BRDA:52,1,0,1
BRDA:64,2,0,1
BRDA:73,3,0,1
BRDA:82,4,0,1
BRDA:91,5,0,0
BRDA:99,6,0,0
BRDA:126,7,0,1
BRF:8
BRH:6
end_of_record
TN:
SF:src\application\use-cases\ReactivatePatientUseCase.ts
FN:28,(anonymous_0)
FN:30,(anonymous_1)
FNF:2
FNH:2
FNDA:3,(anonymous_0)
FNDA:3,(anonymous_1)
DA:11,1
DA:27,1
DA:28,3
DA:32,3
DA:33,0
DA:36,3
DA:37,0
DA:40,3
DA:41,0
DA:45,3
DA:46,3
DA:48,3
DA:49,1
DA:53,2
DA:56,1
DA:58,1
LF:16
LH:13
BRDA:32,0,0,0
BRDA:32,1,0,3
BRDA:32,1,1,3
BRDA:36,2,0,0
BRDA:36,3,0,3
BRDA:36,3,1,3
BRDA:40,4,0,0
BRDA:40,5,0,3
BRDA:40,5,1,3
BRDA:48,6,0,1
BRF:10
BRH:7
end_of_record
TN:
SF:src\application\use-cases\RegisterPatientUseCase.ts
FN:83,(anonymous_0)
FN:89,(anonymous_1)
FN:183,(anonymous_2)
FN:259,(anonymous_3)
FN:279,(anonymous_4)
FNF:5
FNH:5
FNDA:10,(anonymous_0)
FNDA:10,(anonymous_1)
FNDA:1,(anonymous_2)
FNDA:6,(anonymous_3)
FNDA:6,(anonymous_4)
DA:12,1
DA:13,1
DA:14,1
DA:15,1
DA:16,1
DA:17,1
DA:82,1
DA:84,10
DA:85,10
DA:86,10
DA:90,10
DA:91,10
DA:99,10
DA:100,9
DA:101,1
DA:104,1
DA:112,8
DA:115,8
DA:116,1
DA:124,7
DA:125,1
DA:128,1
DA:129,0
DA:138,7
DA:149,7
DA:157,7
DA:167,7
DA:168,1
DA:183,7
DA:184,1
DA:196,7
DA:207,7
DA:210,6
DA:213,6
DA:215,6
DA:222,6
DA:230,2
DA:231,2
DA:236,2
DA:244,0
DA:248,0
DA:260,6
DA:261,6
DA:263,6
DA:264,6
DA:267,5
DA:269,1
DA:283,6
LF:48
LH:45
BRDA:100,0,0,1
BRDA:115,1,0,1
BRDA:124,2,0,1
BRDA:128,3,0,0
BRDA:157,4,0,1
BRDA:157,4,1,6
BRDA:160,5,0,1
BRDA:160,5,1,0
BRDA:167,6,0,1
BRDA:224,7,0,6
BRDA:224,7,1,0
BRDA:230,8,0,2
BRDA:271,9,0,1
BRDA:271,9,1,0
BRF:14
BRH:10
end_of_record
TN:
SF:src\application\use-cases\RemoveEmergencyContactUseCase.ts
FN:32,(anonymous_0)
FN:38,(anonymous_1)
FN:85,(anonymous_2)
FN:133,(anonymous_3)
FNF:4
FNH:4
FNDA:6,(anonymous_0)
FNDA:6,(anonymous_1)
FNDA:1,(anonymous_2)
FNDA:1,(anonymous_3)
DA:12,1
DA:31,1
DA:33,6
DA:34,6
DA:35,6
DA:39,6
DA:45,6
DA:47,6
DA:48,1
DA:55,5
DA:56,1
DA:63,4
DA:64,0
DA:72,4
DA:73,4
DA:75,3
DA:76,1
DA:84,2
DA:85,2
DA:87,2
DA:88,1
DA:96,1
DA:99,1
DA:102,1
DA:104,1
DA:110,1
DA:116,1
DA:122,1
DA:134,1
DA:135,1
DA:137,1
DA:138,3
DA:141,1
DA:143,0
LF:34
LH:32
BRDA:47,0,0,1
BRDA:47,1,0,6
BRDA:47,1,1,5
BRDA:55,2,0,1
BRDA:55,3,0,5
BRDA:55,3,1,4
BRDA:63,4,0,0
BRDA:63,5,0,4
BRDA:63,5,1,4
BRDA:75,6,0,1
BRDA:87,7,0,1
BRDA:119,8,0,1
BRDA:119,8,1,0
BRDA:125,9,0,1
BRDA:125,9,1,0
BRDA:145,10,0,0
BRDA:145,10,1,0
BRF:17
BRH:12
end_of_record
TN:
SF:src\application\use-cases\RevokeConsentUseCase.ts
FN:31,(anonymous_0)
FN:37,(anonymous_1)
FN:84,(anonymous_2)
FN:136,(anonymous_3)
FNF:4
FNH:4
FNDA:7,(anonymous_0)
FNDA:7,(anonymous_1)
FNDA:2,(anonymous_2)
FNDA:1,(anonymous_3)
DA:11,1
DA:30,1
DA:32,7
DA:33,7
DA:34,7
DA:38,7
DA:44,7
DA:46,7
DA:47,1
DA:54,6
DA:55,1
DA:62,5
DA:63,0
DA:71,5
DA:72,5
DA:74,4
DA:75,1
DA:83,3
DA:84,3
DA:86,3
DA:87,1
DA:95,2
DA:96,1
DA:104,1
DA:107,1
DA:110,1
DA:112,1
DA:117,1
DA:122,1
DA:128,1
DA:137,1
DA:138,1
DA:139,1
DA:140,0
DA:142,1
DA:144,0
LF:36
LH:33
BRDA:46,0,0,1
BRDA:46,1,0,7
BRDA:46,1,1,6
BRDA:54,2,0,1
BRDA:54,3,0,6
BRDA:54,3,1,5
BRDA:62,4,0,0
BRDA:62,5,0,5
BRDA:62,5,1,5
BRDA:74,6,0,1
BRDA:86,7,0,1
BRDA:95,8,0,1
BRDA:125,9,0,1
BRDA:125,9,1,0
BRDA:131,10,0,1
BRDA:131,10,1,0
BRDA:145,11,0,0
BRDA:145,11,1,0
BRF:18
BRH:13
end_of_record
TN:
SF:src\application\use-cases\SearchPatientsUseCase.ts
FN:65,(anonymous_0)
FN:69,(anonymous_1)
FN:101,(anonymous_2)
FN:107,(anonymous_3)
FN:113,(anonymous_4)
FN:119,(anonymous_5)
FN:128,(anonymous_6)
FN:163,(anonymous_7)
FNF:8
FNH:3
FNDA:5,(anonymous_0)
FNDA:5,(anonymous_1)
FNDA:0,(anonymous_2)
FNDA:0,(anonymous_3)
FNDA:0,(anonymous_4)
FNDA:0,(anonymous_5)
FNDA:0,(anonymous_6)
FNDA:11,(anonymous_7)
DA:64,1
DA:66,5
DA:70,5
DA:72,5
DA:73,1
DA:81,4
DA:82,4
DA:85,4
DA:98,3
DA:100,3
DA:101,0
DA:102,0
DA:106,3
DA:107,0
DA:108,0
DA:112,3
DA:113,0
DA:114,0
DA:118,3
DA:119,0
DA:120,0
DA:121,0
DA:126,3
DA:127,0
DA:128,0
DA:132,0
DA:134,0
DA:135,0
DA:136,0
DA:138,0
DA:139,0
DA:140,0
DA:142,0
DA:143,0
DA:144,0
DA:146,0
DA:147,0
DA:148,0
DA:150,0
DA:151,0
DA:154,0
DA:155,0
DA:157,0
DA:163,3
DA:164,11
DA:165,11
DA:166,11
DA:168,11
DA:188,3
DA:189,3
DA:191,3
DA:207,1
DA:208,1
DA:216,0
LF:54
LH:24
BRDA:72,0,0,1
BRDA:72,1,0,5
BRDA:72,1,1,5
BRDA:81,2,0,4
BRDA:81,2,1,3
BRDA:82,3,0,4
BRDA:82,3,1,3
BRDA:100,4,0,0
BRDA:106,5,0,0
BRDA:112,6,0,0
BRDA:114,7,0,0
BRDA:114,7,1,0
BRDA:118,8,0,0
BRDA:126,9,0,0
BRDA:132,10,0,0
BRDA:132,10,1,0
BRDA:132,10,2,0
BRDA:132,10,3,0
BRDA:132,10,4,0
BRDA:154,11,0,0
BRDA:154,11,1,0
BRDA:155,12,0,0
BRDA:155,12,1,0
BRDA:157,13,0,0
BRDA:157,13,1,0
BRDA:169,14,0,11
BRDA:169,14,1,0
BRDA:207,15,0,1
BRF:28
BRH:9
end_of_record
TN:
SF:src\application\use-cases\SetPrimaryEmergencyContactUseCase.ts
FN:32,(anonymous_0)
FN:38,(anonymous_1)
FN:85,(anonymous_2)
FN:96,(anonymous_3)
FN:140,(anonymous_4)
FNF:5
FNH:5
FNDA:6,(anonymous_0)
FNDA:6,(anonymous_1)
FNDA:2,(anonymous_2)
FNDA:2,(anonymous_3)
FNDA:1,(anonymous_4)
DA:12,1
DA:31,1
DA:33,6
DA:34,6
DA:35,6
DA:39,6
DA:45,6
DA:47,6
DA:48,1
DA:55,5
DA:56,1
DA:63,4
DA:64,0
DA:72,4
DA:73,4
DA:75,3
DA:76,1
DA:84,2
DA:85,2
DA:87,2
DA:88,1
DA:96,1
DA:97,2
DA:98,1
DA:103,1
DA:106,1
DA:109,1
DA:111,1
DA:117,1
DA:123,1
DA:129,1
DA:141,1
DA:142,1
DA:144,1
DA:145,3
DA:148,1
DA:150,0
LF:37
LH:35
BRDA:47,0,0,1
BRDA:47,1,0,6
BRDA:47,1,1,5
BRDA:55,2,0,1
BRDA:55,3,0,5
BRDA:55,3,1,4
BRDA:63,4,0,0
BRDA:63,5,0,4
BRDA:63,5,1,4
BRDA:75,6,0,1
BRDA:87,7,0,1
BRDA:97,8,0,1
BRDA:126,9,0,1
BRDA:126,9,1,0
BRDA:132,10,0,1
BRDA:132,10,1,0
BRDA:152,11,0,0
BRDA:152,11,1,0
BRF:18
BRH:13
end_of_record
TN:
SF:src\application\use-cases\UpdateCommunicationPreferencesUseCase.ts
FN:35,(anonymous_0)
FN:37,(anonymous_1)
FNF:2
FNH:0
FNDA:0,(anonymous_0)
FNDA:0,(anonymous_1)
DA:11,0
DA:12,0
DA:34,0
DA:35,0
DA:41,0
DA:42,0
DA:46,0
DA:47,0
DA:49,0
DA:50,0
DA:54,0
DA:62,0
DA:65,0
DA:67,0
LF:14
LH:0
BRDA:41,0,0,0
BRDA:41,1,0,0
BRDA:41,1,1,0
BRDA:49,2,0,0
BRF:4
BRH:0
end_of_record
TN:
SF:src\application\use-cases\UpdateEmergencyContactUseCase.ts
FN:39,(anonymous_0)
FN:45,(anonymous_1)
FN:92,(anonymous_2)
FN:152,(anonymous_3)
FNF:4
FNH:4
FNDA:6,(anonymous_0)
FNDA:6,(anonymous_1)
FNDA:1,(anonymous_2)
FNDA:1,(anonymous_3)
DA:12,1
DA:38,1
DA:40,6
DA:41,6
DA:42,6
DA:46,6
DA:52,6
DA:54,6
DA:55,1
DA:62,5
DA:63,1
DA:70,4
DA:71,0
DA:79,4
DA:80,4
DA:82,3
DA:83,1
DA:91,2
DA:92,2
DA:94,2
DA:95,1
DA:103,1
DA:112,1
DA:113,1
DA:117,1
DA:120,1
DA:122,1
DA:128,1
DA:135,1
DA:141,1
DA:153,1
DA:154,1
DA:156,1
DA:157,2
DA:160,1
DA:162,0
LF:36
LH:34
BRDA:54,0,0,1
BRDA:54,1,0,6
BRDA:54,1,1,5
BRDA:62,2,0,1
BRDA:62,3,0,5
BRDA:62,3,1,4
BRDA:70,4,0,0
BRDA:70,5,0,4
BRDA:70,5,1,4
BRDA:82,6,0,1
BRDA:94,7,0,1
BRDA:112,8,0,1
BRDA:138,9,0,1
BRDA:138,9,1,0
BRDA:144,10,0,1
BRDA:144,10,1,0
BRDA:164,11,0,0
BRDA:164,11,1,0
BRF:18
BRH:13
end_of_record
TN:
SF:src\application\use-cases\UpdateInsuranceInfoUseCase.ts
FN:37,(anonymous_0)
FN:43,(anonymous_1)
FN:127,(anonymous_2)
FNF:3
FNH:3
FNDA:8,(anonymous_0)
FNDA:8,(anonymous_1)
FNDA:4,(anonymous_2)
DA:11,1
DA:36,1
DA:38,8
DA:39,8
DA:40,8
DA:44,8
DA:49,8
DA:50,8
DA:51,1
DA:58,7
DA:59,7
DA:61,6
DA:62,1
DA:69,5
DA:71,5
DA:72,1
DA:80,4
DA:81,1
DA:82,0
DA:84,1
DA:88,4
DA:89,0
DA:90,0
DA:92,0
DA:100,4
DA:103,4
DA:105,4
DA:109,4
DA:114,1
DA:119,1
DA:128,4
DA:129,4
DA:130,4
DA:131,1
DA:133,4
DA:135,0
LF:36
LH:31
BRDA:50,0,0,1
BRDA:50,1,0,8
BRDA:50,1,1,7
BRDA:61,2,0,1
BRDA:71,3,0,1
BRDA:80,4,0,1
BRDA:81,5,0,0
BRDA:81,5,1,1
BRDA:88,6,0,0
BRDA:89,7,0,0
BRDA:89,7,1,0
BRDA:116,8,0,1
BRDA:116,8,1,0
BRDA:122,9,0,1
BRDA:122,9,1,0
BRDA:136,10,0,0
BRDA:136,10,1,0
BRF:17
BRH:9
end_of_record
TN:
SF:src\application\use-cases\UpdatePatientInfoUseCase.ts
FN:73,(anonymous_0)
FN:79,(anonymous_1)
FN:230,(anonymous_2)
FN:250,(anonymous_3)
FNF:4
FNH:4
FNDA:7,(anonymous_0)
FNDA:7,(anonymous_1)
FNDA:4,(anonymous_2)
FNDA:4,(anonymous_3)
DA:12,1
DA:13,1
DA:14,1
DA:15,1
DA:16,1
DA:72,1
DA:74,7
DA:75,7
DA:76,7
DA:80,7
DA:81,7
DA:87,7
DA:88,7
DA:90,7
DA:91,1
DA:94,1
DA:102,6
DA:103,1
DA:106,1
DA:114,5
DA:117,5
DA:118,3
DA:119,3
DA:130,3
DA:134,5
DA:135,2
DA:136,2
DA:144,2
DA:148,5
DA:149,0
DA:150,0
DA:156,0
DA:160,5
DA:161,0
DA:162,0
DA:175,0
DA:179,5
DA:182,4
DA:185,4
DA:187,4
DA:194,4
DA:201,1
DA:202,1
DA:207,1
DA:215,0
DA:219,0
DA:231,4
DA:232,4
DA:234,4
DA:235,7
DA:238,3
DA:240,1
DA:255,4
LF:53
LH:45
BRDA:90,0,0,1
BRDA:102,1,0,1
BRDA:117,2,0,3
BRDA:134,3,0,2
BRDA:148,4,0,0
BRDA:152,5,0,0
BRDA:152,5,1,0
BRDA:160,6,0,0
BRDA:201,7,0,1
BRDA:242,8,0,1
BRDA:242,8,1,0
BRF:11
BRH:6
end_of_record
TN:
SF:src\application\use-cases\UploadPatientPhotoUseCase.ts
FN:28,(anonymous_0)
FN:33,(anonymous_1)
FNF:2
FNH:0
FNDA:0,(anonymous_0)
FNDA:0,(anonymous_1)
DA:11,0
DA:27,0
DA:29,0
DA:30,0
DA:35,0
DA:36,0
DA:39,0
DA:40,0
DA:43,0
DA:44,0
DA:48,0
DA:49,0
DA:50,0
DA:54,0
DA:55,0
DA:56,0
DA:60,0
DA:61,0
DA:63,0
DA:64,0
DA:68,0
DA:69,0
DA:70,0
DA:72,0
DA:73,0
DA:74,0
DA:75,0
DA:76,0
DA:80,0
DA:85,0
DA:93,0
DA:96,0
DA:98,0
LF:33
LH:0
BRDA:35,0,0,0
BRDA:35,1,0,0
BRDA:35,1,1,0
BRDA:39,2,0,0
BRDA:39,3,0,0
BRDA:39,3,1,0
BRDA:43,4,0,0
BRDA:43,5,0,0
BRDA:43,5,1,0
BRDA:49,6,0,0
BRDA:55,7,0,0
BRDA:63,8,0,0
BRDA:69,9,0,0
BRDA:74,10,0,0
BRF:14
BRH:0
end_of_record
TN:
SF:src\application\use-cases\ValidateInsuranceUseCase.ts
FN:48,(anonymous_0)
FN:54,(anonymous_1)
FN:206,(anonymous_2)
FNF:3
FNH:3
FNDA:8,(anonymous_0)
FNDA:8,(anonymous_1)
FNDA:5,(anonymous_2)
DA:12,1
DA:47,1
DA:49,8
DA:50,8
DA:51,8
DA:55,8
DA:56,8
DA:62,8
DA:63,8
DA:65,8
DA:66,1
DA:69,1
DA:77,7
DA:79,7
DA:80,1
DA:95,6
DA:96,6
DA:99,6
DA:107,5
DA:108,5
DA:109,5
DA:112,5
DA:113,5
DA:116,5
DA:117,0
DA:118,0
DA:122,5
DA:123,1
DA:124,1
DA:128,5
DA:129,1
DA:130,1
DA:131,4
DA:132,1
DA:136,5
DA:137,2
DA:141,5
DA:143,5
DA:150,5
DA:177,1
DA:178,1
DA:183,1
DA:191,0
DA:195,0
DA:211,5
LF:45
LH:41
BRDA:65,0,0,1
BRDA:79,1,0,1
BRDA:116,2,0,0
BRDA:122,3,0,1
BRDA:128,4,0,1
BRDA:128,4,1,4
BRDA:131,5,0,1
BRDA:136,6,0,2
BRDA:152,7,0,3
BRDA:152,7,1,2
BRDA:166,8,0,4
BRDA:166,8,1,1
BRDA:177,9,0,1
BRDA:215,10,0,3
BRDA:215,10,1,2
BRF:15
BRH:14
end_of_record
TN:
SF:src\application\use-cases\VerifyInsuranceUseCase.ts
FN:35,(anonymous_0)
FN:40,(anonymous_1)
FNF:2
FNH:2
FNDA:9,(anonymous_0)
FNDA:9,(anonymous_1)
DA:11,1
DA:34,1
DA:36,9
DA:37,9
DA:41,9
DA:46,9
DA:47,9
DA:48,1
DA:55,8
DA:56,8
DA:58,7
DA:59,1
DA:66,6
DA:68,6
DA:69,1
DA:77,5
DA:78,5
DA:84,5
DA:85,1
DA:86,4
DA:87,1
DA:88,3
DA:89,3
DA:91,0
DA:97,5
DA:102,5
DA:116,1
DA:121,1
LF:28
LH:27
BRDA:47,0,0,1
BRDA:47,1,0,9
BRDA:47,1,1,8
BRDA:58,2,0,1
BRDA:68,3,0,1
BRDA:78,4,0,5
BRDA:78,4,1,4
BRDA:78,4,2,4
BRDA:84,5,0,1
BRDA:84,5,1,4
BRDA:86,6,0,1
BRDA:86,6,1,3
BRDA:88,7,0,3
BRDA:88,7,1,0
BRDA:118,8,0,1
BRDA:118,8,1,0
BRDA:124,9,0,1
BRDA:124,9,1,0
BRF:18
BRH:15
end_of_record
TN:
SF:src\domain\aggregates\Patient.ts
FN:73,(anonymous_0)
FN:80,(anonymous_1)
FN:125,(anonymous_2)
FN:134,(anonymous_3)
FN:148,(anonymous_4)
FN:162,(anonymous_5)
FN:176,(anonymous_6)
FN:190,(anonymous_7)
FN:204,(anonymous_8)
FN:208,(anonymous_9)
FN:220,(anonymous_10)
FN:239,(anonymous_11)
FN:273,(anonymous_12)
FN:280,(anonymous_13)
FN:304,(anonymous_14)
FN:328,(anonymous_15)
FN:344,(anonymous_16)
FN:359,(anonymous_17)
FN:363,(anonymous_18)
FN:367,(anonymous_19)
FN:371,(anonymous_20)
FN:375,(anonymous_21)
FN:379,(anonymous_22)
FN:383,(anonymous_23)
FN:387,(anonymous_24)
FN:391,(anonymous_25)
FN:395,(anonymous_26)
FN:399,(anonymous_27)
FN:403,(anonymous_28)
FN:407,(anonymous_29)
FN:422,(anonymous_30)
FN:430,(anonymous_31)
FN:440,(anonymous_32)
FN:448,(anonymous_33)
FN:452,(anonymous_34)
FN:456,(anonymous_35)
FN:460,(anonymous_36)
FN:464,(anonymous_37)
FN:468,(anonymous_38)
FN:472,(anonymous_39)
FN:476,(anonymous_40)
FN:477,(anonymous_41)
FN:480,(anonymous_42)
FN:486,(anonymous_43)
FN:504,(anonymous_44)
FN:515,(anonymous_45)
FN:538,(anonymous_46)
FN:557,(anonymous_47)
FN:566,(anonymous_48)
FN:588,(anonymous_49)
FNF:50
FNH:42
FNDA:289,(anonymous_0)
FNDA:270,(anonymous_1)
FNDA:19,(anonymous_2)
FNDA:8,(anonymous_3)
FNDA:5,(anonymous_4)
FNDA:3,(anonymous_5)
FNDA:3,(anonymous_6)
FNDA:8,(anonymous_7)
FNDA:4,(anonymous_8)
FNDA:3,(anonymous_9)
FNDA:5,(anonymous_10)
FNDA:13,(anonymous_11)
FNDA:8,(anonymous_12)
FNDA:1,(anonymous_13)
FNDA:15,(anonymous_14)
FNDA:10,(anonymous_15)
FNDA:4,(anonymous_16)
FNDA:131,(anonymous_17)
FNDA:33,(anonymous_18)
FNDA:18,(anonymous_19)
FNDA:79,(anonymous_20)
FNDA:77,(anonymous_21)
FNDA:5,(anonymous_22)
FNDA:23,(anonymous_23)
FNDA:16,(anonymous_24)
FNDA:2,(anonymous_25)
FNDA:23,(anonymous_26)
FNDA:2,(anonymous_27)
FNDA:3,(anonymous_28)
FNDA:102,(anonymous_29)
FNDA:0,(anonymous_30)
FNDA:0,(anonymous_31)
FNDA:0,(anonymous_32)
FNDA:15,(anonymous_33)
FNDA:5,(anonymous_34)
FNDA:8,(anonymous_35)
FNDA:7,(anonymous_36)
FNDA:2,(anonymous_37)
FNDA:15,(anonymous_38)
FNDA:2,(anonymous_39)
FNDA:2,(anonymous_40)
FNDA:1,(anonymous_41)
FNDA:2,(anonymous_42)
FNDA:0,(anonymous_43)
FNDA:37,(anonymous_44)
FNDA:0,(anonymous_45)
FNDA:0,(anonymous_46)
FNDA:0,(anonymous_47)
FNDA:1,(anonymous_48)
FNDA:0,(anonymous_49)
DA:12,22
DA:14,22
DA:18,22
DA:19,22
DA:24,22
DA:25,22
DA:26,22
DA:27,22
DA:28,22
DA:29,22
DA:72,22
DA:74,289
DA:89,270
DA:90,270
DA:92,270
DA:110,270
DA:119,270
DA:126,19
DA:135,8
DA:137,7
DA:138,7
DA:139,7
DA:141,7
DA:142,7
DA:149,5
DA:151,4
DA:152,4
DA:153,4
DA:155,4
DA:156,4
DA:163,3
DA:165,2
DA:166,2
DA:167,2
DA:169,2
DA:170,2
DA:177,3
DA:179,3
DA:180,3
DA:181,3
DA:183,3
DA:184,3
DA:191,8
DA:193,8
DA:194,8
DA:195,8
DA:197,8
DA:198,8
DA:205,4
DA:207,4
DA:208,3
DA:210,4
DA:211,4
DA:213,4
DA:214,4
DA:221,5
DA:223,5
DA:224,5
DA:225,5
DA:227,5
DA:228,5
DA:240,13
DA:241,1
DA:244,12
DA:245,1
DA:248,11
DA:249,1
DA:252,10
DA:253,10
DA:254,10
DA:255,10
DA:258,10
DA:259,10
DA:261,10
DA:262,10
DA:274,8
DA:275,1
DA:279,7
DA:280,1
DA:283,7
DA:284,1
DA:287,6
DA:288,6
DA:289,6
DA:290,6
DA:292,6
DA:293,6
DA:305,15
DA:306,1
DA:309,14
DA:310,1
DA:313,13
DA:314,1
DA:317,12
DA:318,12
DA:319,12
DA:321,12
DA:322,12
DA:329,10
DA:330,1
DA:333,9
DA:334,9
DA:335,9
DA:337,9
DA:338,9
DA:345,4
DA:346,2
DA:349,2
DA:350,2
DA:351,2
DA:353,2
DA:354,2
DA:360,131
DA:364,33
DA:368,18
DA:372,79
DA:376,77
DA:380,5
DA:384,23
DA:388,16
DA:392,2
DA:396,23
DA:400,2
DA:404,3
DA:409,102
DA:423,0
DA:431,0
DA:449,15
DA:453,5
DA:457,8
DA:461,7
DA:465,2
DA:469,15
DA:473,2
DA:477,2
DA:481,2
DA:487,0
DA:488,0
DA:491,0
DA:492,0
DA:495,0
DA:496,0
DA:499,0
DA:500,0
DA:505,37
DA:506,3
DA:516,0
DA:518,0
DA:519,0
DA:522,0
DA:523,0
DA:524,0
DA:526,0
DA:539,0
DA:541,0
DA:542,0
DA:543,0
DA:545,0
DA:558,0
DA:570,1
DA:572,1
DA:573,1
DA:574,1
DA:576,1
DA:589,0
LF:165
LH:141
BRDA:240,0,0,1
BRDA:244,1,0,1
BRDA:248,2,0,1
BRDA:274,3,0,1
BRDA:280,4,0,1
BRDA:280,4,1,1
BRDA:283,5,0,1
BRDA:305,6,0,1
BRDA:309,7,0,1
BRDA:313,8,0,1
BRDA:329,9,0,1
BRDA:345,10,0,2
BRDA:465,11,0,2
BRDA:465,11,1,1
BRDA:469,12,0,15
BRDA:469,12,1,14
BRDA:487,13,0,0
BRDA:491,14,0,0
BRDA:495,15,0,0
BRDA:499,16,0,0
BRDA:499,17,0,0
BRDA:499,17,1,0
BRDA:505,18,0,3
BRDA:518,19,0,0
BRDA:518,20,0,0
BRDA:518,20,1,0
BRF:26
BRH:17
end_of_record
TN:
SF:src\domain\entities\EmergencyContact.ts
FN:28,(anonymous_9)
FN:35,(anonymous_10)
FN:65,(anonymous_11)
FN:70,(anonymous_12)
FN:74,(anonymous_13)
FN:78,(anonymous_14)
FN:82,(anonymous_15)
FN:86,(anonymous_16)
FN:90,(anonymous_17)
FN:94,(anonymous_18)
FN:98,(anonymous_19)
FN:102,(anonymous_20)
FN:107,(anonymous_21)
FN:112,(anonymous_22)
FN:117,(anonymous_23)
FN:122,(anonymous_24)
FN:127,(anonymous_25)
FN:152,(anonymous_26)
FN:160,(anonymous_27)
FN:166,(anonymous_28)
FN:175,(anonymous_29)
FN:182,(anonymous_30)
FN:211,(anonymous_31)
FN:221,(anonymous_32)
FNF:24
FNH:24
FNDA:36,(anonymous_9)
FNDA:32,(anonymous_10)
FNDA:4,(anonymous_11)
FNDA:18,(anonymous_12)
FNDA:14,(anonymous_13)
FNDA:9,(anonymous_14)
FNDA:12,(anonymous_15)
FNDA:10,(anonymous_16)
FNDA:10,(anonymous_17)
FNDA:10,(anonymous_18)
FNDA:14,(anonymous_19)
FNDA:9,(anonymous_20)
FNDA:2,(anonymous_21)
FNDA:2,(anonymous_22)
FNDA:1,(anonymous_23)
FNDA:2,(anonymous_24)
FNDA:6,(anonymous_25)
FNDA:1,(anonymous_26)
FNDA:1,(anonymous_27)
FNDA:3,(anonymous_28)
FNDA:3,(anonymous_29)
FNDA:3,(anonymous_30)
FNDA:1,(anonymous_31)
FNDA:2,(anonymous_32)
DA:10,10
DA:11,10
DA:27,10
DA:29,36
DA:44,32
DA:45,32
DA:47,32
DA:66,4
DA:71,18
DA:75,14
DA:79,9
DA:83,12
DA:87,10
DA:91,10
DA:95,10
DA:99,14
DA:103,9
DA:108,2
DA:109,2
DA:113,2
DA:114,2
DA:118,1
DA:119,1
DA:123,2
DA:124,2
DA:134,6
DA:135,4
DA:137,6
DA:138,6
DA:140,6
DA:141,1
DA:143,6
DA:144,2
DA:146,6
DA:147,1
DA:149,6
DA:153,1
DA:154,1
DA:155,1
DA:161,1
DA:162,0
DA:167,3
DA:177,3
DA:178,3
DA:195,3
DA:212,1
DA:222,2
DA:223,2
DA:224,1
DA:226,1
LF:50
LH:49
BRDA:42,0,0,16
BRDA:134,1,0,4
BRDA:137,2,0,6
BRDA:140,3,0,1
BRDA:143,4,0,2
BRDA:146,5,0,1
BRDA:153,6,0,1
BRDA:153,7,0,1
BRDA:153,7,1,1
BRDA:161,8,0,0
BRDA:168,9,0,3
BRDA:168,9,1,3
BRDA:168,9,2,3
BRDA:168,9,3,3
BRDA:223,10,0,1
BRF:15
BRH:14
end_of_record
TN:
SF:src\domain\entities\InsuranceInfo.ts
FN:30,(anonymous_0)
FN:37,(anonymous_1)
FN:52,(anonymous_2)
FN:57,(anonymous_3)
FN:61,(anonymous_4)
FN:65,(anonymous_5)
FN:69,(anonymous_6)
FN:73,(anonymous_7)
FN:77,(anonymous_8)
FN:81,(anonymous_9)
FN:85,(anonymous_10)
FN:89,(anonymous_11)
FN:93,(anonymous_12)
FN:97,(anonymous_13)
FN:102,(anonymous_14)
FN:106,(anonymous_15)
FN:110,(anonymous_16)
FN:114,(anonymous_17)
FN:120,(anonymous_18)
FN:125,(anonymous_19)
FN:130,(anonymous_20)
FN:135,(anonymous_21)
FN:140,(anonymous_22)
FN:146,(anonymous_23)
FN:150,(anonymous_24)
FN:154,(anonymous_25)
FN:158,(anonymous_26)
FN:162,(anonymous_27)
FN:170,(anonymous_28)
FN:179,(anonymous_29)
FN:190,(anonymous_30)
FN:199,(anonymous_31)
FN:205,(anonymous_32)
FN:214,(anonymous_33)
FN:247,(anonymous_34)
FN:259,(anonymous_35)
FNF:36
FNH:31
FNDA:50,(anonymous_0)
FNDA:46,(anonymous_1)
FNDA:4,(anonymous_2)
FNDA:3,(anonymous_3)
FNDA:17,(anonymous_4)
FNDA:21,(anonymous_5)
FNDA:5,(anonymous_6)
FNDA:24,(anonymous_7)
FNDA:28,(anonymous_8)
FNDA:25,(anonymous_9)
FNDA:27,(anonymous_10)
FNDA:8,(anonymous_11)
FNDA:13,(anonymous_12)
FNDA:11,(anonymous_13)
FNDA:4,(anonymous_14)
FNDA:1,(anonymous_15)
FNDA:3,(anonymous_16)
FNDA:3,(anonymous_17)
FNDA:2,(anonymous_18)
FNDA:1,(anonymous_19)
FNDA:2,(anonymous_20)
FNDA:1,(anonymous_21)
FNDA:1,(anonymous_22)
FNDA:2,(anonymous_23)
FNDA:2,(anonymous_24)
FNDA:2,(anonymous_25)
FNDA:2,(anonymous_26)
FNDA:2,(anonymous_27)
FNDA:1,(anonymous_28)
FNDA:0,(anonymous_29)
FNDA:0,(anonymous_30)
FNDA:0,(anonymous_31)
FNDA:0,(anonymous_32)
FNDA:1,(anonymous_33)
FNDA:0,(anonymous_34)
FNDA:2,(anonymous_35)
DA:10,10
DA:11,10
DA:29,10
DA:31,50
DA:38,46
DA:39,46
DA:41,46
DA:53,4
DA:58,3
DA:62,17
DA:66,21
DA:70,5
DA:74,24
DA:78,28
DA:82,25
DA:86,27
DA:90,8
DA:94,13
DA:98,11
DA:103,4
DA:107,1
DA:111,3
DA:115,3
DA:116,3
DA:117,3
DA:121,2
DA:122,2
DA:126,1
DA:127,1
DA:131,2
DA:132,2
DA:136,1
DA:137,1
DA:141,1
DA:142,1
DA:147,2
DA:151,2
DA:155,2
DA:159,2
DA:163,2
DA:164,1
DA:166,1
DA:171,1
DA:180,0
DA:181,0
DA:187,0
DA:191,0
DA:200,0
DA:201,0
DA:206,0
DA:229,1
DA:248,0
DA:260,2
DA:261,2
DA:262,1
DA:264,1
LF:56
LH:48
BRDA:111,0,0,3
BRDA:111,0,1,2
BRDA:122,1,0,2
BRDA:122,1,1,2
BRDA:163,2,0,1
BRDA:163,3,0,2
BRDA:163,3,1,1
BRDA:172,4,0,1
BRDA:172,4,1,1
BRDA:172,4,2,1
BRDA:172,4,3,1
BRDA:180,5,0,0
BRDA:182,6,0,0
BRDA:182,6,1,0
BRDA:182,6,2,0
BRDA:182,6,3,0
BRDA:192,7,0,0
BRDA:192,7,1,0
BRDA:192,7,2,0
BRDA:200,8,0,0
BRDA:207,9,0,0
BRDA:207,9,1,0
BRDA:207,9,2,0
BRDA:261,10,0,1
BRF:24
BRH:12
end_of_record
TN:
SF:src\domain\entities\PatientConsent.ts
FN:29,(anonymous_9)
FN:36,(anonymous_10)
FN:63,(anonymous_11)
FN:68,(anonymous_12)
FN:72,(anonymous_13)
FN:76,(anonymous_14)
FN:80,(anonymous_15)
FN:84,(anonymous_16)
FN:88,(anonymous_17)
FN:92,(anonymous_18)
FN:96,(anonymous_19)
FN:100,(anonymous_20)
FN:104,(anonymous_21)
FN:108,(anonymous_22)
FN:113,(anonymous_23)
FN:119,(anonymous_24)
FN:126,(anonymous_25)
FN:130,(anonymous_26)
FN:140,(anonymous_27)
FN:149,(anonymous_28)
FN:153,(anonymous_29)
FN:157,(anonymous_30)
FN:162,(anonymous_31)
FN:168,(anonymous_32)
FN:177,(anonymous_33)
FN:206,(anonymous_34)
FNF:26
FNH:26
FNDA:51,(anonymous_9)
FNDA:48,(anonymous_10)
FNDA:3,(anonymous_11)
FNDA:22,(anonymous_12)
FNDA:5,(anonymous_13)
FNDA:1,(anonymous_14)
FNDA:3,(anonymous_15)
FNDA:17,(anonymous_16)
FNDA:15,(anonymous_17)
FNDA:8,(anonymous_18)
FNDA:9,(anonymous_19)
FNDA:8,(anonymous_20)
FNDA:8,(anonymous_21)
FNDA:9,(anonymous_22)
FNDA:11,(anonymous_23)
FNDA:16,(anonymous_24)
FNDA:10,(anonymous_25)
FNDA:12,(anonymous_26)
FNDA:4,(anonymous_27)
FNDA:4,(anonymous_28)
FNDA:3,(anonymous_29)
FNDA:3,(anonymous_30)
FNDA:1,(anonymous_31)
FNDA:3,(anonymous_32)
FNDA:2,(anonymous_33)
FNDA:2,(anonymous_34)
DA:10,9
DA:12,9
DA:28,9
DA:30,51
DA:43,48
DA:44,48
DA:46,48
DA:64,3
DA:69,22
DA:73,5
DA:77,1
DA:81,3
DA:85,17
DA:89,15
DA:93,8
DA:97,9
DA:101,8
DA:105,8
DA:109,9
DA:114,11
DA:115,11
DA:116,11
DA:120,16
DA:121,5
DA:123,11
DA:127,10
DA:131,12
DA:132,3
DA:135,9
DA:136,9
DA:137,9
DA:141,4
DA:142,4
DA:143,1
DA:145,3
DA:150,4
DA:154,3
DA:158,3
DA:163,1
DA:164,0
DA:169,3
DA:190,2
DA:207,2
LF:43
LH:42
BRDA:73,0,0,5
BRDA:73,0,1,3
BRDA:120,1,0,5
BRDA:127,2,0,10
BRDA:127,2,1,7
BRDA:131,3,0,3
BRDA:142,4,0,1
BRDA:145,5,0,3
BRDA:145,5,1,2
BRDA:150,6,0,4
BRDA:150,6,1,3
BRDA:163,7,0,0
BRDA:170,8,0,3
BRDA:170,8,1,3
BRDA:170,8,2,3
BRDA:170,8,3,1
BRF:16
BRH:15
end_of_record
TN:
SF:src\domain\events\PatientConsentGrantedEvent.ts
FN:21,(anonymous_0)
FN:49,(anonymous_1)
FN:59,(anonymous_2)
FN:63,(anonymous_3)
FN:67,(anonymous_4)
FNF:5
FNH:5
FNDA:12,(anonymous_0)
FNDA:3,(anonymous_1)
FNDA:1,(anonymous_2)
FNDA:1,(anonymous_3)
FNDA:1,(anonymous_4)
DA:10,23
DA:20,23
DA:22,12
DA:23,12
DA:24,12
DA:25,12
DA:30,12
DA:37,12
DA:50,3
DA:60,1
DA:64,1
DA:68,1
LF:12
LH:12
BRF:0
BRH:0
end_of_record
TN:
SF:src\domain\events\PatientDeactivatedEvent.ts
FN:17,(anonymous_0)
FN:43,(anonymous_1)
FN:52,(anonymous_2)
FN:56,(anonymous_3)
FN:60,(anonymous_4)
FNF:5
FNH:3
FNDA:17,(anonymous_0)
FNDA:1,(anonymous_1)
FNDA:1,(anonymous_2)
FNDA:0,(anonymous_3)
FNDA:0,(anonymous_4)
DA:7,23
DA:16,23
DA:18,17
DA:19,17
DA:20,17
DA:25,17
DA:31,17
DA:44,1
DA:53,1
DA:57,0
DA:61,0
LF:11
LH:9
BRF:0
BRH:0
end_of_record
TN:
SF:src\domain\events\PatientLinkedEvent.ts
FN:18,(anonymous_0)
FN:46,(anonymous_1)
FN:56,(anonymous_2)
FN:60,(anonymous_3)
FN:64,(anonymous_4)
FNF:5
FNH:3
FNDA:11,(anonymous_0)
FNDA:1,(anonymous_1)
FNDA:1,(anonymous_2)
FNDA:0,(anonymous_3)
FNDA:0,(anonymous_4)
DA:7,23
DA:17,23
DA:19,11
DA:20,11
DA:21,11
DA:22,11
DA:27,11
DA:34,11
DA:47,1
DA:57,1
DA:61,0
DA:65,0
LF:12
LH:10
BRF:0
BRH:0
end_of_record
TN:
SF:src\domain\events\PatientMergedEvent.ts
FN:18,(anonymous_0)
FN:46,(anonymous_1)
FN:56,(anonymous_2)
FN:60,(anonymous_3)
FN:64,(anonymous_4)
FNF:5
FNH:3
FNDA:18,(anonymous_0)
FNDA:1,(anonymous_1)
FNDA:1,(anonymous_2)
FNDA:0,(anonymous_3)
FNDA:0,(anonymous_4)
DA:7,24
DA:17,24
DA:19,18
DA:20,18
DA:21,18
DA:22,18
DA:27,18
DA:34,18
DA:47,1
DA:57,1
DA:61,0
DA:65,0
LF:12
LH:10
BRF:0
BRH:0
end_of_record
TN:
SF:src\domain\events\PatientRegisteredEvent.ts
FN:28,(anonymous_0)
FN:65,(anonymous_1)
FN:79,(anonymous_2)
FN:83,(anonymous_3)
FN:87,(anonymous_4)
FNF:5
FNH:5
FNDA:300,(anonymous_0)
FNDA:3,(anonymous_1)
FNDA:1,(anonymous_2)
FNDA:1,(anonymous_3)
FNDA:1,(anonymous_4)
DA:10,24
DA:25,24
DA:29,300
DA:31,300
DA:32,300
DA:33,300
DA:34,300
DA:39,300
DA:51,300
DA:62,300
DA:66,3
DA:80,1
DA:84,1
DA:88,1
LF:14
LH:14
BRF:0
BRH:0
end_of_record
TN:
SF:src\domain\events\PatientUpdatedEvent.ts
FN:20,(anonymous_0)
FN:46,(anonymous_1)
FN:55,(anonymous_2)
FN:59,(anonymous_3)
FN:63,(anonymous_4)
FNF:5
FNH:5
FNDA:53,(anonymous_0)
FNDA:3,(anonymous_1)
FNDA:1,(anonymous_2)
FNDA:1,(anonymous_3)
FNDA:1,(anonymous_4)
DA:10,24
DA:19,24
DA:21,53
DA:22,53
DA:23,53
DA:28,53
DA:34,53
DA:47,3
DA:56,1
DA:60,1
DA:64,1
LF:11
LH:11
BRF:0
BRH:0
end_of_record
TN:
SF:src\domain\value-objects\BasicMedicalInfo.ts
FN:21,(anonymous_0)
FN:25,(anonymous_1)
FN:35,(anonymous_2)
FN:43,(anonymous_3)
FN:44,(anonymous_4)
FN:56,(anonymous_5)
FN:63,(anonymous_6)
FN:67,(anonymous_7)
FN:71,(anonymous_8)
FN:76,(anonymous_9)
FN:80,(anonymous_10)
FN:84,(anonymous_11)
FN:89,(anonymous_12)
FN:92,(anonymous_13)
FN:99,(anonymous_14)
FN:120,(anonymous_15)
FNF:16
FNH:16
FNDA:251,(anonymous_0)
FNDA:251,(anonymous_1)
FNDA:187,(anonymous_2)
FNDA:141,(anonymous_3)
FNDA:141,(anonymous_4)
FNDA:65,(anonymous_5)
FNDA:45,(anonymous_6)
FNDA:36,(anonymous_7)
FNDA:30,(anonymous_8)
FNDA:2,(anonymous_9)
FNDA:2,(anonymous_10)
FNDA:3,(anonymous_11)
FNDA:8,(anonymous_12)
FNDA:12,(anonymous_13)
FNDA:5,(anonymous_14)
FNDA:3,(anonymous_15)
DA:10,23
DA:20,23
DA:22,251
DA:27,251
DA:28,0
DA:37,187
DA:38,1
DA:42,186
DA:43,141
DA:44,141
DA:46,186
DA:57,65
DA:64,45
DA:68,36
DA:72,30
DA:77,2
DA:81,2
DA:85,3
DA:90,8
DA:91,8
DA:92,12
DA:100,5
DA:102,5
DA:103,2
DA:106,5
DA:107,2
DA:110,5
DA:111,2
DA:114,5
DA:121,3
LF:30
LH:29
BRDA:27,0,0,0
BRDA:37,1,0,1
BRDA:85,2,0,3
BRDA:85,2,1,2
BRDA:102,3,0,2
BRDA:106,4,0,2
BRDA:110,5,0,2
BRDA:114,6,0,4
BRDA:114,6,1,1
BRF:9
BRH:8
end_of_record
TN:
SF:src\domain\value-objects\CommunicationPreference.ts
FN:23,(anonymous_0)
FN:30,(anonymous_1)
FN:47,(anonymous_2)
FN:51,(anonymous_3)
FN:55,(anonymous_4)
FN:59,(anonymous_5)
FN:63,(anonymous_6)
FN:70,(anonymous_7)
FNF:8
FNH:8
FNDA:7,(anonymous_0)
FNDA:7,(anonymous_1)
FNDA:7,(anonymous_2)
FNDA:1,(anonymous_3)
FNDA:1,(anonymous_4)
FNDA:1,(anonymous_5)
FNDA:1,(anonymous_6)
FNDA:1,(anonymous_7)
DA:10,2
DA:22,2
DA:24,7
DA:32,7
DA:33,0
DA:37,7
DA:38,0
DA:42,7
DA:43,0
DA:48,7
DA:52,1
DA:56,1
DA:60,1
DA:64,1
DA:71,1
LF:15
LH:12
BRDA:32,0,0,0
BRDA:37,1,0,0
BRDA:42,2,0,0
BRDA:42,3,0,7
BRDA:42,3,1,7
BRF:5
BRH:2
end_of_record
TN:
SF:src\domain\value-objects\ContactInfo.ts
FN:27,(anonymous_0)
FN:31,(anonymous_1)
FN:40,(anonymous_2)
FN:99,(anonymous_3)
FN:103,(anonymous_4)
FN:107,(anonymous_5)
FN:111,(anonymous_6)
FN:115,(anonymous_7)
FN:120,(anonymous_8)
FN:125,(anonymous_9)
FN:133,(anonymous_10)
FN:138,(anonymous_11)
FN:143,(anonymous_12)
FN:147,(anonymous_13)
FN:151,(anonymous_14)
FN:157,(anonymous_15)
FN:161,(anonymous_16)
FN:165,(anonymous_17)
FN:174,(anonymous_18)
FN:180,(anonymous_19)
FN:185,(anonymous_20)
FN:194,(anonymous_21)
FN:200,(anonymous_22)
FN:208,(anonymous_23)
FN:215,(anonymous_24)
FN:222,(anonymous_25)
FN:229,(anonymous_26)
FN:236,(anonymous_27)
FN:243,(anonymous_28)
FNF:29
FNH:24
FNDA:271,(anonymous_0)
FNDA:271,(anonymous_1)
FNDA:287,(anonymous_2)
FNDA:107,(anonymous_3)
FNDA:29,(anonymous_4)
FNDA:65,(anonymous_5)
FNDA:67,(anonymous_6)
FNDA:32,(anonymous_7)
FNDA:1,(anonymous_8)
FNDA:2,(anonymous_9)
FNDA:1,(anonymous_10)
FNDA:1,(anonymous_11)
FNDA:6,(anonymous_12)
FNDA:2,(anonymous_13)
FNDA:4,(anonymous_14)
FNDA:2,(anonymous_15)
FNDA:2,(anonymous_16)
FNDA:2,(anonymous_17)
FNDA:10,(anonymous_18)
FNDA:8,(anonymous_19)
FNDA:6,(anonymous_20)
FNDA:560,(anonymous_21)
FNDA:547,(anonymous_22)
FNDA:0,(anonymous_23)
FNDA:0,(anonymous_24)
FNDA:0,(anonymous_25)
FNDA:0,(anonymous_26)
FNDA:0,(anonymous_27)
FNDA:2,(anonymous_28)
DA:6,23
DA:26,23
DA:28,271
DA:32,271
DA:33,0
DA:35,271
DA:36,0
DA:42,287
DA:43,3
DA:46,284
DA:47,3
DA:50,281
DA:51,1
DA:55,280
DA:56,280
DA:57,4
DA:61,276
DA:62,1
DA:65,275
DA:66,1
DA:69,274
DA:70,1
DA:73,273
DA:74,1
DA:77,272
DA:78,1
DA:81,271
DA:100,107
DA:104,29
DA:108,65
DA:112,67
DA:116,32
DA:121,1
DA:122,1
DA:126,2
DA:127,1
DA:129,1
DA:130,1
DA:134,1
DA:135,1
DA:139,1
DA:140,1
DA:144,6
DA:148,2
DA:152,4
DA:158,2
DA:162,2
DA:166,2
DA:167,2
DA:168,1
DA:170,2
DA:175,10
DA:181,8
DA:186,6
DA:196,560
DA:197,560
DA:202,547
DA:204,547
DA:209,0
DA:216,0
DA:223,0
DA:230,0
DA:237,0
DA:244,2
LF:64
LH:57
BRDA:32,0,0,0
BRDA:35,1,0,0
BRDA:35,2,0,271
BRDA:35,2,1,269
BRDA:42,3,0,3
BRDA:42,4,0,287
BRDA:42,4,1,285
BRDA:46,5,0,3
BRDA:50,6,0,1
BRDA:50,7,0,281
BRDA:50,7,1,5
BRDA:56,8,0,4
BRDA:56,9,0,280
BRDA:56,9,1,278
BRDA:61,10,0,1
BRDA:61,11,0,276
BRDA:61,11,1,275
BRDA:65,12,0,1
BRDA:65,13,0,275
BRDA:65,13,1,274
BRDA:69,14,0,1
BRDA:69,15,0,274
BRDA:69,15,1,273
BRDA:73,16,0,1
BRDA:73,17,0,273
BRDA:73,17,1,272
BRDA:77,18,0,1
BRDA:77,19,0,272
BRDA:77,19,1,271
BRDA:92,20,0,271
BRDA:92,20,1,1
BRDA:126,21,0,1
BRDA:152,22,0,4
BRDA:152,22,1,3
BRDA:152,22,2,2
BRDA:167,23,0,1
BRDA:175,24,0,10
BRDA:175,24,1,8
BRDA:175,24,2,7
BRDA:181,25,0,8
BRDA:181,25,1,6
BRDA:186,26,0,6
BRDA:186,26,1,5
BRDA:186,26,2,4
BRDA:186,26,3,3
BRDA:186,26,4,2
BRDA:245,27,0,2
BRDA:245,27,1,1
BRDA:245,27,2,1
BRDA:245,27,3,1
BRDA:245,27,4,1
BRDA:245,27,5,1
BRDA:245,27,6,1
BRDA:245,27,7,1
BRDA:245,27,8,1
BRDA:245,27,9,1
BRF:56
BRH:54
end_of_record
TN:
SF:src\domain\value-objects\PatientId.ts
FN:13,(anonymous_0)
FN:17,(anonymous_1)
FN:23,(anonymous_2)
FN:37,(anonymous_3)
FN:51,(anonymous_4)
FN:55,(anonymous_5)
FN:59,(anonymous_6)
FN:63,(anonymous_7)
FN:68,(anonymous_8)
FN:73,(anonymous_9)
FN:78,(anonymous_10)
FN:82,(anonymous_11)
FN:110,(anonymous_12)
FN:114,(anonymous_13)
FNF:14
FNH:10
FNDA:498,(anonymous_0)
FNDA:498,(anonymous_1)
FNDA:182,(anonymous_2)
FNDA:324,(anonymous_3)
FNDA:38,(anonymous_4)
FNDA:509,(anonymous_5)
FNDA:108,(anonymous_6)
FNDA:0,(anonymous_7)
FNDA:0,(anonymous_8)
FNDA:0,(anonymous_9)
FNDA:0,(anonymous_10)
FNDA:677,(anonymous_11)
FNDA:23,(anonymous_12)
FNDA:7,(anonymous_13)
DA:6,34
DA:12,34
DA:14,498
DA:18,498
DA:19,0
DA:24,182
DA:25,3
DA:28,179
DA:30,179
DA:31,5
DA:34,174
DA:38,324
DA:39,324
DA:40,324
DA:41,324
DA:42,324
DA:44,324
DA:45,324
DA:52,38
DA:56,509
DA:60,108
DA:64,0
DA:65,0
DA:69,0
DA:70,0
DA:74,0
DA:75,0
DA:79,0
DA:84,677
DA:86,677
DA:87,5
DA:91,672
DA:92,672
DA:93,672
DA:95,672
DA:98,672
DA:99,0
DA:103,672
DA:104,0
DA:107,672
DA:111,23
DA:115,7
LF:42
LH:32
BRDA:18,0,0,0
BRDA:24,1,0,3
BRDA:24,2,0,182
BRDA:24,2,1,179
BRDA:30,3,0,5
BRDA:86,4,0,5
BRDA:98,5,0,0
BRDA:98,6,0,672
BRDA:98,6,1,672
BRDA:103,7,0,0
BRDA:103,8,0,672
BRDA:103,8,1,672
BRF:12
BRH:9
end_of_record
TN:
SF:src\domain\value-objects\PatientLink.ts
FN:21,(anonymous_0)
FN:25,(anonymous_1)
FN:35,(anonymous_2)
FN:51,(anonymous_3)
FN:58,(anonymous_4)
FN:65,(anonymous_5)
FN:72,(anonymous_6)
FN:77,(anonymous_7)
FN:81,(anonymous_8)
FN:85,(anonymous_9)
FN:89,(anonymous_10)
FN:94,(anonymous_11)
FN:98,(anonymous_12)
FN:102,(anonymous_13)
FN:106,(anonymous_14)
FN:113,(anonymous_15)
FN:131,(anonymous_16)
FNF:17
FNH:17
FNDA:49,(anonymous_0)
FNDA:49,(anonymous_1)
FNDA:49,(anonymous_2)
FNDA:13,(anonymous_3)
FNDA:3,(anonymous_4)
FNDA:12,(anonymous_5)
FNDA:4,(anonymous_6)
FNDA:14,(anonymous_7)
FNDA:14,(anonymous_8)
FNDA:9,(anonymous_9)
FNDA:12,(anonymous_10)
FNDA:4,(anonymous_11)
FNDA:4,(anonymous_12)
FNDA:4,(anonymous_13)
FNDA:4,(anonymous_14)
FNDA:4,(anonymous_15)
FNDA:2,(anonymous_16)
DA:8,23
DA:20,23
DA:22,49
DA:27,49
DA:28,1
DA:40,49
DA:52,13
DA:59,3
DA:66,12
DA:73,4
DA:78,14
DA:82,14
DA:86,9
DA:90,12
DA:95,4
DA:99,4
DA:103,4
DA:107,4
DA:114,4
DA:116,1
DA:118,1
DA:120,1
DA:122,1
DA:124,0
DA:137,2
LF:25
LH:24
BRDA:27,0,0,1
BRDA:38,1,0,1
BRDA:114,2,0,1
BRDA:114,2,1,1
BRDA:114,2,2,1
BRDA:114,2,3,1
BRDA:114,2,4,0
BRF:7
BRH:6
end_of_record
TN:
SF:src\domain\value-objects\PatientStatus.ts
FN:7,(anonymous_0)
FN:18,(anonymous_1)
FN:36,(anonymous_2)
FN:43,(anonymous_3)
FN:53,(anonymous_4)
FN:60,(anonymous_5)
FN:67,(anonymous_6)
FNF:7
FNH:7
FNDA:23,(anonymous_0)
FNDA:5,(anonymous_1)
FNDA:15,(anonymous_2)
FNDA:7,(anonymous_3)
FNDA:10,(anonymous_4)
FNDA:12,(anonymous_5)
FNDA:9,(anonymous_6)
DA:7,23
DA:8,23
DA:9,23
DA:10,23
DA:11,23
DA:14,23
DA:19,5
DA:21,1
DA:23,1
DA:25,1
DA:27,1
DA:29,1
DA:37,15
DA:44,7
DA:45,3
DA:47,4
DA:54,10
DA:61,12
DA:68,9
LF:19
LH:19
BRDA:7,0,0,23
BRDA:7,0,1,23
BRDA:19,1,0,1
BRDA:19,1,1,1
BRDA:19,1,2,1
BRDA:19,1,3,1
BRDA:19,1,4,1
BRDA:44,2,0,3
BRDA:61,3,0,12
BRDA:61,3,1,9
BRF:10
BRH:10
end_of_record
TN:
SF:src\domain\value-objects\PersonalInfo.ts
FN:24,(anonymous_0)
FN:31,(anonymous_1)
FN:87,(anonymous_2)
FN:103,(anonymous_3)
FN:110,(anonymous_4)
FN:114,(anonymous_5)
FN:118,(anonymous_6)
FN:122,(anonymous_7)
FN:126,(anonymous_8)
FN:130,(anonymous_9)
FN:134,(anonymous_10)
FN:138,(anonymous_11)
FN:145,(anonymous_12)
FN:161,(anonymous_13)
FN:168,(anonymous_14)
FN:175,(anonymous_15)
FN:186,(anonymous_16)
FN:198,(anonymous_17)
FN:210,(anonymous_18)
FN:235,(anonymous_19)
FN:260,(anonymous_20)
FN:267,(anonymous_21)
FN:278,(anonymous_22)
FNF:23
FNH:23
FNDA:286,(anonymous_0)
FNDA:287,(anonymous_1)
FNDA:287,(anonymous_2)
FNDA:276,(anonymous_3)
FNDA:427,(anonymous_4)
FNDA:370,(anonymous_5)
FNDA:318,(anonymous_6)
FNDA:404,(anonymous_7)
FNDA:30,(anonymous_8)
FNDA:37,(anonymous_9)
FNDA:31,(anonymous_10)
FNDA:35,(anonymous_11)
FNDA:21,(anonymous_12)
FNDA:6,(anonymous_13)
FNDA:6,(anonymous_14)
FNDA:1,(anonymous_15)
FNDA:2,(anonymous_16)
FNDA:1,(anonymous_17)
FNDA:2,(anonymous_18)
FNDA:2,(anonymous_19)
FNDA:1,(anonymous_20)
FNDA:2,(anonymous_21)
FNDA:3,(anonymous_22)
DA:10,23
DA:23,23
DA:25,286
DA:33,287
DA:34,2
DA:37,285
DA:38,1
DA:42,284
DA:43,1
DA:46,283
DA:47,1
DA:50,282
DA:51,282
DA:52,1
DA:55,281
DA:56,281
DA:57,1
DA:61,280
DA:62,1
DA:65,279
DA:66,1
DA:70,278
DA:71,3
DA:74,275
DA:75,4
DA:79,271
DA:80,2
DA:88,287
DA:105,276
DA:106,276
DA:111,427
DA:115,370
DA:119,318
DA:123,404
DA:127,30
DA:131,37
DA:135,31
DA:139,35
DA:146,21
DA:147,21
DA:148,21
DA:149,21
DA:151,21
DA:152,1
DA:155,21
DA:162,6
DA:169,6
DA:176,1
DA:188,2
DA:199,1
DA:200,1
DA:201,1
DA:203,0
DA:220,2
DA:245,2
DA:261,1
DA:268,2
DA:269,2
DA:270,0
DA:272,2
DA:279,3
LF:61
LH:59
BRDA:33,0,0,2
BRDA:33,1,0,287
BRDA:33,1,1,285
BRDA:37,2,0,1
BRDA:42,3,0,1
BRDA:46,4,0,1
BRDA:51,5,0,1
BRDA:56,6,0,1
BRDA:61,7,0,1
BRDA:65,8,0,1
BRDA:70,9,0,3
BRDA:70,10,0,278
BRDA:70,10,1,275
BRDA:74,11,0,4
BRDA:79,12,0,2
BRDA:79,13,0,271
BRDA:79,13,1,269
BRDA:151,14,0,1
BRDA:151,15,0,21
BRDA:151,15,1,20
BRDA:151,15,2,17
BRDA:177,16,0,1
BRDA:177,16,1,1
BRDA:177,16,2,1
BRDA:189,17,0,2
BRDA:189,17,1,2
BRDA:189,17,2,2
BRDA:269,18,0,0
BRF:28
BRH:27
end_of_record
TN:
SF:src\infrastructure\audit\AuditService.ts
FN:45,(anonymous_0)
FN:53,(anonymous_1)
FN:100,(anonymous_2)
FN:138,(anonymous_3)
FN:160,(anonymous_4)
FN:192,(anonymous_5)
FN:213,(anonymous_6)
FNF:7
FNH:0
FNDA:0,(anonymous_0)
FNDA:0,(anonymous_1)
FNDA:0,(anonymous_2)
FNDA:0,(anonymous_3)
FNDA:0,(anonymous_4)
FNDA:0,(anonymous_5)
FNDA:0,(anonymous_6)
DA:44,0
DA:46,0
DA:47,0
DA:54,0
DA:55,0
DA:79,0
DA:80,0
DA:81,0
DA:84,0
DA:90,0
DA:101,0
DA:102,0
DA:118,0
DA:119,0
DA:120,0
DA:123,0
DA:129,0
DA:139,0
DA:140,0
DA:143,0
DA:144,0
DA:145,0
DA:148,0
DA:150,0
DA:153,0
DA:166,0
DA:167,0
DA:175,0
DA:176,0
DA:177,0
DA:180,0
DA:182,0
DA:185,0
DA:193,0
DA:194,0
DA:200,0
DA:201,0
DA:204,0
DA:214,0
DA:215,0
DA:222,0
DA:223,0
DA:226,0
LF:43
LH:0
BRDA:79,0,0,0
BRDA:91,1,0,0
BRDA:91,1,1,0
BRDA:118,2,0,0
BRDA:130,3,0,0
BRDA:130,3,1,0
BRDA:143,4,0,0
BRDA:151,5,0,0
BRDA:151,5,1,0
BRDA:175,6,0,0
BRDA:183,7,0,0
BRDA:183,7,1,0
BRDA:200,8,0,0
BRDA:205,9,0,0
BRDA:205,9,1,0
BRDA:219,10,0,0
BRDA:219,10,1,0
BRDA:222,11,0,0
BRDA:227,12,0,0
BRDA:227,12,1,0
BRF:20
BRH:0
end_of_record
TN:
SF:src\infrastructure\cache\PatientCache.ts
FN:48,(anonymous_0)
FN:56,(anonymous_1)
FN:66,(anonymous_2)
FN:88,(anonymous_3)
FN:103,(anonymous_4)
FN:110,(anonymous_5)
FN:117,(anonymous_6)
FN:134,(anonymous_7)
FN:164,(anonymous_8)
FN:194,(anonymous_9)
FN:213,(anonymous_10)
FN:232,(anonymous_11)
FN:264,(anonymous_12)
FN:283,(anonymous_13)
FN:290,(anonymous_14)
FNF:15
FNH:0
FNDA:0,(anonymous_0)
FNDA:0,(anonymous_1)
FNDA:0,(anonymous_2)
FNDA:0,(anonymous_3)
FNDA:0,(anonymous_4)
FNDA:0,(anonymous_5)
FNDA:0,(anonymous_6)
FNDA:0,(anonymous_7)
FNDA:0,(anonymous_8)
FNDA:0,(anonymous_9)
FNDA:0,(anonymous_10)
FNDA:0,(anonymous_11)
FNDA:0,(anonymous_12)
FNDA:0,(anonymous_13)
FNDA:0,(anonymous_14)
DA:10,0
DA:29,0
DA:30,0
DA:34,0
DA:35,0
DA:36,0
DA:38,0
DA:46,0
DA:49,0
DA:50,0
DA:57,0
DA:58,0
DA:59,0
DA:62,0
DA:63,0
DA:64,0
DA:66,0
DA:67,0
DA:68,0
DA:69,0
DA:70,0
DA:71,0
DA:73,0
DA:77,0
DA:78,0
DA:80,0
DA:81,0
DA:89,0
DA:90,0
DA:91,0
DA:92,0
DA:93,0
DA:94,0
DA:96,0
DA:104,0
DA:111,0
DA:118,0
DA:119,0
DA:120,0
DA:121,0
DA:125,0
DA:135,0
DA:137,0
DA:138,0
DA:139,0
DA:140,0
DA:143,0
DA:145,0
DA:146,0
DA:147,0
DA:148,0
DA:149,0
DA:150,0
DA:151,0
DA:154,0
DA:157,0
DA:158,0
DA:165,0
DA:167,0
DA:168,0
DA:169,0
DA:170,0
DA:173,0
DA:175,0
DA:176,0
DA:177,0
DA:178,0
DA:179,0
DA:180,0
DA:181,0
DA:184,0
DA:187,0
DA:188,0
DA:195,0
DA:197,0
DA:199,0
DA:200,0
DA:206,0
DA:214,0
DA:216,0
DA:218,0
DA:219,0
DA:225,0
DA:233,0
DA:235,0
DA:237,0
DA:238,0
DA:240,0
DA:243,0
DA:244,0
DA:252,0
DA:255,0
DA:256,0
DA:265,0
DA:267,0
DA:268,0
DA:269,0
DA:270,0
DA:273,0
DA:276,0
DA:277,0
DA:284,0
DA:291,0
LF:103
LH:0
BRDA:57,0,0,0
BRDA:118,1,0,0
BRDA:120,2,0,0
BRDA:138,3,0,0
BRDA:138,4,0,0
BRDA:138,4,1,0
BRDA:147,5,0,0
BRDA:168,6,0,0
BRDA:168,7,0,0
BRDA:168,7,1,0
BRDA:177,8,0,0
BRDA:269,9,0,0
BRF:12
BRH:0
end_of_record
TN:
SF:src\infrastructure\cache\RedisCacheService.ts
FN:43,(anonymous_0)
FN:52,(anonymous_1)
FN:68,(anonymous_2)
FN:69,(anonymous_3)
FN:73,(anonymous_4)
FN:78,(anonymous_5)
FN:82,(anonymous_6)
FN:91,(anonymous_7)
FN:105,(anonymous_8)
FN:119,(anonymous_9)
FN:126,(anonymous_10)
FN:156,(anonymous_11)
FN:181,(anonymous_12)
FN:203,(anonymous_13)
FN:231,(anonymous_14)
FN:250,(anonymous_15)
FN:258,(anonymous_16)
FN:265,(anonymous_17)
FN:279,(anonymous_18)
FNF:19
FNH:0
FNDA:0,(anonymous_0)
FNDA:0,(anonymous_1)
FNDA:0,(anonymous_2)
FNDA:0,(anonymous_3)
FNDA:0,(anonymous_4)
FNDA:0,(anonymous_5)
FNDA:0,(anonymous_6)
FNDA:0,(anonymous_7)
FNDA:0,(anonymous_8)
FNDA:0,(anonymous_9)
FNDA:0,(anonymous_10)
FNDA:0,(anonymous_11)
FNDA:0,(anonymous_12)
FNDA:0,(anonymous_13)
FNDA:0,(anonymous_14)
FNDA:0,(anonymous_15)
FNDA:0,(anonymous_16)
FNDA:0,(anonymous_17)
FNDA:0,(anonymous_18)
DA:9,0
DA:30,0
DA:33,0
DA:34,0
DA:45,0
DA:48,0
DA:49,0
DA:53,0
DA:54,0
DA:55,0
DA:57,0
DA:62,0
DA:69,0
DA:70,0
DA:73,0
DA:74,0
DA:75,0
DA:78,0
DA:79,0
DA:82,0
DA:83,0
DA:84,0
DA:92,0
DA:93,0
DA:94,0
DA:96,0
DA:97,0
DA:98,0
DA:106,0
DA:107,0
DA:108,0
DA:109,0
DA:111,0
DA:112,0
DA:120,0
DA:127,0
DA:128,0
DA:129,0
DA:132,0
DA:133,0
DA:134,0
DA:136,0
DA:137,0
DA:138,0
DA:139,0
DA:142,0
DA:143,0
DA:144,0
DA:146,0
DA:147,0
DA:148,0
DA:149,0
DA:157,0
DA:158,0
DA:159,0
DA:162,0
DA:163,0
DA:164,0
DA:165,0
DA:167,0
DA:168,0
DA:169,0
DA:171,0
DA:172,0
DA:173,0
DA:174,0
DA:182,0
DA:183,0
DA:184,0
DA:187,0
DA:188,0
DA:189,0
DA:190,0
DA:191,0
DA:193,0
DA:194,0
DA:195,0
DA:196,0
DA:204,0
DA:205,0
DA:206,0
DA:209,0
DA:210,0
DA:211,0
DA:213,0
DA:214,0
DA:217,0
DA:218,0
DA:219,0
DA:221,0
DA:222,0
DA:223,0
DA:224,0
DA:232,0
DA:233,0
DA:236,0
DA:237,0
DA:238,0
DA:239,0
DA:241,0
DA:242,0
DA:243,0
DA:251,0
DA:252,0
DA:259,0
DA:266,0
DA:280,0
LF:107
LH:0
BRDA:46,0,0,0
BRDA:53,1,0,0
BRDA:96,2,0,0
BRDA:96,2,1,0
BRDA:111,3,0,0
BRDA:111,3,1,0
BRDA:127,4,0,0
BRDA:136,5,0,0
BRDA:147,6,0,0
BRDA:147,6,1,0
BRDA:157,7,0,0
BRDA:165,8,0,0
BRDA:165,8,1,0
BRDA:172,9,0,0
BRDA:172,9,1,0
BRDA:182,10,0,0
BRDA:194,11,0,0
BRDA:194,11,1,0
BRDA:204,12,0,0
BRDA:213,13,0,0
BRDA:222,14,0,0
BRDA:222,14,1,0
BRDA:232,15,0,0
BRDA:241,16,0,0
BRDA:241,16,1,0
BRDA:252,17,0,0
BRDA:252,17,1,0
BRF:27
BRH:0
end_of_record
TN:
SF:src\infrastructure\config\validator.ts
FN:15,(anonymous_0)
FN:30,validateConfig
FN:56,(anonymous_2)
FN:74,(anonymous_3)
FN:130,getValidationMode
FN:143,validateAndLog
FNF:6
FNH:0
FNDA:0,(anonymous_0)
FNDA:0,validateConfig
FNDA:0,(anonymous_2)
FNDA:0,(anonymous_3)
FNDA:0,getValidationMode
FNDA:0,validateAndLog
DA:15,0
DA:16,0
DA:17,0
DA:30,0
DA:34,0
DA:41,0
DA:49,0
DA:56,0
DA:57,0
DA:58,0
DA:59,0
DA:61,0
DA:66,0
DA:73,0
DA:74,0
DA:75,0
DA:76,0
DA:78,0
DA:87,0
DA:88,0
DA:94,0
DA:95,0
DA:96,0
DA:99,0
DA:103,0
DA:104,0
DA:110,0
DA:111,0
DA:117,0
DA:124,0
DA:130,0
DA:131,0
DA:133,0
DA:134,0
DA:137,0
DA:143,0
DA:144,0
DA:146,0
DA:151,0
LF:39
LH:0
BRDA:15,0,0,0
BRDA:15,0,1,0
BRDA:32,1,0,0
BRDA:57,2,0,0
BRDA:73,3,0,0
BRDA:75,4,0,0
BRDA:87,5,0,0
BRDA:87,6,0,0
BRDA:87,6,1,0
BRDA:94,7,0,0
BRDA:94,8,0,0
BRDA:94,8,1,0
BRDA:103,9,0,0
BRDA:103,10,0,0
BRDA:103,10,1,0
BRDA:110,11,0,0
BRDA:110,12,0,0
BRDA:110,12,1,0
BRDA:131,13,0,0
BRDA:131,13,1,0
BRDA:133,14,0,0
BRDA:148,15,0,0
BRDA:148,15,1,0
BRF:23
BRH:0
end_of_record
TN:
SF:src\infrastructure\events\IdempotentEventHandler.ts
FN:18,(anonymous_0)
FN:28,(anonymous_1)
FNF:2
FNH:0
FNDA:0,(anonymous_0)
FNDA:0,(anonymous_1)
DA:17,0
DA:19,0
DA:20,0
DA:21,0
DA:22,0
DA:29,0
DA:31,0
DA:33,0
DA:35,0
DA:36,0
DA:41,0
DA:45,0
DA:53,0
DA:56,0
DA:57,0
DA:59,0
DA:67,0
DA:68,0
DA:71,0
DA:73,0
DA:80,0
LF:21
LH:0
BRDA:35,0,0,0
BRDA:67,1,0,0
BRDA:67,1,1,0
BRDA:68,2,0,0
BRDA:68,2,1,0
BRF:5
BRH:0
end_of_record
TN:
SF:src\infrastructure\events\IdentityEventConsumer.ts
FN:47,(anonymous_1)
FN:58,(anonymous_2)
FN:133,(anonymous_3)
FN:138,(anonymous_4)
FN:154,(anonymous_5)
FN:257,(anonymous_6)
FN:282,(anonymous_7)
FNF:7
FNH:0
FNDA:0,(anonymous_1)
FNDA:0,(anonymous_2)
FNDA:0,(anonymous_3)
FNDA:0,(anonymous_4)
FNDA:0,(anonymous_5)
FNDA:0,(anonymous_6)
FNDA:0,(anonymous_7)
DA:10,0
DA:42,0
DA:43,0
DA:44,0
DA:45,0
DA:48,0
DA:49,0
DA:50,0
DA:51,0
DA:52,0
DA:59,0
DA:60,0
DA:66,0
DA:67,0
DA:69,0
DA:70,0
DA:74,0
DA:79,0
DA:80,0
DA:85,0
DA:86,0
DA:91,0
DA:93,0
DA:99,0
DA:110,0
DA:111,0
DA:116,0
DA:123,0
DA:129,0
DA:130,0
DA:133,0
DA:134,0
DA:135,0
DA:138,0
DA:139,0
DA:140,0
DA:144,0
DA:147,0
DA:155,0
DA:156,0
DA:159,0
DA:160,0
DA:161,0
DA:162,0
DA:165,0
DA:166,0
DA:168,0
DA:175,0
DA:176,0
DA:178,0
DA:179,0
DA:182,0
DA:183,0
DA:186,0
DA:187,0
DA:190,0
DA:194,0
DA:197,0
DA:204,0
DA:206,0
DA:209,0
DA:215,0
DA:225,0
DA:232,0
DA:234,0
DA:243,0
DA:248,0
DA:249,0
DA:258,0
DA:259,0
DA:260,0
DA:261,0
DA:264,0
DA:265,0
DA:266,0
DA:269,0
DA:270,0
DA:273,0
DA:283,0
LF:79
LH:0
BRDA:69,0,0,0
BRDA:79,1,0,0
BRDA:79,1,1,0
BRDA:85,2,0,0
BRDA:85,2,1,0
BRDA:145,3,0,0
BRDA:145,3,1,0
BRDA:155,4,0,0
BRDA:155,5,0,0
BRDA:155,5,1,0
BRDA:165,6,0,0
BRDA:165,6,1,0
BRDA:166,7,0,0
BRDA:166,7,1,0
BRDA:176,8,0,0
BRDA:176,8,1,0
BRDA:176,8,2,0
BRDA:176,8,3,0
BRDA:199,9,0,0
BRDA:199,9,1,0
BRDA:204,10,0,0
BRDA:204,10,1,0
BRDA:212,11,0,0
BRDA:212,11,1,0
BRDA:244,12,0,0
BRDA:244,12,1,0
BRDA:248,13,0,0
BRDA:259,14,0,0
BRDA:264,15,0,0
BRDA:274,16,0,0
BRDA:274,16,1,0
BRF:31
BRH:0
end_of_record
TN:
SF:src\infrastructure\events\RabbitMQEventPublisher.ts
FN:38,(anonymous_1)
FN:47,(anonymous_2)
FN:61,(anonymous_3)
FN:66,(anonymous_4)
FN:110,(anonymous_5)
FN:125,(anonymous_6)
FN:139,(anonymous_7)
FN:188,(anonymous_8)
FN:214,(anonymous_9)
FN:231,(anonymous_10)
FN:242,(anonymous_11)
FN:252,(anonymous_12)
FN:273,(anonymous_13)
FN:280,(anonymous_14)
FN:313,(anonymous_15)
FN:328,(anonymous_16)
FN:336,(anonymous_17)
FNF:17
FNH:15
FNDA:41,(anonymous_1)
FNDA:43,(anonymous_2)
FNDA:1,(anonymous_3)
FNDA:2,(anonymous_4)
FNDA:13,(anonymous_5)
FNDA:12,(anonymous_6)
FNDA:22,(anonymous_7)
FNDA:3,(anonymous_8)
FNDA:4,(anonymous_9)
FNDA:6,(anonymous_10)
FNDA:0,(anonymous_11)
FNDA:0,(anonymous_12)
FNDA:3,(anonymous_13)
FNDA:4,(anonymous_14)
FNDA:23,(anonymous_15)
FNDA:22,(anonymous_16)
FNDA:23,(anonymous_17)
DA:10,1
DA:28,1
DA:29,41
DA:30,41
DA:31,41
DA:32,41
DA:33,41
DA:34,41
DA:35,41
DA:36,41
DA:39,41
DA:40,41
DA:41,41
DA:48,43
DA:49,43
DA:55,43
DA:58,43
DA:61,31
DA:62,1
DA:63,1
DA:66,31
DA:67,2
DA:68,2
DA:71,2
DA:72,1
DA:77,31
DA:78,0
DA:81,31
DA:84,30
DA:93,29
DA:94,29
DA:96,29
DA:100,14
DA:103,14
DA:112,13
DA:113,10
DA:114,10
DA:117,13
DA:118,1
DA:119,1
DA:122,12
DA:123,12
DA:125,12
DA:126,12
DA:127,12
DA:129,11
DA:140,22
DA:141,1
DA:144,21
DA:145,21
DA:146,21
DA:148,21
DA:165,11
DA:166,1
DA:169,10
DA:170,9
DA:177,11
DA:181,11
DA:189,3
DA:190,1
DA:193,2
DA:194,2
DA:195,4
DA:198,1
DA:199,1
DA:204,1
DA:207,1
DA:215,4
DA:217,4
DA:218,10
DA:219,10
DA:220,2
DA:222,8
DA:223,8
DA:228,8
DA:230,6
DA:231,6
DA:236,2
DA:243,0
DA:245,0
DA:247,0
DA:248,0
DA:252,0
DA:253,0
DA:254,0
DA:256,0
DA:263,0
DA:274,3
DA:281,4
DA:283,4
DA:286,4
DA:287,0
DA:288,0
DA:291,4
DA:292,3
DA:293,1
DA:296,2
DA:297,1
DA:298,1
DA:301,2
DA:302,2
DA:304,2
DA:318,23
DA:319,23
DA:320,23
DA:322,23
DA:330,22
DA:337,23
DA:338,23
DA:341,0
DA:342,0
DA:345,0
LF:112
LH:97
BRDA:71,0,0,1
BRDA:77,1,0,0
BRDA:101,2,0,14
BRDA:101,2,1,0
BRDA:112,3,0,10
BRDA:117,4,0,1
BRDA:130,5,0,11
BRDA:130,5,1,0
BRDA:140,6,0,1
BRDA:140,7,0,22
BRDA:140,7,1,21
BRDA:165,8,0,1
BRDA:169,9,0,9
BRDA:179,10,0,11
BRDA:179,10,1,0
BRDA:189,11,0,1
BRDA:189,12,0,3
BRDA:189,12,1,2
BRDA:198,13,0,1
BRDA:205,14,0,1
BRDA:205,14,1,0
BRDA:214,15,0,1
BRDA:222,16,0,8
BRDA:222,16,1,0
BRDA:228,17,0,6
BRDA:230,18,0,6
BRDA:230,18,1,0
BRDA:245,19,0,0
BRDA:258,20,0,0
BRDA:258,20,1,0
BRDA:274,21,0,3
BRDA:274,21,1,2
BRDA:286,22,0,0
BRDA:291,23,0,3
BRDA:296,24,0,1
BRDA:305,25,0,2
BRDA:305,25,1,0
BRDA:337,26,0,23
BRDA:337,27,0,23
BRDA:337,27,1,23
BRDA:341,28,0,0
BRDA:341,29,0,0
BRDA:341,29,1,0
BRF:43
BRH:28
end_of_record
TN:
SF:src\infrastructure\events\handlers\IdentityUserCreatedEventHandler.ts
FN:28,(anonymous_0)
FN:36,(anonymous_1)
FNF:2
FNH:0
FNDA:0,(anonymous_0)
FNDA:0,(anonymous_1)
DA:27,0
DA:29,0
DA:30,0
DA:37,0
DA:38,0
DA:44,0
DA:45,0
DA:49,0
DA:53,0
DA:55,0
DA:56,0
DA:60,0
DA:65,0
DA:71,0
DA:75,0
LF:15
LH:0
BRDA:44,0,0,0
BRDA:55,1,0,0
BRDA:73,2,0,0
BRDA:73,2,1,0
BRF:4
BRH:0
end_of_record
TN:
SF:src\infrastructure\events\handlers\IdentityUserDeletedEventHandler.ts
FN:29,(anonymous_0)
FN:37,(anonymous_1)
FNF:2
FNH:0
FNDA:0,(anonymous_0)
FNDA:0,(anonymous_1)
DA:28,0
DA:30,0
DA:31,0
DA:38,0
DA:39,0
DA:45,0
DA:46,0
DA:50,0
DA:54,0
DA:56,0
DA:57,0
DA:60,0
DA:65,0
DA:66,0
DA:67,0
DA:69,0
DA:74,0
DA:81,0
DA:85,0
LF:19
LH:0
BRDA:45,0,0,0
BRDA:56,1,0,0
BRDA:65,2,0,0
BRDA:65,2,1,0
BRDA:83,3,0,0
BRDA:83,3,1,0
BRF:6
BRH:0
end_of_record
TN:
SF:src\infrastructure\events\handlers\IdentityUserUpdatedEventHandler.ts
FN:31,(anonymous_0)
FN:39,(anonymous_1)
FNF:2
FNH:0
FNDA:0,(anonymous_0)
FNDA:0,(anonymous_1)
DA:30,0
DA:32,0
DA:33,0
DA:40,0
DA:41,0
DA:46,0
DA:48,0
DA:49,0
DA:52,0
DA:57,0
DA:68,0
DA:72,0
LF:12
LH:0
BRDA:48,0,0,0
BRDA:70,1,0,0
BRDA:70,1,1,0
BRF:3
BRH:0
end_of_record
TN:
SF:src\infrastructure\mappers\PatientMapper.ts
FN:162,(anonymous_0)
FN:219,(anonymous_1)
FN:236,(anonymous_2)
FN:251,(anonymous_3)
FN:301,(anonymous_4)
FN:367,(anonymous_5)
FN:380,(anonymous_6)
FN:392,(anonymous_7)
FNF:8
FNH:8
FNDA:21,(anonymous_0)
FNDA:3,(anonymous_1)
FNDA:2,(anonymous_2)
FNDA:2,(anonymous_3)
FNDA:29,(anonymous_4)
FNDA:2,(anonymous_5)
FNDA:1,(anonymous_6)
FNDA:2,(anonymous_7)
DA:10,2
DA:11,2
DA:12,2
DA:13,2
DA:14,2
DA:16,2
DA:17,2
DA:18,2
DA:19,2
DA:20,2
DA:158,2
DA:169,21
DA:171,21
DA:183,19
DA:192,19
DA:200,19
DA:201,3
DA:219,19
DA:220,3
DA:236,19
DA:237,2
DA:251,19
DA:252,2
DA:261,19
DA:262,6
DA:271,19
DA:291,19
DA:294,2
DA:308,29
DA:311,28
DA:349,28
DA:350,2
DA:367,28
DA:380,28
DA:392,28
DA:400,28
LF:36
LH:36
BRDA:194,0,0,19
BRDA:194,0,1,0
BRDA:200,1,0,3
BRDA:205,2,0,3
BRDA:205,2,1,0
BRDA:210,3,0,3
BRDA:210,3,1,0
BRDA:219,4,0,19
BRDA:219,4,1,2
BRDA:225,5,0,3
BRDA:225,5,1,3
BRDA:226,6,0,3
BRDA:226,6,1,0
BRDA:227,7,0,3
BRDA:227,7,1,0
BRDA:229,8,0,3
BRDA:229,8,1,1
BRDA:236,9,0,19
BRDA:236,9,1,3
BRDA:241,10,0,2
BRDA:241,10,1,0
BRDA:242,11,0,2
BRDA:242,11,1,0
BRDA:243,12,0,0
BRDA:243,12,1,2
BRDA:244,13,0,2
BRDA:244,13,1,0
BRDA:251,14,0,19
BRDA:251,14,1,4
BRDA:261,15,0,6
BRDA:276,16,0,19
BRDA:276,16,1,13
BRDA:283,17,0,0
BRDA:283,17,1,19
BRDA:294,18,0,2
BRDA:294,18,1,0
BRDA:337,19,0,28
BRDA:337,19,1,28
BRDA:338,20,0,1
BRDA:338,20,1,27
BRDA:340,21,0,28
BRDA:340,21,1,27
BRDA:349,22,0,2
BRDA:355,23,0,2
BRDA:355,23,1,0
BRDA:360,24,0,2
BRDA:360,24,1,0
BRDA:373,25,0,2
BRDA:373,25,1,2
BRDA:374,26,0,2
BRDA:374,26,1,0
BRDA:375,27,0,2
BRDA:375,27,1,0
BRDA:387,28,0,1
BRDA:387,28,1,1
BRDA:388,29,0,1
BRDA:388,29,1,0
BRF:57
BRH:41
end_of_record
TN:
SF:src\infrastructure\monitoring\HealthChecks.ts
FN:14,(anonymous_0)
FN:56,(anonymous_1)
FN:71,(anonymous_2)
FN:134,(anonymous_3)
FN:182,(anonymous_4)
FN:212,(anonymous_5)
FN:241,(anonymous_6)
FN:270,(anonymous_7)
FN:308,(anonymous_8)
FN:354,(anonymous_9)
FN:372,(anonymous_10)
FN:384,(anonymous_11)
FN:385,(anonymous_12)
FN:387,(anonymous_13)
FN:391,(anonymous_14)
FN:395,(anonymous_15)
FNF:16
FNH:0
FNDA:0,(anonymous_0)
FNDA:0,(anonymous_1)
FNDA:0,(anonymous_2)
FNDA:0,(anonymous_3)
FNDA:0,(anonymous_4)
FNDA:0,(anonymous_5)
FNDA:0,(anonymous_6)
FNDA:0,(anonymous_7)
FNDA:0,(anonymous_8)
FNDA:0,(anonymous_9)
FNDA:0,(anonymous_10)
FNDA:0,(anonymous_11)
FNDA:0,(anonymous_12)
FNDA:0,(anonymous_13)
FNDA:0,(anonymous_14)
FNDA:0,(anonymous_15)
DA:10,0
DA:11,0
DA:14,0
DA:15,0
DA:16,0
DA:17,0
DA:18,0
DA:51,0
DA:61,0
DA:64,0
DA:65,0
DA:72,0
DA:80,0
DA:89,0
DA:98,0
DA:100,0
DA:111,0
DA:135,0
DA:137,0
DA:139,0
DA:144,0
DA:145,0
DA:148,0
DA:151,0
DA:152,0
DA:153,0
DA:155,0
DA:156,0
DA:159,0
DA:170,0
DA:183,0
DA:185,0
DA:188,0
DA:190,0
DA:200,0
DA:213,0
DA:215,0
DA:217,0
DA:219,0
DA:229,0
DA:242,0
DA:244,0
DA:246,0
DA:248,0
DA:258,0
DA:271,0
DA:273,0
DA:274,0
DA:275,0
DA:278,0
DA:279,0
DA:280,0
DA:282,0
DA:283,0
DA:284,0
DA:285,0
DA:289,0
DA:296,0
DA:309,0
DA:311,0
DA:312,0
DA:313,0
DA:323,0
DA:324,0
DA:325,0
DA:328,0
DA:330,0
DA:342,0
DA:357,0
DA:358,0
DA:361,0
DA:373,0
DA:385,0
DA:387,0
DA:388,0
DA:391,0
DA:392,0
DA:395,0
DA:396,0
DA:399,0
LF:80
LH:0
BRDA:14,0,0,0
BRDA:14,0,1,0
BRDA:106,1,0,0
BRDA:106,1,1,0
BRDA:124,2,0,0
BRDA:124,2,1,0
BRDA:144,3,0,0
BRDA:152,4,0,0
BRDA:155,5,0,0
BRDA:174,6,0,0
BRDA:174,6,1,0
BRDA:204,7,0,0
BRDA:204,7,1,0
BRDA:233,8,0,0
BRDA:233,8,1,0
BRDA:262,9,0,0
BRDA:262,9,1,0
BRDA:279,10,0,0
BRDA:279,11,0,0
BRDA:279,11,1,0
BRDA:282,12,0,0
BRDA:282,12,1,0
BRDA:284,13,0,0
BRDA:300,14,0,0
BRDA:300,14,1,0
BRDA:312,15,0,0
BRDA:331,16,0,0
BRDA:331,16,1,0
BRDA:346,17,0,0
BRDA:346,17,1,0
BRDA:357,18,0,0
BRDA:365,19,0,0
BRDA:365,19,1,0
BRDA:377,20,0,0
BRDA:377,20,1,0
BRDA:387,21,0,0
BRDA:391,22,0,0
BRDA:395,23,0,0
BRF:38
BRH:0
end_of_record
TN:
SF:src\infrastructure\repositories\SupabasePatientRepository.ts
FN:28,(anonymous_0)
FN:54,(anonymous_1)
FN:56,(anonymous_2)
FN:90,(anonymous_3)
FN:100,(anonymous_4)
FN:102,(anonymous_5)
FN:133,(anonymous_6)
FN:143,(anonymous_7)
FN:145,(anonymous_8)
FN:179,(anonymous_9)
FN:189,(anonymous_10)
FN:191,(anonymous_11)
FN:209,(anonymous_12)
FN:220,(anonymous_13)
FN:222,(anonymous_14)
FN:269,(anonymous_15)
FN:278,(anonymous_16)
FN:382,(anonymous_17)
FN:384,(anonymous_18)
FN:402,(anonymous_19)
FN:421,(anonymous_20)
FN:471,(anonymous_21)
FN:481,(anonymous_22)
FN:497,(anonymous_23)
FN:507,(anonymous_24)
FN:513,(anonymous_25)
FN:553,(anonymous_26)
FN:563,(anonymous_27)
FN:576,(anonymous_28)
FN:587,(anonymous_29)
FN:599,(anonymous_30)
FN:624,(anonymous_31)
FN:634,(anonymous_32)
FN:655,(anonymous_33)
FN:665,(anonymous_34)
FN:693,(anonymous_35)
FN:712,(anonymous_36)
FN:729,(anonymous_37)
FN:746,(anonymous_38)
FN:763,(anonymous_39)
FN:780,(anonymous_40)
FN:781,(anonymous_41)
FN:791,(anonymous_42)
FN:808,(anonymous_43)
FN:809,(anonymous_44)
FN:821,(anonymous_45)
FN:838,(anonymous_46)
FN:839,(anonymous_47)
FN:851,(anonymous_48)
FN:868,(anonymous_49)
FN:869,(anonymous_50)
FN:878,(anonymous_51)
FN:879,(anonymous_52)
FN:882,(anonymous_53)
FN:892,(anonymous_54)
FN:900,(anonymous_55)
FN:921,(anonymous_56)
FN:932,(anonymous_57)
FN:944,(anonymous_58)
FN:955,(anonymous_59)
FN:967,(anonymous_60)
FN:978,(anonymous_61)
FN:989,(anonymous_62)
FN:1010,(anonymous_63)
FN:1027,(anonymous_64)
FN:1059,(anonymous_65)
FN:1087,(anonymous_66)
FN:1112,(anonymous_67)
FN:1140,(anonymous_68)
FN:1170,(anonymous_69)
FN:1189,(anonymous_70)
FN:1195,(anonymous_71)
FN:1196,(anonymous_72)
FN:1223,(anonymous_73)
FN:1248,(anonymous_74)
FN:1315,(anonymous_75)
FN:1328,(anonymous_76)
FN:1342,(anonymous_77)
FN:1357,(anonymous_78)
FNF:79
FNH:43
FNDA:28,(anonymous_0)
FNDA:17,(anonymous_1)
FNDA:17,(anonymous_2)
FNDA:1,(anonymous_3)
FNDA:4,(anonymous_4)
FNDA:3,(anonymous_5)
FNDA:2,(anonymous_6)
FNDA:4,(anonymous_7)
FNDA:4,(anonymous_8)
FNDA:0,(anonymous_9)
FNDA:0,(anonymous_10)
FNDA:0,(anonymous_11)
FNDA:0,(anonymous_12)
FNDA:23,(anonymous_13)
FNDA:23,(anonymous_14)
FNDA:4,(anonymous_15)
FNDA:0,(anonymous_16)
FNDA:24,(anonymous_17)
FNDA:24,(anonymous_18)
FNDA:0,(anonymous_19)
FNDA:0,(anonymous_20)
FNDA:0,(anonymous_21)
FNDA:0,(anonymous_22)
FNDA:0,(anonymous_23)
FNDA:3,(anonymous_24)
FNDA:3,(anonymous_25)
FNDA:1,(anonymous_26)
FNDA:1,(anonymous_27)
FNDA:0,(anonymous_28)
FNDA:0,(anonymous_29)
FNDA:0,(anonymous_30)
FNDA:0,(anonymous_31)
FNDA:0,(anonymous_32)
FNDA:0,(anonymous_33)
FNDA:2,(anonymous_34)
FNDA:11,(anonymous_35)
FNDA:11,(anonymous_36)
FNDA:11,(anonymous_37)
FNDA:11,(anonymous_38)
FNDA:3,(anonymous_39)
FNDA:1,(anonymous_40)
FNDA:0,(anonymous_41)
FNDA:3,(anonymous_42)
FNDA:1,(anonymous_43)
FNDA:0,(anonymous_44)
FNDA:3,(anonymous_45)
FNDA:1,(anonymous_46)
FNDA:0,(anonymous_47)
FNDA:3,(anonymous_48)
FNDA:1,(anonymous_49)
FNDA:0,(anonymous_50)
FNDA:0,(anonymous_51)
FNDA:0,(anonymous_52)
FNDA:1,(anonymous_53)
FNDA:0,(anonymous_54)
FNDA:0,(anonymous_55)
FNDA:0,(anonymous_56)
FNDA:0,(anonymous_57)
FNDA:0,(anonymous_58)
FNDA:0,(anonymous_59)
FNDA:0,(anonymous_60)
FNDA:0,(anonymous_61)
FNDA:17,(anonymous_62)
FNDA:2,(anonymous_63)
FNDA:2,(anonymous_64)
FNDA:2,(anonymous_65)
FNDA:3,(anonymous_66)
FNDA:3,(anonymous_67)
FNDA:2,(anonymous_68)
FNDA:3,(anonymous_69)
FNDA:2,(anonymous_70)
FNDA:2,(anonymous_71)
FNDA:1,(anonymous_72)
FNDA:0,(anonymous_73)
FNDA:0,(anonymous_74)
FNDA:0,(anonymous_75)
FNDA:0,(anonymous_76)
FNDA:0,(anonymous_77)
FNDA:0,(anonymous_78)
DA:10,2
DA:13,2
DA:14,2
DA:15,2
DA:24,2
DA:26,28
DA:31,28
DA:32,28
DA:33,28
DA:35,28
DA:55,17
DA:57,17
DA:60,17
DA:66,17
DA:67,6
DA:68,5
DA:70,1
DA:74,11
DA:82,11
DA:91,1
DA:92,1
DA:101,4
DA:103,3
DA:109,3
DA:110,2
DA:111,1
DA:113,1
DA:116,1
DA:118,1
DA:125,1
DA:134,2
DA:135,2
DA:144,4
DA:146,4
DA:153,4
DA:154,0
DA:157,4
DA:158,2
DA:161,2
DA:162,2
DA:164,2
DA:171,2
DA:180,0
DA:181,0
DA:190,0
DA:192,0
DA:199,0
DA:200,0
DA:201,0
DA:203,0
DA:207,0
DA:210,0
DA:211,0
DA:221,23
DA:224,23
DA:226,22
DA:227,22
DA:228,1
DA:232,21
DA:240,21
DA:241,4
DA:242,0
DA:249,0
DA:254,4
DA:257,17
DA:264,17
DA:270,4
DA:271,0
DA:274,4
DA:275,4
DA:285,0
DA:287,0
DA:291,0
DA:292,0
DA:295,0
DA:329,0
DA:333,0
DA:334,0
DA:337,0
DA:338,0
DA:342,0
DA:343,0
DA:347,0
DA:348,0
DA:352,0
DA:353,0
DA:357,0
DA:358,0
DA:362,0
DA:363,0
DA:367,0
DA:368,0
DA:372,0
DA:373,0
DA:383,24
DA:385,24
DA:390,24
DA:391,1
DA:394,23
DA:420,0
DA:422,0
DA:425,0
DA:426,0
DA:429,0
DA:430,0
DA:433,0
DA:434,0
DA:437,0
DA:438,0
DA:441,0
DA:442,0
DA:444,0
DA:445,0
DA:446,0
DA:448,0
DA:449,0
DA:450,0
DA:455,0
DA:456,0
DA:457,0
DA:459,0
DA:460,0
DA:464,0
DA:466,0
DA:467,0
DA:471,0
DA:473,0
DA:481,0
DA:482,0
DA:483,0
DA:492,0
DA:498,0
DA:499,0
DA:512,3
DA:514,3
DA:524,3
DA:525,1
DA:528,3
DA:529,1
DA:531,1
DA:532,0
DA:533,0
DA:535,0
DA:536,1
DA:537,0
DA:541,3
DA:542,1
DA:543,1
DA:546,3
DA:548,3
DA:549,0
DA:553,3
DA:555,3
DA:563,3
DA:564,1
DA:565,1
DA:574,3
DA:577,0
DA:578,0
DA:598,0
DA:601,0
DA:604,0
DA:605,0
DA:606,0
DA:607,0
DA:608,0
DA:609,0
DA:610,0
DA:611,0
DA:615,0
DA:617,0
DA:619,0
DA:620,0
DA:624,0
DA:626,0
DA:634,0
DA:635,0
DA:636,0
DA:646,0
DA:653,0
DA:656,0
DA:657,0
DA:666,2
DA:667,2
DA:668,2
DA:673,2
DA:680,0
DA:694,11
DA:702,11
DA:703,0
DA:706,11
DA:713,11
DA:718,11
DA:719,0
DA:720,0
DA:723,11
DA:730,11
DA:735,11
DA:736,0
DA:737,0
DA:740,11
DA:747,11
DA:752,11
DA:753,0
DA:754,0
DA:757,11
DA:764,3
DA:765,2
DA:768,1
DA:773,1
DA:774,0
DA:775,0
DA:779,1
DA:780,1
DA:781,1
DA:782,0
DA:785,1
DA:792,3
DA:793,2
DA:796,1
DA:801,1
DA:802,0
DA:803,0
DA:807,1
DA:808,1
DA:809,1
DA:810,0
DA:811,0
DA:812,0
DA:815,1
DA:822,3
DA:823,2
DA:826,1
DA:831,1
DA:832,0
DA:833,0
DA:837,1
DA:838,1
DA:839,1
DA:840,0
DA:841,0
DA:842,0
DA:845,1
DA:852,3
DA:853,2
DA:856,1
DA:861,1
DA:862,0
DA:863,0
DA:867,1
DA:868,1
DA:869,1
DA:870,0
DA:871,0
DA:872,0
DA:875,1
DA:879,0
DA:883,1
DA:888,1
DA:889,0
DA:892,1
DA:893,1
DA:902,0
DA:908,0
DA:912,0
DA:913,0
DA:923,0
DA:928,0
DA:930,0
DA:932,0
DA:934,0
DA:935,0
DA:946,0
DA:951,0
DA:953,0
DA:955,0
DA:957,0
DA:958,0
DA:969,0
DA:974,0
DA:976,0
DA:978,0
DA:980,0
DA:981,0
DA:990,17
DA:991,15
DA:992,15
DA:995,2
DA:996,2
DA:997,0
DA:1000,2
DA:1002,2
DA:1005,2
DA:1007,2
DA:1010,2
DA:1013,0
DA:1058,2
DA:1060,2
DA:1063,2
DA:1067,2
DA:1068,1
DA:1072,1
DA:1076,1
DA:1077,0
DA:1080,1
DA:1087,1
DA:1088,3
DA:1089,3
DA:1090,2
DA:1091,1
DA:1092,0
DA:1096,1
DA:1100,1
DA:1101,0
DA:1104,1
DA:1111,1
DA:1112,1
DA:1113,3
DA:1114,3
DA:1115,3
DA:1116,3
DA:1117,3
DA:1118,3
DA:1119,2
DA:1120,1
DA:1125,1
DA:1129,1
DA:1130,0
DA:1133,1
DA:1140,1
DA:1141,2
DA:1142,2
DA:1143,1
DA:1144,1
DA:1145,1
DA:1146,0
DA:1147,0
DA:1148,1
DA:1149,1
DA:1150,1
DA:1155,1
DA:1159,1
DA:1160,0
DA:1163,1
DA:1170,1
DA:1171,3
DA:1172,3
DA:1173,2
DA:1174,1
DA:1175,1
DA:1179,1
DA:1184,1
DA:1185,0
DA:1188,1
DA:1189,1
DA:1190,2
DA:1191,2
DA:1194,1
DA:1195,2
DA:1196,1
DA:1198,1
DA:1207,1
DA:1247,0
DA:1249,0
DA:1250,0
DA:1251,0
DA:1253,0
DA:1262,0
DA:1269,0
DA:1270,0
DA:1272,0
DA:1273,0
DA:1277,0
DA:1278,0
DA:1282,0
DA:1285,0
DA:1286,0
DA:1287,0
DA:1291,0
DA:1298,0
DA:1299,0
DA:1301,0
DA:1302,0
DA:1306,0
DA:1309,0
DA:1310,0
DA:1315,0
DA:1328,0
DA:1341,0
DA:1342,0
DA:1345,0
DA:1352,0
DA:1358,0
DA:1359,0
LF:394
LH:199
BRDA:66,0,0,6
BRDA:67,1,0,5
BRDA:109,2,0,2
BRDA:110,3,0,1
BRDA:153,4,0,0
BRDA:157,5,0,2
BRDA:157,6,0,4
BRDA:157,6,1,4
BRDA:199,7,0,0
BRDA:200,8,0,0
BRDA:227,9,0,1
BRDA:234,10,0,21
BRDA:234,10,1,21
BRDA:235,11,0,21
BRDA:235,11,1,0
BRDA:236,12,0,21
BRDA:236,12,1,0
BRDA:237,13,0,21
BRDA:237,13,1,0
BRDA:240,14,0,4
BRDA:240,14,1,17
BRDA:241,15,0,0
BRDA:241,15,1,4
BRDA:270,16,0,0
BRDA:275,17,0,4
BRDA:275,17,1,4
BRDA:291,18,0,0
BRDA:316,19,0,0
BRDA:316,19,1,0
BRDA:319,20,0,0
BRDA:319,20,1,0
BRDA:320,21,0,0
BRDA:320,21,1,0
BRDA:333,22,0,0
BRDA:337,23,0,0
BRDA:342,24,0,0
BRDA:347,25,0,0
BRDA:352,26,0,0
BRDA:357,27,0,0
BRDA:362,28,0,0
BRDA:367,29,0,0
BRDA:372,30,0,0
BRDA:390,31,0,1
BRDA:425,32,0,0
BRDA:426,33,0,0
BRDA:426,33,1,0
BRDA:429,34,0,0
BRDA:433,35,0,0
BRDA:437,36,0,0
BRDA:441,37,0,0
BRDA:444,38,0,0
BRDA:444,38,1,0
BRDA:445,39,0,0
BRDA:449,40,0,0
BRDA:455,41,0,0
BRDA:459,42,0,0
BRDA:466,43,0,0
BRDA:471,44,0,0
BRDA:471,44,1,0
BRDA:481,45,0,0
BRDA:481,45,1,0
BRDA:485,46,0,0
BRDA:485,46,1,0
BRDA:486,47,0,0
BRDA:486,47,1,0
BRDA:487,48,0,0
BRDA:487,48,1,0
BRDA:488,49,0,0
BRDA:488,49,1,0
BRDA:494,50,0,0
BRDA:494,50,1,0
BRDA:524,51,0,1
BRDA:525,52,0,1
BRDA:525,52,1,0
BRDA:528,53,0,1
BRDA:531,54,0,0
BRDA:531,54,1,1
BRDA:532,55,0,0
BRDA:536,56,0,0
BRDA:541,57,0,1
BRDA:548,58,0,0
BRDA:553,59,0,3
BRDA:553,59,1,2
BRDA:563,60,0,3
BRDA:563,60,1,2
BRDA:567,61,0,1
BRDA:567,61,1,1
BRDA:568,62,0,1
BRDA:568,62,1,0
BRDA:569,63,0,1
BRDA:569,63,1,0
BRDA:570,64,0,1
BRDA:570,64,1,0
BRDA:574,65,0,3
BRDA:574,65,1,2
BRDA:604,66,0,0
BRDA:604,66,1,0
BRDA:606,67,0,0
BRDA:606,67,1,0
BRDA:608,68,0,0
BRDA:608,68,1,0
BRDA:610,69,0,0
BRDA:619,70,0,0
BRDA:624,71,0,0
BRDA:624,71,1,0
BRDA:634,72,0,0
BRDA:634,72,1,0
BRDA:638,73,0,0
BRDA:638,73,1,0
BRDA:639,74,0,0
BRDA:639,74,1,0
BRDA:640,75,0,0
BRDA:640,75,1,0
BRDA:641,76,0,0
BRDA:641,76,1,0
BRDA:649,77,0,0
BRDA:649,77,1,0
BRDA:650,78,0,0
BRDA:650,78,1,0
BRDA:674,79,0,1
BRDA:674,79,1,1
BRDA:682,80,0,0
BRDA:682,80,1,0
BRDA:702,81,0,0
BRDA:702,82,0,11
BRDA:702,82,1,11
BRDA:718,83,0,0
BRDA:723,84,0,11
BRDA:723,84,1,0
BRDA:735,85,0,0
BRDA:740,86,0,11
BRDA:740,86,1,0
BRDA:752,87,0,0
BRDA:757,88,0,11
BRDA:757,88,1,0
BRDA:764,89,0,2
BRDA:773,90,0,0
BRDA:781,91,0,1
BRDA:781,91,1,1
BRDA:792,92,0,2
BRDA:801,93,0,0
BRDA:809,94,0,1
BRDA:809,94,1,1
BRDA:810,95,0,0
BRDA:810,95,1,0
BRDA:822,96,0,2
BRDA:831,97,0,0
BRDA:839,98,0,1
BRDA:839,98,1,1
BRDA:840,99,0,0
BRDA:840,99,1,0
BRDA:852,100,0,2
BRDA:861,101,0,0
BRDA:869,102,0,1
[...]
FN:253,(anonymous_14)
FNF:15
FNH:6
FNDA:1,(anonymous_0)
FNDA:1,(anonymous_1)
FNDA:56,(anonymous_2)
FNDA:51,(anonymous_3)
FNDA:5,(anonymous_4)
FNDA:0,(anonymous_5)
FNDA:0,(anonymous_6)
FNDA:0,(anonymous_7)
FNDA:0,(anonymous_8)
FNDA:0,(anonymous_9)
FNDA:0,(anonymous_10)
FNDA:1,(anonymous_11)
FNDA:0,(anonymous_12)
FNDA:0,(anonymous_13)
FNDA:0,(anonymous_14)
DA:10,1
DA:11,1
DA:12,1
DA:13,1
DA:41,1
DA:42,1
DA:43,1
DA:45,1
DA:49,1
DA:50,1
DA:52,1
DA:67,56
DA:70,56
DA:71,0
DA:72,0
DA:74,0
DA:75,0
DA:77,0
DA:82,56
DA:83,0
DA:84,0
DA:86,0
DA:89,56
DA:90,56
DA:91,51
DA:92,51
DA:94,5
DA:96,5
DA:97,1
DA:99,4
DA:107,51
DA:108,51
DA:110,51
DA:111,0
DA:112,0
DA:113,0
DA:116,51
DA:117,51
DA:125,5
DA:126,5
DA:127,5
DA:128,5
DA:130,5
DA:131,0
DA:132,0
DA:135,5
DA:136,0
DA:144,0
DA:145,0
DA:148,0
DA:149,0
DA:156,0
DA:157,0
DA:159,0
DA:171,0
DA:178,0
DA:185,0
DA:198,0
DA:199,0
DA:200,0
DA:201,0
DA:209,1
DA:210,1
DA:216,1
DA:217,1
DA:224,1
DA:225,1
DA:228,1
DA:232,0
DA:236,0
DA:237,0
DA:239,0
DA:240,0
DA:241,0
DA:242,0
DA:246,0
DA:254,0
DA:255,0
DA:261,1
LF:79
LH:41
BRDA:10,0,0,1
BRDA:10,0,1,1
BRDA:70,1,0,0
BRDA:71,2,0,0
BRDA:71,2,1,0
BRDA:74,3,0,0
BRDA:82,4,0,0
BRDA:83,5,0,0
BRDA:96,6,0,1
BRDA:110,7,0,0
BRDA:116,8,0,51
BRDA:130,9,0,0
BRDA:135,10,0,0
BRDA:135,11,0,5
BRDA:135,11,1,5
BRDA:144,12,0,0
BRDA:216,13,0,1
BRDA:241,14,0,0
BRF:18
BRH:7
end_of_record
TN:
SF:src\infrastructure\resilience\GracefulDegradation.ts
FN:42,(anonymous_0)
FN:48,(anonymous_1)
FN:54,(anonymous_2)
FN:60,(anonymous_3)
FN:61,(anonymous_4)
FN:82,(anonymous_5)
FN:88,(anonymous_6)
FN:89,(anonymous_7)
FN:110,(anonymous_8)
FN:130,(anonymous_9)
FN:163,(anonymous_10)
FN:196,(anonymous_11)
FN:213,(anonymous_12)
FN:245,(anonymous_13)
FN:260,(anonymous_14)
FN:275,(anonymous_15)
FN:283,(anonymous_16)
FN:298,(anonymous_17)
FN:316,(anonymous_18)
FN:332,(anonymous_19)
FN:336,(anonymous_20)
FN:343,(anonymous_21)
FN:355,(anonymous_22)
FNF:23
FNH:0
FNDA:0,(anonymous_0)
FNDA:0,(anonymous_1)
FNDA:0,(anonymous_2)
FNDA:0,(anonymous_3)
FNDA:0,(anonymous_4)
FNDA:0,(anonymous_5)
FNDA:0,(anonymous_6)
FNDA:0,(anonymous_7)
FNDA:0,(anonymous_8)
FNDA:0,(anonymous_9)
FNDA:0,(anonymous_10)
FNDA:0,(anonymous_11)
FNDA:0,(anonymous_12)
FNDA:0,(anonymous_13)
FNDA:0,(anonymous_14)
FNDA:0,(anonymous_15)
FNDA:0,(anonymous_16)
FNDA:0,(anonymous_17)
FNDA:0,(anonymous_18)
FNDA:0,(anonymous_19)
FNDA:0,(anonymous_20)
FNDA:0,(anonymous_21)
FNDA:0,(anonymous_22)
DA:10,0
DA:12,0
DA:35,0
DA:36,0
DA:38,0
DA:39,0
DA:40,0
DA:43,0
DA:44,0
DA:45,0
DA:48,0
DA:55,0
DA:57,0
DA:59,0
DA:60,0
DA:61,0
DA:64,0
DA:71,0
DA:72,0
DA:75,0
DA:83,0
DA:85,0
DA:87,0
DA:88,0
DA:89,0
DA:92,0
DA:99,0
DA:100,0
DA:103,0
DA:113,0
DA:116,0
DA:117,0
DA:123,0
DA:124,0
DA:131,0
DA:132,0
DA:135,0
DA:137,0
DA:138,0
DA:140,0
DA:141,0
DA:143,0
DA:151,0
DA:164,0
DA:166,0
DA:167,0
DA:169,0
DA:170,0
DA:172,0
DA:184,0
DA:197,0
DA:199,0
DA:200,0
DA:206,0
DA:207,0
DA:214,0
DA:215,0
DA:218,0
DA:220,0
DA:221,0
DA:223,0
DA:224,0
DA:226,0
DA:233,0
DA:246,0
DA:248,0
DA:261,0
DA:262,0
DA:263,0
DA:265,0
DA:276,0
DA:277,0
DA:278,0
DA:279,0
DA:280,0
DA:285,0
DA:286,0
DA:287,0
DA:288,0
DA:292,0
DA:299,0
DA:300,0
DA:302,0
DA:303,0
DA:304,0
DA:308,0
DA:317,0
DA:318,0
DA:320,0
DA:321,0
DA:322,0
DA:324,0
DA:333,0
DA:337,0
DA:344,0
DA:356,0
DA:357,0
DA:358,0
LF:98
LH:0
BRDA:66,0,0,0
BRDA:66,0,1,0
BRDA:71,1,0,0
BRDA:94,2,0,0
BRDA:94,2,1,0
BRDA:99,3,0,0
BRDA:131,4,0,0
BRDA:131,5,0,0
BRDA:131,5,1,0
BRDA:140,6,0,0
BRDA:169,7,0,0
BRDA:214,8,0,0
BRDA:223,9,0,0
BRDA:261,10,0,0
BRDA:276,11,0,0
BRDA:277,12,0,0
BRDA:278,13,0,0
BRDA:279,14,0,0
BRDA:285,15,0,0
BRDA:287,16,0,0
BRDA:303,17,0,0
BRDA:303,18,0,0
BRDA:303,18,1,0
BRDA:317,19,0,0
BRDA:317,20,0,0
BRDA:317,20,1,0
BRDA:320,21,0,0
BRF:27
BRH:0
end_of_record
TN:
SF:src\infrastructure\resilience\UseCaseCircuitBreakerWrapper.ts
FN:27,(anonymous_0)
FN:29,(anonymous_1)
FN:31,(anonymous_2)
FN:32,(anonymous_3)
FN:47,(anonymous_4)
FN:49,(anonymous_5)
FN:51,(anonymous_6)
FN:52,(anonymous_7)
FN:67,(anonymous_8)
FN:69,(anonymous_9)
FN:71,(anonymous_10)
FN:72,(anonymous_11)
FN:87,(anonymous_12)
FN:89,(anonymous_13)
FN:91,(anonymous_14)
FN:92,(anonymous_15)
FN:109,(anonymous_16)
FN:111,(anonymous_17)
FN:113,(anonymous_18)
FN:114,(anonymous_19)
FN:130,(anonymous_20)
FN:132,(anonymous_21)
FN:134,(anonymous_22)
FN:135,(anonymous_23)
FN:150,(anonymous_24)
FN:152,(anonymous_25)
FN:154,(anonymous_26)
FN:155,(anonymous_27)
FN:170,(anonymous_28)
FN:172,(anonymous_29)
FN:174,(anonymous_30)
FN:175,(anonymous_31)
FN:190,(anonymous_32)
FN:192,(anonymous_33)
FN:194,(anonymous_34)
FN:195,(anonymous_35)
FNF:36
FNH:0
FNDA:0,(anonymous_0)
FNDA:0,(anonymous_1)
FNDA:0,(anonymous_2)
FNDA:0,(anonymous_3)
FNDA:0,(anonymous_4)
FNDA:0,(anonymous_5)
FNDA:0,(anonymous_6)
FNDA:0,(anonymous_7)
FNDA:0,(anonymous_8)
FNDA:0,(anonymous_9)
FNDA:0,(anonymous_10)
FNDA:0,(anonymous_11)
FNDA:0,(anonymous_12)
FNDA:0,(anonymous_13)
FNDA:0,(anonymous_14)
FNDA:0,(anonymous_15)
FNDA:0,(anonymous_16)
FNDA:0,(anonymous_17)
FNDA:0,(anonymous_18)
FNDA:0,(anonymous_19)
FNDA:0,(anonymous_20)
FNDA:0,(anonymous_21)
FNDA:0,(anonymous_22)
FNDA:0,(anonymous_23)
FNDA:0,(anonymous_24)
FNDA:0,(anonymous_25)
FNDA:0,(anonymous_26)
FNDA:0,(anonymous_27)
FNDA:0,(anonymous_28)
FNDA:0,(anonymous_29)
FNDA:0,(anonymous_30)
FNDA:0,(anonymous_31)
FNDA:0,(anonymous_32)
FNDA:0,(anonymous_33)
FNDA:0,(anonymous_34)
FNDA:0,(anonymous_35)
DA:10,0
DA:24,0
DA:25,0
DA:27,0
DA:30,0
DA:31,0
DA:32,0
DA:44,0
DA:45,0
DA:47,0
DA:50,0
DA:51,0
DA:52,0
DA:64,0
DA:65,0
DA:67,0
DA:70,0
DA:71,0
DA:72,0
DA:84,0
DA:85,0
DA:87,0
DA:90,0
DA:91,0
DA:92,0
DA:106,0
DA:107,0
DA:109,0
DA:112,0
DA:113,0
DA:114,0
DA:127,0
DA:128,0
DA:130,0
DA:133,0
DA:134,0
DA:135,0
DA:147,0
DA:148,0
DA:150,0
DA:153,0
DA:154,0
DA:155,0
DA:167,0
DA:168,0
DA:170,0
DA:173,0
DA:174,0
DA:175,0
DA:187,0
DA:188,0
DA:190,0
DA:193,0
DA:194,0
DA:195,0
LF:55
LH:0
BRF:0
BRH:0
end_of_record
TN:
SF:src\infrastructure\storage\SupabaseStorageService.ts
FN:21,(anonymous_0)
FN:29,(anonymous_1)
FN:89,(anonymous_2)
FN:118,(anonymous_3)
FN:141,(anonymous_4)
FN:170,(anonymous_5)
FN:180,(anonymous_6)
FNF:7
FNH:0
FNDA:0,(anonymous_0)
FNDA:0,(anonymous_1)
FNDA:0,(anonymous_2)
FNDA:0,(anonymous_3)
FNDA:0,(anonymous_4)
FNDA:0,(anonymous_5)
FNDA:0,(anonymous_6)
DA:18,0
DA:19,0
DA:22,0
DA:23,0
DA:35,0
DA:36,0
DA:39,0
DA:42,0
DA:43,0
DA:44,0
DA:47,0
DA:54,0
DA:55,0
DA:59,0
DA:63,0
DA:67,0
DA:73,0
DA:78,0
DA:82,0
DA:90,0
DA:91,0
DA:93,0
DA:97,0
DA:98,0
DA:102,0
DA:105,0
DA:107,0
DA:111,0
DA:119,0
DA:120,0
DA:123,0
DA:127,0
DA:128,0
DA:132,0
DA:135,0
DA:136,0
DA:137,0
DA:141,0
DA:142,0
DA:146,0
DA:147,0
DA:151,0
DA:154,0
DA:159,0
DA:163,0
DA:171,0
DA:173,0
DA:175,0
DA:176,0
DA:177,0
DA:180,0
DA:182,0
DA:183,0
DA:185,0
DA:194,0
DA:195,0
DA:196,0
DA:199,0
DA:202,0
LF:59
LH:0
BRDA:54,0,0,0
BRDA:80,1,0,0
BRDA:80,1,1,0
BRDA:97,2,0,0
BRDA:109,3,0,0
BRDA:109,3,1,0
BRDA:127,4,0,0
BRDA:135,5,0,0
BRDA:135,6,0,0
BRDA:135,6,1,0
BRDA:146,7,0,0
BRDA:161,8,0,0
BRDA:161,8,1,0
BRDA:175,9,0,0
BRDA:182,10,0,0
BRDA:194,11,0,0
BRDA:203,12,0,0
BRDA:203,12,1,0
BRF:18
BRH:0
end_of_record
TN:
SF:src\presentation\controllers\CommandController.ts
FN:20,(anonymous_0)
FN:29,(anonymous_1)
FN:53,(anonymous_2)
FNF:3
FNH:0
FNDA:0,(anonymous_0)
FNDA:0,(anonymous_1)
FNDA:0,(anonymous_2)
DA:13,0
DA:19,0
DA:21,0
DA:22,0
DA:30,0
DA:32,0
DA:37,0
DA:39,0
DA:40,0
DA:42,0
DA:54,0
DA:56,0
DA:58,0
LF:13
LH:0
BRDA:39,0,0,0
BRDA:39,0,1,0
BRF:2
BRH:0
end_of_record
TN:
SF:src\presentation\controllers\PatientController.ts
FN:58,getUserContext
FN:65,getUserId
FN:69,getUserRoles
FN:83,getUserRole
FN:88,userHasAnyRole
FN:90,(anonymous_5)
FN:97,(anonymous_6)
FN:135,(anonymous_7)
FN:182,(anonymous_8)
FN:207,(anonymous_9)
FN:246,(anonymous_10)
FN:285,(anonymous_11)
FN:324,(anonymous_12)
FN:363,(anonymous_13)
FN:395,(anonymous_14)
FN:482,(anonymous_15)
FN:555,(anonymous_16)
FN:598,(anonymous_17)
FN:633,(anonymous_18)
FN:670,(anonymous_19)
FN:719,(anonymous_20)
FN:744,(anonymous_21)
FN:764,(anonymous_22)
FN:791,(anonymous_23)
FN:821,(anonymous_24)
FN:849,(anonymous_25)
FN:876,(anonymous_26)
FN:897,(anonymous_27)
FN:914,(anonymous_28)
FN:934,(anonymous_29)
FN:959,(anonymous_30)
FN:985,(anonymous_31)
FN:1011,(anonymous_32)
FN:1036,(anonymous_33)
FN:1061,(anonymous_34)
FN:1087,(anonymous_35)
FN:1112,(anonymous_36)
FN:1136,(anonymous_37)
FN:1176,(anonymous_38)
FN:1201,(anonymous_39)
FN:1230,(anonymous_40)
FN:1264,(anonymous_41)
FN:1289,(anonymous_42)
FNF:43
FNH:0
FNDA:0,getUserContext
FNDA:0,getUserId
FNDA:0,getUserRoles
FNDA:0,getUserRole
FNDA:0,userHasAnyRole
FNDA:0,(anonymous_5)
FNDA:0,(anonymous_6)
FNDA:0,(anonymous_7)
FNDA:0,(anonymous_8)
FNDA:0,(anonymous_9)
FNDA:0,(anonymous_10)
FNDA:0,(anonymous_11)
FNDA:0,(anonymous_12)
FNDA:0,(anonymous_13)
FNDA:0,(anonymous_14)
FNDA:0,(anonymous_15)
FNDA:0,(anonymous_16)
FNDA:0,(anonymous_17)
FNDA:0,(anonymous_18)
FNDA:0,(anonymous_19)
FNDA:0,(anonymous_20)
FNDA:0,(anonymous_21)
FNDA:0,(anonymous_22)
FNDA:0,(anonymous_23)
FNDA:0,(anonymous_24)
FNDA:0,(anonymous_25)
FNDA:0,(anonymous_26)
FNDA:0,(anonymous_27)
FNDA:0,(anonymous_28)
FNDA:0,(anonymous_29)
FNDA:0,(anonymous_30)
FNDA:0,(anonymous_31)
FNDA:0,(anonymous_32)
FNDA:0,(anonymous_33)
FNDA:0,(anonymous_34)
FNDA:0,(anonymous_35)
FNDA:0,(anonymous_36)
FNDA:0,(anonymous_37)
FNDA:0,(anonymous_38)
FNDA:0,(anonymous_39)
FNDA:0,(anonymous_40)
FNDA:0,(anonymous_41)
FNDA:0,(anonymous_42)
DA:11,0
DA:51,0
DA:59,0
DA:66,0
DA:70,0
DA:71,0
DA:72,0
DA:75,0
DA:76,0
DA:77,0
DA:80,0
DA:84,0
DA:85,0
DA:89,0
DA:90,0
DA:96,0
DA:98,0
DA:99,0
DA:100,0
DA:101,0
DA:102,0
DA:103,0
DA:104,0
DA:105,0
DA:106,0
DA:107,0
DA:108,0
DA:109,0
DA:110,0
DA:111,0
DA:112,0
DA:113,0
DA:114,0
DA:115,0
DA:116,0
DA:117,0
DA:118,0
DA:119,0
DA:120,0
DA:121,0
DA:122,0
DA:123,0
DA:124,0
DA:125,0
DA:126,0
DA:127,0
DA:128,0
DA:136,0
DA:137,0
DA:139,0
DA:144,0
DA:182,0
DA:189,0
DA:190,0
DA:193,0
DA:196,0
DA:199,0
DA:208,0
DA:209,0
DA:210,0
DA:212,0
DA:214,0
DA:225,0
DA:227,0
DA:228,0
DA:231,0
DA:234,0
DA:238,0
DA:247,0
DA:248,0
DA:249,0
DA:251,0
DA:253,0
DA:264,0
DA:266,0
DA:267,0
DA:270,0
DA:273,0
DA:277,0
DA:286,0
DA:287,0
DA:288,0
DA:290,0
DA:292,0
DA:303,0
DA:305,0
DA:306,0
DA:309,0
DA:312,0
DA:316,0
DA:325,0
DA:326,0
DA:327,0
DA:329,0
DA:331,0
DA:342,0
DA:344,0
DA:345,0
DA:348,0
DA:351,0
DA:355,0
DA:364,0
DA:365,0
DA:366,0
DA:368,0
DA:370,0
DA:376,0
DA:377,0
DA:380,0
DA:383,0
DA:387,0
DA:396,0
DA:406,0
DA:407,0
DA:408,0
DA:410,0
DA:412,0
DA:413,0
DA:415,0
DA:423,0
DA:431,0
DA:456,0
DA:458,0
DA:459,0
DA:462,0
DA:471,0
DA:474,0
DA:483,0
DA:484,0
DA:485,0
DA:486,0
DA:488,0
DA:490,0
DA:491,0
DA:493,0
DA:501,0
DA:509,0
DA:529,0
DA:531,0
DA:532,0
DA:535,0
DA:544,0
DA:547,0
DA:556,0
DA:557,0
DA:559,0
DA:561,0
DA:574,0
DA:575,0
DA:578,0
DA:580,0
DA:587,0
DA:590,0
DA:599,0
DA:600,0
DA:602,0
DA:604,0
DA:611,0
DA:612,0
DA:615,0
DA:622,0
DA:625,0
DA:634,0
DA:635,0
DA:636,0
DA:638,0
DA:640,0
DA:647,0
DA:648,0
DA:651,0
DA:659,0
DA:662,0
DA:671,0
DA:672,0
DA:673,0
DA:675,0
DA:677,0
DA:678,0
DA:684,0
DA:689,0
DA:692,0
DA:698,0
DA:699,0
DA:702,0
DA:708,0
DA:711,0
DA:720,0
DA:721,0
DA:723,0
DA:725,0
DA:730,0
DA:733,0
DA:736,0
DA:745,0
DA:746,0
DA:747,0
DA:749,0
DA:751,0
DA:757,0
DA:765,0
DA:766,0
DA:768,0
DA:770,0
DA:775,0
DA:776,0
DA:781,0
DA:784,0
DA:792,0
DA:793,0
DA:794,0
DA:796,0
DA:798,0
DA:805,0
DA:806,0
DA:811,0
DA:814,0
DA:822,0
DA:823,0
DA:825,0
DA:827,0
DA:833,0
DA:834,0
DA:839,0
DA:842,0
DA:850,0
DA:851,0
DA:853,0
DA:855,0
DA:861,0
DA:862,0
DA:867,0
DA:870,0
DA:877,0
DA:878,0
DA:879,0
DA:881,0
DA:883,0
DA:891,0
DA:898,0
DA:899,0
DA:901,0
DA:903,0
DA:908,0
DA:915,0
DA:916,0
DA:917,0
DA:919,0
DA:921,0
DA:927,0
DA:935,0
DA:936,0
DA:938,0
DA:943,0
DA:944,0
DA:949,0
DA:952,0
DA:960,0
DA:961,0
DA:963,0
DA:969,0
DA:970,0
DA:975,0
DA:978,0
DA:986,0
DA:987,0
DA:989,0
DA:995,0
DA:996,0
DA:1001,0
DA:1004,0
DA:1012,0
DA:1013,0
DA:1015,0
DA:1020,0
DA:1021,0
DA:1026,0
DA:1029,0
DA:1037,0
DA:1038,0
DA:1040,0
DA:1045,0
DA:1046,0
DA:1051,0
DA:1054,0
DA:1062,0
DA:1063,0
DA:1065,0
DA:1071,0
DA:1072,0
DA:1077,0
DA:1080,0
DA:1088,0
DA:1089,0
DA:1091,0
DA:1096,0
DA:1097,0
DA:1102,0
DA:1105,0
DA:1113,0
DA:1114,0
DA:1116,0
DA:1118,0
DA:1120,0
DA:1124,0
DA:1137,0
DA:1138,0
DA:1139,0
DA:1141,0
DA:1142,0
DA:1146,0
DA:1149,0
DA:1151,0
DA:1159,0
DA:1161,0
DA:1165,0
DA:1177,0
DA:1178,0
DA:1180,0
DA:1182,0
DA:1184,0
DA:1186,0
DA:1190,0
DA:1202,0
DA:1203,0
DA:1204,0
DA:1206,0
DA:1208,0
DA:1213,0
DA:1215,0
DA:1219,0
DA:1231,0
DA:1232,0
DA:1233,0
DA:1234,0
DA:1236,0
DA:1238,0
DA:1247,0
DA:1249,0
DA:1253,0
DA:1265,0
DA:1266,0
DA:1268,0
DA:1270,0
DA:1272,0
DA:1274,0
DA:1278,0
DA:1290,0
DA:1291,0
DA:1292,0
DA:1293,0
DA:1295,0
DA:1302,0
DA:1312,0
DA:1313,0
DA:1316,0
DA:1318,0
DA:1321,0
LF:357
LH:0
BRDA:66,0,0,0
BRDA:66,0,1,0
BRDA:71,1,0,0
BRDA:75,2,0,0
BRDA:75,2,1,0
BRDA:76,3,0,0
BRDA:76,4,0,0
BRDA:76,4,1,0
BRDA:85,5,0,0
BRDA:85,5,1,0
BRDA:162,6,0,0
BRDA:162,6,1,0
BRDA:168,7,0,0
BRDA:168,7,1,0
BRDA:171,8,0,0
BRDA:171,8,1,0
BRDA:178,9,0,0
BRDA:178,9,1,0
BRDA:182,10,0,0
BRDA:182,10,1,0
BRDA:184,11,0,0
BRDA:184,11,1,0
BRDA:189,12,0,0
BRDA:190,13,0,0
BRDA:190,13,1,0
BRDA:197,14,0,0
BRDA:197,14,1,0
BRDA:227,15,0,0
BRDA:227,16,0,0
BRDA:227,16,1,0
BRDA:236,17,0,0
BRDA:236,17,1,0
BRDA:266,18,0,0
BRDA:266,19,0,0
BRDA:266,19,1,0
BRDA:275,20,0,0
BRDA:275,20,1,0
BRDA:305,21,0,0
BRDA:305,22,0,0
BRDA:305,22,1,0
BRDA:314,23,0,0
BRDA:314,23,1,0
BRDA:344,24,0,0
BRDA:344,25,0,0
BRDA:344,25,1,0
BRDA:353,26,0,0
BRDA:353,26,1,0
BRDA:376,27,0,0
BRDA:377,28,0,0
BRDA:377,28,1,0
BRDA:385,29,0,0
BRDA:385,29,1,0
BRDA:398,30,0,0
BRDA:399,31,0,0
BRDA:404,32,0,0
BRDA:405,33,0,0
BRDA:415,34,0,0
BRDA:415,34,1,0
BRDA:416,35,0,0
BRDA:416,35,1,0
BRDA:418,36,0,0
BRDA:418,36,1,0
BRDA:423,37,0,0
BRDA:423,37,1,0
BRDA:424,38,0,0
BRDA:424,38,1,0
BRDA:426,39,0,0
BRDA:426,39,1,0
BRDA:444,40,0,0
BRDA:444,40,1,0
BRDA:445,41,0,0
BRDA:445,41,1,0
BRDA:458,42,0,0
BRDA:472,43,0,0
BRDA:472,43,1,0
BRDA:484,44,0,0
BRDA:484,45,0,0
BRDA:493,46,0,0
BRDA:493,46,1,0
BRDA:494,47,0,0
BRDA:494,47,1,0
BRDA:496,48,0,0
BRDA:496,48,1,0
BRDA:501,49,0,0
BRDA:501,49,1,0
BRDA:502,50,0,0
BRDA:502,50,1,0
BRDA:504,51,0,0
BRDA:504,51,1,0
BRDA:515,52,0,0
BRDA:515,52,1,0
BRDA:521,53,0,0
BRDA:521,53,1,0
BRDA:522,54,0,0
BRDA:522,54,1,0
BRDA:531,55,0,0
BRDA:545,56,0,0
BRDA:545,56,1,0
BRDA:569,57,0,0
BRDA:569,57,1,0
BRDA:570,58,0,0
BRDA:570,58,1,0
BRDA:574,59,0,0
BRDA:575,60,0,0
BRDA:575,60,1,0
BRDA:578,61,0,0
BRDA:578,61,1,0
BRDA:588,62,0,0
BRDA:588,62,1,0
BRDA:611,63,0,0
BRDA:612,64,0,0
BRDA:612,64,1,0
BRDA:623,65,0,0
BRDA:623,65,1,0
BRDA:647,66,0,0
BRDA:648,67,0,0
BRDA:648,67,1,0
BRDA:660,68,0,0
BRDA:660,68,1,0
BRDA:677,69,0,0
BRDA:698,70,0,0
BRDA:699,71,0,0
BRDA:699,71,1,0
BRDA:709,72,0,0
BRDA:709,72,1,0
BRDA:734,73,0,0
BRDA:734,73,1,0
BRDA:775,74,0,0
BRDA:805,75,0,0
BRDA:833,76,0,0
BRDA:861,77,0,0
BRDA:887,78,0,0
BRDA:887,78,1,0
BRDA:943,79,0,0
BRDA:969,80,0,0
BRDA:995,81,0,0
BRDA:1020,82,0,0
BRDA:1045,83,0,0
BRDA:1071,84,0,0
BRDA:1096,85,0,0
BRDA:1121,86,0,0
BRDA:1121,86,1,0
BRDA:1127,87,0,0
BRDA:1127,87,1,0
BRDA:1141,88,0,0
BRDA:1162,89,0,0
BRDA:1162,89,1,0
BRDA:1167,90,0,0
BRDA:1167,90,1,0
BRDA:1187,91,0,0
BRDA:1187,91,1,0
BRDA:1192,92,0,0
BRDA:1192,92,1,0
BRDA:1216,93,0,0
BRDA:1216,93,1,0
BRDA:1221,94,0,0
BRDA:1221,94,1,0
BRDA:1250,95,0,0
BRDA:1250,95,1,0
BRDA:1255,96,0,0
BRDA:1255,96,1,0
BRDA:1275,97,0,0
BRDA:1275,97,1,0
BRDA:1280,98,0,0
BRDA:1280,98,1,0
BRDA:1304,99,0,0
BRDA:1304,99,1,0
BRDA:1305,100,0,0
BRDA:1305,100,1,0
BRDA:1308,101,0,0
BRDA:1308,101,1,0
BRDA:1308,102,0,0
BRDA:1308,102,1,0
BRDA:1312,103,0,0
BRDA:1319,104,0,0
BRDA:1319,104,1,0
BRF:176
BRH:0
end_of_record
TN:
SF:src\presentation\middleware\AuthenticationMiddleware.ts
FN:37,(anonymous_1)
FN:46,(anonymous_2)
FN:47,(anonymous_3)
FN:100,(anonymous_4)
FN:140,(anonymous_5)
FN:141,(anonymous_6)
FN:147,(anonymous_7)
FN:150,(anonymous_8)
FN:160,(anonymous_9)
FN:177,(anonymous_10)
FN:180,(anonymous_11)
FN:190,(anonymous_12)
FNF:12
FNH:0
FNDA:0,(anonymous_1)
FNDA:0,(anonymous_2)
FNDA:0,(anonymous_3)
FNDA:0,(anonymous_4)
FNDA:0,(anonymous_5)
FNDA:0,(anonymous_6)
FNDA:0,(anonymous_7)
FNDA:0,(anonymous_8)
FNDA:0,(anonymous_9)
FNDA:0,(anonymous_10)
FNDA:0,(anonymous_11)
FNDA:0,(anonymous_12)
DA:10,0
DA:32,0
DA:38,0
DA:39,0
DA:40,0
DA:47,0
DA:48,0
DA:50,0
DA:51,0
DA:55,0
DA:56,0
DA:57,0
DA:62,0
DA:65,0
DA:68,0
DA:69,0
DA:70,0
DA:75,0
DA:79,0
DA:81,0
DA:83,0
DA:88,0
DA:101,0
DA:102,0
DA:109,0
DA:110,0
DA:119,0
DA:121,0
DA:122,0
DA:124,0
DA:127,0
DA:133,0
DA:141,0
DA:148,0
DA:150,0
DA:151,0
DA:152,0
DA:157,0
DA:160,0
DA:161,0
DA:162,0
DA:167,0
DA:170,0
DA:178,0
DA:180,0
DA:181,0
DA:182,0
DA:187,0
DA:190,0
DA:191,0
DA:194,0
DA:195,0
DA:200,0
DA:203,0
LF:54
LH:0
BRDA:40,0,0,0
BRDA:40,0,1,0
BRDA:50,1,0,0
BRDA:56,2,0,0
BRDA:56,3,0,0
BRDA:56,3,1,0
BRDA:69,4,0,0
BRDA:84,5,0,0
BRDA:84,5,1,0
BRDA:109,6,0,0
BRDA:109,7,0,0
BRDA:109,7,1,0
BRDA:113,8,0,0
BRDA:113,8,1,0
BRDA:114,9,0,0
BRDA:114,9,1,0
BRDA:121,10,0,0
BRDA:122,11,0,0
BRDA:148,12,0,0
BRDA:148,12,1,0
BRDA:151,13,0,0
BRDA:161,14,0,0
BRDA:178,15,0,0
BRDA:178,15,1,0
BRDA:181,16,0,0
BRDA:194,17,0,0
BRF:26
BRH:0
end_of_record
TN:
SF:src\presentation\middleware\ErrorHandlingMiddleware.ts
FN:19,(anonymous_0)
FN:36,(anonymous_1)
FN:46,(anonymous_2)
FN:59,(anonymous_3)
FN:69,(anonymous_4)
FN:79,(anonymous_5)
FN:89,(anonymous_6)
FN:99,(anonymous_7)
FN:104,(anonymous_8)
FN:105,(anonymous_9)
FN:190,(anonymous_10)
FN:191,(anonymous_11)
FN:204,(anonymous_12)
FN:205,(anonymous_13)
FN:218,(anonymous_14)
FN:229,(anonymous_15)
FN:236,(anonymous_16)
FN:243,(anonymous_17)
FNF:18
FNH:0
FNDA:0,(anonymous_0)
FNDA:0,(anonymous_1)
FNDA:0,(anonymous_2)
FNDA:0,(anonymous_3)
FNDA:0,(anonymous_4)
FNDA:0,(anonymous_5)
FNDA:0,(anonymous_6)
FNDA:0,(anonymous_7)
FNDA:0,(anonymous_8)
FNDA:0,(anonymous_9)
FNDA:0,(anonymous_10)
FNDA:0,(anonymous_11)
FNDA:0,(anonymous_12)
FNDA:0,(anonymous_13)
FNDA:0,(anonymous_14)
FNDA:0,(anonymous_15)
FNDA:0,(anonymous_16)
FNDA:0,(anonymous_17)
DA:16,0
DA:22,0
DA:23,0
DA:25,0
DA:26,0
DA:27,0
DA:28,0
DA:35,0
DA:37,0
DA:38,0
DA:45,0
DA:47,0
DA:50,0
DA:51,0
DA:58,0
DA:60,0
DA:61,0
DA:68,0
DA:70,0
DA:71,0
DA:78,0
DA:80,0
DA:81,0
DA:88,0
DA:90,0
DA:91,0
DA:98,0
DA:99,0
DA:105,0
DA:107,0
DA:118,0
DA:119,0
DA:125,0
DA:129,0
DA:130,0
DA:135,0
DA:139,0
DA:140,0
DA:145,0
DA:149,0
DA:150,0
DA:155,0
DA:159,0
DA:160,0
DA:165,0
DA:169,0
DA:170,0
DA:175,0
DA:179,0
DA:191,0
DA:192,0
DA:205,0
DA:206,0
DA:214,0
DA:219,0
DA:230,0
DA:237,0
DA:251,0
LF:58
LH:0
BRDA:47,0,0,0
BRDA:47,0,1,0
BRDA:69,1,0,0
BRDA:79,2,0,0
BRDA:118,3,0,0
BRDA:121,4,0,0
BRDA:121,4,1,0
BRDA:129,5,0,0
BRDA:129,6,0,0
BRDA:129,6,1,0
BRDA:139,7,0,0
BRDA:149,8,0,0
BRDA:149,9,0,0
BRDA:149,9,1,0
BRDA:159,10,0,0
BRDA:169,11,0,0
BRDA:218,12,0,0
BRF:17
BRH:0
end_of_record
TN:
SF:src\presentation\middleware\UploadMiddleware.ts
FN:16,(anonymous_1)
FNF:1
FNH:0
FNDA:0,(anonymous_1)
DA:10,0
DA:13,0
DA:16,0
DA:17,0
DA:19,0
DA:20,0
DA:22,0
DA:27,0
LF:8
LH:0
BRDA:19,0,0,0
BRDA:19,0,1,0
BRF:2
BRH:0
end_of_record
TN:
SF:src\presentation\middleware\ValidationMiddleware.ts
FN:16,(anonymous_0)
FN:20,(anonymous_1)
FNF:2
FNH:0
FNDA:0,(anonymous_0)
FNDA:0,(anonymous_1)
DA:10,0
DA:16,0
DA:17,0
DA:19,0
DA:20,0
DA:25,0
DA:30,0
DA:33,0
DA:39,0
DA:117,0
DA:156,0
DA:187,0
DA:198,0
DA:209,0
DA:220,0
DA:231,0
DA:250,0
DA:269,0
DA:300,0
DA:319,0
DA:338,0
DA:360,0
LF:22
LH:0
BRDA:19,0,0,0
BRDA:21,1,0,0
BRDA:21,1,1,0
BRF:3
BRH:0
end_of_record
TN:
SF:src\presentation\routes\commandRoutes.ts
FN:17,createCommandRoutes
FNF:1
FNH:0
FNDA:0,createCommandRoutes
DA:10,0
DA:12,0
DA:17,0
DA:18,0
DA:19,0
DA:25,0
DA:34,0
DA:39,0
LF:8
LH:0
BRF:0
BRH:0
end_of_record
TN:
SF:src\presentation\routes\patientRoutes.ts
FN:31,createPatientRoutes
FNF:1
FNH:0
FNDA:0,createPatientRoutes
DA:10,0
DA:12,0
DA:13,0
DA:14,0
DA:31,0
DA:32,0
DA:33,0
DA:41,0
DA:51,0
DA:62,0
DA:71,0
DA:81,0
DA:91,0
DA:103,0
DA:115,0
DA:125,0
DA:135,0
DA:145,0
DA:155,0
DA:167,0
DA:177,0
DA:187,0
DA:197,0
DA:207,0
DA:217,0
DA:227,0
DA:237,0
DA:249,0
DA:260,0
DA:270,0
DA:282,0
DA:292,0
DA:304,0
DA:314,0
DA:324,0
DA:334,0
DA:344,0
DA:354,0
DA:364,0
DA:374,0
DA:384,0
DA:394,0
DA:400,0
LF:43
LH:0
BRF:0
BRH:0
end_of_record
